[8.908s] Invoking command in '/home/soda/vla/ROS_action/src/camera_sub': CONDA_PROMPT_MODIFIER=(robovlms) PS1=(robovlms) %m%# PYTHONPATH=/home/soda/vla/ROS_action/build/camera_sub/prefix_override:/usr/lib/python3/dist-packages/colcon_core/task/python/colcon_distutils_commands:/home/soda/vla/ROS_action/install/camera_sub/lib/python3.10/site-packages:${PYTHONPATH} /usr/bin/python3 -W ignore:setup.py install is deprecated -W ignore:easy_install command is deprecated setup.py egg_info --egg-base ../../build/camera_sub build --build-base /home/soda/vla/ROS_action/build/camera_sub/build install --record /home/soda/vla/ROS_action/build/camera_sub/install.log --single-version-externally-managed install_data
[9.995s] running egg_info
[10.045s] writing ../../build/camera_sub/camera_sub.egg-info/PKG-INFO
[10.045s] writing dependency_links to ../../build/camera_sub/camera_sub.egg-info/dependency_links.txt
[10.045s] writing entry points to ../../build/camera_sub/camera_sub.egg-info/entry_points.txt
[10.046s] writing requirements to ../../build/camera_sub/camera_sub.egg-info/requires.txt
[10.049s] writing top-level names to ../../build/camera_sub/camera_sub.egg-info/top_level.txt
[10.158s] reading manifest file '../../build/camera_sub/camera_sub.egg-info/SOURCES.txt'
[10.160s] writing manifest file '../../build/camera_sub/camera_sub.egg-info/SOURCES.txt'
[10.161s] running build
[10.162s] running build_py
[10.163s] running install
[10.173s] running install_lib
[10.222s] running install_data
[10.222s] running install_egg_info
[10.268s] removing '/home/soda/vla/ROS_action/install/camera_sub/lib/python3.10/site-packages/camera_sub-0.0.0-py3.10.egg-info' (and everything under it)
[10.281s] Copying ../../build/camera_sub/camera_sub.egg-info to /home/soda/vla/ROS_action/install/camera_sub/lib/python3.10/site-packages/camera_sub-0.0.0-py3.10.egg-info
[10.283s] running install_scripts
[10.500s] Installing camera_subscriber_node script to /home/soda/vla/ROS_action/install/camera_sub/lib/camera_sub
[10.501s] writing list of installed files to '/home/soda/vla/ROS_action/build/camera_sub/install.log'
