[4.337s] Invoking command in '/home/soda/vla/ROS_action/src/vla_node': PYTHONPATH=/home/soda/vla/ROS_action/build/vla_node/prefix_override:/usr/lib/python3/dist-packages/colcon_core/task/python/colcon_distutils_commands:/home/soda/vla/ROS_action/install/vla_node/lib/python3.10/site-packages:${PYTHONPATH} /usr/bin/python3 -W ignore:setup.py install is deprecated -W ignore:easy_install command is deprecated setup.py egg_info --egg-base ../../build/vla_node build --build-base /home/soda/vla/ROS_action/build/vla_node/build install --record /home/soda/vla/ROS_action/build/vla_node/install.log --single-version-externally-managed install_data
[4.661s] /home/soda/.local/lib/python3.10/site-packages/setuptools/_distutils/dist.py:289: UserWarning: Unknown distribution option: 'tests_require'
[4.662s]   warnings.warn(msg)
[4.927s] running egg_info
[4.971s] creating ../../build/vla_node/vla_node.egg-info
[4.971s] writing ../../build/vla_node/vla_node.egg-info/PKG-INFO
[4.972s] writing dependency_links to ../../build/vla_node/vla_node.egg-info/dependency_links.txt
[4.972s] writing entry points to ../../build/vla_node/vla_node.egg-info/entry_points.txt
[4.973s] writing requirements to ../../build/vla_node/vla_node.egg-info/requires.txt
[4.973s] writing top-level names to ../../build/vla_node/vla_node.egg-info/top_level.txt
[5.184s] writing manifest file '../../build/vla_node/vla_node.egg-info/SOURCES.txt'
[5.275s] reading manifest file '../../build/vla_node/vla_node.egg-info/SOURCES.txt'
[5.277s] writing manifest file '../../build/vla_node/vla_node.egg-info/SOURCES.txt'
[5.278s] running build
[5.278s] running build_py
[5.278s] creating /home/soda/vla/ROS_action/build/vla_node/build/lib/vla_node
[5.279s] copying vla_node/simple_inference.py -> /home/soda/vla/ROS_action/build/vla_node/build/lib/vla_node
[5.279s] copying vla_node/__init__.py -> /home/soda/vla/ROS_action/build/vla_node/build/lib/vla_node
[5.279s] copying vla_node/vla_node.py -> /home/soda/vla/ROS_action/build/vla_node/build/lib/vla_node
[5.280s] running install
[5.287s] running install_lib
[5.331s] creating /home/soda/vla/ROS_action/install/vla_node/lib/python3.10/site-packages/vla_node
[5.331s] copying /home/soda/vla/ROS_action/build/vla_node/build/lib/vla_node/simple_inference.py -> /home/soda/vla/ROS_action/install/vla_node/lib/python3.10/site-packages/vla_node
[5.331s] copying /home/soda/vla/ROS_action/build/vla_node/build/lib/vla_node/__init__.py -> /home/soda/vla/ROS_action/install/vla_node/lib/python3.10/site-packages/vla_node
[5.332s] copying /home/soda/vla/ROS_action/build/vla_node/build/lib/vla_node/vla_node.py -> /home/soda/vla/ROS_action/install/vla_node/lib/python3.10/site-packages/vla_node
[5.333s] byte-compiling /home/soda/vla/ROS_action/install/vla_node/lib/python3.10/site-packages/vla_node/simple_inference.py to simple_inference.cpython-310.pyc
[5.337s] byte-compiling /home/soda/vla/ROS_action/install/vla_node/lib/python3.10/site-packages/vla_node/__init__.py to __init__.cpython-310.pyc
[5.337s] byte-compiling /home/soda/vla/ROS_action/install/vla_node/lib/python3.10/site-packages/vla_node/vla_node.py to vla_node.cpython-310.pyc
[5.341s] running install_data
[5.341s] creating /home/soda/vla/ROS_action/install/vla_node/share/ament_index/resource_index/packages
[5.341s] copying resource/vla_node -> /home/soda/vla/ROS_action/install/vla_node/share/ament_index/resource_index/packages
[5.342s] copying package.xml -> /home/soda/vla/ROS_action/install/vla_node/share/vla_node
[5.342s] running install_egg_info
[5.391s] Copying ../../build/vla_node/vla_node.egg-info to /home/soda/vla/ROS_action/install/vla_node/lib/python3.10/site-packages/vla_node-0.0.0-py3.10.egg-info
[5.393s] running install_scripts
[5.490s] Installing vla_node script to /home/soda/vla/ROS_action/install/vla_node/lib/vla_node
[5.490s] writing list of installed files to '/home/soda/vla/ROS_action/build/vla_node/install.log'
[5.585s] Invoked command in '/home/soda/vla/ROS_action/src/vla_node' returned '0': PYTHONPATH=/home/soda/vla/ROS_action/build/vla_node/prefix_override:/usr/lib/python3/dist-packages/colcon_core/task/python/colcon_distutils_commands:/home/soda/vla/ROS_action/install/vla_node/lib/python3.10/site-packages:${PYTHONPATH} /usr/bin/python3 -W ignore:setup.py install is deprecated -W ignore:easy_install command is deprecated setup.py egg_info --egg-base ../../build/vla_node build --build-base /home/soda/vla/ROS_action/build/vla_node/build install --record /home/soda/vla/ROS_action/build/vla_node/install.log --single-version-externally-managed install_data
