running egg_info
writing ../../build/audio_capture_package/audio_capture_package.egg-info/PKG-INFO
writing dependency_links to ../../build/audio_capture_package/audio_capture_package.egg-info/dependency_links.txt
writing entry points to ../../build/audio_capture_package/audio_capture_package.egg-info/entry_points.txt
writing requirements to ../../build/audio_capture_package/audio_capture_package.egg-info/requires.txt
writing top-level names to ../../build/audio_capture_package/audio_capture_package.egg-info/top_level.txt
reading manifest file '../../build/audio_capture_package/audio_capture_package.egg-info/SOURCES.txt'
adding license file 'LICENSE'
writing manifest file '../../build/audio_capture_package/audio_capture_package.egg-info/SOURCES.txt'
running build
running build_py
copying audio_capture_package/mic_publisher_node.py -> /home/soda/vla/ROS_action/build/audio_capture_package/build/lib/audio_capture_package
copying audio_capture_package/__init__.py -> /home/soda/vla/ROS_action/build/audio_capture_package/build/lib/audio_capture_package
running install
running install_lib
running install_data
copying resource/audio_capture_package -> /home/soda/vla/ROS_action/install/audio_capture_package/share/ament_index/resource_index/packages
copying package.xml -> /home/soda/vla/ROS_action/install/audio_capture_package/share/audio_capture_package
running install_egg_info
removing '/home/soda/vla/ROS_action/install/audio_capture_package/lib/python3.10/site-packages/audio_capture_package-0.0.0-py3.10.egg-info' (and everything under it)
Copying ../../build/audio_capture_package/audio_capture_package.egg-info to /home/soda/vla/ROS_action/install/audio_capture_package/lib/python3.10/site-packages/audio_capture_package-0.0.0-py3.10.egg-info
running install_scripts
Installing audio_capture_node script to /home/soda/vla/ROS_action/install/audio_capture_package/lib/audio_capture_package
writing list of installed files to '/home/soda/vla/ROS_action/build/audio_capture_package/install.log'
