[3.230s] Invoking command in '/home/soda/vla/ROS_action/src/audio_capture_package': PYTHONPATH=/home/soda/vla/ROS_action/build/audio_capture_package/prefix_override:/usr/lib/python3/dist-packages/colcon_core/task/python/colcon_distutils_commands:/home/soda/vla/ROS_action/install/audio_capture_package/lib/python3.10/site-packages:${PYTHONPATH} /usr/bin/python3 -W ignore:setup.py install is deprecated -W ignore:easy_install command is deprecated setup.py egg_info --egg-base ../../build/audio_capture_package build --build-base /home/soda/vla/ROS_action/build/audio_capture_package/build install --record /home/soda/vla/ROS_action/build/audio_capture_package/install.log --single-version-externally-managed install_data
[3.564s] /home/soda/.local/lib/python3.10/site-packages/setuptools/_distutils/dist.py:289: UserWarning: Unknown distribution option: 'tests_require'
[3.564s]   warnings.warn(msg)
[3.857s] running egg_info
[3.902s] writing ../../build/audio_capture_package/audio_capture_package.egg-info/PKG-INFO
[3.904s] writing dependency_links to ../../build/audio_capture_package/audio_capture_package.egg-info/dependency_links.txt
[3.904s] writing entry points to ../../build/audio_capture_package/audio_capture_package.egg-info/entry_points.txt
[3.905s] writing requirements to ../../build/audio_capture_package/audio_capture_package.egg-info/requires.txt
[3.905s] writing top-level names to ../../build/audio_capture_package/audio_capture_package.egg-info/top_level.txt
[4.228s] reading manifest file '../../build/audio_capture_package/audio_capture_package.egg-info/SOURCES.txt'
[4.229s] adding license file 'LICENSE'
[4.230s] writing manifest file '../../build/audio_capture_package/audio_capture_package.egg-info/SOURCES.txt'
[4.231s] running build
[4.231s] running build_py
[4.231s] copying audio_capture_package/mic_publisher_node.py -> /home/soda/vla/ROS_action/build/audio_capture_package/build/lib/audio_capture_package
[4.232s] copying audio_capture_package/__init__.py -> /home/soda/vla/ROS_action/build/audio_capture_package/build/lib/audio_capture_package
[4.233s] running install
[4.250s] running install_lib
[4.287s] running install_data
[4.288s] copying resource/audio_capture_package -> /home/soda/vla/ROS_action/install/audio_capture_package/share/ament_index/resource_index/packages
[4.288s] copying package.xml -> /home/soda/vla/ROS_action/install/audio_capture_package/share/audio_capture_package
[4.289s] running install_egg_info
[4.338s] removing '/home/soda/vla/ROS_action/install/audio_capture_package/lib/python3.10/site-packages/audio_capture_package-0.0.0-py3.10.egg-info' (and everything under it)
[4.338s] Copying ../../build/audio_capture_package/audio_capture_package.egg-info to /home/soda/vla/ROS_action/install/audio_capture_package/lib/python3.10/site-packages/audio_capture_package-0.0.0-py3.10.egg-info
[4.340s] running install_scripts
[4.441s] Installing audio_capture_node script to /home/soda/vla/ROS_action/install/audio_capture_package/lib/audio_capture_package
[4.442s] writing list of installed files to '/home/soda/vla/ROS_action/build/audio_capture_package/install.log'
[4.542s] Invoked command in '/home/soda/vla/ROS_action/src/audio_capture_package' returned '0': PYTHONPATH=/home/soda/vla/ROS_action/build/audio_capture_package/prefix_override:/usr/lib/python3/dist-packages/colcon_core/task/python/colcon_distutils_commands:/home/soda/vla/ROS_action/install/audio_capture_package/lib/python3.10/site-packages:${PYTHONPATH} /usr/bin/python3 -W ignore:setup.py install is deprecated -W ignore:easy_install command is deprecated setup.py egg_info --egg-base ../../build/audio_capture_package build --build-base /home/soda/vla/ROS_action/build/audio_capture_package/build install --record /home/soda/vla/ROS_action/build/audio_capture_package/install.log --single-version-externally-managed install_data
