running egg_info
writing ../../build/camera_pub/camera_pub.egg-info/PKG-INFO
writing dependency_links to ../../build/camera_pub/camera_pub.egg-info/dependency_links.txt
writing entry points to ../../build/camera_pub/camera_pub.egg-info/entry_points.txt
writing requirements to ../../build/camera_pub/camera_pub.egg-info/requires.txt
writing top-level names to ../../build/camera_pub/camera_pub.egg-info/top_level.txt
reading manifest file '../../build/camera_pub/camera_pub.egg-info/SOURCES.txt'
writing manifest file '../../build/camera_pub/camera_pub.egg-info/SOURCES.txt'
running build
running build_py
copying camera_pub/camera_publisher_node.py -> /home/soda/vla/ROS_action/build/camera_pub/build/lib/camera_pub
copying camera_pub/__init__.py -> /home/soda/vla/ROS_action/build/camera_pub/build/lib/camera_pub
running install
running install_lib
running install_data
copying resource/camera_pub -> /home/soda/vla/ROS_action/install/camera_pub/share/ament_index/resource_index/packages
copying package.xml -> /home/soda/vla/ROS_action/install/camera_pub/share/camera_pub
running install_egg_info
removing '/home/soda/vla/ROS_action/install/camera_pub/lib/python3.10/site-packages/camera_pub-0.0.0-py3.10.egg-info' (and everything under it)
Copying ../../build/camera_pub/camera_pub.egg-info to /home/soda/vla/ROS_action/install/camera_pub/lib/python3.10/site-packages/camera_pub-0.0.0-py3.10.egg-info
running install_scripts
Installing camera_publisher_node script to /home/soda/vla/ROS_action/install/camera_pub/lib/camera_pub
writing list of installed files to '/home/soda/vla/ROS_action/build/camera_pub/install.log'
