[4.511s] Invoking command in '/home/soda/vla/ROS_action/src/camera_pub': PYTHONPATH=/home/soda/vla/ROS_action/build/camera_pub/prefix_override:/usr/lib/python3/dist-packages/colcon_core/task/python/colcon_distutils_commands:/home/soda/vla/ROS_action/install/camera_pub/lib/python3.10/site-packages:${PYTHONPATH} /usr/bin/python3 -W ignore:setup.py install is deprecated -W ignore:easy_install command is deprecated setup.py egg_info --egg-base ../../build/camera_pub build --build-base /home/soda/vla/ROS_action/build/camera_pub/build install --record /home/soda/vla/ROS_action/build/camera_pub/install.log --single-version-externally-managed install_data
[4.838s] /home/soda/.local/lib/python3.10/site-packages/setuptools/_distutils/dist.py:289: UserWarning: Unknown distribution option: 'tests_require'
[4.839s]   warnings.warn(msg)
[5.109s] running egg_info
[5.154s] writing ../../build/camera_pub/camera_pub.egg-info/PKG-INFO
[5.155s] writing dependency_links to ../../build/camera_pub/camera_pub.egg-info/dependency_links.txt
[5.155s] writing entry points to ../../build/camera_pub/camera_pub.egg-info/entry_points.txt
[5.156s] writing requirements to ../../build/camera_pub/camera_pub.egg-info/requires.txt
[5.156s] writing top-level names to ../../build/camera_pub/camera_pub.egg-info/top_level.txt
[5.465s] reading manifest file '../../build/camera_pub/camera_pub.egg-info/SOURCES.txt'
[5.467s] writing manifest file '../../build/camera_pub/camera_pub.egg-info/SOURCES.txt'
[5.467s] running build
[5.468s] running build_py
[5.468s] copying camera_pub/camera_publisher_node.py -> /home/soda/vla/ROS_action/build/camera_pub/build/lib/camera_pub
[5.468s] copying camera_pub/__init__.py -> /home/soda/vla/ROS_action/build/camera_pub/build/lib/camera_pub
[5.469s] running install
[5.476s] running install_lib
[5.523s] running install_data
[5.523s] copying resource/camera_pub -> /home/soda/vla/ROS_action/install/camera_pub/share/ament_index/resource_index/packages
[5.524s] copying package.xml -> /home/soda/vla/ROS_action/install/camera_pub/share/camera_pub
[5.524s] running install_egg_info
[5.573s] removing '/home/soda/vla/ROS_action/install/camera_pub/lib/python3.10/site-packages/camera_pub-0.0.0-py3.10.egg-info' (and everything under it)
[5.574s] Copying ../../build/camera_pub/camera_pub.egg-info to /home/soda/vla/ROS_action/install/camera_pub/lib/python3.10/site-packages/camera_pub-0.0.0-py3.10.egg-info
[5.575s] running install_scripts
[5.670s] Installing camera_publisher_node script to /home/soda/vla/ROS_action/install/camera_pub/lib/camera_pub
[5.671s] writing list of installed files to '/home/soda/vla/ROS_action/build/camera_pub/install.log'
[5.735s] Invoked command in '/home/soda/vla/ROS_action/src/camera_pub' returned '0': PYTHONPATH=/home/soda/vla/ROS_action/build/camera_pub/prefix_override:/usr/lib/python3/dist-packages/colcon_core/task/python/colcon_distutils_commands:/home/soda/vla/ROS_action/install/camera_pub/lib/python3.10/site-packages:${PYTHONPATH} /usr/bin/python3 -W ignore:setup.py install is deprecated -W ignore:easy_install command is deprecated setup.py egg_info --egg-base ../../build/camera_pub build --build-base /home/soda/vla/ROS_action/build/camera_pub/build install --record /home/soda/vla/ROS_action/build/camera_pub/install.log --single-version-externally-managed install_data
