running egg_info
writing ../../build/action_executor_node/action_executor_node.egg-info/PKG-INFO
writing dependency_links to ../../build/action_executor_node/action_executor_node.egg-info/dependency_links.txt
writing entry points to ../../build/action_executor_node/action_executor_node.egg-info/entry_points.txt
writing requirements to ../../build/action_executor_node/action_executor_node.egg-info/requires.txt
writing top-level names to ../../build/action_executor_node/action_executor_node.egg-info/top_level.txt
reading manifest file '../../build/action_executor_node/action_executor_node.egg-info/SOURCES.txt'
writing manifest file '../../build/action_executor_node/action_executor_node.egg-info/SOURCES.txt'
running build
running build_py
copying action_executor_node/action_executor_node.py -> /home/soda/vla/ROS_action/build/action_executor_node/build/lib/action_executor_node
copying action_executor_node/__init__.py -> /home/soda/vla/ROS_action/build/action_executor_node/build/lib/action_executor_node
running install
running install_lib
running install_data
copying resource/action_executor_node -> /home/soda/vla/ROS_action/install/action_executor_node/share/ament_index/resource_index/packages
copying package.xml -> /home/soda/vla/ROS_action/install/action_executor_node/share/action_executor_node
running install_egg_info
removing '/home/soda/vla/ROS_action/install/action_executor_node/lib/python3.10/site-packages/action_executor_node-0.0.0-py3.10.egg-info' (and everything under it)
Copying ../../build/action_executor_node/action_executor_node.egg-info to /home/soda/vla/ROS_action/install/action_executor_node/lib/python3.10/site-packages/action_executor_node-0.0.0-py3.10.egg-info
running install_scripts
Installing action_executor_node script to /home/soda/vla/ROS_action/install/action_executor_node/lib/action_executor_node
writing list of installed files to '/home/soda/vla/ROS_action/build/action_executor_node/install.log'
