[4.418s] Invoking command in '/home/soda/vla/ROS_action/src/action_executor_node': PYTHONPATH=/home/soda/vla/ROS_action/build/action_executor_node/prefix_override:/usr/lib/python3/dist-packages/colcon_core/task/python/colcon_distutils_commands:/home/soda/vla/ROS_action/install/action_executor_node/lib/python3.10/site-packages:${PYTHONPATH} /usr/bin/python3 -W ignore:setup.py install is deprecated -W ignore:easy_install command is deprecated setup.py egg_info --egg-base ../../build/action_executor_node build --build-base /home/soda/vla/ROS_action/build/action_executor_node/build install --record /home/soda/vla/ROS_action/build/action_executor_node/install.log --single-version-externally-managed install_data
[4.746s] /home/soda/.local/lib/python3.10/site-packages/setuptools/_distutils/dist.py:289: UserWarning: Unknown distribution option: 'tests_require'
[4.746s]   warnings.warn(msg)
[5.008s] running egg_info
[5.051s] writing ../../build/action_executor_node/action_executor_node.egg-info/PKG-INFO
[5.055s] writing dependency_links to ../../build/action_executor_node/action_executor_node.egg-info/dependency_links.txt
[5.057s] writing entry points to ../../build/action_executor_node/action_executor_node.egg-info/entry_points.txt
[5.058s] writing requirements to ../../build/action_executor_node/action_executor_node.egg-info/requires.txt
[5.059s] writing top-level names to ../../build/action_executor_node/action_executor_node.egg-info/top_level.txt
[5.384s] reading manifest file '../../build/action_executor_node/action_executor_node.egg-info/SOURCES.txt'
[5.386s] writing manifest file '../../build/action_executor_node/action_executor_node.egg-info/SOURCES.txt'
[5.386s] running build
[5.386s] running build_py
[5.387s] copying action_executor_node/action_executor_node.py -> /home/soda/vla/ROS_action/build/action_executor_node/build/lib/action_executor_node
[5.387s] copying action_executor_node/__init__.py -> /home/soda/vla/ROS_action/build/action_executor_node/build/lib/action_executor_node
[5.388s] running install
[5.395s] running install_lib
[5.444s] running install_data
[5.444s] copying resource/action_executor_node -> /home/soda/vla/ROS_action/install/action_executor_node/share/ament_index/resource_index/packages
[5.445s] copying package.xml -> /home/soda/vla/ROS_action/install/action_executor_node/share/action_executor_node
[5.445s] running install_egg_info
[5.494s] removing '/home/soda/vla/ROS_action/install/action_executor_node/lib/python3.10/site-packages/action_executor_node-0.0.0-py3.10.egg-info' (and everything under it)
[5.495s] Copying ../../build/action_executor_node/action_executor_node.egg-info to /home/soda/vla/ROS_action/install/action_executor_node/lib/python3.10/site-packages/action_executor_node-0.0.0-py3.10.egg-info
[5.497s] running install_scripts
[5.596s] Installing action_executor_node script to /home/soda/vla/ROS_action/install/action_executor_node/lib/action_executor_node
[5.598s] writing list of installed files to '/home/soda/vla/ROS_action/build/action_executor_node/install.log'
[5.698s] Invoked command in '/home/soda/vla/ROS_action/src/action_executor_node' returned '0': PYTHONPATH=/home/soda/vla/ROS_action/build/action_executor_node/prefix_override:/usr/lib/python3/dist-packages/colcon_core/task/python/colcon_distutils_commands:/home/soda/vla/ROS_action/install/action_executor_node/lib/python3.10/site-packages:${PYTHONPATH} /usr/bin/python3 -W ignore:setup.py install is deprecated -W ignore:easy_install command is deprecated setup.py egg_info --egg-base ../../build/action_executor_node build --build-base /home/soda/vla/ROS_action/build/action_executor_node/build install --record /home/soda/vla/ROS_action/build/action_executor_node/install.log --single-version-externally-managed install_data
