[3.378s] Invoking command in '/home/soda/vla/ROS_action/src/omni_controller': CONDA_PROMPT_MODIFIER=(robovlms) PS1=(robovlms) %m%# PYTHONPATH=/home/soda/vla/ROS_action/build/omni_controller/prefix_override:/usr/lib/python3/dist-packages/colcon_core/task/python/colcon_distutils_commands:/home/soda/vla/ROS_action/install/omni_controller/lib/python3.10/site-packages:${PYTHONPATH} /usr/bin/python3 -W ignore:setup.py install is deprecated -W ignore:easy_install command is deprecated setup.py egg_info --egg-base ../../build/omni_controller build --build-base /home/soda/vla/ROS_action/build/omni_controller/build install --record /home/soda/vla/ROS_action/build/omni_controller/install.log --single-version-externally-managed install_data
[4.563s] running egg_info
[4.624s] writing ../../build/omni_controller/omni_controller.egg-info/PKG-INFO
[4.624s] writing dependency_links to ../../build/omni_controller/omni_controller.egg-info/dependency_links.txt
[4.624s] writing entry points to ../../build/omni_controller/omni_controller.egg-info/entry_points.txt
[4.625s] writing requirements to ../../build/omni_controller/omni_controller.egg-info/requires.txt
[4.625s] writing top-level names to ../../build/omni_controller/omni_controller.egg-info/top_level.txt
[4.775s] reading manifest file '../../build/omni_controller/omni_controller.egg-info/SOURCES.txt'
[4.777s] writing manifest file '../../build/omni_controller/omni_controller.egg-info/SOURCES.txt'
[4.779s] running build
[4.779s] running build_py
[4.780s] copying omni_controller/omni_drive_node.py -> /home/soda/vla/ROS_action/build/omni_controller/build/lib/omni_controller
[4.782s] running install
[4.792s] running install_lib
[4.836s] copying /home/soda/vla/ROS_action/build/omni_controller/build/lib/omni_controller/omni_drive_node.py -> /home/soda/vla/ROS_action/install/omni_controller/lib/python3.10/site-packages/omni_controller
[4.839s] byte-compiling /home/soda/vla/ROS_action/install/omni_controller/lib/python3.10/site-packages/omni_controller/omni_drive_node.py to omni_drive_node.cpython-310.pyc
[4.842s] running install_data
[4.843s] running install_egg_info
[4.887s] removing '/home/soda/vla/ROS_action/install/omni_controller/lib/python3.10/site-packages/omni_controller-0.0.0-py3.10.egg-info' (and everything under it)
[4.893s] Copying ../../build/omni_controller/omni_controller.egg-info to /home/soda/vla/ROS_action/install/omni_controller/lib/python3.10/site-packages/omni_controller-0.0.0-py3.10.egg-info
[4.930s] running install_scripts
[5.085s] Installing omni_drive_node script to /home/soda/vla/ROS_action/install/omni_controller/lib/omni_controller
[5.090s] writing list of installed files to '/home/soda/vla/ROS_action/build/omni_controller/install.log'
[5.190s] Invoked command in '/home/soda/vla/ROS_action/src/omni_controller' returned '0': CONDA_PROMPT_MODIFIER=(robovlms) PS1=(robovlms) %m%# PYTHONPATH=/home/soda/vla/ROS_action/build/omni_controller/prefix_override:/usr/lib/python3/dist-packages/colcon_core/task/python/colcon_distutils_commands:/home/soda/vla/ROS_action/install/omni_controller/lib/python3.10/site-packages:${PYTHONPATH} /usr/bin/python3 -W ignore:setup.py install is deprecated -W ignore:easy_install command is deprecated setup.py egg_info --egg-base ../../build/omni_controller build --build-base /home/soda/vla/ROS_action/build/omni_controller/build install --record /home/soda/vla/ROS_action/build/omni_controller/install.log --single-version-externally-managed install_data
