[8.858s] Invoking command in '/home/soda/vla/ROS_action/src/action_executor_node': CONDA_PROMPT_MODIFIER=(robovlms) PS1=(robovlms) %m%# PYTHONPATH=/home/soda/vla/ROS_action/build/action_executor_node/prefix_override:/usr/lib/python3/dist-packages/colcon_core/task/python/colcon_distutils_commands:/home/soda/vla/ROS_action/install/action_executor_node/lib/python3.10/site-packages:${PYTHONPATH} /usr/bin/python3 -W ignore:setup.py install is deprecated -W ignore:easy_install command is deprecated setup.py egg_info --egg-base ../../build/action_executor_node build --build-base /home/soda/vla/ROS_action/build/action_executor_node/build install --record /home/soda/vla/ROS_action/build/action_executor_node/install.log --single-version-externally-managed install_data
[10.213s] running egg_info
[10.323s] writing ../../build/action_executor_node/action_executor_node.egg-info/PKG-INFO
[10.325s] writing dependency_links to ../../build/action_executor_node/action_executor_node.egg-info/dependency_links.txt
[10.326s] writing entry points to ../../build/action_executor_node/action_executor_node.egg-info/entry_points.txt
[10.327s] writing requirements to ../../build/action_executor_node/action_executor_node.egg-info/requires.txt
[10.329s] writing top-level names to ../../build/action_executor_node/action_executor_node.egg-info/top_level.txt
[10.421s] reading manifest file '../../build/action_executor_node/action_executor_node.egg-info/SOURCES.txt'
[10.425s] writing manifest file '../../build/action_executor_node/action_executor_node.egg-info/SOURCES.txt'
[10.426s] running build
[10.426s] running build_py
[10.428s] running install
[10.437s] running install_lib
[10.501s] running install_data
[10.523s] running install_egg_info
[10.598s] removing '/home/soda/vla/ROS_action/install/action_executor_node/lib/python3.10/site-packages/action_executor_node-0.0.0-py3.10.egg-info' (and everything under it)
[10.606s] Copying ../../build/action_executor_node/action_executor_node.egg-info to /home/soda/vla/ROS_action/install/action_executor_node/lib/python3.10/site-packages/action_executor_node-0.0.0-py3.10.egg-info
[10.609s] running install_scripts
[10.872s] Installing action_executor_node script to /home/soda/vla/ROS_action/install/action_executor_node/lib/action_executor_node
[10.874s] writing list of installed files to '/home/soda/vla/ROS_action/build/action_executor_node/install.log'
