[5.594s] Invoking command in '/home/soda/vla/ROS_action/src/camera_sub': PS1=(vla_env_py310) %m%# PYTHONPATH=/home/soda/vla/ROS_action/build/camera_sub/prefix_override:/usr/lib/python3/dist-packages/colcon_core/task/python/colcon_distutils_commands:/home/soda/vla/ROS_action/install/camera_sub/lib/python3.10/site-packages:${PYTHONPATH} /usr/bin/python3 -W ignore:setup.py install is deprecated -W ignore:easy_install command is deprecated setup.py egg_info --egg-base ../../build/camera_sub build --build-base /home/soda/vla/ROS_action/build/camera_sub/build install --record /home/soda/vla/ROS_action/build/camera_sub/install.log --single-version-externally-managed install_data
[6.448s] running egg_info
[6.489s] writing ../../build/camera_sub/camera_sub.egg-info/PKG-INFO
[6.490s] writing dependency_links to ../../build/camera_sub/camera_sub.egg-info/dependency_links.txt
[6.491s] writing entry points to ../../build/camera_sub/camera_sub.egg-info/entry_points.txt
[6.491s] writing requirements to ../../build/camera_sub/camera_sub.egg-info/requires.txt
[6.491s] writing top-level names to ../../build/camera_sub/camera_sub.egg-info/top_level.txt
[6.570s] reading manifest file '../../build/camera_sub/camera_sub.egg-info/SOURCES.txt'
[6.571s] writing manifest file '../../build/camera_sub/camera_sub.egg-info/SOURCES.txt'
[6.572s] running build
[6.572s] running build_py
[6.573s] running install
[6.581s] running install_lib
[6.622s] running install_data
[6.622s] running install_egg_info
[6.663s] removing '/home/soda/vla/ROS_action/install/camera_sub/lib/python3.10/site-packages/camera_sub-0.0.0-py3.10.egg-info' (and everything under it)
[6.663s] Copying ../../build/camera_sub/camera_sub.egg-info to /home/soda/vla/ROS_action/install/camera_sub/lib/python3.10/site-packages/camera_sub-0.0.0-py3.10.egg-info
[6.664s] running install_scripts
[6.809s] Installing camera_subscriber_node script to /home/soda/vla/ROS_action/install/camera_sub/lib/camera_sub
[6.811s] writing list of installed files to '/home/soda/vla/ROS_action/build/camera_sub/install.log'
