[0.208s] [34mcolcon[0m [1;30mDEBUG[0m [32mCommand line arguments: ['/usr/bin/colcon', 'build'][0m
[0.209s] [34mcolcon[0m [1;30mDEBUG[0m [32mParsed command line arguments: Namespace(log_base=None, log_level=None, verb_name='build', build_base='build', install_base='install', merge_install=False, symlink_install=False, test_result_base=None, continue_on_error=False, executor='parallel', parallel_workers=8, event_handlers=None, ignore_user_meta=False, metas=['./colcon.meta'], base_paths=['.'], packages_ignore=None, packages_ignore_regex=None, paths=None, packages_up_to=None, packages_up_to_regex=None, packages_above=None, packages_above_and_dependencies=None, packages_above_depth=None, packages_select_by_dep=None, packages_skip_by_dep=None, packages_skip_up_to=None, packages_select_build_failed=False, packages_skip_build_finished=False, packages_select_test_failures=False, packages_skip_test_passed=False, packages_select=None, packages_skip=None, packages_select_regex=None, packages_skip_regex=None, packages_start=None, packages_end=None, allow_overriding=[], cmake_args=None, cmake_target=None, cmake_target_skip_unavailable=False, cmake_clean_cache=False, cmake_clean_first=False, cmake_force_configure=False, ament_cmake_args=None, catkin_cmake_args=None, catkin_skip_building_tests=False, mixin_files=None, mixin=None, verb_parser=<colcon_mixin.mixin.mixin_argument.MixinArgumentDecorator object at 0xffffa65c4310>, verb_extension=<colcon_core.verb.build.BuildVerb object at 0xffffa65938b0>, main=<bound method BuildVerb.main of <colcon_core.verb.build.BuildVerb object at 0xffffa65938b0>>, mixin_verb=('build',))[0m
[0.661s] [34mcolcon.colcon_core.package_discovery[0m [1;30mLevel 1[0m discover_packages(colcon_meta) check parameters
[0.662s] [34mcolcon.colcon_core.package_discovery[0m [1;30mLevel 1[0m discover_packages(recursive) check parameters
[0.662s] [34mcolcon.colcon_core.package_discovery[0m [1;30mLevel 1[0m discover_packages(ignore) check parameters
[0.662s] [34mcolcon.colcon_core.package_discovery[0m [1;30mLevel 1[0m discover_packages(path) check parameters
[0.662s] [34mcolcon.colcon_core.package_discovery[0m [1;30mLevel 1[0m discover_packages(colcon_meta) discover
[0.662s] [34mcolcon.colcon_core.package_discovery[0m [1;30mLevel 1[0m discover_packages(recursive) discover
[0.662s] [34mcolcon.colcon_core.package_discovery[0m [1;30mINFO[0m Crawling recursively for packages in '/home/soda/serbot_ws'
[0.662s] [34mcolcon.colcon_core.package_identification[0m [1;30mLevel 1[0m _identify(.) by extensions ['ignore', 'ignore_ament_install']
[0.662s] [34mcolcon.colcon_core.package_identification[0m [1;30mLevel 1[0m _identify(.) by extension 'ignore'
[0.663s] [34mcolcon.colcon_core.package_identification[0m [1;30mLevel 1[0m _identify(.) by extension 'ignore_ament_install'
[0.663s] [34mcolcon.colcon_core.package_identification[0m [1;30mLevel 1[0m _identify(.) by extensions ['colcon_pkg']
[0.663s] [34mcolcon.colcon_core.package_identification[0m [1;30mLevel 1[0m _identify(.) by extension 'colcon_pkg'
[0.663s] [34mcolcon.colcon_core.package_identification[0m [1;30mLevel 1[0m _identify(.) by extensions ['colcon_meta']
[0.663s] [34mcolcon.colcon_core.package_identification[0m [1;30mLevel 1[0m _identify(.) by extension 'colcon_meta'
[0.663s] [34mcolcon.colcon_core.package_identification[0m [1;30mLevel 1[0m _identify(.) by extensions ['ros']
[0.663s] [34mcolcon.colcon_core.package_identification[0m [1;30mLevel 1[0m _identify(.) by extension 'ros'
[0.684s] [34mcolcon.colcon_core.package_identification[0m [1;30mLevel 1[0m _identify(.) by extensions ['cmake', 'python']
[0.684s] [34mcolcon.colcon_core.package_identification[0m [1;30mLevel 1[0m _identify(.) by extension 'cmake'
[0.684s] [34mcolcon.colcon_core.package_identification[0m [1;30mLevel 1[0m _identify(.) by extension 'python'
[0.684s] [34mcolcon.colcon_core.package_identification[0m [1;30mLevel 1[0m _identify(.) by extensions ['python_setup_py']
[0.684s] [34mcolcon.colcon_core.package_identification[0m [1;30mLevel 1[0m _identify(.) by extension 'python_setup_py'
[0.684s] [34mcolcon.colcon_core.package_identification[0m [1;30mLevel 1[0m _identify(build) by extensions ['ignore', 'ignore_ament_install']
[0.685s] [34mcolcon.colcon_core.package_identification[0m [1;30mLevel 1[0m _identify(build) by extension 'ignore'
[0.685s] [34mcolcon.colcon_core.package_identification[0m [1;30mLevel 1[0m _identify(build) ignored
[0.685s] [34mcolcon.colcon_core.package_identification[0m [1;30mLevel 1[0m _identify(install) by extensions ['ignore', 'ignore_ament_install']
[0.685s] [34mcolcon.colcon_core.package_identification[0m [1;30mLevel 1[0m _identify(install) by extension 'ignore'
[0.685s] [34mcolcon.colcon_core.package_identification[0m [1;30mLevel 1[0m _identify(install) ignored
[0.685s] [34mcolcon.colcon_core.package_identification[0m [1;30mLevel 1[0m _identify(log) by extensions ['ignore', 'ignore_ament_install']
[0.685s] [34mcolcon.colcon_core.package_identification[0m [1;30mLevel 1[0m _identify(log) by extension 'ignore'
[0.686s] [34mcolcon.colcon_core.package_identification[0m [1;30mLevel 1[0m _identify(log) ignored
[0.686s] [34mcolcon.colcon_core.package_identification[0m [1;30mLevel 1[0m _identify(src) by extensions ['ignore', 'ignore_ament_install']
[0.686s] [34mcolcon.colcon_core.package_identification[0m [1;30mLevel 1[0m _identify(src) by extension 'ignore'
[0.686s] [34mcolcon.colcon_core.package_identification[0m [1;30mLevel 1[0m _identify(src) by extension 'ignore_ament_install'
[0.686s] [34mcolcon.colcon_core.package_identification[0m [1;30mLevel 1[0m _identify(src) by extensions ['colcon_pkg']
[0.686s] [34mcolcon.colcon_core.package_identification[0m [1;30mLevel 1[0m _identify(src) by extension 'colcon_pkg'
[0.686s] [34mcolcon.colcon_core.package_identification[0m [1;30mLevel 1[0m _identify(src) by extensions ['colcon_meta']
[0.686s] [34mcolcon.colcon_core.package_identification[0m [1;30mLevel 1[0m _identify(src) by extension 'colcon_meta'
[0.686s] [34mcolcon.colcon_core.package_identification[0m [1;30mLevel 1[0m _identify(src) by extensions ['ros']
[0.686s] [34mcolcon.colcon_core.package_identification[0m [1;30mLevel 1[0m _identify(src) by extension 'ros'
[0.687s] [34mcolcon.colcon_core.package_identification[0m [1;30mLevel 1[0m _identify(src) by extensions ['cmake', 'python']
[0.687s] [34mcolcon.colcon_core.package_identification[0m [1;30mLevel 1[0m _identify(src) by extension 'cmake'
[0.687s] [34mcolcon.colcon_core.package_identification[0m [1;30mLevel 1[0m _identify(src) by extension 'python'
[0.687s] [34mcolcon.colcon_core.package_identification[0m [1;30mLevel 1[0m _identify(src) by extensions ['python_setup_py']
[0.687s] [34mcolcon.colcon_core.package_identification[0m [1;30mLevel 1[0m _identify(src) by extension 'python_setup_py'
[0.687s] [34mcolcon.colcon_core.package_identification[0m [1;30mLevel 1[0m _identify(src/serbot2_stt) by extensions ['ignore', 'ignore_ament_install']
[0.687s] [34mcolcon.colcon_core.package_identification[0m [1;30mLevel 1[0m _identify(src/serbot2_stt) by extension 'ignore'
[0.687s] [34mcolcon.colcon_core.package_identification[0m [1;30mLevel 1[0m _identify(src/serbot2_stt) by extension 'ignore_ament_install'
[0.687s] [34mcolcon.colcon_core.package_identification[0m [1;30mLevel 1[0m _identify(src/serbot2_stt) by extensions ['colcon_pkg']
[0.687s] [34mcolcon.colcon_core.package_identification[0m [1;30mLevel 1[0m _identify(src/serbot2_stt) by extension 'colcon_pkg'
[0.687s] [34mcolcon.colcon_core.package_identification[0m [1;30mLevel 1[0m _identify(src/serbot2_stt) by extensions ['colcon_meta']
[0.688s] [34mcolcon.colcon_core.package_identification[0m [1;30mLevel 1[0m _identify(src/serbot2_stt) by extension 'colcon_meta'
[0.688s] [34mcolcon.colcon_core.package_identification[0m [1;30mLevel 1[0m _identify(src/serbot2_stt) by extensions ['ros']
[0.688s] [34mcolcon.colcon_core.package_identification[0m [1;30mLevel 1[0m _identify(src/serbot2_stt) by extension 'ros'
[0.694s] [34mcolcon.colcon_core.package_identification[0m [1;30mDEBUG[0m [32mPackage 'src/serbot2_stt' with type 'ros.ament_python' and name 'serbot2_stt'[0m
[0.694s] [34mcolcon.colcon_core.package_discovery[0m [1;30mLevel 1[0m discover_packages(recursive) using defaults
[0.695s] [34mcolcon.colcon_core.package_discovery[0m [1;30mLevel 1[0m discover_packages(ignore) discover
[0.695s] [34mcolcon.colcon_core.package_discovery[0m [1;30mLevel 1[0m discover_packages(ignore) using defaults
[0.695s] [34mcolcon.colcon_core.package_discovery[0m [1;30mLevel 1[0m discover_packages(path) discover
[0.695s] [34mcolcon.colcon_core.package_discovery[0m [1;30mLevel 1[0m discover_packages(path) using defaults
[0.721s] [34mcolcon.colcon_core.package_discovery[0m [1;30mLevel 1[0m discover_packages(prefix_path) check parameters
[0.721s] [34mcolcon.colcon_core.package_discovery[0m [1;30mLevel 1[0m discover_packages(prefix_path) discover
[0.724s] [34mcolcon.colcon_installed_package_information.package_discovery[0m [1;30mDEBUG[0m [32mFound 1 installed packages in /home/soda/serbot_ws/install[0m
[0.725s] [34mcolcon.colcon_installed_package_information.package_discovery[0m [1;30mDEBUG[0m [32mFound 167 installed packages in /opt/ros/humble[0m
[0.726s] [34mcolcon.colcon_core.package_discovery[0m [1;30mLevel 1[0m discover_packages(prefix_path) using defaults
[0.761s] [34mcolcon.colcon_core.verb[0m [1;30mLevel 5[0m set package 'serbot2_stt' build argument 'cmake_args' from command line to 'None'
[0.761s] [34mcolcon.colcon_core.verb[0m [1;30mLevel 5[0m set package 'serbot2_stt' build argument 'cmake_target' from command line to 'None'
[0.762s] [34mcolcon.colcon_core.verb[0m [1;30mLevel 5[0m set package 'serbot2_stt' build argument 'cmake_target_skip_unavailable' from command line to 'False'
[0.762s] [34mcolcon.colcon_core.verb[0m [1;30mLevel 5[0m set package 'serbot2_stt' build argument 'cmake_clean_cache' from command line to 'False'
[0.762s] [34mcolcon.colcon_core.verb[0m [1;30mLevel 5[0m set package 'serbot2_stt' build argument 'cmake_clean_first' from command line to 'False'
[0.762s] [34mcolcon.colcon_core.verb[0m [1;30mLevel 5[0m set package 'serbot2_stt' build argument 'cmake_force_configure' from command line to 'False'
[0.762s] [34mcolcon.colcon_core.verb[0m [1;30mLevel 5[0m set package 'serbot2_stt' build argument 'ament_cmake_args' from command line to 'None'
[0.762s] [34mcolcon.colcon_core.verb[0m [1;30mLevel 5[0m set package 'serbot2_stt' build argument 'catkin_cmake_args' from command line to 'None'
[0.762s] [34mcolcon.colcon_core.verb[0m [1;30mLevel 5[0m set package 'serbot2_stt' build argument 'catkin_skip_building_tests' from command line to 'False'
[0.762s] [34mcolcon.colcon_core.verb[0m [1;30mDEBUG[0m [32mBuilding package 'serbot2_stt' with the following arguments: {'ament_cmake_args': None, 'build_base': '/home/soda/serbot_ws/build/serbot2_stt', 'catkin_cmake_args': None, 'catkin_skip_building_tests': False, 'cmake_args': None, 'cmake_clean_cache': False, 'cmake_clean_first': False, 'cmake_force_configure': False, 'cmake_target': None, 'cmake_target_skip_unavailable': False, 'install_base': '/home/soda/serbot_ws/install/serbot2_stt', 'merge_install': False, 'path': '/home/soda/serbot_ws/src/serbot2_stt', 'symlink_install': False, 'test_result_base': None}[0m
[0.762s] [34mcolcon.colcon_core.executor[0m [1;30mINFO[0m Executing jobs using 'parallel' executor
[0.764s] [34mcolcon.colcon_parallel_executor.executor.parallel[0m [1;30mDEBUG[0m [32mrun_until_complete[0m
[0.764s] [34mcolcon.colcon_ros.task.ament_python.build[0m [1;30mINFO[0m Building ROS package in '/home/soda/serbot_ws/src/serbot2_stt' with build type 'ament_python'
[0.765s] [34mcolcon.colcon_core.shell[0m [1;30mLevel 1[0m create_environment_hook('serbot2_stt', 'ament_prefix_path')
[0.768s] [34mcolcon.colcon_core.plugin_system[0m [1;30mINFO[0m Skipping extension 'colcon_core.shell.bat': Not used on non-Windows systems
[0.768s] [34mcolcon.colcon_core.shell[0m [1;30mINFO[0m Creating environment hook '/home/soda/serbot_ws/install/serbot2_stt/share/serbot2_stt/hook/ament_prefix_path.ps1'
[0.770s] [34mcolcon.colcon_core.shell[0m [1;30mINFO[0m Creating environment descriptor '/home/soda/serbot_ws/install/serbot2_stt/share/serbot2_stt/hook/ament_prefix_path.dsv'
[0.770s] [34mcolcon.colcon_core.shell[0m [1;30mINFO[0m Creating environment hook '/home/soda/serbot_ws/install/serbot2_stt/share/serbot2_stt/hook/ament_prefix_path.sh'
[0.772s] [34mcolcon.colcon_core.shell[0m [1;30mINFO[0m Skip shell extension 'powershell' for command environment: Not usable outside of PowerShell
[0.772s] [34mcolcon.colcon_core.shell[0m [1;30mDEBUG[0m [32mSkip shell extension 'dsv' for command environment[0m
[1.529s] [34mcolcon.colcon_core.task.python.build[0m [1;30mINFO[0m Building Python package in '/home/soda/serbot_ws/src/serbot2_stt'
[1.530s] [34mcolcon.colcon_core.shell[0m [1;30mINFO[0m Skip shell extension 'powershell' for command environment: Not usable outside of PowerShell
[1.530s] [34mcolcon.colcon_core.shell[0m [1;30mDEBUG[0m [32mSkip shell extension 'dsv' for command environment[0m
[2.938s] [34mcolcon.colcon_core.event_handler.log_command[0m [1;30mDEBUG[0m [32mInvoking command in '/home/soda/serbot_ws/build/serbot2_stt': PYTHONPATH=/home/soda/serbot_ws/build/serbot2_stt/prefix_override:/usr/lib/python3/dist-packages/colcon_core/task/python/colcon_distutils_commands:/home/soda/serbot_ws/install/serbot2_stt/lib/python3.10/site-packages:${PYTHONPATH} /usr/bin/python3 -W ignore:setup.py install is deprecated -W ignore:easy_install command is deprecated setup.py develop --uninstall --editable --build-directory /home/soda/serbot_ws/build/serbot2_stt/build[0m
[4.306s] [34mcolcon.colcon_core.event_handler.log_command[0m [1;30mDEBUG[0m [32mInvoked command in '/home/soda/serbot_ws/build/serbot2_stt' returned '0': PYTHONPATH=/home/soda/serbot_ws/build/serbot2_stt/prefix_override:/usr/lib/python3/dist-packages/colcon_core/task/python/colcon_distutils_commands:/home/soda/serbot_ws/install/serbot2_stt/lib/python3.10/site-packages:${PYTHONPATH} /usr/bin/python3 -W ignore:setup.py install is deprecated -W ignore:easy_install command is deprecated setup.py develop --uninstall --editable --build-directory /home/soda/serbot_ws/build/serbot2_stt/build[0m
[4.312s] [34mcolcon.colcon_core.event_handler.log_command[0m [1;30mDEBUG[0m [32mInvoking command in '/home/soda/serbot_ws/src/serbot2_stt': PYTHONPATH=/home/soda/serbot_ws/build/serbot2_stt/prefix_override:/usr/lib/python3/dist-packages/colcon_core/task/python/colcon_distutils_commands:/home/soda/serbot_ws/install/serbot2_stt/lib/python3.10/site-packages:${PYTHONPATH} /usr/bin/python3 -W ignore:setup.py install is deprecated -W ignore:easy_install command is deprecated setup.py egg_info --egg-base ../../build/serbot2_stt build --build-base /home/soda/serbot_ws/build/serbot2_stt/build install --record /home/soda/serbot_ws/build/serbot2_stt/install.log --single-version-externally-managed install_data --force[0m
[5.569s] [34mcolcon.colcon_core.event_handler.log_command[0m [1;30mDEBUG[0m [32mInvoked command in '/home/soda/serbot_ws/src/serbot2_stt' returned '0': PYTHONPATH=/home/soda/serbot_ws/build/serbot2_stt/prefix_override:/usr/lib/python3/dist-packages/colcon_core/task/python/colcon_distutils_commands:/home/soda/serbot_ws/install/serbot2_stt/lib/python3.10/site-packages:${PYTHONPATH} /usr/bin/python3 -W ignore:setup.py install is deprecated -W ignore:easy_install command is deprecated setup.py egg_info --egg-base ../../build/serbot2_stt build --build-base /home/soda/serbot_ws/build/serbot2_stt/build install --record /home/soda/serbot_ws/build/serbot2_stt/install.log --single-version-externally-managed install_data --force[0m
[5.578s] [34mcolcon.colcon_core.environment[0m [1;30mLevel 1[0m checking '/home/soda/serbot_ws/install/serbot2_stt' for CMake module files
[5.580s] [34mcolcon.colcon_core.environment[0m [1;30mLevel 1[0m checking '/home/soda/serbot_ws/install/serbot2_stt' for CMake config files
[5.582s] [34mcolcon.colcon_core.environment[0m [1;30mLevel 1[0m checking '/home/soda/serbot_ws/install/serbot2_stt/lib'
[5.583s] [34mcolcon.colcon_core.environment[0m [1;30mLevel 1[0m checking '/home/soda/serbot_ws/install/serbot2_stt/bin'
[5.583s] [34mcolcon.colcon_core.environment[0m [1;30mLevel 1[0m checking '/home/soda/serbot_ws/install/serbot2_stt/lib/pkgconfig/serbot2_stt.pc'
[5.584s] [34mcolcon.colcon_core.environment[0m [1;30mLevel 1[0m checking '/home/soda/serbot_ws/install/serbot2_stt/lib/python3.10/site-packages'
[5.584s] [34mcolcon.colcon_core.shell[0m [1;30mLevel 1[0m create_environment_hook('serbot2_stt', 'pythonpath')
[5.585s] [34mcolcon.colcon_core.shell[0m [1;30mINFO[0m Creating environment hook '/home/soda/serbot_ws/install/serbot2_stt/share/serbot2_stt/hook/pythonpath.ps1'
[5.587s] [34mcolcon.colcon_core.shell[0m [1;30mINFO[0m Creating environment descriptor '/home/soda/serbot_ws/install/serbot2_stt/share/serbot2_stt/hook/pythonpath.dsv'
[5.589s] [34mcolcon.colcon_core.shell[0m [1;30mINFO[0m Creating environment hook '/home/soda/serbot_ws/install/serbot2_stt/share/serbot2_stt/hook/pythonpath.sh'
[5.591s] [34mcolcon.colcon_core.environment[0m [1;30mLevel 1[0m checking '/home/soda/serbot_ws/install/serbot2_stt/bin'
[5.591s] [34mcolcon.colcon_core.environment[0m [1;30mLevel 1[0m create_environment_scripts_only(serbot2_stt)
[5.592s] [34mcolcon.colcon_core.shell[0m [1;30mINFO[0m Creating package script '/home/soda/serbot_ws/install/serbot2_stt/share/serbot2_stt/package.ps1'
[5.595s] [34mcolcon.colcon_core.shell[0m [1;30mINFO[0m Creating package descriptor '/home/soda/serbot_ws/install/serbot2_stt/share/serbot2_stt/package.dsv'
[5.597s] [34mcolcon.colcon_core.shell[0m [1;30mINFO[0m Creating package script '/home/soda/serbot_ws/install/serbot2_stt/share/serbot2_stt/package.sh'
[5.600s] [34mcolcon.colcon_core.shell[0m [1;30mINFO[0m Creating package script '/home/soda/serbot_ws/install/serbot2_stt/share/serbot2_stt/package.bash'
[5.603s] [34mcolcon.colcon_core.shell[0m [1;30mINFO[0m Creating package script '/home/soda/serbot_ws/install/serbot2_stt/share/serbot2_stt/package.zsh'
[5.606s] [34mcolcon.colcon_core.environment[0m [1;30mLevel 1[0m create_file_with_runtime_dependencies(/home/soda/serbot_ws/install/serbot2_stt/share/colcon-core/packages/serbot2_stt)
[5.607s] [34mcolcon.colcon_parallel_executor.executor.parallel[0m [1;30mDEBUG[0m [32mclosing loop[0m
[5.607s] [34mcolcon.colcon_parallel_executor.executor.parallel[0m [1;30mDEBUG[0m [32mloop closed[0m
[5.608s] [34mcolcon.colcon_parallel_executor.executor.parallel[0m [1;30mDEBUG[0m [32mrun_until_complete finished with '0'[0m
[5.608s] [34mcolcon.colcon_core.event_reactor[0m [1;30mDEBUG[0m [32mjoining thread[0m
[5.626s] [34mcolcon.colcon_core.plugin_system[0m [1;30mINFO[0m Skipping extension 'colcon_notification.desktop_notification.terminal_notifier': Not used on non-Darwin systems
[5.626s] [34mcolcon.colcon_core.plugin_system[0m [1;30mINFO[0m Skipping extension 'colcon_notification.desktop_notification.win32': Not used on non-Windows systems
[5.627s] [34mcolcon.colcon_notification.desktop_notification[0m [1;30mINFO[0m Sending desktop notification using 'notify2'
[5.753s] [34mcolcon.colcon_core.event_reactor[0m [1;30mDEBUG[0m [32mjoined thread[0m
[5.754s] [34mcolcon.colcon_core.shell[0m [1;30mINFO[0m Creating prefix script '/home/soda/serbot_ws/install/local_setup.ps1'
[5.758s] [34mcolcon.colcon_core.shell[0m [1;30mINFO[0m Creating prefix util module '/home/soda/serbot_ws/install/_local_setup_util_ps1.py'
[5.763s] [34mcolcon.colcon_core.shell[0m [1;30mINFO[0m Creating prefix chain script '/home/soda/serbot_ws/install/setup.ps1'
[5.767s] [34mcolcon.colcon_core.shell[0m [1;30mINFO[0m Creating prefix script '/home/soda/serbot_ws/install/local_setup.sh'
[5.770s] [34mcolcon.colcon_core.shell[0m [1;30mINFO[0m Creating prefix util module '/home/soda/serbot_ws/install/_local_setup_util_sh.py'
[5.772s] [34mcolcon.colcon_core.shell[0m [1;30mINFO[0m Creating prefix chain script '/home/soda/serbot_ws/install/setup.sh'
[5.775s] [34mcolcon.colcon_core.shell[0m [1;30mINFO[0m Creating prefix script '/home/soda/serbot_ws/install/local_setup.bash'
[5.777s] [34mcolcon.colcon_core.shell[0m [1;30mINFO[0m Creating prefix chain script '/home/soda/serbot_ws/install/setup.bash'
[5.781s] [34mcolcon.colcon_core.shell[0m [1;30mINFO[0m Creating prefix script '/home/soda/serbot_ws/install/local_setup.zsh'
[5.783s] [34mcolcon.colcon_core.shell[0m [1;30mINFO[0m Creating prefix chain script '/home/soda/serbot_ws/install/setup.zsh'
