[5.518s] Invoking command in '/home/soda/vla/ROS_action/src/camera_sub': PYTHONPATH=/home/soda/vla/ROS_action/build/camera_sub/prefix_override:/usr/lib/python3/dist-packages/colcon_core/task/python/colcon_distutils_commands:/home/soda/vla/ROS_action/install/camera_sub/lib/python3.10/site-packages:${PYTHONPATH} /usr/bin/python3 -W ignore:setup.py install is deprecated -W ignore:easy_install command is deprecated setup.py egg_info --egg-base ../../build/camera_sub build --build-base /home/soda/vla/ROS_action/build/camera_sub/build install --record /home/soda/vla/ROS_action/build/camera_sub/install.log --single-version-externally-managed install_data
[6.390s] running egg_info
[6.391s] creating ../../build/camera_sub/camera_sub.egg-info
[6.433s] writing ../../build/camera_sub/camera_sub.egg-info/PKG-INFO
[6.436s] writing dependency_links to ../../build/camera_sub/camera_sub.egg-info/dependency_links.txt
[6.436s] writing entry points to ../../build/camera_sub/camera_sub.egg-info/entry_points.txt
[6.436s] writing requirements to ../../build/camera_sub/camera_sub.egg-info/requires.txt
[6.436s] writing top-level names to ../../build/camera_sub/camera_sub.egg-info/top_level.txt
[6.437s] writing manifest file '../../build/camera_sub/camera_sub.egg-info/SOURCES.txt'
[6.515s] reading manifest file '../../build/camera_sub/camera_sub.egg-info/SOURCES.txt'
[6.516s] writing manifest file '../../build/camera_sub/camera_sub.egg-info/SOURCES.txt'
[6.516s] running build
[6.517s] running build_py
[6.517s] creating /home/soda/vla/ROS_action/build/camera_sub/build
[6.517s] creating /home/soda/vla/ROS_action/build/camera_sub/build/lib
[6.518s] creating /home/soda/vla/ROS_action/build/camera_sub/build/lib/camera_sub
[6.518s] copying camera_sub/__init__.py -> /home/soda/vla/ROS_action/build/camera_sub/build/lib/camera_sub
[6.518s] copying camera_sub/camera_subscriber_node.py -> /home/soda/vla/ROS_action/build/camera_sub/build/lib/camera_sub
[6.518s] running install
[6.526s] running install_lib
[6.567s] creating /home/soda/vla/ROS_action/install/camera_sub/lib/python3.10/site-packages/camera_sub
[6.567s] copying /home/soda/vla/ROS_action/build/camera_sub/build/lib/camera_sub/__init__.py -> /home/soda/vla/ROS_action/install/camera_sub/lib/python3.10/site-packages/camera_sub
[6.567s] copying /home/soda/vla/ROS_action/build/camera_sub/build/lib/camera_sub/camera_subscriber_node.py -> /home/soda/vla/ROS_action/install/camera_sub/lib/python3.10/site-packages/camera_sub
[6.568s] byte-compiling /home/soda/vla/ROS_action/install/camera_sub/lib/python3.10/site-packages/camera_sub/__init__.py to __init__.cpython-310.pyc
[6.568s] byte-compiling /home/soda/vla/ROS_action/install/camera_sub/lib/python3.10/site-packages/camera_sub/camera_subscriber_node.py to camera_subscriber_node.cpython-310.pyc
[6.569s] running install_data
[6.569s] creating /home/soda/vla/ROS_action/install/camera_sub/share/ament_index
[6.570s] creating /home/soda/vla/ROS_action/install/camera_sub/share/ament_index/resource_index
[6.570s] creating /home/soda/vla/ROS_action/install/camera_sub/share/ament_index/resource_index/packages
[6.570s] copying resource/camera_sub -> /home/soda/vla/ROS_action/install/camera_sub/share/ament_index/resource_index/packages
[6.571s] copying package.xml -> /home/soda/vla/ROS_action/install/camera_sub/share/camera_sub
[6.571s] running install_egg_info
[6.612s] Copying ../../build/camera_sub/camera_sub.egg-info to /home/soda/vla/ROS_action/install/camera_sub/lib/python3.10/site-packages/camera_sub-0.0.0-py3.10.egg-info
[6.613s] running install_scripts
[6.762s] Installing camera_subscriber_node script to /home/soda/vla/ROS_action/install/camera_sub/lib/camera_sub
[6.763s] writing list of installed files to '/home/soda/vla/ROS_action/build/camera_sub/install.log'
[6.892s] Invoked command in '/home/soda/vla/ROS_action/src/camera_sub' returned '0': PYTHONPATH=/home/soda/vla/ROS_action/build/camera_sub/prefix_override:/usr/lib/python3/dist-packages/colcon_core/task/python/colcon_distutils_commands:/home/soda/vla/ROS_action/install/camera_sub/lib/python3.10/site-packages:${PYTHONPATH} /usr/bin/python3 -W ignore:setup.py install is deprecated -W ignore:easy_install command is deprecated setup.py egg_info --egg-base ../../build/camera_sub build --build-base /home/soda/vla/ROS_action/build/camera_sub/build install --record /home/soda/vla/ROS_action/build/camera_sub/install.log --single-version-externally-managed install_data
