[7.446s] Invoking command in '/home/soda/vla/ROS_action/src/camera_sub': CONDA_PROMPT_MODIFIER=(robovlms) PS1=(robovlms) %m%# PYTHONPATH=/home/soda/vla/ROS_action/build/camera_sub/prefix_override:/usr/lib/python3/dist-packages/colcon_core/task/python/colcon_distutils_commands:/home/soda/vla/ROS_action/install/camera_sub/lib/python3.10/site-packages:${PYTHONPATH} /usr/bin/python3 -W ignore:setup.py install is deprecated -W ignore:easy_install command is deprecated setup.py egg_info --egg-base ../../build/camera_sub build --build-base /home/soda/vla/ROS_action/build/camera_sub/build install --record /home/soda/vla/ROS_action/build/camera_sub/install.log --single-version-externally-managed install_data
[8.566s] running egg_info
[8.611s] writing ../../build/camera_sub/camera_sub.egg-info/PKG-INFO
[8.612s] writing dependency_links to ../../build/camera_sub/camera_sub.egg-info/dependency_links.txt
[8.613s] writing entry points to ../../build/camera_sub/camera_sub.egg-info/entry_points.txt
[8.615s] writing requirements to ../../build/camera_sub/camera_sub.egg-info/requires.txt
[8.618s] writing top-level names to ../../build/camera_sub/camera_sub.egg-info/top_level.txt
[8.709s] reading manifest file '../../build/camera_sub/camera_sub.egg-info/SOURCES.txt'
[8.712s] writing manifest file '../../build/camera_sub/camera_sub.egg-info/SOURCES.txt'
[8.713s] running build
[8.714s] running build_py
[8.715s] running install
[8.726s] running install_lib
[8.793s] running install_data
[8.794s] running install_egg_info
[8.880s] removing '/home/soda/vla/ROS_action/install/camera_sub/lib/python3.10/site-packages/camera_sub-0.0.0-py3.10.egg-info' (and everything under it)
[8.884s] Copying ../../build/camera_sub/camera_sub.egg-info to /home/soda/vla/ROS_action/install/camera_sub/lib/python3.10/site-packages/camera_sub-0.0.0-py3.10.egg-info
[8.925s] running install_scripts
[9.122s] Installing camera_subscriber_node script to /home/soda/vla/ROS_action/install/camera_sub/lib/camera_sub
[9.123s] writing list of installed files to '/home/soda/vla/ROS_action/build/camera_sub/install.log'
