[4.519s] Invoking command in '/home/soda/vla/ROS_action/src/object_pose': PYTHONPATH=/home/soda/vla/ROS_action/build/object_pose/prefix_override:/usr/lib/python3/dist-packages/colcon_core/task/python/colcon_distutils_commands:/home/soda/vla/ROS_action/install/object_pose/lib/python3.10/site-packages:${PYTHONPATH} /usr/bin/python3 -W ignore:setup.py install is deprecated -W ignore:easy_install command is deprecated setup.py egg_info --egg-base ../../build/object_pose build --build-base /home/soda/vla/ROS_action/build/object_pose/build install --record /home/soda/vla/ROS_action/build/object_pose/install.log --single-version-externally-managed install_data
[4.848s] /home/soda/.local/lib/python3.10/site-packages/setuptools/_distutils/dist.py:289: UserWarning: Unknown distribution option: 'tests_require'
[4.848s]   warnings.warn(msg)
[5.125s] running egg_info
[5.170s] writing ../../build/object_pose/object_pose.egg-info/PKG-INFO
[5.171s] writing dependency_links to ../../build/object_pose/object_pose.egg-info/dependency_links.txt
[5.171s] writing entry points to ../../build/object_pose/object_pose.egg-info/entry_points.txt
[5.171s] writing requirements to ../../build/object_pose/object_pose.egg-info/requires.txt
[5.172s] writing top-level names to ../../build/object_pose/object_pose.egg-info/top_level.txt
[5.482s] reading manifest file '../../build/object_pose/object_pose.egg-info/SOURCES.txt'
[5.484s] writing manifest file '../../build/object_pose/object_pose.egg-info/SOURCES.txt'
[5.485s] running build
[5.485s] running build_py
[5.485s] copying object_pose/cup_publisher.py -> /home/soda/vla/ROS_action/build/object_pose/build/lib/object_pose
[5.486s] copying object_pose/__init__.py -> /home/soda/vla/ROS_action/build/object_pose/build/lib/object_pose
[5.486s] copying object_pose/object_pose_publisher.py -> /home/soda/vla/ROS_action/build/object_pose/build/lib/object_pose
[5.487s] running install
[5.494s] running install_lib
[5.541s] running install_data
[5.541s] copying resource/object_pose -> /home/soda/vla/ROS_action/install/object_pose/share/ament_index/resource_index/packages
[5.541s] copying package.xml -> /home/soda/vla/ROS_action/install/object_pose/share/object_pose
[5.542s] copying resource/cup.png -> /home/soda/vla/ROS_action/install/object_pose/share/object_pose/resource
[5.546s] running install_egg_info
[5.591s] removing '/home/soda/vla/ROS_action/install/object_pose/lib/python3.10/site-packages/object_pose-0.0.0-py3.10.egg-info' (and everything under it)
[5.593s] Copying ../../build/object_pose/object_pose.egg-info to /home/soda/vla/ROS_action/install/object_pose/lib/python3.10/site-packages/object_pose-0.0.0-py3.10.egg-info
[5.594s] running install_scripts
[5.688s] Installing cup_publisher script to /home/soda/vla/ROS_action/install/object_pose/lib/object_pose
[5.689s] Installing object_pose_publisher script to /home/soda/vla/ROS_action/install/object_pose/lib/object_pose
[5.689s] writing list of installed files to '/home/soda/vla/ROS_action/build/object_pose/install.log'
[5.753s] Invoked command in '/home/soda/vla/ROS_action/src/object_pose' returned '0': PYTHONPATH=/home/soda/vla/ROS_action/build/object_pose/prefix_override:/usr/lib/python3/dist-packages/colcon_core/task/python/colcon_distutils_commands:/home/soda/vla/ROS_action/install/object_pose/lib/python3.10/site-packages:${PYTHONPATH} /usr/bin/python3 -W ignore:setup.py install is deprecated -W ignore:easy_install command is deprecated setup.py egg_info --egg-base ../../build/object_pose build --build-base /home/soda/vla/ROS_action/build/object_pose/build install --record /home/soda/vla/ROS_action/build/object_pose/install.log --single-version-externally-managed install_data
