/home/soda/.local/lib/python3.10/site-packages/setuptools/_distutils/dist.py:289: UserWarning: Unknown distribution option: 'tests_require'
  warnings.warn(msg)
running egg_info
writing ../../build/omni_controller/omni_controller.egg-info/PKG-INFO
writing dependency_links to ../../build/omni_controller/omni_controller.egg-info/dependency_links.txt
writing entry points to ../../build/omni_controller/omni_controller.egg-info/entry_points.txt
writing requirements to ../../build/omni_controller/omni_controller.egg-info/requires.txt
writing top-level names to ../../build/omni_controller/omni_controller.egg-info/top_level.txt
reading manifest file '../../build/omni_controller/omni_controller.egg-info/SOURCES.txt'
writing manifest file '../../build/omni_controller/omni_controller.egg-info/SOURCES.txt'
running build
running build_py
copying omni_controller/omni_drive_node.py -> /home/soda/vla/ROS_action/build/omni_controller/build/lib/omni_controller
copying omni_controller/__init__.py -> /home/soda/vla/ROS_action/build/omni_controller/build/lib/omni_controller
running install
running install_lib
running install_data
copying resource/omni_controller -> /home/soda/vla/ROS_action/install/omni_controller/share/ament_index/resource_index/packages
copying package.xml -> /home/soda/vla/ROS_action/install/omni_controller/share/omni_controller
running install_egg_info
removing '/home/soda/vla/ROS_action/install/omni_controller/lib/python3.10/site-packages/omni_controller-0.0.0-py3.10.egg-info' (and everything under it)
Copying ../../build/omni_controller/omni_controller.egg-info to /home/soda/vla/ROS_action/install/omni_controller/lib/python3.10/site-packages/omni_controller-0.0.0-py3.10.egg-info
running install_scripts
Installing omni_drive_node script to /home/soda/vla/ROS_action/install/omni_controller/lib/omni_controller
writing list of installed files to '/home/soda/vla/ROS_action/build/omni_controller/install.log'
