running egg_info
creating ../../build/camera_sub/camera_sub.egg-info
writing ../../build/camera_sub/camera_sub.egg-info/PKG-INFO
writing dependency_links to ../../build/camera_sub/camera_sub.egg-info/dependency_links.txt
writing entry points to ../../build/camera_sub/camera_sub.egg-info/entry_points.txt
writing requirements to ../../build/camera_sub/camera_sub.egg-info/requires.txt
writing top-level names to ../../build/camera_sub/camera_sub.egg-info/top_level.txt
writing manifest file '../../build/camera_sub/camera_sub.egg-info/SOURCES.txt'
reading manifest file '../../build/camera_sub/camera_sub.egg-info/SOURCES.txt'
writing manifest file '../../build/camera_sub/camera_sub.egg-info/SOURCES.txt'
running build
running build_py
creating /home/soda/vla/ROS_action/build/camera_sub/build/lib/camera_sub
copying camera_sub/__init__.py -> /home/soda/vla/ROS_action/build/camera_sub/build/lib/camera_sub
copying camera_sub/camera_subscriber_node.py -> /home/soda/vla/ROS_action/build/camera_sub/build/lib/camera_sub
running install
running install_lib
creating /home/soda/vla/ROS_action/install/camera_sub/lib/python3.10/site-packages/camera_sub
copying /home/soda/vla/ROS_action/build/camera_sub/build/lib/camera_sub/__init__.py -> /home/soda/vla/ROS_action/install/camera_sub/lib/python3.10/site-packages/camera_sub
copying /home/soda/vla/ROS_action/build/camera_sub/build/lib/camera_sub/camera_subscriber_node.py -> /home/soda/vla/ROS_action/install/camera_sub/lib/python3.10/site-packages/camera_sub
byte-compiling /home/soda/vla/ROS_action/install/camera_sub/lib/python3.10/site-packages/camera_sub/__init__.py to __init__.cpython-310.pyc
byte-compiling /home/soda/vla/ROS_action/install/camera_sub/lib/python3.10/site-packages/camera_sub/camera_subscriber_node.py to camera_subscriber_node.cpython-310.pyc
running install_data
creating /home/soda/vla/ROS_action/install/camera_sub/share/ament_index/resource_index/packages
copying resource/camera_sub -> /home/soda/vla/ROS_action/install/camera_sub/share/ament_index/resource_index/packages
copying package.xml -> /home/soda/vla/ROS_action/install/camera_sub/share/camera_sub
running install_egg_info
Copying ../../build/camera_sub/camera_sub.egg-info to /home/soda/vla/ROS_action/install/camera_sub/lib/python3.10/site-packages/camera_sub-0.0.0-py3.10.egg-info
running install_scripts
Installing camera_subscriber_node script to /home/soda/vla/ROS_action/install/camera_sub/lib/camera_sub
writing list of installed files to '/home/soda/vla/ROS_action/build/camera_sub/install.log'
