[4.234s] Invoking command in '/home/soda/vla/ROS_action/src/camera_sub': PYTHONPATH=/home/soda/vla/ROS_action/build/camera_sub/prefix_override:/usr/lib/python3/dist-packages/colcon_core/task/python/colcon_distutils_commands:/home/soda/vla/ROS_action/install/camera_sub/lib/python3.10/site-packages:${PYTHONPATH} /usr/bin/python3 -W ignore:setup.py install is deprecated -W ignore:easy_install command is deprecated setup.py egg_info --egg-base ../../build/camera_sub build --build-base /home/soda/vla/ROS_action/build/camera_sub/build install --record /home/soda/vla/ROS_action/build/camera_sub/install.log --single-version-externally-managed install_data
[4.568s] /home/soda/.local/lib/python3.10/site-packages/setuptools/_distutils/dist.py:289: UserWarning: Unknown distribution option: 'tests_require'
[4.568s]   warnings.warn(msg)
[4.833s] running egg_info
[4.876s] creating ../../build/camera_sub/camera_sub.egg-info
[4.876s] writing ../../build/camera_sub/camera_sub.egg-info/PKG-INFO
[4.877s] writing dependency_links to ../../build/camera_sub/camera_sub.egg-info/dependency_links.txt
[4.877s] writing entry points to ../../build/camera_sub/camera_sub.egg-info/entry_points.txt
[4.878s] writing requirements to ../../build/camera_sub/camera_sub.egg-info/requires.txt
[4.878s] writing top-level names to ../../build/camera_sub/camera_sub.egg-info/top_level.txt
[5.088s] writing manifest file '../../build/camera_sub/camera_sub.egg-info/SOURCES.txt'
[5.178s] reading manifest file '../../build/camera_sub/camera_sub.egg-info/SOURCES.txt'
[5.179s] writing manifest file '../../build/camera_sub/camera_sub.egg-info/SOURCES.txt'
[5.180s] running build
[5.180s] running build_py
[5.180s] creating /home/soda/vla/ROS_action/build/camera_sub/build/lib/camera_sub
[5.181s] copying camera_sub/__init__.py -> /home/soda/vla/ROS_action/build/camera_sub/build/lib/camera_sub
[5.181s] copying camera_sub/camera_subscriber_node.py -> /home/soda/vla/ROS_action/build/camera_sub/build/lib/camera_sub
[5.182s] running install
[5.189s] running install_lib
[5.233s] creating /home/soda/vla/ROS_action/install/camera_sub/lib/python3.10/site-packages/camera_sub
[5.233s] copying /home/soda/vla/ROS_action/build/camera_sub/build/lib/camera_sub/__init__.py -> /home/soda/vla/ROS_action/install/camera_sub/lib/python3.10/site-packages/camera_sub
[5.234s] copying /home/soda/vla/ROS_action/build/camera_sub/build/lib/camera_sub/camera_subscriber_node.py -> /home/soda/vla/ROS_action/install/camera_sub/lib/python3.10/site-packages/camera_sub
[5.235s] byte-compiling /home/soda/vla/ROS_action/install/camera_sub/lib/python3.10/site-packages/camera_sub/__init__.py to __init__.cpython-310.pyc
[5.235s] byte-compiling /home/soda/vla/ROS_action/install/camera_sub/lib/python3.10/site-packages/camera_sub/camera_subscriber_node.py to camera_subscriber_node.cpython-310.pyc
[5.237s] running install_data
[5.237s] creating /home/soda/vla/ROS_action/install/camera_sub/share/ament_index/resource_index/packages
[5.237s] copying resource/camera_sub -> /home/soda/vla/ROS_action/install/camera_sub/share/ament_index/resource_index/packages
[5.237s] copying package.xml -> /home/soda/vla/ROS_action/install/camera_sub/share/camera_sub
[5.238s] running install_egg_info
[5.284s] Copying ../../build/camera_sub/camera_sub.egg-info to /home/soda/vla/ROS_action/install/camera_sub/lib/python3.10/site-packages/camera_sub-0.0.0-py3.10.egg-info
[5.286s] running install_scripts
[5.377s] Installing camera_subscriber_node script to /home/soda/vla/ROS_action/install/camera_sub/lib/camera_sub
[5.377s] writing list of installed files to '/home/soda/vla/ROS_action/build/camera_sub/install.log'
[5.456s] Invoked command in '/home/soda/vla/ROS_action/src/camera_sub' returned '0': PYTHONPATH=/home/soda/vla/ROS_action/build/camera_sub/prefix_override:/usr/lib/python3/dist-packages/colcon_core/task/python/colcon_distutils_commands:/home/soda/vla/ROS_action/install/camera_sub/lib/python3.10/site-packages:${PYTHONPATH} /usr/bin/python3 -W ignore:setup.py install is deprecated -W ignore:easy_install command is deprecated setup.py egg_info --egg-base ../../build/camera_sub build --build-base /home/soda/vla/ROS_action/build/camera_sub/build install --record /home/soda/vla/ROS_action/build/camera_sub/install.log --single-version-externally-managed install_data
