[8.932s] Invoking command in '/home/soda/vla/ROS_action/src/omni_controller': CONDA_PROMPT_MODIFIER=(robovlms) PS1=(robovlms) %m%# PYTHONPATH=/home/soda/vla/ROS_action/build/omni_controller/prefix_override:/usr/lib/python3/dist-packages/colcon_core/task/python/colcon_distutils_commands:/home/soda/vla/ROS_action/install/omni_controller/lib/python3.10/site-packages:${PYTHONPATH} /usr/bin/python3 -W ignore:setup.py install is deprecated -W ignore:easy_install command is deprecated setup.py egg_info --egg-base ../../build/omni_controller build --build-base /home/soda/vla/ROS_action/build/omni_controller/build install --record /home/soda/vla/ROS_action/build/omni_controller/install.log --single-version-externally-managed install_data
[10.486s] running egg_info
[10.534s] writing ../../build/omni_controller/omni_controller.egg-info/PKG-INFO
[10.535s] writing dependency_links to ../../build/omni_controller/omni_controller.egg-info/dependency_links.txt
[10.536s] writing entry points to ../../build/omni_controller/omni_controller.egg-info/entry_points.txt
[10.536s] writing requirements to ../../build/omni_controller/omni_controller.egg-info/requires.txt
[10.537s] writing top-level names to ../../build/omni_controller/omni_controller.egg-info/top_level.txt
[10.660s] reading manifest file '../../build/omni_controller/omni_controller.egg-info/SOURCES.txt'
[10.662s] writing manifest file '../../build/omni_controller/omni_controller.egg-info/SOURCES.txt'
[10.662s] running build
[10.662s] running build_py
[10.663s] copying omni_controller/omni_drive_node.py -> /home/soda/vla/ROS_action/build/omni_controller/build/lib/omni_controller
[10.664s] running install
[10.674s] running install_lib
[10.716s] copying /home/soda/vla/ROS_action/build/omni_controller/build/lib/omni_controller/omni_drive_node.py -> /home/soda/vla/ROS_action/install/omni_controller/lib/python3.10/site-packages/omni_controller
[10.718s] byte-compiling /home/soda/vla/ROS_action/install/omni_controller/lib/python3.10/site-packages/omni_controller/omni_drive_node.py to omni_drive_node.cpython-310.pyc
[10.721s] running install_data
[10.721s] running install_egg_info
[10.765s] removing '/home/soda/vla/ROS_action/install/omni_controller/lib/python3.10/site-packages/omni_controller-0.0.0-py3.10.egg-info' (and everything under it)
[10.768s] Copying ../../build/omni_controller/omni_controller.egg-info to /home/soda/vla/ROS_action/install/omni_controller/lib/python3.10/site-packages/omni_controller-0.0.0-py3.10.egg-info
[10.792s] running install_scripts
[10.954s] Installing omni_drive_node script to /home/soda/vla/ROS_action/install/omni_controller/lib/omni_controller
[10.954s] writing list of installed files to '/home/soda/vla/ROS_action/build/omni_controller/install.log'
