[2.180s] Invoking command in '/home/soda/vla/ROS_action/src/omni_controller': PYTHONPATH=/home/soda/vla/ROS_action/build/omni_controller/prefix_override:/usr/lib/python3/dist-packages/colcon_core/task/python/colcon_distutils_commands:/home/soda/vla/ROS_action/install/omni_controller/lib/python3.10/site-packages:${PYTHONPATH} /usr/bin/python3 -W ignore:setup.py install is deprecated -W ignore:easy_install command is deprecated setup.py egg_info --egg-base ../../build/omni_controller build --build-base /home/soda/vla/ROS_action/build/omni_controller/build install --record /home/soda/vla/ROS_action/build/omni_controller/install.log --single-version-externally-managed install_data
[3.011s] running egg_info
[3.052s] writing ../../build/omni_controller/omni_controller.egg-info/PKG-INFO
[3.052s] writing dependency_links to ../../build/omni_controller/omni_controller.egg-info/dependency_links.txt
[3.053s] writing entry points to ../../build/omni_controller/omni_controller.egg-info/entry_points.txt
[3.053s] writing requirements to ../../build/omni_controller/omni_controller.egg-info/requires.txt
[3.053s] writing top-level names to ../../build/omni_controller/omni_controller.egg-info/top_level.txt
[3.130s] reading manifest file '../../build/omni_controller/omni_controller.egg-info/SOURCES.txt'
[3.132s] writing manifest file '../../build/omni_controller/omni_controller.egg-info/SOURCES.txt'
[3.132s] running build
[3.132s] running build_py
[3.132s] copying omni_controller/omni_drive_node.py -> /home/soda/vla/ROS_action/build/omni_controller/build/lib/omni_controller
[3.133s] running install
[3.141s] running install_lib
[3.179s] copying /home/soda/vla/ROS_action/build/omni_controller/build/lib/omni_controller/omni_drive_node.py -> /home/soda/vla/ROS_action/install/omni_controller/lib/python3.10/site-packages/omni_controller
[3.180s] byte-compiling /home/soda/vla/ROS_action/install/omni_controller/lib/python3.10/site-packages/omni_controller/omni_drive_node.py to omni_drive_node.cpython-310.pyc
[3.182s] running install_data
[3.182s] running install_egg_info
[3.223s] removing '/home/soda/vla/ROS_action/install/omni_controller/lib/python3.10/site-packages/omni_controller-0.0.0-py3.10.egg-info' (and everything under it)
[3.223s] Copying ../../build/omni_controller/omni_controller.egg-info to /home/soda/vla/ROS_action/install/omni_controller/lib/python3.10/site-packages/omni_controller-0.0.0-py3.10.egg-info
[3.225s] running install_scripts
[3.369s] Installing omni_drive_node script to /home/soda/vla/ROS_action/install/omni_controller/lib/omni_controller
[3.370s] writing list of installed files to '/home/soda/vla/ROS_action/build/omni_controller/install.log'
[3.455s] Invoked command in '/home/soda/vla/ROS_action/src/omni_controller' returned '0': PYTHONPATH=/home/soda/vla/ROS_action/build/omni_controller/prefix_override:/usr/lib/python3/dist-packages/colcon_core/task/python/colcon_distutils_commands:/home/soda/vla/ROS_action/install/omni_controller/lib/python3.10/site-packages:${PYTHONPATH} /usr/bin/python3 -W ignore:setup.py install is deprecated -W ignore:easy_install command is deprecated setup.py egg_info --egg-base ../../build/omni_controller build --build-base /home/soda/vla/ROS_action/build/omni_controller/build install --record /home/soda/vla/ROS_action/build/omni_controller/install.log --single-version-externally-managed install_data
