[0.204s] [34mcolcon[0m [1;30mDEBUG[0m [32mCommand line arguments: ['/usr/bin/colcon', 'build'][0m
[0.204s] [34mcolcon[0m [1;30mDEBUG[0m [32mParsed command line arguments: Namespace(log_base=None, log_level=None, verb_name='build', build_base='build', install_base='install', merge_install=False, symlink_install=False, test_result_base=None, continue_on_error=False, executor='parallel', parallel_workers=8, event_handlers=None, ignore_user_meta=False, metas=['./colcon.meta'], base_paths=['.'], packages_ignore=None, packages_ignore_regex=None, paths=None, packages_up_to=None, packages_up_to_regex=None, packages_above=None, packages_above_and_dependencies=None, packages_above_depth=None, packages_select_by_dep=None, packages_skip_by_dep=None, packages_skip_up_to=None, packages_select_build_failed=False, packages_skip_build_finished=False, packages_select_test_failures=False, packages_skip_test_passed=False, packages_select=None, packages_skip=None, packages_select_regex=None, packages_skip_regex=None, packages_start=None, packages_end=None, allow_overriding=[], cmake_args=None, cmake_target=None, cmake_target_skip_unavailable=False, cmake_clean_cache=False, cmake_clean_first=False, cmake_force_configure=False, ament_cmake_args=None, catkin_cmake_args=None, catkin_skip_building_tests=False, mixin_files=None, mixin=None, verb_parser=<colcon_mixin.mixin.mixin_argument.MixinArgumentDecorator object at 0xffff92ff2bc0>, verb_extension=<colcon_core.verb.build.BuildVerb object at 0xffff92ff21a0>, main=<bound method BuildVerb.main of <colcon_core.verb.build.BuildVerb object at 0xffff92ff21a0>>, mixin_verb=('build',))[0m
[0.269s] [34mcolcon.colcon_core.package_discovery[0m [1;30mLevel 1[0m discover_packages(colcon_meta) check parameters
[0.269s] [34mcolcon.colcon_core.package_discovery[0m [1;30mLevel 1[0m discover_packages(recursive) check parameters
[0.269s] [34mcolcon.colcon_core.package_discovery[0m [1;30mLevel 1[0m discover_packages(ignore) check parameters
[0.269s] [34mcolcon.colcon_core.package_discovery[0m [1;30mLevel 1[0m discover_packages(path) check parameters
[0.269s] [34mcolcon.colcon_core.package_discovery[0m [1;30mLevel 1[0m discover_packages(colcon_meta) discover
[0.270s] [34mcolcon.colcon_core.package_discovery[0m [1;30mLevel 1[0m discover_packages(recursive) discover
[0.270s] [34mcolcon.colcon_core.package_discovery[0m [1;30mINFO[0m Crawling recursively for packages in '/home/soda/vla/ROS_action'
[0.270s] [34mcolcon.colcon_core.package_identification[0m [1;30mLevel 1[0m _identify(.) by extensions ['ignore', 'ignore_ament_install']
[0.270s] [34mcolcon.colcon_core.package_identification[0m [1;30mLevel 1[0m _identify(.) by extension 'ignore'
[0.270s] [34mcolcon.colcon_core.package_identification[0m [1;30mLevel 1[0m _identify(.) by extension 'ignore_ament_install'
[0.270s] [34mcolcon.colcon_core.package_identification[0m [1;30mLevel 1[0m _identify(.) by extensions ['colcon_pkg']
[0.270s] [34mcolcon.colcon_core.package_identification[0m [1;30mLevel 1[0m _identify(.) by extension 'colcon_pkg'
[0.270s] [34mcolcon.colcon_core.package_identification[0m [1;30mLevel 1[0m _identify(.) by extensions ['colcon_meta']
[0.270s] [34mcolcon.colcon_core.package_identification[0m [1;30mLevel 1[0m _identify(.) by extension 'colcon_meta'
[0.271s] [34mcolcon.colcon_core.package_identification[0m [1;30mLevel 1[0m _identify(.) by extensions ['ros']
[0.271s] [34mcolcon.colcon_core.package_identification[0m [1;30mLevel 1[0m _identify(.) by extension 'ros'
[0.294s] [34mcolcon.colcon_core.package_identification[0m [1;30mLevel 1[0m _identify(.) by extensions ['cmake', 'python']
[0.294s] [34mcolcon.colcon_core.package_identification[0m [1;30mLevel 1[0m _identify(.) by extension 'cmake'
[0.294s] [34mcolcon.colcon_core.package_identification[0m [1;30mLevel 1[0m _identify(.) by extension 'python'
[0.294s] [34mcolcon.colcon_core.package_identification[0m [1;30mLevel 1[0m _identify(.) by extensions ['python_setup_py']
[0.294s] [34mcolcon.colcon_core.package_identification[0m [1;30mLevel 1[0m _identify(.) by extension 'python_setup_py'
[0.295s] [34mcolcon.colcon_core.package_identification[0m [1;30mLevel 1[0m _identify(build) by extensions ['ignore', 'ignore_ament_install']
[0.295s] [34mcolcon.colcon_core.package_identification[0m [1;30mLevel 1[0m _identify(build) by extension 'ignore'
[0.295s] [34mcolcon.colcon_core.package_identification[0m [1;30mLevel 1[0m _identify(build) ignored
[0.295s] [34mcolcon.colcon_core.package_identification[0m [1;30mLevel 1[0m _identify(install) by extensions ['ignore', 'ignore_ament_install']
[0.295s] [34mcolcon.colcon_core.package_identification[0m [1;30mLevel 1[0m _identify(install) by extension 'ignore'
[0.295s] [34mcolcon.colcon_core.package_identification[0m [1;30mLevel 1[0m _identify(install) ignored
[0.295s] [34mcolcon.colcon_core.package_identification[0m [1;30mLevel 1[0m _identify(log) by extensions ['ignore', 'ignore_ament_install']
[0.296s] [34mcolcon.colcon_core.package_identification[0m [1;30mLevel 1[0m _identify(log) by extension 'ignore'
[0.296s] [34mcolcon.colcon_core.package_identification[0m [1;30mLevel 1[0m _identify(log) ignored
[0.296s] [34mcolcon.colcon_core.package_identification[0m [1;30mLevel 1[0m _identify(src) by extensions ['ignore', 'ignore_ament_install']
[0.296s] [34mcolcon.colcon_core.package_identification[0m [1;30mLevel 1[0m _identify(src) by extension 'ignore'
[0.296s] [34mcolcon.colcon_core.package_identification[0m [1;30mLevel 1[0m _identify(src) by extension 'ignore_ament_install'
[0.296s] [34mcolcon.colcon_core.package_identification[0m [1;30mLevel 1[0m _identify(src) by extensions ['colcon_pkg']
[0.296s] [34mcolcon.colcon_core.package_identification[0m [1;30mLevel 1[0m _identify(src) by extension 'colcon_pkg'
[0.296s] [34mcolcon.colcon_core.package_identification[0m [1;30mLevel 1[0m _identify(src) by extensions ['colcon_meta']
[0.296s] [34mcolcon.colcon_core.package_identification[0m [1;30mLevel 1[0m _identify(src) by extension 'colcon_meta'
[0.296s] [34mcolcon.colcon_core.package_identification[0m [1;30mLevel 1[0m _identify(src) by extensions ['ros']
[0.296s] [34mcolcon.colcon_core.package_identification[0m [1;30mLevel 1[0m _identify(src) by extension 'ros'
[0.297s] [34mcolcon.colcon_core.package_identification[0m [1;30mLevel 1[0m _identify(src) by extensions ['cmake', 'python']
[0.297s] [34mcolcon.colcon_core.package_identification[0m [1;30mLevel 1[0m _identify(src) by extension 'cmake'
[0.297s] [34mcolcon.colcon_core.package_identification[0m [1;30mLevel 1[0m _identify(src) by extension 'python'
[0.297s] [34mcolcon.colcon_core.package_identification[0m [1;30mLevel 1[0m _identify(src) by extensions ['python_setup_py']
[0.297s] [34mcolcon.colcon_core.package_identification[0m [1;30mLevel 1[0m _identify(src) by extension 'python_setup_py'
[0.297s] [34mcolcon.colcon_core.package_identification[0m [1;30mLevel 1[0m _identify(src/action_executor_node) by extensions ['ignore', 'ignore_ament_install']
[0.297s] [34mcolcon.colcon_core.package_identification[0m [1;30mLevel 1[0m _identify(src/action_executor_node) by extension 'ignore'
[0.297s] [34mcolcon.colcon_core.package_identification[0m [1;30mLevel 1[0m _identify(src/action_executor_node) by extension 'ignore_ament_install'
[0.297s] [34mcolcon.colcon_core.package_identification[0m [1;30mLevel 1[0m _identify(src/action_executor_node) by extensions ['colcon_pkg']
[0.297s] [34mcolcon.colcon_core.package_identification[0m [1;30mLevel 1[0m _identify(src/action_executor_node) by extension 'colcon_pkg'
[0.298s] [34mcolcon.colcon_core.package_identification[0m [1;30mLevel 1[0m _identify(src/action_executor_node) by extensions ['colcon_meta']
[0.298s] [34mcolcon.colcon_core.package_identification[0m [1;30mLevel 1[0m _identify(src/action_executor_node) by extension 'colcon_meta'
[0.298s] [34mcolcon.colcon_core.package_identification[0m [1;30mLevel 1[0m _identify(src/action_executor_node) by extensions ['ros']
[0.298s] [34mcolcon.colcon_core.package_identification[0m [1;30mLevel 1[0m _identify(src/action_executor_node) by extension 'ros'
[0.301s] [34mcolcon.colcon_core.package_identification[0m [1;30mDEBUG[0m [32mPackage 'src/action_executor_node' with type 'ros.ament_python' and name 'action_executor_node'[0m
[0.302s] [34mcolcon.colcon_core.package_identification[0m [1;30mLevel 1[0m _identify(src/audio_capture_package) by extensions ['ignore', 'ignore_ament_install']
[0.302s] [34mcolcon.colcon_core.package_identification[0m [1;30mLevel 1[0m _identify(src/audio_capture_package) by extension 'ignore'
[0.302s] [34mcolcon.colcon_core.package_identification[0m [1;30mLevel 1[0m _identify(src/audio_capture_package) by extension 'ignore_ament_install'
[0.302s] [34mcolcon.colcon_core.package_identification[0m [1;30mLevel 1[0m _identify(src/audio_capture_package) by extensions ['colcon_pkg']
[0.302s] [34mcolcon.colcon_core.package_identification[0m [1;30mLevel 1[0m _identify(src/audio_capture_package) by extension 'colcon_pkg'
[0.302s] [34mcolcon.colcon_core.package_identification[0m [1;30mLevel 1[0m _identify(src/audio_capture_package) by extensions ['colcon_meta']
[0.302s] [34mcolcon.colcon_core.package_identification[0m [1;30mLevel 1[0m _identify(src/audio_capture_package) by extension 'colcon_meta'
[0.302s] [34mcolcon.colcon_core.package_identification[0m [1;30mLevel 1[0m _identify(src/audio_capture_package) by extensions ['ros']
[0.302s] [34mcolcon.colcon_core.package_identification[0m [1;30mLevel 1[0m _identify(src/audio_capture_package) by extension 'ros'
[0.303s] [34mcolcon.colcon_core.package_identification[0m [1;30mDEBUG[0m [32mFailed to parse potential ROS package manifest in'src/audio_capture_package': Error(s) in package 'src/audio_capture_package/package.xml':
The manifest contains invalid XML:
not well-formed (invalid token): line 4, column 1[0m
[0.303s] [34mcolcon.colcon_core.package_identification[0m [1;30mLevel 1[0m _identify(src/audio_capture_package) by extensions ['cmake', 'python']
[0.303s] [34mcolcon.colcon_core.package_identification[0m [1;30mLevel 1[0m _identify(src/audio_capture_package) by extension 'cmake'
[0.303s] [34mcolcon.colcon_core.package_identification[0m [1;30mLevel 1[0m _identify(src/audio_capture_package) by extension 'python'
[0.303s] [34mcolcon.colcon_core.package_identification[0m [1;30mDEBUG[0m [32mPython package in 'src/audio_capture_package' passes arguments to the setup() function which requires a different identification extension than 'python'[0m
[0.303s] [34mcolcon.colcon_core.package_identification[0m [1;30mLevel 1[0m _identify(src/audio_capture_package) by extensions ['python_setup_py']
[0.303s] [34mcolcon.colcon_core.package_identification[0m [1;30mLevel 1[0m _identify(src/audio_capture_package) by extension 'python_setup_py'
[0.713s] [34mcolcon.colcon_core.package_identification[0m [1;30mDEBUG[0m [32mPackage 'src/audio_capture_package' with type 'python' and name 'audio_capture_package'[0m
[0.714s] [34mcolcon.colcon_core.package_identification[0m [1;30mLevel 1[0m _identify(src/camera_pub) by extensions ['ignore', 'ignore_ament_install']
[0.714s] [34mcolcon.colcon_core.package_identification[0m [1;30mLevel 1[0m _identify(src/camera_pub) by extension 'ignore'
[0.714s] [34mcolcon.colcon_core.package_identification[0m [1;30mLevel 1[0m _identify(src/camera_pub) by extension 'ignore_ament_install'
[0.714s] [34mcolcon.colcon_core.package_identification[0m [1;30mLevel 1[0m _identify(src/camera_pub) by extensions ['colcon_pkg']
[0.714s] [34mcolcon.colcon_core.package_identification[0m [1;30mLevel 1[0m _identify(src/camera_pub) by extension 'colcon_pkg'
[0.714s] [34mcolcon.colcon_core.package_identification[0m [1;30mLevel 1[0m _identify(src/camera_pub) by extensions ['colcon_meta']
[0.714s] [34mcolcon.colcon_core.package_identification[0m [1;30mLevel 1[0m _identify(src/camera_pub) by extension 'colcon_meta'
[0.714s] [34mcolcon.colcon_core.package_identification[0m [1;30mLevel 1[0m _identify(src/camera_pub) by extensions ['ros']
[0.715s] [34mcolcon.colcon_core.package_identification[0m [1;30mLevel 1[0m _identify(src/camera_pub) by extension 'ros'
[0.716s] [34mcolcon.colcon_core.package_identification[0m [1;30mDEBUG[0m [32mPackage 'src/camera_pub' with type 'ros.ament_python' and name 'camera_pub'[0m
[0.716s] [34mcolcon.colcon_core.package_identification[0m [1;30mLevel 1[0m _identify(src/camera_sub) by extensions ['ignore', 'ignore_ament_install']
[0.716s] [34mcolcon.colcon_core.package_identification[0m [1;30mLevel 1[0m _identify(src/camera_sub) by extension 'ignore'
[0.716s] [34mcolcon.colcon_core.package_identification[0m [1;30mLevel 1[0m _identify(src/camera_sub) by extension 'ignore_ament_install'
[0.716s] [34mcolcon.colcon_core.package_identification[0m [1;30mLevel 1[0m _identify(src/camera_sub) by extensions ['colcon_pkg']
[0.717s] [34mcolcon.colcon_core.package_identification[0m [1;30mLevel 1[0m _identify(src/camera_sub) by extension 'colcon_pkg'
[0.717s] [34mcolcon.colcon_core.package_identification[0m [1;30mLevel 1[0m _identify(src/camera_sub) by extensions ['colcon_meta']
[0.717s] [34mcolcon.colcon_core.package_identification[0m [1;30mLevel 1[0m _identify(src/camera_sub) by extension 'colcon_meta'
[0.717s] [34mcolcon.colcon_core.package_identification[0m [1;30mLevel 1[0m _identify(src/camera_sub) by extensions ['ros']
[0.717s] [34mcolcon.colcon_core.package_identification[0m [1;30mLevel 1[0m _identify(src/camera_sub) by extension 'ros'
[0.718s] [34mcolcon.colcon_core.package_identification[0m [1;30mDEBUG[0m [32mPackage 'src/camera_sub' with type 'ros.ament_python' and name 'camera_sub'[0m
[0.718s] [34mcolcon.colcon_core.package_identification[0m [1;30mLevel 1[0m _identify(src/object_pose) by extensions ['ignore', 'ignore_ament_install']
[0.718s] [34mcolcon.colcon_core.package_identification[0m [1;30mLevel 1[0m _identify(src/object_pose) by extension 'ignore'
[0.718s] [34mcolcon.colcon_core.package_identification[0m [1;30mLevel 1[0m _identify(src/object_pose) by extension 'ignore_ament_install'
[0.718s] [34mcolcon.colcon_core.package_identification[0m [1;30mLevel 1[0m _identify(src/object_pose) by extensions ['colcon_pkg']
[0.718s] [34mcolcon.colcon_core.package_identification[0m [1;30mLevel 1[0m _identify(src/object_pose) by extension 'colcon_pkg'
[0.718s] [34mcolcon.colcon_core.package_identification[0m [1;30mLevel 1[0m _identify(src/object_pose) by extensions ['colcon_meta']
[0.718s] [34mcolcon.colcon_core.package_identification[0m [1;30mLevel 1[0m _identify(src/object_pose) by extension 'colcon_meta'
[0.718s] [34mcolcon.colcon_core.package_identification[0m [1;30mLevel 1[0m _identify(src/object_pose) by extensions ['ros']
[0.719s] [34mcolcon.colcon_core.package_identification[0m [1;30mLevel 1[0m _identify(src/object_pose) by extension 'ros'
[0.719s] [34mcolcon.colcon_core.package_identification[0m [1;30mDEBUG[0m [32mFailed to parse potential ROS package manifest in'src/object_pose': Error(s) in package 'src/object_pose/package.xml':
The manifest contains invalid XML:
not well-formed (invalid token): line 4, column 1[0m
[0.719s] [34mcolcon.colcon_core.package_identification[0m [1;30mLevel 1[0m _identify(src/object_pose) by extensions ['cmake', 'python']
[0.719s] [34mcolcon.colcon_core.package_identification[0m [1;30mLevel 1[0m _identify(src/object_pose) by extension 'cmake'
[0.719s] [34mcolcon.colcon_core.package_identification[0m [1;30mLevel 1[0m _identify(src/object_pose) by extension 'python'
[0.719s] [34mcolcon.colcon_core.package_identification[0m [1;30mDEBUG[0m [32mPython package in 'src/object_pose' passes arguments to the setup() function which requires a different identification extension than 'python'[0m
[0.719s] [34mcolcon.colcon_core.package_identification[0m [1;30mLevel 1[0m _identify(src/object_pose) by extensions ['python_setup_py']
[0.719s] [34mcolcon.colcon_core.package_identification[0m [1;30mLevel 1[0m _identify(src/object_pose) by extension 'python_setup_py'
[1.131s] [34mcolcon.colcon_core.package_identification[0m [1;30mDEBUG[0m [32mPackage 'src/object_pose' with type 'python' and name 'object_pose'[0m
[1.132s] [34mcolcon.colcon_core.package_identification[0m [1;30mLevel 1[0m _identify(src/omni_controller) by extensions ['ignore', 'ignore_ament_install']
[1.132s] [34mcolcon.colcon_core.package_identification[0m [1;30mLevel 1[0m _identify(src/omni_controller) by extension 'ignore'
[1.132s] [34mcolcon.colcon_core.package_identification[0m [1;30mLevel 1[0m _identify(src/omni_controller) by extension 'ignore_ament_install'
[1.132s] [34mcolcon.colcon_core.package_identification[0m [1;30mLevel 1[0m _identify(src/omni_controller) by extensions ['colcon_pkg']
[1.132s] [34mcolcon.colcon_core.package_identification[0m [1;30mLevel 1[0m _identify(src/omni_controller) by extension 'colcon_pkg'
[1.132s] [34mcolcon.colcon_core.package_identification[0m [1;30mLevel 1[0m _identify(src/omni_controller) by extensions ['colcon_meta']
[1.133s] [34mcolcon.colcon_core.package_identification[0m [1;30mLevel 1[0m _identify(src/omni_controller) by extension 'colcon_meta'
[1.133s] [34mcolcon.colcon_core.package_identification[0m [1;30mLevel 1[0m _identify(src/omni_controller) by extensions ['ros']
[1.133s] [34mcolcon.colcon_core.package_identification[0m [1;30mLevel 1[0m _identify(src/omni_controller) by extension 'ros'
[1.135s] [34mcolcon.colcon_core.package_identification[0m [1;30mDEBUG[0m [32mPackage 'src/omni_controller' with type 'ros.ament_python' and name 'omni_controller'[0m
[1.135s] [34mcolcon.colcon_core.package_identification[0m [1;30mLevel 1[0m _identify(src/ros_action_msgs) by extensions ['ignore', 'ignore_ament_install']
[1.135s] [34mcolcon.colcon_core.package_identification[0m [1;30mLevel 1[0m _identify(src/ros_action_msgs) by extension 'ignore'
[1.135s] [34mcolcon.colcon_core.package_identification[0m [1;30mLevel 1[0m _identify(src/ros_action_msgs) by extension 'ignore_ament_install'
[1.135s] [34mcolcon.colcon_core.package_identification[0m [1;30mLevel 1[0m _identify(src/ros_action_msgs) by extensions ['colcon_pkg']
[1.136s] [34mcolcon.colcon_core.package_identification[0m [1;30mLevel 1[0m _identify(src/ros_action_msgs) by extension 'colcon_pkg'
[1.136s] [34mcolcon.colcon_core.package_identification[0m [1;30mLevel 1[0m _identify(src/ros_action_msgs) by extensions ['colcon_meta']
[1.136s] [34mcolcon.colcon_core.package_identification[0m [1;30mLevel 1[0m _identify(src/ros_action_msgs) by extension 'colcon_meta'
[1.136s] [34mcolcon.colcon_core.package_identification[0m [1;30mLevel 1[0m _identify(src/ros_action_msgs) by extensions ['ros']
[1.136s] [34mcolcon.colcon_core.package_identification[0m [1;30mLevel 1[0m _identify(src/ros_action_msgs) by extension 'ros'
[1.137s] [34mcolcon.colcon_core.package_identification[0m [1;30mDEBUG[0m [32mPackage 'src/ros_action_msgs' with type 'ros.ament_cmake' and name 'ros_action_msgs'[0m
[1.138s] [34mcolcon.colcon_core.package_identification[0m [1;30mLevel 1[0m _identify(src/vla_node) by extensions ['ignore', 'ignore_ament_install']
[1.138s] [34mcolcon.colcon_core.package_identification[0m [1;30mLevel 1[0m _identify(src/vla_node) by extension 'ignore'
[1.138s] [34mcolcon.colcon_core.package_identification[0m [1;30mLevel 1[0m _identify(src/vla_node) by extension 'ignore_ament_install'
[1.138s] [34mcolcon.colcon_core.package_identification[0m [1;30mLevel 1[0m _identify(src/vla_node) by extensions ['colcon_pkg']
[1.138s] [34mcolcon.colcon_core.package_identification[0m [1;30mLevel 1[0m _identify(src/vla_node) by extension 'colcon_pkg'
[1.138s] [34mcolcon.colcon_core.package_identification[0m [1;30mLevel 1[0m _identify(src/vla_node) by extensions ['colcon_meta']
[1.139s] [34mcolcon.colcon_core.package_identification[0m [1;30mLevel 1[0m _identify(src/vla_node) by extension 'colcon_meta'
[1.139s] [34mcolcon.colcon_core.package_identification[0m [1;30mLevel 1[0m _identify(src/vla_node) by extensions ['ros']
[1.139s] [34mcolcon.colcon_core.package_identification[0m [1;30mLevel 1[0m _identify(src/vla_node) by extension 'ros'
[1.141s] [34mcolcon.colcon_core.package_identification[0m [1;30mDEBUG[0m [32mPackage 'src/vla_node' with type 'ros.ament_python' and name 'vla_node'[0m
[1.141s] [34mcolcon.colcon_core.package_discovery[0m [1;30mLevel 1[0m discover_packages(recursive) using defaults
[1.141s] [34mcolcon.colcon_core.package_discovery[0m [1;30mLevel 1[0m discover_packages(ignore) discover
[1.141s] [34mcolcon.colcon_core.package_discovery[0m [1;30mLevel 1[0m discover_packages(ignore) using defaults
[1.141s] [34mcolcon.colcon_core.package_discovery[0m [1;30mLevel 1[0m discover_packages(path) discover
[1.141s] [34mcolcon.colcon_core.package_discovery[0m [1;30mLevel 1[0m discover_packages(path) using defaults
[1.180s] [34mcolcon.colcon_core.package_discovery[0m [1;30mLevel 1[0m discover_packages(prefix_path) check parameters
[1.180s] [34mcolcon.colcon_core.package_discovery[0m [1;30mLevel 1[0m discover_packages(prefix_path) discover
[1.183s] [34mcolcon.colcon_ros.prefix_path.ament[0m [1;30mWARNING[0m [33mThe path '/home/soda/vla/ROS_action/install/vla_node' in the environment variable AMENT_PREFIX_PATH doesn't exist[0m
[1.183s] [34mcolcon.colcon_ros.prefix_path.ament[0m [1;30mWARNING[0m [33mThe path '/home/soda/vla/ROS_action/install/ros_action_msgs' in the environment variable AMENT_PREFIX_PATH doesn't exist[0m
[1.183s] [34mcolcon.colcon_ros.prefix_path.ament[0m [1;30mWARNING[0m [33mThe path '/home/soda/vla/ROS_action/install/omni_controller' in the environment variable AMENT_PREFIX_PATH doesn't exist[0m
[1.183s] [34mcolcon.colcon_ros.prefix_path.ament[0m [1;30mWARNING[0m [33mThe path '/home/soda/vla/ROS_action/install/camera_sub' in the environment variable AMENT_PREFIX_PATH doesn't exist[0m
[1.183s] [34mcolcon.colcon_ros.prefix_path.ament[0m [1;30mWARNING[0m [33mThe path '/home/soda/vla/ROS_action/install/camera_pub' in the environment variable AMENT_PREFIX_PATH doesn't exist[0m
[1.183s] [34mcolcon.colcon_ros.prefix_path.ament[0m [1;30mWARNING[0m [33mThe path '/home/soda/vla/ROS_action/install/action_executor_node' in the environment variable AMENT_PREFIX_PATH doesn't exist[0m
[1.184s] [34mcolcon.colcon_ros.prefix_path.catkin[0m [1;30mWARNING[0m [33mThe path '/home/soda/vla/ROS_action/install/ros_action_msgs' in the environment variable CMAKE_PREFIX_PATH doesn't exist[0m
[1.186s] [34mcolcon.colcon_installed_package_information.package_discovery[0m [1;30mDEBUG[0m [32mFound 0 installed packages in /home/soda/vla/ROS_action/install[0m
[1.188s] [34mcolcon.colcon_installed_package_information.package_discovery[0m [1;30mDEBUG[0m [32mFound 272 installed packages in /opt/ros/humble[0m
[1.192s] [34mcolcon.colcon_core.package_discovery[0m [1;30mLevel 1[0m discover_packages(prefix_path) using defaults
[1.252s] [34mcolcon.colcon_core.verb[0m [1;30mLevel 5[0m set package 'action_executor_node' build argument 'cmake_args' from command line to 'None'
[1.252s] [34mcolcon.colcon_core.verb[0m [1;30mLevel 5[0m set package 'action_executor_node' build argument 'cmake_target' from command line to 'None'
[1.252s] [34mcolcon.colcon_core.verb[0m [1;30mLevel 5[0m set package 'action_executor_node' build argument 'cmake_target_skip_unavailable' from command line to 'False'
[1.253s] [34mcolcon.colcon_core.verb[0m [1;30mLevel 5[0m set package 'action_executor_node' build argument 'cmake_clean_cache' from command line to 'False'
[1.253s] [34mcolcon.colcon_core.verb[0m [1;30mLevel 5[0m set package 'action_executor_node' build argument 'cmake_clean_first' from command line to 'False'
[1.253s] [34mcolcon.colcon_core.verb[0m [1;30mLevel 5[0m set package 'action_executor_node' build argument 'cmake_force_configure' from command line to 'False'
[1.253s] [34mcolcon.colcon_core.verb[0m [1;30mLevel 5[0m set package 'action_executor_node' build argument 'ament_cmake_args' from command line to 'None'
[1.253s] [34mcolcon.colcon_core.verb[0m [1;30mLevel 5[0m set package 'action_executor_node' build argument 'catkin_cmake_args' from command line to 'None'
[1.253s] [34mcolcon.colcon_core.verb[0m [1;30mLevel 5[0m set package 'action_executor_node' build argument 'catkin_skip_building_tests' from command line to 'False'
[1.253s] [34mcolcon.colcon_core.verb[0m [1;30mDEBUG[0m [32mBuilding package 'action_executor_node' with the following arguments: {'ament_cmake_args': None, 'build_base': '/home/soda/vla/ROS_action/build/action_executor_node', 'catkin_cmake_args': None, 'catkin_skip_building_tests': False, 'cmake_args': None, 'cmake_clean_cache': False, 'cmake_clean_first': False, 'cmake_force_configure': False, 'cmake_target': None, 'cmake_target_skip_unavailable': False, 'install_base': '/home/soda/vla/ROS_action/install/action_executor_node', 'merge_install': False, 'path': '/home/soda/vla/ROS_action/src/action_executor_node', 'symlink_install': False, 'test_result_base': None}[0m
[1.253s] [34mcolcon.colcon_core.verb[0m [1;30mLevel 5[0m set package 'audio_capture_package' build argument 'cmake_args' from command line to 'None'
[1.253s] [34mcolcon.colcon_core.verb[0m [1;30mLevel 5[0m set package 'audio_capture_package' build argument 'cmake_target' from command line to 'None'
[1.254s] [34mcolcon.colcon_core.verb[0m [1;30mLevel 5[0m set package 'audio_capture_package' build argument 'cmake_target_skip_unavailable' from command line to 'False'
[1.254s] [34mcolcon.colcon_core.verb[0m [1;30mLevel 5[0m set package 'audio_capture_package' build argument 'cmake_clean_cache' from command line to 'False'
[1.254s] [34mcolcon.colcon_core.verb[0m [1;30mLevel 5[0m set package 'audio_capture_package' build argument 'cmake_clean_first' from command line to 'False'
[1.254s] [34mcolcon.colcon_core.verb[0m [1;30mLevel 5[0m set package 'audio_capture_package' build argument 'cmake_force_configure' from command line to 'False'
[1.254s] [34mcolcon.colcon_core.verb[0m [1;30mLevel 5[0m set package 'audio_capture_package' build argument 'ament_cmake_args' from command line to 'None'
[1.254s] [34mcolcon.colcon_core.verb[0m [1;30mLevel 5[0m set package 'audio_capture_package' build argument 'catkin_cmake_args' from command line to 'None'
[1.254s] [34mcolcon.colcon_core.verb[0m [1;30mLevel 5[0m set package 'audio_capture_package' build argument 'catkin_skip_building_tests' from command line to 'False'
[1.254s] [34mcolcon.colcon_core.verb[0m [1;30mDEBUG[0m [32mBuilding package 'audio_capture_package' with the following arguments: {'ament_cmake_args': None, 'build_base': '/home/soda/vla/ROS_action/build/audio_capture_package', 'catkin_cmake_args': None, 'catkin_skip_building_tests': False, 'cmake_args': None, 'cmake_clean_cache': False, 'cmake_clean_first': False, 'cmake_force_configure': False, 'cmake_target': None, 'cmake_target_skip_unavailable': False, 'install_base': '/home/soda/vla/ROS_action/install/audio_capture_package', 'merge_install': False, 'path': '/home/soda/vla/ROS_action/src/audio_capture_package', 'symlink_install': False, 'test_result_base': None}[0m
[1.254s] [34mcolcon.colcon_core.verb[0m [1;30mLevel 5[0m set package 'camera_pub' build argument 'cmake_args' from command line to 'None'
[1.254s] [34mcolcon.colcon_core.verb[0m [1;30mLevel 5[0m set package 'camera_pub' build argument 'cmake_target' from command line to 'None'
[1.254s] [34mcolcon.colcon_core.verb[0m [1;30mLevel 5[0m set package 'camera_pub' build argument 'cmake_target_skip_unavailable' from command line to 'False'
[1.254s] [34mcolcon.colcon_core.verb[0m [1;30mLevel 5[0m set package 'camera_pub' build argument 'cmake_clean_cache' from command line to 'False'
[1.254s] [34mcolcon.colcon_core.verb[0m [1;30mLevel 5[0m set package 'camera_pub' build argument 'cmake_clean_first' from command line to 'False'
[1.255s] [34mcolcon.colcon_core.verb[0m [1;30mLevel 5[0m set package 'camera_pub' build argument 'cmake_force_configure' from command line to 'False'
[1.255s] [34mcolcon.colcon_core.verb[0m [1;30mLevel 5[0m set package 'camera_pub' build argument 'ament_cmake_args' from command line to 'None'
[1.255s] [34mcolcon.colcon_core.verb[0m [1;30mLevel 5[0m set package 'camera_pub' build argument 'catkin_cmake_args' from command line to 'None'
[1.255s] [34mcolcon.colcon_core.verb[0m [1;30mLevel 5[0m set package 'camera_pub' build argument 'catkin_skip_building_tests' from command line to 'False'
[1.255s] [34mcolcon.colcon_core.verb[0m [1;30mDEBUG[0m [32mBuilding package 'camera_pub' with the following arguments: {'ament_cmake_args': None, 'build_base': '/home/soda/vla/ROS_action/build/camera_pub', 'catkin_cmake_args': None, 'catkin_skip_building_tests': False, 'cmake_args': None, 'cmake_clean_cache': False, 'cmake_clean_first': False, 'cmake_force_configure': False, 'cmake_target': None, 'cmake_target_skip_unavailable': False, 'install_base': '/home/soda/vla/ROS_action/install/camera_pub', 'merge_install': False, 'path': '/home/soda/vla/ROS_action/src/camera_pub', 'symlink_install': False, 'test_result_base': None}[0m
[1.255s] [34mcolcon.colcon_core.verb[0m [1;30mLevel 5[0m set package 'camera_sub' build argument 'cmake_args' from command line to 'None'
[1.255s] [34mcolcon.colcon_core.verb[0m [1;30mLevel 5[0m set package 'camera_sub' build argument 'cmake_target' from command line to 'None'
[1.255s] [34mcolcon.colcon_core.verb[0m [1;30mLevel 5[0m set package 'camera_sub' build argument 'cmake_target_skip_unavailable' from command line to 'False'
[1.255s] [34mcolcon.colcon_core.verb[0m [1;30mLevel 5[0m set package 'camera_sub' build argument 'cmake_clean_cache' from command line to 'False'
[1.255s] [34mcolcon.colcon_core.verb[0m [1;30mLevel 5[0m set package 'camera_sub' build argument 'cmake_clean_first' from command line to 'False'
[1.255s] [34mcolcon.colcon_core.verb[0m [1;30mLevel 5[0m set package 'camera_sub' build argument 'cmake_force_configure' from command line to 'False'
[1.255s] [34mcolcon.colcon_core.verb[0m [1;30mLevel 5[0m set package 'camera_sub' build argument 'ament_cmake_args' from command line to 'None'
[1.255s] [34mcolcon.colcon_core.verb[0m [1;30mLevel 5[0m set package 'camera_sub' build argument 'catkin_cmake_args' from command line to 'None'
[1.256s] [34mcolcon.colcon_core.verb[0m [1;30mLevel 5[0m set package 'camera_sub' build argument 'catkin_skip_building_tests' from command line to 'False'
[1.256s] [34mcolcon.colcon_core.verb[0m [1;30mDEBUG[0m [32mBuilding package 'camera_sub' with the following arguments: {'ament_cmake_args': None, 'build_base': '/home/soda/vla/ROS_action/build/camera_sub', 'catkin_cmake_args': None, 'catkin_skip_building_tests': False, 'cmake_args': None, 'cmake_clean_cache': False, 'cmake_clean_first': False, 'cmake_force_configure': False, 'cmake_target': None, 'cmake_target_skip_unavailable': False, 'install_base': '/home/soda/vla/ROS_action/install/camera_sub', 'merge_install': False, 'path': '/home/soda/vla/ROS_action/src/camera_sub', 'symlink_install': False, 'test_result_base': None}[0m
[1.256s] [34mcolcon.colcon_core.verb[0m [1;30mLevel 5[0m set package 'object_pose' build argument 'cmake_args' from command line to 'None'
[1.256s] [34mcolcon.colcon_core.verb[0m [1;30mLevel 5[0m set package 'object_pose' build argument 'cmake_target' from command line to 'None'
[1.256s] [34mcolcon.colcon_core.verb[0m [1;30mLevel 5[0m set package 'object_pose' build argument 'cmake_target_skip_unavailable' from command line to 'False'
[1.256s] [34mcolcon.colcon_core.verb[0m [1;30mLevel 5[0m set package 'object_pose' build argument 'cmake_clean_cache' from command line to 'False'
[1.256s] [34mcolcon.colcon_core.verb[0m [1;30mLevel 5[0m set package 'object_pose' build argument 'cmake_clean_first' from command line to 'False'
[1.256s] [34mcolcon.colcon_core.verb[0m [1;30mLevel 5[0m set package 'object_pose' build argument 'cmake_force_configure' from command line to 'False'
[1.256s] [34mcolcon.colcon_core.verb[0m [1;30mLevel 5[0m set package 'object_pose' build argument 'ament_cmake_args' from command line to 'None'
[1.256s] [34mcolcon.colcon_core.verb[0m [1;30mLevel 5[0m set package 'object_pose' build argument 'catkin_cmake_args' from command line to 'None'
[1.256s] [34mcolcon.colcon_core.verb[0m [1;30mLevel 5[0m set package 'object_pose' build argument 'catkin_skip_building_tests' from command line to 'False'
[1.256s] [34mcolcon.colcon_core.verb[0m [1;30mDEBUG[0m [32mBuilding package 'object_pose' with the following arguments: {'ament_cmake_args': None, 'build_base': '/home/soda/vla/ROS_action/build/object_pose', 'catkin_cmake_args': None, 'catkin_skip_building_tests': False, 'cmake_args': None, 'cmake_clean_cache': False, 'cmake_clean_first': False, 'cmake_force_configure': False, 'cmake_target': None, 'cmake_target_skip_unavailable': False, 'install_base': '/home/soda/vla/ROS_action/install/object_pose', 'merge_install': False, 'path': '/home/soda/vla/ROS_action/src/object_pose', 'symlink_install': False, 'test_result_base': None}[0m
[1.257s] [34mcolcon.colcon_core.verb[0m [1;30mLevel 5[0m set package 'omni_controller' build argument 'cmake_args' from command line to 'None'
[1.257s] [34mcolcon.colcon_core.verb[0m [1;30mLevel 5[0m set package 'omni_controller' build argument 'cmake_target' from command line to 'None'
[1.257s] [34mcolcon.colcon_core.verb[0m [1;30mLevel 5[0m set package 'omni_controller' build argument 'cmake_target_skip_unavailable' from command line to 'False'
[1.257s] [34mcolcon.colcon_core.verb[0m [1;30mLevel 5[0m set package 'omni_controller' build argument 'cmake_clean_cache' from command line to 'False'
[1.257s] [34mcolcon.colcon_core.verb[0m [1;30mLevel 5[0m set package 'omni_controller' build argument 'cmake_clean_first' from command line to 'False'
[1.257s] [34mcolcon.colcon_core.verb[0m [1;30mLevel 5[0m set package 'omni_controller' build argument 'cmake_force_configure' from command line to 'False'
[1.257s] [34mcolcon.colcon_core.verb[0m [1;30mLevel 5[0m set package 'omni_controller' build argument 'ament_cmake_args' from command line to 'None'
[1.257s] [34mcolcon.colcon_core.verb[0m [1;30mLevel 5[0m set package 'omni_controller' build argument 'catkin_cmake_args' from command line to 'None'
[1.257s] [34mcolcon.colcon_core.verb[0m [1;30mLevel 5[0m set package 'omni_controller' build argument 'catkin_skip_building_tests' from command line to 'False'
[1.257s] [34mcolcon.colcon_core.verb[0m [1;30mDEBUG[0m [32mBuilding package 'omni_controller' with the following arguments: {'ament_cmake_args': None, 'build_base': '/home/soda/vla/ROS_action/build/omni_controller', 'catkin_cmake_args': None, 'catkin_skip_building_tests': False, 'cmake_args': None, 'cmake_clean_cache': False, 'cmake_clean_first': False, 'cmake_force_configure': False, 'cmake_target': None, 'cmake_target_skip_unavailable': False, 'install_base': '/home/soda/vla/ROS_action/install/omni_controller', 'merge_install': False, 'path': '/home/soda/vla/ROS_action/src/omni_controller', 'symlink_install': False, 'test_result_base': None}[0m
[1.258s] [34mcolcon.colcon_core.verb[0m [1;30mLevel 5[0m set package 'ros_action_msgs' build argument 'cmake_args' from command line to 'None'
[1.258s] [34mcolcon.colcon_core.verb[0m [1;30mLevel 5[0m set package 'ros_action_msgs' build argument 'cmake_target' from command line to 'None'
[1.258s] [34mcolcon.colcon_core.verb[0m [1;30mLevel 5[0m set package 'ros_action_msgs' build argument 'cmake_target_skip_unavailable' from command line to 'False'
[1.258s] [34mcolcon.colcon_core.verb[0m [1;30mLevel 5[0m set package 'ros_action_msgs' build argument 'cmake_clean_cache' from command line to 'False'
[1.258s] [34mcolcon.colcon_core.verb[0m [1;30mLevel 5[0m set package 'ros_action_msgs' build argument 'cmake_clean_first' from command line to 'False'
[1.258s] [34mcolcon.colcon_core.verb[0m [1;30mLevel 5[0m set package 'ros_action_msgs' build argument 'cmake_force_configure' from command line to 'False'
[1.258s] [34mcolcon.colcon_core.verb[0m [1;30mLevel 5[0m set package 'ros_action_msgs' build argument 'ament_cmake_args' from command line to 'None'
[1.258s] [34mcolcon.colcon_core.verb[0m [1;30mLevel 5[0m set package 'ros_action_msgs' build argument 'catkin_cmake_args' from command line to 'None'
[1.258s] [34mcolcon.colcon_core.verb[0m [1;30mLevel 5[0m set package 'ros_action_msgs' build argument 'catkin_skip_building_tests' from command line to 'False'
[1.258s] [34mcolcon.colcon_core.verb[0m [1;30mDEBUG[0m [32mBuilding package 'ros_action_msgs' with the following arguments: {'ament_cmake_args': None, 'build_base': '/home/soda/vla/ROS_action/build/ros_action_msgs', 'catkin_cmake_args': None, 'catkin_skip_building_tests': False, 'cmake_args': None, 'cmake_clean_cache': False, 'cmake_clean_first': False, 'cmake_force_configure': False, 'cmake_target': None, 'cmake_target_skip_unavailable': False, 'install_base': '/home/soda/vla/ROS_action/install/ros_action_msgs', 'merge_install': False, 'path': '/home/soda/vla/ROS_action/src/ros_action_msgs', 'symlink_install': False, 'test_result_base': None}[0m
[1.259s] [34mcolcon.colcon_core.verb[0m [1;30mLevel 5[0m set package 'vla_node' build argument 'cmake_args' from command line to 'None'
[1.259s] [34mcolcon.colcon_core.verb[0m [1;30mLevel 5[0m set package 'vla_node' build argument 'cmake_target' from command line to 'None'
[1.259s] [34mcolcon.colcon_core.verb[0m [1;30mLevel 5[0m set package 'vla_node' build argument 'cmake_target_skip_unavailable' from command line to 'False'
[1.259s] [34mcolcon.colcon_core.verb[0m [1;30mLevel 5[0m set package 'vla_node' build argument 'cmake_clean_cache' from command line to 'False'
[1.259s] [34mcolcon.colcon_core.verb[0m [1;30mLevel 5[0m set package 'vla_node' build argument 'cmake_clean_first' from command line to 'False'
[1.259s] [34mcolcon.colcon_core.verb[0m [1;30mLevel 5[0m set package 'vla_node' build argument 'cmake_force_configure' from command line to 'False'
[1.259s] [34mcolcon.colcon_core.verb[0m [1;30mLevel 5[0m set package 'vla_node' build argument 'ament_cmake_args' from command line to 'None'
[1.259s] [34mcolcon.colcon_core.verb[0m [1;30mLevel 5[0m set package 'vla_node' build argument 'catkin_cmake_args' from command line to 'None'
[1.259s] [34mcolcon.colcon_core.verb[0m [1;30mLevel 5[0m set package 'vla_node' build argument 'catkin_skip_building_tests' from command line to 'False'
[1.259s] [34mcolcon.colcon_core.verb[0m [1;30mDEBUG[0m [32mBuilding package 'vla_node' with the following arguments: {'ament_cmake_args': None, 'build_base': '/home/soda/vla/ROS_action/build/vla_node', 'catkin_cmake_args': None, 'catkin_skip_building_tests': False, 'cmake_args': None, 'cmake_clean_cache': False, 'cmake_clean_first': False, 'cmake_force_configure': False, 'cmake_target': None, 'cmake_target_skip_unavailable': False, 'install_base': '/home/soda/vla/ROS_action/install/vla_node', 'merge_install': False, 'path': '/home/soda/vla/ROS_action/src/vla_node', 'symlink_install': False, 'test_result_base': None}[0m
[1.259s] [34mcolcon.colcon_core.executor[0m [1;30mINFO[0m Executing jobs using 'parallel' executor
[1.261s] [34mcolcon.colcon_parallel_executor.executor.parallel[0m [1;30mDEBUG[0m [32mrun_until_complete[0m
[1.262s] [34mcolcon.colcon_ros.task.ament_python.build[0m [1;30mINFO[0m Building ROS package in '/home/soda/vla/ROS_action/src/action_executor_node' with build type 'ament_python'
[1.262s] [34mcolcon.colcon_core.shell[0m [1;30mLevel 1[0m create_environment_hook('action_executor_node', 'ament_prefix_path')
[1.267s] [34mcolcon.colcon_core.plugin_system[0m [1;30mINFO[0m Skipping extension 'colcon_core.shell.bat': Not used on non-Windows systems
[1.267s] [34mcolcon.colcon_core.shell[0m [1;30mINFO[0m Creating environment hook '/home/soda/vla/ROS_action/install/action_executor_node/share/action_executor_node/hook/ament_prefix_path.ps1'
[1.269s] [34mcolcon.colcon_core.shell[0m [1;30mINFO[0m Creating environment descriptor '/home/soda/vla/ROS_action/install/action_executor_node/share/action_executor_node/hook/ament_prefix_path.dsv'
[1.270s] [34mcolcon.colcon_core.shell[0m [1;30mINFO[0m Creating environment hook '/home/soda/vla/ROS_action/install/action_executor_node/share/action_executor_node/hook/ament_prefix_path.sh'
[1.271s] [34mcolcon.colcon_core.shell[0m [1;30mINFO[0m Skip shell extension 'powershell' for command environment: Not usable outside of PowerShell
[1.271s] [34mcolcon.colcon_core.shell[0m [1;30mDEBUG[0m [32mSkip shell extension 'dsv' for command environment[0m
[1.276s] [34mcolcon.colcon_core.task.python.build[0m [1;30mINFO[0m Building Python package in '/home/soda/vla/ROS_action/src/audio_capture_package'
[1.277s] [34mcolcon.colcon_core.shell[0m [1;30mINFO[0m Skip shell extension 'powershell' for command environment: Not usable outside of PowerShell
[1.277s] [34mcolcon.colcon_core.shell[0m [1;30mDEBUG[0m [32mSkip shell extension 'dsv' for command environment[0m
[1.281s] [34mcolcon.colcon_ros.task.ament_python.build[0m [1;30mINFO[0m Building ROS package in '/home/soda/vla/ROS_action/src/camera_pub' with build type 'ament_python'
[1.281s] [34mcolcon.colcon_core.shell[0m [1;30mLevel 1[0m create_environment_hook('camera_pub', 'ament_prefix_path')
[1.282s] [34mcolcon.colcon_core.shell[0m [1;30mINFO[0m Creating environment hook '/home/soda/vla/ROS_action/install/camera_pub/share/camera_pub/hook/ament_prefix_path.ps1'
[1.283s] [34mcolcon.colcon_core.shell[0m [1;30mINFO[0m Creating environment descriptor '/home/soda/vla/ROS_action/install/camera_pub/share/camera_pub/hook/ament_prefix_path.dsv'
[1.284s] [34mcolcon.colcon_core.shell[0m [1;30mINFO[0m Creating environment hook '/home/soda/vla/ROS_action/install/camera_pub/share/camera_pub/hook/ament_prefix_path.sh'
[1.285s] [34mcolcon.colcon_core.shell[0m [1;30mINFO[0m Skip shell extension 'powershell' for command environment: Not usable outside of PowerShell
[1.285s] [34mcolcon.colcon_core.shell[0m [1;30mDEBUG[0m [32mSkip shell extension 'dsv' for command environment[0m
[1.290s] [34mcolcon.colcon_ros.task.ament_python.build[0m [1;30mINFO[0m Building ROS package in '/home/soda/vla/ROS_action/src/camera_sub' with build type 'ament_python'
[1.290s] [34mcolcon.colcon_core.shell[0m [1;30mLevel 1[0m create_environment_hook('camera_sub', 'ament_prefix_path')
[1.290s] [34mcolcon.colcon_core.shell[0m [1;30mINFO[0m Creating environment hook '/home/soda/vla/ROS_action/install/camera_sub/share/camera_sub/hook/ament_prefix_path.ps1'
[1.291s] [34mcolcon.colcon_core.shell[0m [1;30mINFO[0m Creating environment descriptor '/home/soda/vla/ROS_action/install/camera_sub/share/camera_sub/hook/ament_prefix_path.dsv'
[1.292s] [34mcolcon.colcon_core.shell[0m [1;30mINFO[0m Creating environment hook '/home/soda/vla/ROS_action/install/camera_sub/share/camera_sub/hook/ament_prefix_path.sh'
[1.293s] [34mcolcon.colcon_core.shell[0m [1;30mINFO[0m Skip shell extension 'powershell' for command environment: Not usable outside of PowerShell
[1.293s] [34mcolcon.colcon_core.shell[0m [1;30mDEBUG[0m [32mSkip shell extension 'dsv' for command environment[0m
[1.298s] [34mcolcon.colcon_core.task.python.build[0m [1;30mINFO[0m Building Python package in '/home/soda/vla/ROS_action/src/object_pose'
[1.299s] [34mcolcon.colcon_core.shell[0m [1;30mINFO[0m Skip shell extension 'powershell' for command environment: Not usable outside of PowerShell
[1.299s] [34mcolcon.colcon_core.shell[0m [1;30mDEBUG[0m [32mSkip shell extension 'dsv' for command environment[0m
[1.303s] [34mcolcon.colcon_ros.task.ament_python.build[0m [1;30mINFO[0m Building ROS package in '/home/soda/vla/ROS_action/src/omni_controller' with build type 'ament_python'
[1.304s] [34mcolcon.colcon_core.shell[0m [1;30mLevel 1[0m create_environment_hook('omni_controller', 'ament_prefix_path')
[1.304s] [34mcolcon.colcon_core.shell[0m [1;30mINFO[0m Creating environment hook '/home/soda/vla/ROS_action/install/omni_controller/share/omni_controller/hook/ament_prefix_path.ps1'
[1.305s] [34mcolcon.colcon_core.shell[0m [1;30mINFO[0m Creating environment descriptor '/home/soda/vla/ROS_action/install/omni_controller/share/omni_controller/hook/ament_prefix_path.dsv'
[1.306s] [34mcolcon.colcon_core.shell[0m [1;30mINFO[0m Creating environment hook '/home/soda/vla/ROS_action/install/omni_controller/share/omni_controller/hook/ament_prefix_path.sh'
[1.307s] [34mcolcon.colcon_core.shell[0m [1;30mINFO[0m Skip shell extension 'powershell' for command environment: Not usable outside of PowerShell
[1.307s] [34mcolcon.colcon_core.shell[0m [1;30mDEBUG[0m [32mSkip shell extension 'dsv' for command environment[0m
[1.312s] [34mcolcon.colcon_ros.task.ament_cmake.build[0m [1;30mINFO[0m Building ROS package in '/home/soda/vla/ROS_action/src/ros_action_msgs' with build type 'ament_cmake'
[1.312s] [34mcolcon.colcon_cmake.task.cmake.build[0m [1;30mINFO[0m Building CMake package in '/home/soda/vla/ROS_action/src/ros_action_msgs'
[1.313s] [34mcolcon.colcon_core.shell[0m [1;30mINFO[0m Skip shell extension 'powershell' for command environment: Not usable outside of PowerShell
[1.313s] [34mcolcon.colcon_core.shell[0m [1;30mDEBUG[0m [32mSkip shell extension 'dsv' for command environment[0m
[1.317s] [34mcolcon.colcon_ros.task.ament_python.build[0m [1;30mINFO[0m Building ROS package in '/home/soda/vla/ROS_action/src/vla_node' with build type 'ament_python'
[1.318s] [34mcolcon.colcon_core.shell[0m [1;30mLevel 1[0m create_environment_hook('vla_node', 'ament_prefix_path')
[1.318s] [34mcolcon.colcon_core.shell[0m [1;30mINFO[0m Creating environment hook '/home/soda/vla/ROS_action/install/vla_node/share/vla_node/hook/ament_prefix_path.ps1'
[1.319s] [34mcolcon.colcon_core.shell[0m [1;30mINFO[0m Creating environment descriptor '/home/soda/vla/ROS_action/install/vla_node/share/vla_node/hook/ament_prefix_path.dsv'
[1.320s] [34mcolcon.colcon_core.shell[0m [1;30mINFO[0m Creating environment hook '/home/soda/vla/ROS_action/install/vla_node/share/vla_node/hook/ament_prefix_path.sh'
[1.320s] [34mcolcon.colcon_core.shell[0m [1;30mINFO[0m Skip shell extension 'powershell' for command environment: Not usable outside of PowerShell
[1.321s] [34mcolcon.colcon_core.shell[0m [1;30mDEBUG[0m [32mSkip shell extension 'dsv' for command environment[0m
[1.749s] [34mcolcon.colcon_core.task.python.build[0m [1;30mINFO[0m Building Python package in '/home/soda/vla/ROS_action/src/action_executor_node'
[1.750s] [34mcolcon.colcon_core.shell[0m [1;30mINFO[0m Skip shell extension 'powershell' for command environment: Not usable outside of PowerShell
[1.750s] [34mcolcon.colcon_core.shell[0m [1;30mDEBUG[0m [32mSkip shell extension 'dsv' for command environment[0m
[2.586s] [34mcolcon.colcon_core.task.python.build[0m [1;30mINFO[0m Building Python package in '/home/soda/vla/ROS_action/src/camera_pub'
[2.587s] [34mcolcon.colcon_core.shell[0m [1;30mINFO[0m Skip shell extension 'powershell' for command environment: Not usable outside of PowerShell
[2.588s] [34mcolcon.colcon_core.shell[0m [1;30mDEBUG[0m [32mSkip shell extension 'dsv' for command environment[0m
[3.014s] [34mcolcon.colcon_core.task.python.build[0m [1;30mINFO[0m Building Python package in '/home/soda/vla/ROS_action/src/camera_sub'
[3.015s] [34mcolcon.colcon_core.shell[0m [1;30mINFO[0m Skip shell extension 'powershell' for command environment: Not usable outside of PowerShell
[3.015s] [34mcolcon.colcon_core.shell[0m [1;30mDEBUG[0m [32mSkip shell extension 'dsv' for command environment[0m
[3.862s] [34mcolcon.colcon_core.task.python.build[0m [1;30mINFO[0m Building Python package in '/home/soda/vla/ROS_action/src/omni_controller'
[3.863s] [34mcolcon.colcon_core.shell[0m [1;30mINFO[0m Skip shell extension 'powershell' for command environment: Not usable outside of PowerShell
[3.864s] [34mcolcon.colcon_core.shell[0m [1;30mDEBUG[0m [32mSkip shell extension 'dsv' for command environment[0m
[3.881s] [34mcolcon.colcon_core.event_handler.log_command[0m [1;30mDEBUG[0m [32mInvoking command in '/home/soda/vla/ROS_action/build/ros_action_msgs': CMAKE_PREFIX_PATH=${CMAKE_PREFIX_PATH}:/home/soda/vla/ROS_action/install/vla_node:/home/soda/vla/ROS_action/install/omni_controller:/home/soda/vla/ROS_action/install/camera_sub:/home/soda/vla/ROS_action/install/camera_pub:/home/soda/vla/ROS_action/install/action_executor_node:/opt/ros/humble /usr/bin/cmake /home/soda/vla/ROS_action/src/ros_action_msgs -DCMAKE_INSTALL_PREFIX=/home/soda/vla/ROS_action/install/ros_action_msgs[0m
[4.344s] [34mcolcon.colcon_core.task.python.build[0m [1;30mINFO[0m Building Python package in '/home/soda/vla/ROS_action/src/vla_node'
[4.345s] [34mcolcon.colcon_core.shell[0m [1;30mINFO[0m Skip shell extension 'powershell' for command environment: Not usable outside of PowerShell
[4.345s] [34mcolcon.colcon_core.shell[0m [1;30mDEBUG[0m [32mSkip shell extension 'dsv' for command environment[0m
[4.370s] [34mcolcon.colcon_core.event_handler.log_command[0m [1;30mDEBUG[0m [32mInvoking command in '/home/soda/vla/ROS_action/src/audio_capture_package': PYTHONPATH=/home/soda/vla/ROS_action/build/audio_capture_package/prefix_override:/usr/lib/python3/dist-packages/colcon_core/task/python/colcon_distutils_commands:/home/soda/vla/ROS_action/install/audio_capture_package/lib/python3.10/site-packages:${PYTHONPATH} /usr/bin/python3 -W ignore:setup.py install is deprecated -W ignore:easy_install command is deprecated setup.py egg_info --egg-base ../../build/audio_capture_package build --build-base /home/soda/vla/ROS_action/build/audio_capture_package/build install --record /home/soda/vla/ROS_action/build/audio_capture_package/install.log --single-version-externally-managed install_data[0m
[4.534s] [34mcolcon.colcon_core.event_handler.log_command[0m [1;30mDEBUG[0m [32mInvoking command in '/home/soda/vla/ROS_action/src/object_pose': PYTHONPATH=/home/soda/vla/ROS_action/build/object_pose/prefix_override:/usr/lib/python3/dist-packages/colcon_core/task/python/colcon_distutils_commands:/home/soda/vla/ROS_action/install/object_pose/lib/python3.10/site-packages:${PYTHONPATH} /usr/bin/python3 -W ignore:setup.py install is deprecated -W ignore:easy_install command is deprecated setup.py egg_info --egg-base ../../build/object_pose build --build-base /home/soda/vla/ROS_action/build/object_pose/build install --record /home/soda/vla/ROS_action/build/object_pose/install.log --single-version-externally-managed install_data[0m
[5.524s] [34mcolcon.colcon_core.event_handler.log_command[0m [1;30mDEBUG[0m [32mInvoking command in '/home/soda/vla/ROS_action/src/camera_sub': PYTHONPATH=/home/soda/vla/ROS_action/build/camera_sub/prefix_override:/usr/lib/python3/dist-packages/colcon_core/task/python/colcon_distutils_commands:/home/soda/vla/ROS_action/install/camera_sub/lib/python3.10/site-packages:${PYTHONPATH} /usr/bin/python3 -W ignore:setup.py install is deprecated -W ignore:easy_install command is deprecated setup.py egg_info --egg-base ../../build/camera_sub build --build-base /home/soda/vla/ROS_action/build/camera_sub/build install --record /home/soda/vla/ROS_action/build/camera_sub/install.log --single-version-externally-managed install_data[0m
[5.535s] [34mcolcon.colcon_core.event_handler.log_command[0m [1;30mDEBUG[0m [32mInvoking command in '/home/soda/vla/ROS_action/src/action_executor_node': PYTHONPATH=/home/soda/vla/ROS_action/build/action_executor_node/prefix_override:/usr/lib/python3/dist-packages/colcon_core/task/python/colcon_distutils_commands:/home/soda/vla/ROS_action/install/action_executor_node/lib/python3.10/site-packages:${PYTHONPATH} /usr/bin/python3 -W ignore:setup.py install is deprecated -W ignore:easy_install command is deprecated setup.py egg_info --egg-base ../../build/action_executor_node build --build-base /home/soda/vla/ROS_action/build/action_executor_node/build install --record /home/soda/vla/ROS_action/build/action_executor_node/install.log --single-version-externally-managed install_data[0m
[5.579s] [34mcolcon.colcon_core.event_handler.log_command[0m [1;30mDEBUG[0m [32mInvoking command in '/home/soda/vla/ROS_action/src/omni_controller': PYTHONPATH=/home/soda/vla/ROS_action/build/omni_controller/prefix_override:/usr/lib/python3/dist-packages/colcon_core/task/python/colcon_distutils_commands:/home/soda/vla/ROS_action/install/omni_controller/lib/python3.10/site-packages:${PYTHONPATH} /usr/bin/python3 -W ignore:setup.py install is deprecated -W ignore:easy_install command is deprecated setup.py egg_info --egg-base ../../build/omni_controller build --build-base /home/soda/vla/ROS_action/build/omni_controller/build install --record /home/soda/vla/ROS_action/build/omni_controller/install.log --single-version-externally-managed install_data[0m
[5.606s] [34mcolcon.colcon_core.event_handler.log_command[0m [1;30mDEBUG[0m [32mInvoking command in '/home/soda/vla/ROS_action/src/camera_pub': PYTHONPATH=/home/soda/vla/ROS_action/build/camera_pub/prefix_override:/usr/lib/python3/dist-packages/colcon_core/task/python/colcon_distutils_commands:/home/soda/vla/ROS_action/install/camera_pub/lib/python3.10/site-packages:${PYTHONPATH} /usr/bin/python3 -W ignore:setup.py install is deprecated -W ignore:easy_install command is deprecated setup.py egg_info --egg-base ../../build/camera_pub build --build-base /home/soda/vla/ROS_action/build/camera_pub/build install --record /home/soda/vla/ROS_action/build/camera_pub/install.log --single-version-externally-managed install_data[0m
[5.655s] [34mcolcon.colcon_core.event_handler.log_command[0m [1;30mDEBUG[0m [32mInvoking command in '/home/soda/vla/ROS_action/src/vla_node': PYTHONPATH=/home/soda/vla/ROS_action/build/vla_node/prefix_override:/usr/lib/python3/dist-packages/colcon_core/task/python/colcon_distutils_commands:/home/soda/vla/ROS_action/install/vla_node/lib/python3.10/site-packages:${PYTHONPATH} /usr/bin/python3 -W ignore:setup.py install is deprecated -W ignore:easy_install command is deprecated setup.py egg_info --egg-base ../../build/vla_node build --build-base /home/soda/vla/ROS_action/build/vla_node/build install --record /home/soda/vla/ROS_action/build/vla_node/install.log --single-version-externally-managed install_data[0m
[5.706s] [34mcolcon.colcon_core.environment[0m [1;30mLevel 1[0m checking '/home/soda/vla/ROS_action/install/audio_capture_package' for CMake module files
[5.707s] [34mcolcon.colcon_core.environment[0m [1;30mLevel 1[0m checking '/home/soda/vla/ROS_action/install/audio_capture_package' for CMake config files
[5.708s] [34mcolcon.colcon_core.environment[0m [1;30mLevel 1[0m checking '/home/soda/vla/ROS_action/install/audio_capture_package/lib'
[5.709s] [34mcolcon.colcon_core.environment[0m [1;30mLevel 1[0m checking '/home/soda/vla/ROS_action/install/audio_capture_package/bin'
[5.709s] [34mcolcon.colcon_core.environment[0m [1;30mLevel 1[0m checking '/home/soda/vla/ROS_action/install/audio_capture_package/lib/pkgconfig/audio_capture_package.pc'
[5.710s] [34mcolcon.colcon_core.environment[0m [1;30mLevel 1[0m checking '/home/soda/vla/ROS_action/install/audio_capture_package/lib/python3.10/site-packages'
[5.710s] [34mcolcon.colcon_core.event_handler.log_command[0m [1;30mDEBUG[0m [32mInvoked command in '/home/soda/vla/ROS_action/src/audio_capture_package' returned '0': PYTHONPATH=/home/soda/vla/ROS_action/build/audio_capture_package/prefix_override:/usr/lib/python3/dist-packages/colcon_core/task/python/colcon_distutils_commands:/home/soda/vla/ROS_action/install/audio_capture_package/lib/python3.10/site-packages:${PYTHONPATH} /usr/bin/python3 -W ignore:setup.py install is deprecated -W ignore:easy_install command is deprecated setup.py egg_info --egg-base ../../build/audio_capture_package build --build-base /home/soda/vla/ROS_action/build/audio_capture_package/build install --record /home/soda/vla/ROS_action/build/audio_capture_package/install.log --single-version-externally-managed install_data[0m
[5.711s] [34mcolcon.colcon_core.shell[0m [1;30mLevel 1[0m create_environment_hook('audio_capture_package', 'pythonpath')
[5.712s] [34mcolcon.colcon_core.shell[0m [1;30mINFO[0m Creating environment hook '/home/soda/vla/ROS_action/install/audio_capture_package/share/audio_capture_package/hook/pythonpath.ps1'
[5.713s] [34mcolcon.colcon_core.shell[0m [1;30mINFO[0m Creating environment descriptor '/home/soda/vla/ROS_action/install/audio_capture_package/share/audio_capture_package/hook/pythonpath.dsv'
[5.714s] [34mcolcon.colcon_core.shell[0m [1;30mINFO[0m Creating environment hook '/home/soda/vla/ROS_action/install/audio_capture_package/share/audio_capture_package/hook/pythonpath.sh'
[5.715s] [34mcolcon.colcon_core.environment[0m [1;30mLevel 1[0m checking '/home/soda/vla/ROS_action/install/audio_capture_package/bin'
[5.715s] [34mcolcon.colcon_core.environment[0m [1;30mLevel 1[0m create_environment_scripts_only(audio_capture_package)
[5.715s] [34mcolcon.colcon_core.shell[0m [1;30mINFO[0m Creating package script '/home/soda/vla/ROS_action/install/audio_capture_package/share/audio_capture_package/package.ps1'
[5.717s] [34mcolcon.colcon_core.shell[0m [1;30mINFO[0m Creating package descriptor '/home/soda/vla/ROS_action/install/audio_capture_package/share/audio_capture_package/package.dsv'
[5.718s] [34mcolcon.colcon_core.shell[0m [1;30mINFO[0m Creating package script '/home/soda/vla/ROS_action/install/audio_capture_package/share/audio_capture_package/package.sh'
[5.719s] [34mcolcon.colcon_core.shell[0m [1;30mINFO[0m Creating package script '/home/soda/vla/ROS_action/install/audio_capture_package/share/audio_capture_package/package.bash'
[5.720s] [34mcolcon.colcon_core.shell[0m [1;30mINFO[0m Creating package script '/home/soda/vla/ROS_action/install/audio_capture_package/share/audio_capture_package/package.zsh'
[5.721s] [34mcolcon.colcon_core.environment[0m [1;30mLevel 1[0m create_file_with_runtime_dependencies(/home/soda/vla/ROS_action/install/audio_capture_package/share/colcon-core/packages/audio_capture_package)
[5.803s] [34mcolcon.colcon_core.environment[0m [1;30mLevel 1[0m checking '/home/soda/vla/ROS_action/install/object_pose' for CMake module files
[5.804s] [34mcolcon.colcon_core.environment[0m [1;30mLevel 1[0m checking '/home/soda/vla/ROS_action/install/object_pose' for CMake config files
[5.805s] [34mcolcon.colcon_core.environment[0m [1;30mLevel 1[0m checking '/home/soda/vla/ROS_action/install/object_pose/lib'
[5.805s] [34mcolcon.colcon_core.environment[0m [1;30mLevel 1[0m checking '/home/soda/vla/ROS_action/install/object_pose/bin'
[5.805s] [34mcolcon.colcon_core.environment[0m [1;30mLevel 1[0m checking '/home/soda/vla/ROS_action/install/object_pose/lib/pkgconfig/object_pose.pc'
[5.805s] [34mcolcon.colcon_core.environment[0m [1;30mLevel 1[0m checking '/home/soda/vla/ROS_action/install/object_pose/lib/python3.10/site-packages'
[5.806s] [34mcolcon.colcon_core.shell[0m [1;30mLevel 1[0m create_environment_hook('object_pose', 'pythonpath')
[5.806s] [34mcolcon.colcon_core.shell[0m [1;30mINFO[0m Creating environment hook '/home/soda/vla/ROS_action/install/object_pose/share/object_pose/hook/pythonpath.ps1'
[5.807s] [34mcolcon.colcon_core.event_handler.log_command[0m [1;30mDEBUG[0m [32mInvoked command in '/home/soda/vla/ROS_action/src/object_pose' returned '0': PYTHONPATH=/home/soda/vla/ROS_action/build/object_pose/prefix_override:/usr/lib/python3/dist-packages/colcon_core/task/python/colcon_distutils_commands:/home/soda/vla/ROS_action/install/object_pose/lib/python3.10/site-packages:${PYTHONPATH} /usr/bin/python3 -W ignore:setup.py install is deprecated -W ignore:easy_install command is deprecated setup.py egg_info --egg-base ../../build/object_pose build --build-base /home/soda/vla/ROS_action/build/object_pose/build install --record /home/soda/vla/ROS_action/build/object_pose/install.log --single-version-externally-managed install_data[0m
[5.808s] [34mcolcon.colcon_core.shell[0m [1;30mINFO[0m Creating environment descriptor '/home/soda/vla/ROS_action/install/object_pose/share/object_pose/hook/pythonpath.dsv'
[5.808s] [34mcolcon.colcon_core.shell[0m [1;30mINFO[0m Creating environment hook '/home/soda/vla/ROS_action/install/object_pose/share/object_pose/hook/pythonpath.sh'
[5.809s] [34mcolcon.colcon_core.environment[0m [1;30mLevel 1[0m checking '/home/soda/vla/ROS_action/install/object_pose/bin'
[5.810s] [34mcolcon.colcon_core.environment[0m [1;30mLevel 1[0m create_environment_scripts_only(object_pose)
[5.810s] [34mcolcon.colcon_core.shell[0m [1;30mINFO[0m Creating package script '/home/soda/vla/ROS_action/install/object_pose/share/object_pose/package.ps1'
[5.811s] [34mcolcon.colcon_core.shell[0m [1;30mINFO[0m Creating package descriptor '/home/soda/vla/ROS_action/install/object_pose/share/object_pose/package.dsv'
[5.812s] [34mcolcon.colcon_core.shell[0m [1;30mINFO[0m Creating package script '/home/soda/vla/ROS_action/install/object_pose/share/object_pose/package.sh'
[5.812s] [34mcolcon.colcon_core.shell[0m [1;30mINFO[0m Creating package script '/home/soda/vla/ROS_action/install/object_pose/share/object_pose/package.bash'
[5.813s] [34mcolcon.colcon_core.shell[0m [1;30mINFO[0m Creating package script '/home/soda/vla/ROS_action/install/object_pose/share/object_pose/package.zsh'
[5.814s] [34mcolcon.colcon_core.environment[0m [1;30mLevel 1[0m create_file_with_runtime_dependencies(/home/soda/vla/ROS_action/install/object_pose/share/colcon-core/packages/object_pose)
[6.742s] [34mcolcon.colcon_core.environment[0m [1;30mLevel 1[0m checking '/home/soda/vla/ROS_action/install/camera_sub' for CMake module files
[6.743s] [34mcolcon.colcon_core.environment[0m [1;30mLevel 1[0m checking '/home/soda/vla/ROS_action/install/camera_sub' for CMake config files
[6.744s] [34mcolcon.colcon_core.environment[0m [1;30mLevel 1[0m checking '/home/soda/vla/ROS_action/install/camera_sub/lib'
[6.744s] [34mcolcon.colcon_core.environment[0m [1;30mLevel 1[0m checking '/home/soda/vla/ROS_action/install/camera_sub/bin'
[6.744s] [34mcolcon.colcon_core.environment[0m [1;30mLevel 1[0m checking '/home/soda/vla/ROS_action/install/camera_sub/lib/pkgconfig/camera_sub.pc'
[6.745s] [34mcolcon.colcon_core.environment[0m [1;30mLevel 1[0m checking '/home/soda/vla/ROS_action/install/camera_sub/lib/python3.10/site-packages'
[6.745s] [34mcolcon.colcon_core.shell[0m [1;30mLevel 1[0m create_environment_hook('camera_sub', 'pythonpath')
[6.745s] [34mcolcon.colcon_core.shell[0m [1;30mINFO[0m Creating environment hook '/home/soda/vla/ROS_action/install/camera_sub/share/camera_sub/hook/pythonpath.ps1'
[6.746s] [34mcolcon.colcon_core.event_handler.log_command[0m [1;30mDEBUG[0m [32mInvoked command in '/home/soda/vla/ROS_action/src/camera_sub' returned '0': PYTHONPATH=/home/soda/vla/ROS_action/build/camera_sub/prefix_override:/usr/lib/python3/dist-packages/colcon_core/task/python/colcon_distutils_commands:/home/soda/vla/ROS_action/install/camera_sub/lib/python3.10/site-packages:${PYTHONPATH} /usr/bin/python3 -W ignore:setup.py install is deprecated -W ignore:easy_install command is deprecated setup.py egg_info --egg-base ../../build/camera_sub build --build-base /home/soda/vla/ROS_action/build/camera_sub/build install --record /home/soda/vla/ROS_action/build/camera_sub/install.log --single-version-externally-managed install_data[0m
[6.747s] [34mcolcon.colcon_core.shell[0m [1;30mINFO[0m Creating environment descriptor '/home/soda/vla/ROS_action/install/camera_sub/share/camera_sub/hook/pythonpath.dsv'
[6.748s] [34mcolcon.colcon_core.shell[0m [1;30mINFO[0m Creating environment hook '/home/soda/vla/ROS_action/install/camera_sub/share/camera_sub/hook/pythonpath.sh'
[6.749s] [34mcolcon.colcon_core.environment[0m [1;30mLevel 1[0m checking '/home/soda/vla/ROS_action/install/camera_sub/bin'
[6.749s] [34mcolcon.colcon_core.environment[0m [1;30mLevel 1[0m create_environment_scripts_only(camera_sub)
[6.750s] [34mcolcon.colcon_core.shell[0m [1;30mINFO[0m Creating package script '/home/soda/vla/ROS_action/install/camera_sub/share/camera_sub/package.ps1'
[6.751s] [34mcolcon.colcon_core.shell[0m [1;30mINFO[0m Creating package descriptor '/home/soda/vla/ROS_action/install/camera_sub/share/camera_sub/package.dsv'
[6.752s] [34mcolcon.colcon_core.shell[0m [1;30mINFO[0m Creating package script '/home/soda/vla/ROS_action/install/camera_sub/share/camera_sub/package.sh'
[6.754s] [34mcolcon.colcon_core.shell[0m [1;30mINFO[0m Creating package script '/home/soda/vla/ROS_action/install/camera_sub/share/camera_sub/package.bash'
[6.755s] [34mcolcon.colcon_core.shell[0m [1;30mINFO[0m Creating package script '/home/soda/vla/ROS_action/install/camera_sub/share/camera_sub/package.zsh'
[6.755s] [34mcolcon.colcon_core.environment[0m [1;30mLevel 1[0m create_file_with_runtime_dependencies(/home/soda/vla/ROS_action/install/camera_sub/share/colcon-core/packages/camera_sub)
[6.756s] [34mcolcon.colcon_core.environment[0m [1;30mLevel 1[0m checking '/home/soda/vla/ROS_action/install/action_executor_node' for CMake module files
[6.758s] [34mcolcon.colcon_core.event_handler.log_command[0m [1;30mDEBUG[0m [32mInvoked command in '/home/soda/vla/ROS_action/src/action_executor_node' returned '0': PYTHONPATH=/home/soda/vla/ROS_action/build/action_executor_node/prefix_override:/usr/lib/python3/dist-packages/colcon_core/task/python/colcon_distutils_commands:/home/soda/vla/ROS_action/install/action_executor_node/lib/python3.10/site-packages:${PYTHONPATH} /usr/bin/python3 -W ignore:setup.py install is deprecated -W ignore:easy_install command is deprecated setup.py egg_info --egg-base ../../build/action_executor_node build --build-base /home/soda/vla/ROS_action/build/action_executor_node/build install --record /home/soda/vla/ROS_action/build/action_executor_node/install.log --single-version-externally-managed install_data[0m
[6.759s] [34mcolcon.colcon_core.environment[0m [1;30mLevel 1[0m checking '/home/soda/vla/ROS_action/install/action_executor_node' for CMake config files
[6.760s] [34mcolcon.colcon_core.environment[0m [1;30mLevel 1[0m checking '/home/soda/vla/ROS_action/install/action_executor_node/lib'
[6.760s] [34mcolcon.colcon_core.environment[0m [1;30mLevel 1[0m checking '/home/soda/vla/ROS_action/install/action_executor_node/bin'
[6.760s] [34mcolcon.colcon_core.environment[0m [1;30mLevel 1[0m checking '/home/soda/vla/ROS_action/install/action_executor_node/lib/pkgconfig/action_executor_node.pc'
[6.760s] [34mcolcon.colcon_core.environment[0m [1;30mLevel 1[0m checking '/home/soda/vla/ROS_action/install/action_executor_node/lib/python3.10/site-packages'
[6.761s] [34mcolcon.colcon_core.shell[0m [1;30mLevel 1[0m create_environment_hook('action_executor_node', 'pythonpath')
[6.761s] [34mcolcon.colcon_core.shell[0m [1;30mINFO[0m Creating environment hook '/home/soda/vla/ROS_action/install/action_executor_node/share/action_executor_node/hook/pythonpath.ps1'
[6.762s] [34mcolcon.colcon_core.shell[0m [1;30mINFO[0m Creating environment descriptor '/home/soda/vla/ROS_action/install/action_executor_node/share/action_executor_node/hook/pythonpath.dsv'
[6.763s] [34mcolcon.colcon_core.shell[0m [1;30mINFO[0m Creating environment hook '/home/soda/vla/ROS_action/install/action_executor_node/share/action_executor_node/hook/pythonpath.sh'
[6.764s] [34mcolcon.colcon_core.environment[0m [1;30mLevel 1[0m checking '/home/soda/vla/ROS_action/install/action_executor_node/bin'
[6.764s] [34mcolcon.colcon_core.environment[0m [1;30mLevel 1[0m create_environment_scripts_only(action_executor_node)
[6.765s] [34mcolcon.colcon_core.shell[0m [1;30mINFO[0m Creating package script '/home/soda/vla/ROS_action/install/action_executor_node/share/action_executor_node/package.ps1'
[6.766s] [34mcolcon.colcon_core.shell[0m [1;30mINFO[0m Creating package descriptor '/home/soda/vla/ROS_action/install/action_executor_node/share/action_executor_node/package.dsv'
[6.766s] [34mcolcon.colcon_core.shell[0m [1;30mINFO[0m Creating package script '/home/soda/vla/ROS_action/install/action_executor_node/share/action_executor_node/package.sh'
[6.767s] [34mcolcon.colcon_core.shell[0m [1;30mINFO[0m Creating package script '/home/soda/vla/ROS_action/install/action_executor_node/share/action_executor_node/package.bash'
[6.768s] [34mcolcon.colcon_core.shell[0m [1;30mINFO[0m Creating package script '/home/soda/vla/ROS_action/install/action_executor_node/share/action_executor_node/package.zsh'
[6.768s] [34mcolcon.colcon_core.environment[0m [1;30mLevel 1[0m create_file_with_runtime_dependencies(/home/soda/vla/ROS_action/install/action_executor_node/share/colcon-core/packages/action_executor_node)
[6.799s] [34mcolcon.colcon_core.environment[0m [1;30mLevel 1[0m checking '/home/soda/vla/ROS_action/install/omni_controller' for CMake module files
[6.800s] [34mcolcon.colcon_core.event_handler.log_command[0m [1;30mDEBUG[0m [32mInvoked command in '/home/soda/vla/ROS_action/src/omni_controller' returned '0': PYTHONPATH=/home/soda/vla/ROS_action/build/omni_controller/prefix_override:/usr/lib/python3/dist-packages/colcon_core/task/python/colcon_distutils_commands:/home/soda/vla/ROS_action/install/omni_controller/lib/python3.10/site-packages:${PYTHONPATH} /usr/bin/python3 -W ignore:setup.py install is deprecated -W ignore:easy_install command is deprecated setup.py egg_info --egg-base ../../build/omni_controller build --build-base /home/soda/vla/ROS_action/build/omni_controller/build install --record /home/soda/vla/ROS_action/build/omni_controller/install.log --single-version-externally-managed install_data[0m
[6.800s] [34mcolcon.colcon_core.environment[0m [1;30mLevel 1[0m checking '/home/soda/vla/ROS_action/install/omni_controller' for CMake config files
[6.802s] [34mcolcon.colcon_core.environment[0m [1;30mLevel 1[0m checking '/home/soda/vla/ROS_action/install/omni_controller/lib'
[6.802s] [34mcolcon.colcon_core.environment[0m [1;30mLevel 1[0m checking '/home/soda/vla/ROS_action/install/omni_controller/bin'
[6.803s] [34mcolcon.colcon_core.environment[0m [1;30mLevel 1[0m checking '/home/soda/vla/ROS_action/install/omni_controller/lib/pkgconfig/omni_controller.pc'
[6.803s] [34mcolcon.colcon_core.environment[0m [1;30mLevel 1[0m checking '/home/soda/vla/ROS_action/install/omni_controller/lib/python3.10/site-packages'
[6.803s] [34mcolcon.colcon_core.shell[0m [1;30mLevel 1[0m create_environment_hook('omni_controller', 'pythonpath')
[6.804s] [34mcolcon.colcon_core.shell[0m [1;30mINFO[0m Creating environment hook '/home/soda/vla/ROS_action/install/omni_controller/share/omni_controller/hook/pythonpath.ps1'
[6.804s] [34mcolcon.colcon_core.shell[0m [1;30mINFO[0m Creating environment descriptor '/home/soda/vla/ROS_action/install/omni_controller/share/omni_controller/hook/pythonpath.dsv'
[6.805s] [34mcolcon.colcon_core.shell[0m [1;30mINFO[0m Creating environment hook '/home/soda/vla/ROS_action/install/omni_controller/share/omni_controller/hook/pythonpath.sh'
[6.806s] [34mcolcon.colcon_core.environment[0m [1;30mLevel 1[0m checking '/home/soda/vla/ROS_action/install/omni_controller/bin'
[6.806s] [34mcolcon.colcon_core.environment[0m [1;30mLevel 1[0m create_environment_scripts_only(omni_controller)
[6.807s] [34mcolcon.colcon_core.shell[0m [1;30mINFO[0m Creating package script '/home/soda/vla/ROS_action/install/omni_controller/share/omni_controller/package.ps1'
[6.809s] [34mcolcon.colcon_core.shell[0m [1;30mINFO[0m Creating package descriptor '/home/soda/vla/ROS_action/install/omni_controller/share/omni_controller/package.dsv'
[6.810s] [34mcolcon.colcon_core.shell[0m [1;30mINFO[0m Creating package script '/home/soda/vla/ROS_action/install/omni_controller/share/omni_controller/package.sh'
[6.810s] [34mcolcon.colcon_core.shell[0m [1;30mINFO[0m Creating package script '/home/soda/vla/ROS_action/install/omni_controller/share/omni_controller/package.bash'
[6.811s] [34mcolcon.colcon_core.shell[0m [1;30mINFO[0m Creating package script '/home/soda/vla/ROS_action/install/omni_controller/share/omni_controller/package.zsh'
[6.812s] [34mcolcon.colcon_core.environment[0m [1;30mLevel 1[0m create_file_with_runtime_dependencies(/home/soda/vla/ROS_action/install/omni_controller/share/colcon-core/packages/omni_controller)
[6.875s] [34mcolcon.colcon_core.environment[0m [1;30mLevel 1[0m checking '/home/soda/vla/ROS_action/install/camera_pub' for CMake module files
[6.877s] [34mcolcon.colcon_core.event_handler.log_command[0m [1;30mDEBUG[0m [32mInvoked command in '/home/soda/vla/ROS_action/src/camera_pub' returned '0': PYTHONPATH=/home/soda/vla/ROS_action/build/camera_pub/prefix_override:/usr/lib/python3/dist-packages/colcon_core/task/python/colcon_distutils_commands:/home/soda/vla/ROS_action/install/camera_pub/lib/python3.10/site-packages:${PYTHONPATH} /usr/bin/python3 -W ignore:setup.py install is deprecated -W ignore:easy_install command is deprecated setup.py egg_info --egg-base ../../build/camera_pub build --build-base /home/soda/vla/ROS_action/build/camera_pub/build install --record /home/soda/vla/ROS_action/build/camera_pub/install.log --single-version-externally-managed install_data[0m
[6.878s] [34mcolcon.colcon_core.environment[0m [1;30mLevel 1[0m checking '/home/soda/vla/ROS_action/install/camera_pub' for CMake config files
[6.880s] [34mcolcon.colcon_core.environment[0m [1;30mLevel 1[0m checking '/home/soda/vla/ROS_action/install/camera_pub/lib'
[6.880s] [34mcolcon.colcon_core.environment[0m [1;30mLevel 1[0m checking '/home/soda/vla/ROS_action/install/camera_pub/bin'
[6.880s] [34mcolcon.colcon_core.environment[0m [1;30mLevel 1[0m checking '/home/soda/vla/ROS_action/install/camera_pub/lib/pkgconfig/camera_pub.pc'
[6.882s] [34mcolcon.colcon_core.environment[0m [1;30mLevel 1[0m checking '/home/soda/vla/ROS_action/install/camera_pub/lib/python3.10/site-packages'
[6.882s] [34mcolcon.colcon_core.shell[0m [1;30mLevel 1[0m create_environment_hook('camera_pub', 'pythonpath')
[6.883s] [34mcolcon.colcon_core.shell[0m [1;30mINFO[0m Creating environment hook '/home/soda/vla/ROS_action/install/camera_pub/share/camera_pub/hook/pythonpath.ps1'
[6.884s] [34mcolcon.colcon_core.shell[0m [1;30mINFO[0m Creating environment descriptor '/home/soda/vla/ROS_action/install/camera_pub/share/camera_pub/hook/pythonpath.dsv'
[6.886s] [34mcolcon.colcon_core.shell[0m [1;30mINFO[0m Creating environment hook '/home/soda/vla/ROS_action/install/camera_pub/share/camera_pub/hook/pythonpath.sh'
[6.888s] [34mcolcon.colcon_core.environment[0m [1;30mLevel 1[0m checking '/home/soda/vla/ROS_action/install/camera_pub/bin'
[6.888s] [34mcolcon.colcon_core.environment[0m [1;30mLevel 1[0m create_environment_scripts_only(camera_pub)
[6.889s] [34mcolcon.colcon_core.shell[0m [1;30mINFO[0m Creating package script '/home/soda/vla/ROS_action/install/camera_pub/share/camera_pub/package.ps1'
[6.891s] [34mcolcon.colcon_core.shell[0m [1;30mINFO[0m Creating package descriptor '/home/soda/vla/ROS_action/install/camera_pub/share/camera_pub/package.dsv'
[6.893s] [34mcolcon.colcon_core.shell[0m [1;30mINFO[0m Creating package script '/home/soda/vla/ROS_action/install/camera_pub/share/camera_pub/package.sh'
[6.894s] [34mcolcon.colcon_core.shell[0m [1;30mINFO[0m Creating package script '/home/soda/vla/ROS_action/install/camera_pub/share/camera_pub/package.bash'
[6.895s] [34mcolcon.colcon_core.shell[0m [1;30mINFO[0m Creating package script '/home/soda/vla/ROS_action/install/camera_pub/share/camera_pub/package.zsh'
[6.897s] [34mcolcon.colcon_core.environment[0m [1;30mLevel 1[0m create_file_with_runtime_dependencies(/home/soda/vla/ROS_action/install/camera_pub/share/colcon-core/packages/camera_pub)
[6.901s] [34mcolcon.colcon_core.environment[0m [1;30mLevel 1[0m checking '/home/soda/vla/ROS_action/install/vla_node' for CMake module files
[6.903s] [34mcolcon.colcon_core.event_handler.log_command[0m [1;30mDEBUG[0m [32mInvoked command in '/home/soda/vla/ROS_action/src/vla_node' returned '0': PYTHONPATH=/home/soda/vla/ROS_action/build/vla_node/prefix_override:/usr/lib/python3/dist-packages/colcon_core/task/python/colcon_distutils_commands:/home/soda/vla/ROS_action/install/vla_node/lib/python3.10/site-packages:${PYTHONPATH} /usr/bin/python3 -W ignore:setup.py install is deprecated -W ignore:easy_install command is deprecated setup.py egg_info --egg-base ../../build/vla_node build --build-base /home/soda/vla/ROS_action/build/vla_node/build install --record /home/soda/vla/ROS_action/build/vla_node/install.log --single-version-externally-managed install_data[0m
[6.904s] [34mcolcon.colcon_core.environment[0m [1;30mLevel 1[0m checking '/home/soda/vla/ROS_action/install/vla_node' for CMake config files
[6.905s] [34mcolcon.colcon_core.environment[0m [1;30mLevel 1[0m checking '/home/soda/vla/ROS_action/install/vla_node/lib'
[6.906s] [34mcolcon.colcon_core.environment[0m [1;30mLevel 1[0m checking '/home/soda/vla/ROS_action/install/vla_node/bin'
[6.906s] [34mcolcon.colcon_core.environment[0m [1;30mLevel 1[0m checking '/home/soda/vla/ROS_action/install/vla_node/lib/pkgconfig/vla_node.pc'
[6.907s] [34mcolcon.colcon_core.environment[0m [1;30mLevel 1[0m checking '/home/soda/vla/ROS_action/install/vla_node/lib/python3.10/site-packages'
[6.907s] [34mcolcon.colcon_core.shell[0m [1;30mLevel 1[0m create_environment_hook('vla_node', 'pythonpath')
[6.908s] [34mcolcon.colcon_core.shell[0m [1;30mINFO[0m Creating environment hook '/home/soda/vla/ROS_action/install/vla_node/share/vla_node/hook/pythonpath.ps1'
[6.909s] [34mcolcon.colcon_core.shell[0m [1;30mINFO[0m Creating environment descriptor '/home/soda/vla/ROS_action/install/vla_node/share/vla_node/hook/pythonpath.dsv'
[6.911s] [34mcolcon.colcon_core.shell[0m [1;30mINFO[0m Creating environment hook '/home/soda/vla/ROS_action/install/vla_node/share/vla_node/hook/pythonpath.sh'
[6.913s] [34mcolcon.colcon_core.environment[0m [1;30mLevel 1[0m checking '/home/soda/vla/ROS_action/install/vla_node/bin'
[6.913s] [34mcolcon.colcon_core.environment[0m [1;30mLevel 1[0m create_environment_scripts_only(vla_node)
[6.914s] [34mcolcon.colcon_core.shell[0m [1;30mINFO[0m Creating package script '/home/soda/vla/ROS_action/install/vla_node/share/vla_node/package.ps1'
[6.916s] [34mcolcon.colcon_core.shell[0m [1;30mINFO[0m Creating package descriptor '/home/soda/vla/ROS_action/install/vla_node/share/vla_node/package.dsv'
[6.917s] [34mcolcon.colcon_core.shell[0m [1;30mINFO[0m Creating package script '/home/soda/vla/ROS_action/install/vla_node/share/vla_node/package.sh'
[6.919s] [34mcolcon.colcon_core.shell[0m [1;30mINFO[0m Creating package script '/home/soda/vla/ROS_action/install/vla_node/share/vla_node/package.bash'
[6.920s] [34mcolcon.colcon_core.shell[0m [1;30mINFO[0m Creating package script '/home/soda/vla/ROS_action/install/vla_node/share/vla_node/package.zsh'
[6.921s] [34mcolcon.colcon_core.environment[0m [1;30mLevel 1[0m create_file_with_runtime_dependencies(/home/soda/vla/ROS_action/install/vla_node/share/colcon-core/packages/vla_node)
[8.463s] [34mcolcon.colcon_core.event_handler.log_command[0m [1;30mDEBUG[0m [32mInvoked command in '/home/soda/vla/ROS_action/build/ros_action_msgs' returned '0': CMAKE_PREFIX_PATH=${CMAKE_PREFIX_PATH}:/home/soda/vla/ROS_action/install/vla_node:/home/soda/vla/ROS_action/install/omni_controller:/home/soda/vla/ROS_action/install/camera_sub:/home/soda/vla/ROS_action/install/camera_pub:/home/soda/vla/ROS_action/install/action_executor_node:/opt/ros/humble /usr/bin/cmake /home/soda/vla/ROS_action/src/ros_action_msgs -DCMAKE_INSTALL_PREFIX=/home/soda/vla/ROS_action/install/ros_action_msgs[0m
[8.469s] [34mcolcon.colcon_core.event_handler.log_command[0m [1;30mDEBUG[0m [32mInvoking command in '/home/soda/vla/ROS_action/build/ros_action_msgs': CMAKE_PREFIX_PATH=${CMAKE_PREFIX_PATH}:/home/soda/vla/ROS_action/install/vla_node:/home/soda/vla/ROS_action/install/omni_controller:/home/soda/vla/ROS_action/install/camera_sub:/home/soda/vla/ROS_action/install/camera_pub:/home/soda/vla/ROS_action/install/action_executor_node:/opt/ros/humble /usr/bin/cmake --build /home/soda/vla/ROS_action/build/ros_action_msgs -- -j8 -l8[0m
[11.496s] [34mcolcon.colcon_core.event_handler.log_command[0m [1;30mDEBUG[0m [32mInvoked command in '/home/soda/vla/ROS_action/build/ros_action_msgs' returned '0': CMAKE_PREFIX_PATH=${CMAKE_PREFIX_PATH}:/home/soda/vla/ROS_action/install/vla_node:/home/soda/vla/ROS_action/install/omni_controller:/home/soda/vla/ROS_action/install/camera_sub:/home/soda/vla/ROS_action/install/camera_pub:/home/soda/vla/ROS_action/install/action_executor_node:/opt/ros/humble /usr/bin/cmake --build /home/soda/vla/ROS_action/build/ros_action_msgs -- -j8 -l8[0m
[11.517s] [34mcolcon.colcon_core.event_handler.log_command[0m [1;30mDEBUG[0m [32mInvoking command in '/home/soda/vla/ROS_action/build/ros_action_msgs': CMAKE_PREFIX_PATH=${CMAKE_PREFIX_PATH}:/home/soda/vla/ROS_action/install/vla_node:/home/soda/vla/ROS_action/install/omni_controller:/home/soda/vla/ROS_action/install/camera_sub:/home/soda/vla/ROS_action/install/camera_pub:/home/soda/vla/ROS_action/install/action_executor_node:/opt/ros/humble /usr/bin/cmake --install /home/soda/vla/ROS_action/build/ros_action_msgs[0m
[11.649s] [34mcolcon.colcon_core.environment[0m [1;30mLevel 1[0m create_environment_scripts_only(ros_action_msgs)
[11.650s] [34mcolcon.colcon_core.environment[0m [1;30mLevel 1[0m checking '/home/soda/vla/ROS_action/install/ros_action_msgs' for CMake module files
[11.652s] [34mcolcon.colcon_core.event_handler.log_command[0m [1;30mDEBUG[0m [32mInvoked command in '/home/soda/vla/ROS_action/build/ros_action_msgs' returned '0': CMAKE_PREFIX_PATH=${CMAKE_PREFIX_PATH}:/home/soda/vla/ROS_action/install/vla_node:/home/soda/vla/ROS_action/install/omni_controller:/home/soda/vla/ROS_action/install/camera_sub:/home/soda/vla/ROS_action/install/camera_pub:/home/soda/vla/ROS_action/install/action_executor_node:/opt/ros/humble /usr/bin/cmake --install /home/soda/vla/ROS_action/build/ros_action_msgs[0m
[11.654s] [34mcolcon.colcon_core.environment[0m [1;30mLevel 1[0m checking '/home/soda/vla/ROS_action/install/ros_action_msgs' for CMake config files
[11.656s] [34mcolcon.colcon_core.shell[0m [1;30mLevel 1[0m create_environment_hook('ros_action_msgs', 'cmake_prefix_path')
[11.657s] [34mcolcon.colcon_core.shell[0m [1;30mINFO[0m Creating environment hook '/home/soda/vla/ROS_action/install/ros_action_msgs/share/ros_action_msgs/hook/cmake_prefix_path.ps1'
[11.659s] [34mcolcon.colcon_core.shell[0m [1;30mINFO[0m Creating environment descriptor '/home/soda/vla/ROS_action/install/ros_action_msgs/share/ros_action_msgs/hook/cmake_prefix_path.dsv'
[11.660s] [34mcolcon.colcon_core.shell[0m [1;30mINFO[0m Creating environment hook '/home/soda/vla/ROS_action/install/ros_action_msgs/share/ros_action_msgs/hook/cmake_prefix_path.sh'
[11.662s] [34mcolcon.colcon_core.environment[0m [1;30mLevel 1[0m checking '/home/soda/vla/ROS_action/install/ros_action_msgs/lib'
[11.662s] [34mcolcon.colcon_core.shell[0m [1;30mLevel 1[0m create_environment_hook('ros_action_msgs', 'ld_library_path_lib')
[11.663s] [34mcolcon.colcon_core.shell[0m [1;30mINFO[0m Creating environment hook '/home/soda/vla/ROS_action/install/ros_action_msgs/share/ros_action_msgs/hook/ld_library_path_lib.ps1'
[11.664s] [34mcolcon.colcon_core.shell[0m [1;30mINFO[0m Creating environment descriptor '/home/soda/vla/ROS_action/install/ros_action_msgs/share/ros_action_msgs/hook/ld_library_path_lib.dsv'
[11.665s] [34mcolcon.colcon_core.shell[0m [1;30mINFO[0m Creating environment hook '/home/soda/vla/ROS_action/install/ros_action_msgs/share/ros_action_msgs/hook/ld_library_path_lib.sh'
[11.667s] [34mcolcon.colcon_core.environment[0m [1;30mLevel 1[0m checking '/home/soda/vla/ROS_action/install/ros_action_msgs/bin'
[11.667s] [34mcolcon.colcon_core.environment[0m [1;30mLevel 1[0m checking '/home/soda/vla/ROS_action/install/ros_action_msgs/lib/pkgconfig/ros_action_msgs.pc'
[11.668s] [34mcolcon.colcon_core.environment[0m [1;30mLevel 1[0m checking '/home/soda/vla/ROS_action/install/ros_action_msgs/lib/python3.10/site-packages'
[11.669s] [34mcolcon.colcon_core.environment[0m [1;30mLevel 1[0m checking '/home/soda/vla/ROS_action/install/ros_action_msgs/bin'
[11.670s] [34mcolcon.colcon_core.shell[0m [1;30mINFO[0m Creating package script '/home/soda/vla/ROS_action/install/ros_action_msgs/share/ros_action_msgs/package.ps1'
[11.671s] [34mcolcon.colcon_core.shell[0m [1;30mINFO[0m Creating package descriptor '/home/soda/vla/ROS_action/install/ros_action_msgs/share/ros_action_msgs/package.dsv'
[11.673s] [34mcolcon.colcon_core.shell[0m [1;30mINFO[0m Creating package script '/home/soda/vla/ROS_action/install/ros_action_msgs/share/ros_action_msgs/package.sh'
[11.675s] [34mcolcon.colcon_core.shell[0m [1;30mINFO[0m Creating package script '/home/soda/vla/ROS_action/install/ros_action_msgs/share/ros_action_msgs/package.bash'
[11.676s] [34mcolcon.colcon_core.shell[0m [1;30mINFO[0m Creating package script '/home/soda/vla/ROS_action/install/ros_action_msgs/share/ros_action_msgs/package.zsh'
[11.677s] [34mcolcon.colcon_core.environment[0m [1;30mLevel 1[0m create_file_with_runtime_dependencies(/home/soda/vla/ROS_action/install/ros_action_msgs/share/colcon-core/packages/ros_action_msgs)
[11.679s] [34mcolcon.colcon_core.environment[0m [1;30mLevel 1[0m create_environment_scripts_only(ros_action_msgs)
[11.680s] [34mcolcon.colcon_core.environment[0m [1;30mLevel 1[0m checking '/home/soda/vla/ROS_action/install/ros_action_msgs' for CMake module files
[11.682s] [34mcolcon.colcon_core.environment[0m [1;30mLevel 1[0m checking '/home/soda/vla/ROS_action/install/ros_action_msgs' for CMake config files
[11.685s] [34mcolcon.colcon_core.shell[0m [1;30mLevel 1[0m create_environment_hook('ros_action_msgs', 'cmake_prefix_path')
[11.685s] [34mcolcon.colcon_core.shell[0m [1;30mINFO[0m Creating environment hook '/home/soda/vla/ROS_action/install/ros_action_msgs/share/ros_action_msgs/hook/cmake_prefix_path.ps1'
[11.687s] [34mcolcon.colcon_core.shell[0m [1;30mINFO[0m Creating environment descriptor '/home/soda/vla/ROS_action/install/ros_action_msgs/share/ros_action_msgs/hook/cmake_prefix_path.dsv'
[11.688s] [34mcolcon.colcon_core.shell[0m [1;30mINFO[0m Creating environment hook '/home/soda/vla/ROS_action/install/ros_action_msgs/share/ros_action_msgs/hook/cmake_prefix_path.sh'
[11.690s] [34mcolcon.colcon_core.environment[0m [1;30mLevel 1[0m checking '/home/soda/vla/ROS_action/install/ros_action_msgs/lib'
[11.690s] [34mcolcon.colcon_core.shell[0m [1;30mLevel 1[0m create_environment_hook('ros_action_msgs', 'ld_library_path_lib')
[11.691s] [34mcolcon.colcon_core.shell[0m [1;30mINFO[0m Creating environment hook '/home/soda/vla/ROS_action/install/ros_action_msgs/share/ros_action_msgs/hook/ld_library_path_lib.ps1'
[11.693s] [34mcolcon.colcon_core.shell[0m [1;30mINFO[0m Creating environment descriptor '/home/soda/vla/ROS_action/install/ros_action_msgs/share/ros_action_msgs/hook/ld_library_path_lib.dsv'
[11.694s] [34mcolcon.colcon_core.shell[0m [1;30mINFO[0m Creating environment hook '/home/soda/vla/ROS_action/install/ros_action_msgs/share/ros_action_msgs/hook/ld_library_path_lib.sh'
[11.695s] [34mcolcon.colcon_core.environment[0m [1;30mLevel 1[0m checking '/home/soda/vla/ROS_action/install/ros_action_msgs/bin'
[11.695s] [34mcolcon.colcon_core.environment[0m [1;30mLevel 1[0m checking '/home/soda/vla/ROS_action/install/ros_action_msgs/lib/pkgconfig/ros_action_msgs.pc'
[11.696s] [34mcolcon.colcon_core.environment[0m [1;30mLevel 1[0m checking '/home/soda/vla/ROS_action/install/ros_action_msgs/lib/python3.10/site-packages'
[11.697s] [34mcolcon.colcon_core.environment[0m [1;30mLevel 1[0m checking '/home/soda/vla/ROS_action/install/ros_action_msgs/bin'
[11.698s] [34mcolcon.colcon_core.shell[0m [1;30mINFO[0m Creating package script '/home/soda/vla/ROS_action/install/ros_action_msgs/share/ros_action_msgs/package.ps1'
[11.700s] [34mcolcon.colcon_core.shell[0m [1;30mINFO[0m Creating package descriptor '/home/soda/vla/ROS_action/install/ros_action_msgs/share/ros_action_msgs/package.dsv'
[11.702s] [34mcolcon.colcon_core.shell[0m [1;30mINFO[0m Creating package script '/home/soda/vla/ROS_action/install/ros_action_msgs/share/ros_action_msgs/package.sh'
[11.704s] [34mcolcon.colcon_core.shell[0m [1;30mINFO[0m Creating package script '/home/soda/vla/ROS_action/install/ros_action_msgs/share/ros_action_msgs/package.bash'
[11.705s] [34mcolcon.colcon_core.shell[0m [1;30mINFO[0m Creating package script '/home/soda/vla/ROS_action/install/ros_action_msgs/share/ros_action_msgs/package.zsh'
[11.706s] [34mcolcon.colcon_core.environment[0m [1;30mLevel 1[0m create_file_with_runtime_dependencies(/home/soda/vla/ROS_action/install/ros_action_msgs/share/colcon-core/packages/ros_action_msgs)
[11.707s] [34mcolcon.colcon_parallel_executor.executor.parallel[0m [1;30mDEBUG[0m [32mclosing loop[0m
[11.709s] [34mcolcon.colcon_parallel_executor.executor.parallel[0m [1;30mDEBUG[0m [32mloop closed[0m
[11.709s] [34mcolcon.colcon_parallel_executor.executor.parallel[0m [1;30mDEBUG[0m [32mrun_until_complete finished with '0'[0m
[11.709s] [34mcolcon.colcon_core.event_reactor[0m [1;30mDEBUG[0m [32mjoining thread[0m
[11.727s] [34mcolcon.colcon_core.plugin_system[0m [1;30mINFO[0m Skipping extension 'colcon_notification.desktop_notification.terminal_notifier': Not used on non-Darwin systems
[11.728s] [34mcolcon.colcon_core.plugin_system[0m [1;30mINFO[0m Skipping extension 'colcon_notification.desktop_notification.win32': Not used on non-Windows systems
[11.728s] [34mcolcon.colcon_notification.desktop_notification[0m [1;30mINFO[0m Sending desktop notification using 'notify2'
[11.829s] [34mcolcon.colcon_core.event_reactor[0m [1;30mDEBUG[0m [32mjoined thread[0m
[11.831s] [34mcolcon.colcon_core.shell[0m [1;30mINFO[0m Creating prefix script '/home/soda/vla/ROS_action/install/local_setup.ps1'
[11.834s] [34mcolcon.colcon_core.shell[0m [1;30mINFO[0m Creating prefix util module '/home/soda/vla/ROS_action/install/_local_setup_util_ps1.py'
[11.839s] [34mcolcon.colcon_core.shell[0m [1;30mINFO[0m Creating prefix chain script '/home/soda/vla/ROS_action/install/setup.ps1'
[11.844s] [34mcolcon.colcon_core.shell[0m [1;30mINFO[0m Creating prefix script '/home/soda/vla/ROS_action/install/local_setup.sh'
[11.846s] [34mcolcon.colcon_core.shell[0m [1;30mINFO[0m Creating prefix util module '/home/soda/vla/ROS_action/install/_local_setup_util_sh.py'
[11.848s] [34mcolcon.colcon_core.shell[0m [1;30mINFO[0m Creating prefix chain script '/home/soda/vla/ROS_action/install/setup.sh'
[11.852s] [34mcolcon.colcon_core.shell[0m [1;30mINFO[0m Creating prefix script '/home/soda/vla/ROS_action/install/local_setup.bash'
[11.854s] [34mcolcon.colcon_core.shell[0m [1;30mINFO[0m Creating prefix chain script '/home/soda/vla/ROS_action/install/setup.bash'
[11.858s] [34mcolcon.colcon_core.shell[0m [1;30mINFO[0m Creating prefix script '/home/soda/vla/ROS_action/install/local_setup.zsh'
[11.860s] [34mcolcon.colcon_core.shell[0m [1;30mINFO[0m Creating prefix chain script '/home/soda/vla/ROS_action/install/setup.zsh'
