/home/soda/.local/lib/python3.10/site-packages/setuptools/_distutils/dist.py:289: UserWarning: Unknown distribution option: 'tests_require'
  warnings.warn(msg)
running egg_info
writing ../../build/vla_node/vla_node.egg-info/PKG-INFO
writing dependency_links to ../../build/vla_node/vla_node.egg-info/dependency_links.txt
writing entry points to ../../build/vla_node/vla_node.egg-info/entry_points.txt
writing requirements to ../../build/vla_node/vla_node.egg-info/requires.txt
writing top-level names to ../../build/vla_node/vla_node.egg-info/top_level.txt
reading manifest file '../../build/vla_node/vla_node.egg-info/SOURCES.txt'
writing manifest file '../../build/vla_node/vla_node.egg-info/SOURCES.txt'
running build
running build_py
copying vla_node/simple_inference.py -> /home/soda/vla/ROS_action/build/vla_node/build/lib/vla_node
copying vla_node/__init__.py -> /home/soda/vla/ROS_action/build/vla_node/build/lib/vla_node
copying vla_node/vla_node.py -> /home/soda/vla/ROS_action/build/vla_node/build/lib/vla_node
running install
running install_lib
running install_data
copying resource/vla_node -> /home/soda/vla/ROS_action/install/vla_node/share/ament_index/resource_index/packages
copying package.xml -> /home/soda/vla/ROS_action/install/vla_node/share/vla_node
running install_egg_info
removing '/home/soda/vla/ROS_action/install/vla_node/lib/python3.10/site-packages/vla_node-0.0.0-py3.10.egg-info' (and everything under it)
Copying ../../build/vla_node/vla_node.egg-info to /home/soda/vla/ROS_action/install/vla_node/lib/python3.10/site-packages/vla_node-0.0.0-py3.10.egg-info
running install_scripts
Installing vla_node script to /home/soda/vla/ROS_action/install/vla_node/lib/vla_node
writing list of installed files to '/home/soda/vla/ROS_action/build/vla_node/install.log'
