[3.997s] Invoking command in '/home/soda/vla/ROS_action/src/omni_controller': CONDA_PROMPT_MODIFIER=(robovlms) PS1=(robovlms) %m%# PYTHONPATH=/home/soda/vla/ROS_action/build/omni_controller/prefix_override:/usr/lib/python3/dist-packages/colcon_core/task/python/colcon_distutils_commands:/home/soda/vla/ROS_action/install/omni_controller/lib/python3.10/site-packages:${PYTHONPATH} /usr/bin/python3 -W ignore:setup.py install is deprecated -W ignore:easy_install command is deprecated setup.py egg_info --egg-base ../../build/omni_controller build --build-base /home/soda/vla/ROS_action/build/omni_controller/build install --record /home/soda/vla/ROS_action/build/omni_controller/install.log --single-version-externally-managed install_data
[5.134s] running egg_info
[5.190s] writing ../../build/omni_controller/omni_controller.egg-info/PKG-INFO
[5.192s] writing dependency_links to ../../build/omni_controller/omni_controller.egg-info/dependency_links.txt
[5.193s] writing entry points to ../../build/omni_controller/omni_controller.egg-info/entry_points.txt
[5.195s] writing requirements to ../../build/omni_controller/omni_controller.egg-info/requires.txt
[5.196s] writing top-level names to ../../build/omni_controller/omni_controller.egg-info/top_level.txt
[5.298s] reading manifest file '../../build/omni_controller/omni_controller.egg-info/SOURCES.txt'
[5.299s] writing manifest file '../../build/omni_controller/omni_controller.egg-info/SOURCES.txt'
[5.300s] running build
[5.301s] running build_py
[5.301s] copying omni_controller/omni_drive_node.py -> /home/soda/vla/ROS_action/build/omni_controller/build/lib/omni_controller
[5.301s] running install
[5.310s] running install_lib
[5.406s] copying /home/soda/vla/ROS_action/build/omni_controller/build/lib/omni_controller/omni_drive_node.py -> /home/soda/vla/ROS_action/install/omni_controller/lib/python3.10/site-packages/omni_controller
[5.410s] byte-compiling /home/soda/vla/ROS_action/install/omni_controller/lib/python3.10/site-packages/omni_controller/omni_drive_node.py to omni_drive_node.cpython-310.pyc
[5.412s] running install_data
[5.413s] running install_egg_info
[5.507s] removing '/home/soda/vla/ROS_action/install/omni_controller/lib/python3.10/site-packages/omni_controller-0.0.0-py3.10.egg-info' (and everything under it)
[5.524s] Copying ../../build/omni_controller/omni_controller.egg-info to /home/soda/vla/ROS_action/install/omni_controller/lib/python3.10/site-packages/omni_controller-0.0.0-py3.10.egg-info
[5.526s] running install_scripts
[5.700s] Installing omni_drive_node script to /home/soda/vla/ROS_action/install/omni_controller/lib/omni_controller
[5.702s] writing list of installed files to '/home/soda/vla/ROS_action/build/omni_controller/install.log'
[5.921s] Invoked command in '/home/soda/vla/ROS_action/src/omni_controller' returned '0': CONDA_PROMPT_MODIFIER=(robovlms) PS1=(robovlms) %m%# PYTHONPATH=/home/soda/vla/ROS_action/build/omni_controller/prefix_override:/usr/lib/python3/dist-packages/colcon_core/task/python/colcon_distutils_commands:/home/soda/vla/ROS_action/install/omni_controller/lib/python3.10/site-packages:${PYTHONPATH} /usr/bin/python3 -W ignore:setup.py install is deprecated -W ignore:easy_install command is deprecated setup.py egg_info --egg-base ../../build/omni_controller build --build-base /home/soda/vla/ROS_action/build/omni_controller/build install --record /home/soda/vla/ROS_action/build/omni_controller/install.log --single-version-externally-managed install_data
