[2.202s] Invoking command in '/home/soda/vla/ROS_action/src/omni_controller': PS1=(vla_env_py310) %m%# PYTHONPATH=/home/soda/vla/ROS_action/build/omni_controller/prefix_override:/usr/lib/python3/dist-packages/colcon_core/task/python/colcon_distutils_commands:/home/soda/vla/ROS_action/install/omni_controller/lib/python3.10/site-packages:${PYTHONPATH} /usr/bin/python3 -W ignore:setup.py install is deprecated -W ignore:easy_install command is deprecated setup.py egg_info --egg-base ../../build/omni_controller build --build-base /home/soda/vla/ROS_action/build/omni_controller/build install --record /home/soda/vla/ROS_action/build/omni_controller/install.log --single-version-externally-managed install_data
[3.043s] running egg_info
[3.084s] writing ../../build/omni_controller/omni_controller.egg-info/PKG-INFO
[3.085s] writing dependency_links to ../../build/omni_controller/omni_controller.egg-info/dependency_links.txt
[3.085s] writing entry points to ../../build/omni_controller/omni_controller.egg-info/entry_points.txt
[3.085s] writing requirements to ../../build/omni_controller/omni_controller.egg-info/requires.txt
[3.085s] writing top-level names to ../../build/omni_controller/omni_controller.egg-info/top_level.txt
[3.163s] reading manifest file '../../build/omni_controller/omni_controller.egg-info/SOURCES.txt'
[3.164s] writing manifest file '../../build/omni_controller/omni_controller.egg-info/SOURCES.txt'
[3.164s] running build
[3.164s] running build_py
[3.165s] running install
[3.173s] running install_lib
[3.213s] running install_data
[3.213s] running install_egg_info
[3.253s] removing '/home/soda/vla/ROS_action/install/omni_controller/lib/python3.10/site-packages/omni_controller-0.0.0-py3.10.egg-info' (and everything under it)
[3.253s] Copying ../../build/omni_controller/omni_controller.egg-info to /home/soda/vla/ROS_action/install/omni_controller/lib/python3.10/site-packages/omni_controller-0.0.0-py3.10.egg-info
[3.255s] running install_scripts
[3.397s] Installing omni_drive_node script to /home/soda/vla/ROS_action/install/omni_controller/lib/omni_controller
[3.398s] writing list of installed files to '/home/soda/vla/ROS_action/build/omni_controller/install.log'
[3.486s] Invoked command in '/home/soda/vla/ROS_action/src/omni_controller' returned '0': PS1=(vla_env_py310) %m%# PYTHONPATH=/home/soda/vla/ROS_action/build/omni_controller/prefix_override:/usr/lib/python3/dist-packages/colcon_core/task/python/colcon_distutils_commands:/home/soda/vla/ROS_action/install/omni_controller/lib/python3.10/site-packages:${PYTHONPATH} /usr/bin/python3 -W ignore:setup.py install is deprecated -W ignore:easy_install command is deprecated setup.py egg_info --egg-base ../../build/omni_controller build --build-base /home/soda/vla/ROS_action/build/omni_controller/build install --record /home/soda/vla/ROS_action/build/omni_controller/install.log --single-version-externally-managed install_data
