[5.602s] Invoking command in '/home/soda/vla/ROS_action/src/action_executor_node': PS1=(vla_env_py310) %m%# PYTHONPATH=/home/soda/vla/ROS_action/build/action_executor_node/prefix_override:/usr/lib/python3/dist-packages/colcon_core/task/python/colcon_distutils_commands:/home/soda/vla/ROS_action/install/action_executor_node/lib/python3.10/site-packages:${PYTHONPATH} /usr/bin/python3 -W ignore:setup.py install is deprecated -W ignore:easy_install command is deprecated setup.py egg_info --egg-base ../../build/action_executor_node build --build-base /home/soda/vla/ROS_action/build/action_executor_node/build install --record /home/soda/vla/ROS_action/build/action_executor_node/install.log --single-version-externally-managed install_data
[6.467s] running egg_info
[6.510s] writing ../../build/action_executor_node/action_executor_node.egg-info/PKG-INFO
[6.511s] writing dependency_links to ../../build/action_executor_node/action_executor_node.egg-info/dependency_links.txt
[6.511s] writing entry points to ../../build/action_executor_node/action_executor_node.egg-info/entry_points.txt
[6.512s] writing requirements to ../../build/action_executor_node/action_executor_node.egg-info/requires.txt
[6.512s] writing top-level names to ../../build/action_executor_node/action_executor_node.egg-info/top_level.txt
[6.591s] reading manifest file '../../build/action_executor_node/action_executor_node.egg-info/SOURCES.txt'
[6.592s] writing manifest file '../../build/action_executor_node/action_executor_node.egg-info/SOURCES.txt'
[6.593s] running build
[6.593s] running build_py
[6.593s] running install
[6.602s] running install_lib
[6.643s] running install_data
[6.643s] running install_egg_info
[6.685s] removing '/home/soda/vla/ROS_action/install/action_executor_node/lib/python3.10/site-packages/action_executor_node-0.0.0-py3.10.egg-info' (and everything under it)
[6.686s] Copying ../../build/action_executor_node/action_executor_node.egg-info to /home/soda/vla/ROS_action/install/action_executor_node/lib/python3.10/site-packages/action_executor_node-0.0.0-py3.10.egg-info
[6.687s] running install_scripts
[6.832s] Installing action_executor_node script to /home/soda/vla/ROS_action/install/action_executor_node/lib/action_executor_node
[6.835s] writing list of installed files to '/home/soda/vla/ROS_action/build/action_executor_node/install.log'
