[4.275s] Invoking command in '/home/soda/vla/ROS_action/src/omni_controller': PYTHONPATH=/home/soda/vla/ROS_action/build/omni_controller/prefix_override:/usr/lib/python3/dist-packages/colcon_core/task/python/colcon_distutils_commands:/home/soda/vla/ROS_action/install/omni_controller/lib/python3.10/site-packages:${PYTHONPATH} /usr/bin/python3 -W ignore:setup.py install is deprecated -W ignore:easy_install command is deprecated setup.py egg_info --egg-base ../../build/omni_controller build --build-base /home/soda/vla/ROS_action/build/omni_controller/build install --record /home/soda/vla/ROS_action/build/omni_controller/install.log --single-version-externally-managed install_data
[4.609s] /home/soda/.local/lib/python3.10/site-packages/setuptools/_distutils/dist.py:289: UserWarning: Unknown distribution option: 'tests_require'
[4.609s]   warnings.warn(msg)
[4.873s] running egg_info
[4.917s] creating ../../build/omni_controller/omni_controller.egg-info
[4.918s] writing ../../build/omni_controller/omni_controller.egg-info/PKG-INFO
[4.918s] writing dependency_links to ../../build/omni_controller/omni_controller.egg-info/dependency_links.txt
[4.919s] writing entry points to ../../build/omni_controller/omni_controller.egg-info/entry_points.txt
[4.919s] writing requirements to ../../build/omni_controller/omni_controller.egg-info/requires.txt
[4.919s] writing top-level names to ../../build/omni_controller/omni_controller.egg-info/top_level.txt
[5.132s] writing manifest file '../../build/omni_controller/omni_controller.egg-info/SOURCES.txt'
[5.222s] reading manifest file '../../build/omni_controller/omni_controller.egg-info/SOURCES.txt'
[5.225s] writing manifest file '../../build/omni_controller/omni_controller.egg-info/SOURCES.txt'
[5.225s] running build
[5.225s] running build_py
[5.225s] creating /home/soda/vla/ROS_action/build/omni_controller/build/lib/omni_controller
[5.226s] copying omni_controller/omni_drive_node.py -> /home/soda/vla/ROS_action/build/omni_controller/build/lib/omni_controller
[5.226s] copying omni_controller/__init__.py -> /home/soda/vla/ROS_action/build/omni_controller/build/lib/omni_controller
[5.227s] running install
[5.234s] running install_lib
[5.277s] creating /home/soda/vla/ROS_action/install/omni_controller/lib/python3.10/site-packages/omni_controller
[5.278s] copying /home/soda/vla/ROS_action/build/omni_controller/build/lib/omni_controller/omni_drive_node.py -> /home/soda/vla/ROS_action/install/omni_controller/lib/python3.10/site-packages/omni_controller
[5.278s] copying /home/soda/vla/ROS_action/build/omni_controller/build/lib/omni_controller/__init__.py -> /home/soda/vla/ROS_action/install/omni_controller/lib/python3.10/site-packages/omni_controller
[5.280s] byte-compiling /home/soda/vla/ROS_action/install/omni_controller/lib/python3.10/site-packages/omni_controller/omni_drive_node.py to omni_drive_node.cpython-310.pyc
[5.281s] byte-compiling /home/soda/vla/ROS_action/install/omni_controller/lib/python3.10/site-packages/omni_controller/__init__.py to __init__.cpython-310.pyc
[5.281s] running install_data
[5.282s] creating /home/soda/vla/ROS_action/install/omni_controller/share/ament_index/resource_index/packages
[5.282s] copying resource/omni_controller -> /home/soda/vla/ROS_action/install/omni_controller/share/ament_index/resource_index/packages
[5.283s] copying package.xml -> /home/soda/vla/ROS_action/install/omni_controller/share/omni_controller
[5.283s] running install_egg_info
[5.330s] Copying ../../build/omni_controller/omni_controller.egg-info to /home/soda/vla/ROS_action/install/omni_controller/lib/python3.10/site-packages/omni_controller-0.0.0-py3.10.egg-info
[5.332s] running install_scripts
[5.424s] Installing omni_drive_node script to /home/soda/vla/ROS_action/install/omni_controller/lib/omni_controller
[5.425s] writing list of installed files to '/home/soda/vla/ROS_action/build/omni_controller/install.log'
[5.496s] Invoked command in '/home/soda/vla/ROS_action/src/omni_controller' returned '0': PYTHONPATH=/home/soda/vla/ROS_action/build/omni_controller/prefix_override:/usr/lib/python3/dist-packages/colcon_core/task/python/colcon_distutils_commands:/home/soda/vla/ROS_action/install/omni_controller/lib/python3.10/site-packages:${PYTHONPATH} /usr/bin/python3 -W ignore:setup.py install is deprecated -W ignore:easy_install command is deprecated setup.py egg_info --egg-base ../../build/omni_controller build --build-base /home/soda/vla/ROS_action/build/omni_controller/build install --record /home/soda/vla/ROS_action/build/omni_controller/install.log --single-version-externally-managed install_data
