[7.107s] Invoking command in '/home/soda/vla/ROS_action/src/omni_controller': CONDA_PROMPT_MODIFIER=(robovlms) PS1=(robovlms) %m%# PYTHONPATH=/home/soda/vla/ROS_action/build/omni_controller/prefix_override:/usr/lib/python3/dist-packages/colcon_core/task/python/colcon_distutils_commands:/home/soda/vla/ROS_action/install/omni_controller/lib/python3.10/site-packages:${PYTHONPATH} /usr/bin/python3 -W ignore:setup.py install is deprecated -W ignore:easy_install command is deprecated setup.py egg_info --egg-base ../../build/omni_controller build --build-base /home/soda/vla/ROS_action/build/omni_controller/build install --record /home/soda/vla/ROS_action/build/omni_controller/install.log --single-version-externally-managed install_data
[8.154s] running egg_info
[8.198s] writing ../../build/omni_controller/omni_controller.egg-info/PKG-INFO
[8.199s] writing dependency_links to ../../build/omni_controller/omni_controller.egg-info/dependency_links.txt
[8.203s] writing entry points to ../../build/omni_controller/omni_controller.egg-info/entry_points.txt
[8.203s] writing requirements to ../../build/omni_controller/omni_controller.egg-info/requires.txt
[8.204s] writing top-level names to ../../build/omni_controller/omni_controller.egg-info/top_level.txt
[8.293s] reading manifest file '../../build/omni_controller/omni_controller.egg-info/SOURCES.txt'
[8.295s] writing manifest file '../../build/omni_controller/omni_controller.egg-info/SOURCES.txt'
[8.296s] running build
[8.296s] running build_py
[8.297s] copying omni_controller/omni_drive_node.py -> /home/soda/vla/ROS_action/build/omni_controller/build/lib/omni_controller
[8.299s] running install
[8.310s] running install_lib
[8.361s] copying /home/soda/vla/ROS_action/build/omni_controller/build/lib/omni_controller/omni_drive_node.py -> /home/soda/vla/ROS_action/install/omni_controller/lib/python3.10/site-packages/omni_controller
[8.374s] byte-compiling /home/soda/vla/ROS_action/install/omni_controller/lib/python3.10/site-packages/omni_controller/omni_drive_node.py to omni_drive_node.cpython-310.pyc
[8.377s] running install_data
[8.377s] running install_egg_info
[8.462s] removing '/home/soda/vla/ROS_action/install/omni_controller/lib/python3.10/site-packages/omni_controller-0.0.0-py3.10.egg-info' (and everything under it)
[8.474s] Copying ../../build/omni_controller/omni_controller.egg-info to /home/soda/vla/ROS_action/install/omni_controller/lib/python3.10/site-packages/omni_controller-0.0.0-py3.10.egg-info
[8.486s] running install_scripts
[8.803s] Installing omni_drive_node script to /home/soda/vla/ROS_action/install/omni_controller/lib/omni_controller
[8.804s] writing list of installed files to '/home/soda/vla/ROS_action/build/omni_controller/install.log'
