[5.506s] Invoking command in '/home/soda/vla/ROS_action/src/vla_node': PYTHONPATH=/home/soda/vla/ROS_action/build/vla_node/prefix_override:/usr/lib/python3/dist-packages/colcon_core/task/python/colcon_distutils_commands:/home/soda/vla/ROS_action/install/vla_node/lib/python3.10/site-packages:${PYTHONPATH} /usr/bin/python3 -W ignore:setup.py install is deprecated -W ignore:easy_install command is deprecated setup.py egg_info --egg-base ../../build/vla_node build --build-base /home/soda/vla/ROS_action/build/vla_node/build install --record /home/soda/vla/ROS_action/build/vla_node/install.log --single-version-externally-managed install_data
[6.395s] running egg_info
[6.396s] creating ../../build/vla_node/vla_node.egg-info
[6.438s] writing ../../build/vla_node/vla_node.egg-info/PKG-INFO
[6.439s] writing dependency_links to ../../build/vla_node/vla_node.egg-info/dependency_links.txt
[6.439s] writing entry points to ../../build/vla_node/vla_node.egg-info/entry_points.txt
[6.440s] writing requirements to ../../build/vla_node/vla_node.egg-info/requires.txt
[6.440s] writing top-level names to ../../build/vla_node/vla_node.egg-info/top_level.txt
[6.440s] writing manifest file '../../build/vla_node/vla_node.egg-info/SOURCES.txt'
[6.522s] reading manifest file '../../build/vla_node/vla_node.egg-info/SOURCES.txt'
[6.523s] writing manifest file '../../build/vla_node/vla_node.egg-info/SOURCES.txt'
[6.523s] running build
[6.524s] running build_py
[6.524s] creating /home/soda/vla/ROS_action/build/vla_node/build
[6.524s] creating /home/soda/vla/ROS_action/build/vla_node/build/lib
[6.524s] creating /home/soda/vla/ROS_action/build/vla_node/build/lib/vla_node
[6.524s] copying vla_node/__init__.py -> /home/soda/vla/ROS_action/build/vla_node/build/lib/vla_node
[6.524s] copying vla_node/vla_node.py -> /home/soda/vla/ROS_action/build/vla_node/build/lib/vla_node
[6.525s] running install
[6.534s] running install_lib
[6.575s] creating /home/soda/vla/ROS_action/install/vla_node/lib/python3.10/site-packages/vla_node
[6.575s] copying /home/soda/vla/ROS_action/build/vla_node/build/lib/vla_node/__init__.py -> /home/soda/vla/ROS_action/install/vla_node/lib/python3.10/site-packages/vla_node
[6.575s] copying /home/soda/vla/ROS_action/build/vla_node/build/lib/vla_node/vla_node.py -> /home/soda/vla/ROS_action/install/vla_node/lib/python3.10/site-packages/vla_node
[6.576s] byte-compiling /home/soda/vla/ROS_action/install/vla_node/lib/python3.10/site-packages/vla_node/__init__.py to __init__.cpython-310.pyc
[6.577s] byte-compiling /home/soda/vla/ROS_action/install/vla_node/lib/python3.10/site-packages/vla_node/vla_node.py to vla_node.cpython-310.pyc
[6.577s] running install_data
[6.578s] creating /home/soda/vla/ROS_action/install/vla_node/share/ament_index
[6.578s] creating /home/soda/vla/ROS_action/install/vla_node/share/ament_index/resource_index
[6.578s] creating /home/soda/vla/ROS_action/install/vla_node/share/ament_index/resource_index/packages
[6.578s] copying resource/vla_node -> /home/soda/vla/ROS_action/install/vla_node/share/ament_index/resource_index/packages
[6.578s] copying package.xml -> /home/soda/vla/ROS_action/install/vla_node/share/vla_node
[6.578s] running install_egg_info
[6.621s] Copying ../../build/vla_node/vla_node.egg-info to /home/soda/vla/ROS_action/install/vla_node/lib/python3.10/site-packages/vla_node-0.0.0-py3.10.egg-info
[6.623s] running install_scripts
[6.777s] Installing vla_node script to /home/soda/vla/ROS_action/install/vla_node/lib/vla_node
[6.778s] writing list of installed files to '/home/soda/vla/ROS_action/build/vla_node/install.log'
[6.932s] Invoked command in '/home/soda/vla/ROS_action/src/vla_node' returned '0': PYTHONPATH=/home/soda/vla/ROS_action/build/vla_node/prefix_override:/usr/lib/python3/dist-packages/colcon_core/task/python/colcon_distutils_commands:/home/soda/vla/ROS_action/install/vla_node/lib/python3.10/site-packages:${PYTHONPATH} /usr/bin/python3 -W ignore:setup.py install is deprecated -W ignore:easy_install command is deprecated setup.py egg_info --egg-base ../../build/vla_node build --build-base /home/soda/vla/ROS_action/build/vla_node/build install --record /home/soda/vla/ROS_action/build/vla_node/install.log --single-version-externally-managed install_data
