[5.588s] Invoking command in '/home/soda/vla/ROS_action/src/omni_controller': PS1=(vla_env_py310) %m%# PYTHONPATH=/home/soda/vla/ROS_action/build/omni_controller/prefix_override:/usr/lib/python3/dist-packages/colcon_core/task/python/colcon_distutils_commands:/home/soda/vla/ROS_action/install/omni_controller/lib/python3.10/site-packages:${PYTHONPATH} /usr/bin/python3 -W ignore:setup.py install is deprecated -W ignore:easy_install command is deprecated setup.py egg_info --egg-base ../../build/omni_controller build --build-base /home/soda/vla/ROS_action/build/omni_controller/build install --record /home/soda/vla/ROS_action/build/omni_controller/install.log --single-version-externally-managed install_data
[6.442s] running egg_info
[6.483s] writing ../../build/omni_controller/omni_controller.egg-info/PKG-INFO
[6.483s] writing dependency_links to ../../build/omni_controller/omni_controller.egg-info/dependency_links.txt
[6.483s] writing entry points to ../../build/omni_controller/omni_controller.egg-info/entry_points.txt
[6.484s] writing requirements to ../../build/omni_controller/omni_controller.egg-info/requires.txt
[6.484s] writing top-level names to ../../build/omni_controller/omni_controller.egg-info/top_level.txt
[6.561s] reading manifest file '../../build/omni_controller/omni_controller.egg-info/SOURCES.txt'
[6.562s] writing manifest file '../../build/omni_controller/omni_controller.egg-info/SOURCES.txt'
[6.563s] running build
[6.563s] running build_py
[6.563s] copying omni_controller/omni_drive_node.py -> /home/soda/vla/ROS_action/build/omni_controller/build/lib/omni_controller
[6.564s] running install
[6.572s] running install_lib
[6.612s] copying /home/soda/vla/ROS_action/build/omni_controller/build/lib/omni_controller/omni_drive_node.py -> /home/soda/vla/ROS_action/install/omni_controller/lib/python3.10/site-packages/omni_controller
[6.613s] byte-compiling /home/soda/vla/ROS_action/install/omni_controller/lib/python3.10/site-packages/omni_controller/omni_drive_node.py to omni_drive_node.cpython-310.pyc
[6.614s] running install_data
[6.615s] running install_egg_info
[6.655s] removing '/home/soda/vla/ROS_action/install/omni_controller/lib/python3.10/site-packages/omni_controller-0.0.0-py3.10.egg-info' (and everything under it)
[6.655s] Copying ../../build/omni_controller/omni_controller.egg-info to /home/soda/vla/ROS_action/install/omni_controller/lib/python3.10/site-packages/omni_controller-0.0.0-py3.10.egg-info
[6.657s] running install_scripts
[6.801s] Installing omni_drive_node script to /home/soda/vla/ROS_action/install/omni_controller/lib/omni_controller
[6.803s] writing list of installed files to '/home/soda/vla/ROS_action/build/omni_controller/install.log'
