[5.506s] Invoking command in '/home/soda/vla/ROS_action/src/action_executor_node': PYTHONPATH=/home/soda/vla/ROS_action/build/action_executor_node/prefix_override:/usr/lib/python3/dist-packages/colcon_core/task/python/colcon_distutils_commands:/home/soda/vla/ROS_action/install/action_executor_node/lib/python3.10/site-packages:${PYTHONPATH} /usr/bin/python3 -W ignore:setup.py install is deprecated -W ignore:easy_install command is deprecated setup.py egg_info --egg-base ../../build/action_executor_node build --build-base /home/soda/vla/ROS_action/build/action_executor_node/build install --record /home/soda/vla/ROS_action/build/action_executor_node/install.log --single-version-externally-managed install_data
[6.412s] running egg_info
[6.412s] creating ../../build/action_executor_node/action_executor_node.egg-info
[6.454s] writing ../../build/action_executor_node/action_executor_node.egg-info/PKG-INFO
[6.455s] writing dependency_links to ../../build/action_executor_node/action_executor_node.egg-info/dependency_links.txt
[6.455s] writing entry points to ../../build/action_executor_node/action_executor_node.egg-info/entry_points.txt
[6.455s] writing requirements to ../../build/action_executor_node/action_executor_node.egg-info/requires.txt
[6.455s] writing top-level names to ../../build/action_executor_node/action_executor_node.egg-info/top_level.txt
[6.456s] writing manifest file '../../build/action_executor_node/action_executor_node.egg-info/SOURCES.txt'
[6.538s] reading manifest file '../../build/action_executor_node/action_executor_node.egg-info/SOURCES.txt'
[6.539s] writing manifest file '../../build/action_executor_node/action_executor_node.egg-info/SOURCES.txt'
[6.540s] running build
[6.540s] running build_py
[6.540s] creating /home/soda/vla/ROS_action/build/action_executor_node/build
[6.540s] creating /home/soda/vla/ROS_action/build/action_executor_node/build/lib
[6.540s] creating /home/soda/vla/ROS_action/build/action_executor_node/build/lib/action_executor_node
[6.540s] copying action_executor_node/__init__.py -> /home/soda/vla/ROS_action/build/action_executor_node/build/lib/action_executor_node
[6.540s] copying action_executor_node/action_executor_node.py -> /home/soda/vla/ROS_action/build/action_executor_node/build/lib/action_executor_node
[6.540s] running install
[6.549s] running install_lib
[6.589s] creating /home/soda/vla/ROS_action/install/action_executor_node/lib/python3.10/site-packages/action_executor_node
[6.590s] copying /home/soda/vla/ROS_action/build/action_executor_node/build/lib/action_executor_node/__init__.py -> /home/soda/vla/ROS_action/install/action_executor_node/lib/python3.10/site-packages/action_executor_node
[6.590s] copying /home/soda/vla/ROS_action/build/action_executor_node/build/lib/action_executor_node/action_executor_node.py -> /home/soda/vla/ROS_action/install/action_executor_node/lib/python3.10/site-packages/action_executor_node
[6.592s] byte-compiling /home/soda/vla/ROS_action/install/action_executor_node/lib/python3.10/site-packages/action_executor_node/__init__.py to __init__.cpython-310.pyc
[6.592s] byte-compiling /home/soda/vla/ROS_action/install/action_executor_node/lib/python3.10/site-packages/action_executor_node/action_executor_node.py to action_executor_node.cpython-310.pyc
[6.593s] running install_data
[6.593s] creating /home/soda/vla/ROS_action/install/action_executor_node/share/ament_index
[6.593s] creating /home/soda/vla/ROS_action/install/action_executor_node/share/ament_index/resource_index
[6.593s] creating /home/soda/vla/ROS_action/install/action_executor_node/share/ament_index/resource_index/packages
[6.593s] copying resource/action_executor_node -> /home/soda/vla/ROS_action/install/action_executor_node/share/ament_index/resource_index/packages
[6.593s] copying package.xml -> /home/soda/vla/ROS_action/install/action_executor_node/share/action_executor_node
[6.593s] running install_egg_info
[6.636s] Copying ../../build/action_executor_node/action_executor_node.egg-info to /home/soda/vla/ROS_action/install/action_executor_node/lib/python3.10/site-packages/action_executor_node-0.0.0-py3.10.egg-info
[6.638s] running install_scripts
[6.790s] Installing action_executor_node script to /home/soda/vla/ROS_action/install/action_executor_node/lib/action_executor_node
[6.791s] writing list of installed files to '/home/soda/vla/ROS_action/build/action_executor_node/install.log'
[6.947s] Invoked command in '/home/soda/vla/ROS_action/src/action_executor_node' returned '0': PYTHONPATH=/home/soda/vla/ROS_action/build/action_executor_node/prefix_override:/usr/lib/python3/dist-packages/colcon_core/task/python/colcon_distutils_commands:/home/soda/vla/ROS_action/install/action_executor_node/lib/python3.10/site-packages:${PYTHONPATH} /usr/bin/python3 -W ignore:setup.py install is deprecated -W ignore:easy_install command is deprecated setup.py egg_info --egg-base ../../build/action_executor_node build --build-base /home/soda/vla/ROS_action/build/action_executor_node/build install --record /home/soda/vla/ROS_action/build/action_executor_node/install.log --single-version-externally-managed install_data
