[2.567s] Invoking command in '/home/soda/vla/ROS_action/build/ros_action_msgs': CMAKE_PREFIX_PATH=${CMAKE_PREFIX_PATH}:/home/soda/vla/ROS_action/install/vla_node:/home/soda/vla/ROS_action/install/omni_controller:/home/soda/vla/ROS_action/install/camera_sub:/home/soda/vla/ROS_action/install/camera_pub:/home/soda/vla/ROS_action/install/action_executor_node:/opt/ros/humble /usr/bin/cmake /home/soda/vla/ROS_action/src/ros_action_msgs -DCMAKE_INSTALL_PREFIX=/home/soda/vla/ROS_action/install/ros_action_msgs
[2.667s] -- The C compiler identification is GNU 11.4.0
[2.763s] -- The CXX compiler identification is GNU 11.4.0
[2.784s] -- Detecting C compiler ABI info
[2.908s] -- Detecting C compiler ABI info - done
[2.933s] -- Check for working C compiler: /usr/bin/cc - skipped
[2.934s] -- Detecting C compile features
[2.935s] -- Detecting C compile features - done
[2.947s] -- Detecting CXX compiler ABI info
[3.085s] -- Detecting CXX compiler ABI info - done
[3.086s] -- Check for working CXX compiler: /usr/bin/c++ - skipped
[3.094s] -- Detecting CXX compile features
[3.096s] -- Detecting CXX compile features - done
[3.101s] -- Found ament_cmake: 1.3.11 (/opt/ros/humble/share/ament_cmake/cmake)
[3.922s] -- Found Python3: /usr/bin/python3 (found version "3.10.12") found components: Interpreter 
[4.107s] -- Found std_msgs: 4.8.0 (/opt/ros/humble/share/std_msgs/cmake)
[4.179s] -- Found rosidl_generator_c: 3.1.6 (/opt/ros/humble/share/rosidl_generator_c/cmake)
[4.189s] -- Found rosidl_adapter: 3.1.6 (/opt/ros/humble/share/rosidl_adapter/cmake)
[4.213s] -- Found rosidl_generator_cpp: 3.1.6 (/opt/ros/humble/share/rosidl_generator_cpp/cmake)
[4.267s] -- Using all available rosidl_typesupport_c: rosidl_typesupport_fastrtps_c;rosidl_typesupport_introspection_c
[4.269s] -- Using all available rosidl_typesupport_cpp: rosidl_typesupport_fastrtps_cpp;rosidl_typesupport_introspection_cpp
[4.316s] -- Found geometry_msgs: 4.8.0 (/opt/ros/humble/share/geometry_msgs/cmake)
[4.343s] -- Found rosidl_default_generators: 1.2.0 (/opt/ros/humble/share/rosidl_default_generators/cmake)
[4.979s] -- Found ament_cmake_ros: 0.10.0 (/opt/ros/humble/share/ament_cmake_ros/cmake)
[5.957s] -- Using all available rosidl_typesupport_c: rosidl_typesupport_fastrtps_c;rosidl_typesupport_introspection_c
[6.369s] -- Using all available rosidl_typesupport_cpp: rosidl_typesupport_fastrtps_cpp;rosidl_typesupport_introspection_cpp
[6.439s] -- Found PythonInterp: /usr/bin/python3 (found suitable version "3.10.12", minimum required is "3.6") 
[6.446s] -- Found python_cmake_module: 0.10.0 (/opt/ros/humble/share/python_cmake_module/cmake)
[6.523s] -- Found PythonLibs: /usr/lib/aarch64-linux-gnu/libpython3.10.so (found suitable version "3.10.12", minimum required is "3.5") 
[6.523s] -- Using PYTHON_EXECUTABLE: /usr/bin/python3
[6.524s] -- Using PYTHON_INCLUDE_DIRS: /usr/include/python3.10
[6.524s] -- Using PYTHON_LIBRARIES: /usr/lib/aarch64-linux-gnu/libpython3.10.so
[6.584s] -- Found PythonExtra: .so  
[6.945s] -- Using numpy include directory: /home/soda/.local/lib/python3.10/site-packages/numpy/core/include
[6.994s] -- Found ament_lint_auto: 0.12.12 (/opt/ros/humble/share/ament_lint_auto/cmake)
[7.044s] -- Added test 'lint_cmake' to check CMake code style
[7.047s] -- Added test 'xmllint' to check XML markup files
[7.052s] -- Configuring done
[7.114s] -- Generating done
[7.131s] -- Build files have been written to: /home/soda/vla/ROS_action/build/ros_action_msgs
[7.150s] Invoked command in '/home/soda/vla/ROS_action/build/ros_action_msgs' returned '0': CMAKE_PREFIX_PATH=${CMAKE_PREFIX_PATH}:/home/soda/vla/ROS_action/install/vla_node:/home/soda/vla/ROS_action/install/omni_controller:/home/soda/vla/ROS_action/install/camera_sub:/home/soda/vla/ROS_action/install/camera_pub:/home/soda/vla/ROS_action/install/action_executor_node:/opt/ros/humble /usr/bin/cmake /home/soda/vla/ROS_action/src/ros_action_msgs -DCMAKE_INSTALL_PREFIX=/home/soda/vla/ROS_action/install/ros_action_msgs
[7.156s] Invoking command in '/home/soda/vla/ROS_action/build/ros_action_msgs': CMAKE_PREFIX_PATH=${CMAKE_PREFIX_PATH}:/home/soda/vla/ROS_action/install/vla_node:/home/soda/vla/ROS_action/install/omni_controller:/home/soda/vla/ROS_action/install/camera_sub:/home/soda/vla/ROS_action/install/camera_pub:/home/soda/vla/ROS_action/install/action_executor_node:/opt/ros/humble /usr/bin/cmake --build /home/soda/vla/ROS_action/build/ros_action_msgs -- -j8 -l8
[7.229s] [  3%] [34m[1mGenerating C code for ROS interfaces[0m
[7.247s] [  6%] [34m[1mGenerating C++ code for ROS interfaces[0m
[7.259s] [  6%] Built target ament_cmake_python_copy_ros_action_msgs
[7.696s] [  6%] Built target ros_action_msgs__cpp
[7.699s] [  9%] [32mBuilding C object CMakeFiles/ros_action_msgs__rosidl_generator_c.dir/rosidl_generator_c/ros_action_msgs/msg/detail/object_info__functions.c.o[0m
[7.712s] [ 19%] [34m[1mGenerating C++ type support dispatch for ROS interfaces[0m
[7.712s] [ 19%] [34m[1mGenerating C++ introspection for ROS interfaces[0m
[7.712s] [ 19%] [34m[1mGenerating C++ type support for eProsima Fast-RTPS[0m
[7.716s] running egg_info
[7.763s] creating ros_action_msgs.egg-info
[7.764s] writing ros_action_msgs.egg-info/PKG-INFO
[7.764s] writing dependency_links to ros_action_msgs.egg-info/dependency_links.txt
[7.765s] writing top-level names to ros_action_msgs.egg-info/top_level.txt
[7.780s] [ 22%] [32m[1mLinking C shared library libros_action_msgs__rosidl_generator_c.so[0m
[7.834s] [ 22%] Built target ros_action_msgs__rosidl_generator_c
[7.850s] [ 29%] [34m[1mGenerating C introspection for ROS interfaces[0m
[7.850s] [ 29%] [34m[1mGenerating C type support for eProsima Fast-RTPS[0m
[7.851s] [ 32%] [34m[1mGenerating C type support dispatch for ROS interfaces[0m
[7.986s] writing manifest file 'ros_action_msgs.egg-info/SOURCES.txt'
[8.124s] reading manifest file 'ros_action_msgs.egg-info/SOURCES.txt'
[8.126s] writing manifest file 'ros_action_msgs.egg-info/SOURCES.txt'
[8.132s] [ 35%] [32mBuilding CXX object CMakeFiles/ros_action_msgs__rosidl_typesupport_cpp.dir/rosidl_typesupport_cpp/ros_action_msgs/msg/object_info__type_support.cpp.o[0m
[8.164s] [ 38%] [32mBuilding CXX object CMakeFiles/ros_action_msgs__rosidl_typesupport_introspection_cpp.dir/rosidl_typesupport_introspection_cpp/ros_action_msgs/msg/detail/object_info__type_support.cpp.o[0m
[8.176s] [ 41%] [32mBuilding CXX object CMakeFiles/ros_action_msgs__rosidl_typesupport_fastrtps_cpp.dir/rosidl_typesupport_fastrtps_cpp/ros_action_msgs/msg/detail/dds_fastrtps/object_info__type_support.cpp.o[0m
[8.203s] [ 41%] Built target ament_cmake_python_build_ros_action_msgs_egg
[8.267s] [ 45%] [32mBuilding CXX object CMakeFiles/ros_action_msgs__rosidl_typesupport_c.dir/rosidl_typesupport_c/ros_action_msgs/msg/object_info__type_support.cpp.o[0m
[8.309s] [ 48%] [32mBuilding C object CMakeFiles/ros_action_msgs__rosidl_typesupport_introspection_c.dir/rosidl_typesupport_introspection_c/ros_action_msgs/msg/detail/object_info__type_support.c.o[0m
[8.312s] [ 51%] [32mBuilding CXX object CMakeFiles/ros_action_msgs__rosidl_typesupport_fastrtps_c.dir/rosidl_typesupport_fastrtps_c/ros_action_msgs/msg/detail/object_info__type_support_c.cpp.o[0m
[8.318s] [ 54%] [32m[1mLinking CXX shared library libros_action_msgs__rosidl_typesupport_c.so[0m
[8.363s] [ 58%] [32m[1mLinking C shared library libros_action_msgs__rosidl_typesupport_introspection_c.so[0m
[8.376s] [ 58%] Built target ros_action_msgs__rosidl_typesupport_c
[8.410s] [ 58%] Built target ros_action_msgs__rosidl_typesupport_introspection_c
[8.574s] [ 61%] [32m[1mLinking CXX shared library libros_action_msgs__rosidl_typesupport_cpp.so[0m
[8.632s] [ 61%] Built target ros_action_msgs__rosidl_typesupport_cpp
[8.795s] [ 64%] [32m[1mLinking CXX shared library libros_action_msgs__rosidl_typesupport_introspection_cpp.so[0m
[8.833s] [ 67%] [32m[1mLinking CXX shared library libros_action_msgs__rosidl_typesupport_fastrtps_cpp.so[0m
[8.891s] [ 70%] Built target ros_action_msgs__rosidl_typesupport_introspection_cpp
[8.891s] [ 70%] [32m[1mLinking CXX shared library libros_action_msgs__rosidl_typesupport_fastrtps_c.so[0m
[8.945s] [ 70%] Built target ros_action_msgs__rosidl_typesupport_fastrtps_cpp
[9.004s] [ 70%] Built target ros_action_msgs__rosidl_typesupport_fastrtps_c
[9.041s] [ 70%] Built target ros_action_msgs
[9.079s] [ 74%] [34m[1mGenerating Python code for ROS interfaces[0m
[9.608s] [ 74%] Built target ros_action_msgs__py
[9.647s] [ 77%] [32mBuilding C object CMakeFiles/ros_action_msgs__rosidl_generator_py.dir/rosidl_generator_py/ros_action_msgs/msg/_object_info_s.c.o[0m
[9.819s] [ 80%] [32m[1mLinking C shared library rosidl_generator_py/ros_action_msgs/libros_action_msgs__rosidl_generator_py.so[0m
[9.901s] [ 80%] Built target ros_action_msgs__rosidl_generator_py
[9.935s] [ 87%] [32mBuilding C object CMakeFiles/ros_action_msgs__rosidl_typesupport_introspection_c__pyext.dir/rosidl_generator_py/ros_action_msgs/_ros_action_msgs_s.ep.rosidl_typesupport_introspection_c.c.o[0m
[9.935s] [ 87%] [32mBuilding C object CMakeFiles/ros_action_msgs__rosidl_typesupport_fastrtps_c__pyext.dir/rosidl_generator_py/ros_action_msgs/_ros_action_msgs_s.ep.rosidl_typesupport_fastrtps_c.c.o[0m
[9.935s] [ 90%] [32mBuilding C object CMakeFiles/ros_action_msgs__rosidl_typesupport_c__pyext.dir/rosidl_generator_py/ros_action_msgs/_ros_action_msgs_s.ep.rosidl_typesupport_c.c.o[0m
[10.091s] [ 93%] [32m[1mLinking C shared library rosidl_generator_py/ros_action_msgs/ros_action_msgs_s__rosidl_typesupport_c.cpython-310-aarch64-linux-gnu.so[0m
[10.092s] [ 96%] [32m[1mLinking C shared library rosidl_generator_py/ros_action_msgs/ros_action_msgs_s__rosidl_typesupport_fastrtps_c.cpython-310-aarch64-linux-gnu.so[0m
[10.092s] [100%] [32m[1mLinking C shared library rosidl_generator_py/ros_action_msgs/ros_action_msgs_s__rosidl_typesupport_introspection_c.cpython-310-aarch64-linux-gnu.so[0m
[10.158s] [100%] Built target ros_action_msgs__rosidl_typesupport_c__pyext
[10.158s] [100%] Built target ros_action_msgs__rosidl_typesupport_introspection_c__pyext
[10.158s] [100%] Built target ros_action_msgs__rosidl_typesupport_fastrtps_c__pyext
[10.183s] Invoked command in '/home/soda/vla/ROS_action/build/ros_action_msgs' returned '0': CMAKE_PREFIX_PATH=${CMAKE_PREFIX_PATH}:/home/soda/vla/ROS_action/install/vla_node:/home/soda/vla/ROS_action/install/omni_controller:/home/soda/vla/ROS_action/install/camera_sub:/home/soda/vla/ROS_action/install/camera_pub:/home/soda/vla/ROS_action/install/action_executor_node:/opt/ros/humble /usr/bin/cmake --build /home/soda/vla/ROS_action/build/ros_action_msgs -- -j8 -l8
[10.204s] Invoking command in '/home/soda/vla/ROS_action/build/ros_action_msgs': CMAKE_PREFIX_PATH=${CMAKE_PREFIX_PATH}:/home/soda/vla/ROS_action/install/vla_node:/home/soda/vla/ROS_action/install/omni_controller:/home/soda/vla/ROS_action/install/camera_sub:/home/soda/vla/ROS_action/install/camera_pub:/home/soda/vla/ROS_action/install/action_executor_node:/opt/ros/humble /usr/bin/cmake --install /home/soda/vla/ROS_action/build/ros_action_msgs
[10.220s] -- Install configuration: ""
[10.220s] -- Installing: /home/soda/vla/ROS_action/install/ros_action_msgs/share/ament_index/resource_index/rosidl_interfaces/ros_action_msgs
[10.220s] -- Installing: /home/soda/vla/ROS_action/install/ros_action_msgs/include/ros_action_msgs/ros_action_msgs
[10.220s] -- Installing: /home/soda/vla/ROS_action/install/ros_action_msgs/include/ros_action_msgs/ros_action_msgs/msg
[10.221s] -- Installing: /home/soda/vla/ROS_action/install/ros_action_msgs/include/ros_action_msgs/ros_action_msgs/msg/detail
[10.221s] -- Installing: /home/soda/vla/ROS_action/install/ros_action_msgs/include/ros_action_msgs/ros_action_msgs/msg/detail/object_info__functions.h
[10.221s] -- Installing: /home/soda/vla/ROS_action/install/ros_action_msgs/include/ros_action_msgs/ros_action_msgs/msg/detail/object_info__type_support.h
[10.221s] -- Installing: /home/soda/vla/ROS_action/install/ros_action_msgs/include/ros_action_msgs/ros_action_msgs/msg/detail/object_info__struct.h
[10.222s] -- Installing: /home/soda/vla/ROS_action/install/ros_action_msgs/include/ros_action_msgs/ros_action_msgs/msg/detail/object_info__functions.c
[10.222s] -- Installing: /home/soda/vla/ROS_action/install/ros_action_msgs/include/ros_action_msgs/ros_action_msgs/msg/rosidl_generator_c__visibility_control.h
[10.222s] -- Installing: /home/soda/vla/ROS_action/install/ros_action_msgs/include/ros_action_msgs/ros_action_msgs/msg/object_info.h
[10.223s] -- Installing: /home/soda/vla/ROS_action/install/ros_action_msgs/share/ros_action_msgs/environment/library_path.sh
[10.223s] -- Installing: /home/soda/vla/ROS_action/install/ros_action_msgs/share/ros_action_msgs/environment/library_path.dsv
[10.223s] -- Installing: /home/soda/vla/ROS_action/install/ros_action_msgs/lib/libros_action_msgs__rosidl_generator_c.so
[10.224s] -- Set runtime path of "/home/soda/vla/ROS_action/install/ros_action_msgs/lib/libros_action_msgs__rosidl_generator_c.so" to ""
[10.224s] -- Up-to-date: /home/soda/vla/ROS_action/install/ros_action_msgs/include/ros_action_msgs/ros_action_msgs
[10.225s] -- Up-to-date: /home/soda/vla/ROS_action/install/ros_action_msgs/include/ros_action_msgs/ros_action_msgs/msg
[10.225s] -- Up-to-date: /home/soda/vla/ROS_action/install/ros_action_msgs/include/ros_action_msgs/ros_action_msgs/msg/detail
[10.225s] -- Installing: /home/soda/vla/ROS_action/install/ros_action_msgs/include/ros_action_msgs/ros_action_msgs/msg/detail/object_info__rosidl_typesupport_fastrtps_c.h
[10.225s] -- Installing: /home/soda/vla/ROS_action/install/ros_action_msgs/include/ros_action_msgs/ros_action_msgs/msg/rosidl_typesupport_fastrtps_c__visibility_control.h
[10.226s] -- Installing: /home/soda/vla/ROS_action/install/ros_action_msgs/lib/libros_action_msgs__rosidl_typesupport_fastrtps_c.so
[10.226s] -- Set runtime path of "/home/soda/vla/ROS_action/install/ros_action_msgs/lib/libros_action_msgs__rosidl_typesupport_fastrtps_c.so" to ""
[10.226s] -- Up-to-date: /home/soda/vla/ROS_action/install/ros_action_msgs/include/ros_action_msgs/ros_action_msgs
[10.226s] -- Up-to-date: /home/soda/vla/ROS_action/install/ros_action_msgs/include/ros_action_msgs/ros_action_msgs/msg
[10.226s] -- Up-to-date: /home/soda/vla/ROS_action/install/ros_action_msgs/include/ros_action_msgs/ros_action_msgs/msg/detail
[10.227s] -- Installing: /home/soda/vla/ROS_action/install/ros_action_msgs/include/ros_action_msgs/ros_action_msgs/msg/detail/object_info__traits.hpp
[10.227s] -- Installing: /home/soda/vla/ROS_action/install/ros_action_msgs/include/ros_action_msgs/ros_action_msgs/msg/detail/object_info__builder.hpp
[10.227s] -- Installing: /home/soda/vla/ROS_action/install/ros_action_msgs/include/ros_action_msgs/ros_action_msgs/msg/detail/object_info__struct.hpp
[10.227s] -- Installing: /home/soda/vla/ROS_action/install/ros_action_msgs/include/ros_action_msgs/ros_action_msgs/msg/detail/object_info__type_support.hpp
[10.227s] -- Installing: /home/soda/vla/ROS_action/install/ros_action_msgs/include/ros_action_msgs/ros_action_msgs/msg/object_info.hpp
[10.228s] -- Installing: /home/soda/vla/ROS_action/install/ros_action_msgs/include/ros_action_msgs/ros_action_msgs/msg/rosidl_generator_cpp__visibility_control.hpp
[10.228s] -- Up-to-date: /home/soda/vla/ROS_action/install/ros_action_msgs/include/ros_action_msgs/ros_action_msgs
[10.228s] -- Up-to-date: /home/soda/vla/ROS_action/install/ros_action_msgs/include/ros_action_msgs/ros_action_msgs/msg
[10.228s] -- Up-to-date: /home/soda/vla/ROS_action/install/ros_action_msgs/include/ros_action_msgs/ros_action_msgs/msg/detail
[10.228s] -- Installing: /home/soda/vla/ROS_action/install/ros_action_msgs/include/ros_action_msgs/ros_action_msgs/msg/detail/dds_fastrtps
[10.229s] -- Installing: /home/soda/vla/ROS_action/install/ros_action_msgs/include/ros_action_msgs/ros_action_msgs/msg/detail/object_info__rosidl_typesupport_fastrtps_cpp.hpp
[10.229s] -- Installing: /home/soda/vla/ROS_action/install/ros_action_msgs/include/ros_action_msgs/ros_action_msgs/msg/rosidl_typesupport_fastrtps_cpp__visibility_control.h
[10.229s] -- Installing: /home/soda/vla/ROS_action/install/ros_action_msgs/lib/libros_action_msgs__rosidl_typesupport_fastrtps_cpp.so
[10.229s] -- Set runtime path of "/home/soda/vla/ROS_action/install/ros_action_msgs/lib/libros_action_msgs__rosidl_typesupport_fastrtps_cpp.so" to ""
[10.229s] -- Up-to-date: /home/soda/vla/ROS_action/install/ros_action_msgs/include/ros_action_msgs/ros_action_msgs
[10.230s] -- Up-to-date: /home/soda/vla/ROS_action/install/ros_action_msgs/include/ros_action_msgs/ros_action_msgs/msg
[10.230s] -- Up-to-date: /home/soda/vla/ROS_action/install/ros_action_msgs/include/ros_action_msgs/ros_action_msgs/msg/detail
[10.230s] -- Installing: /home/soda/vla/ROS_action/install/ros_action_msgs/include/ros_action_msgs/ros_action_msgs/msg/detail/object_info__rosidl_typesupport_introspection_c.h
[10.230s] -- Installing: /home/soda/vla/ROS_action/install/ros_action_msgs/include/ros_action_msgs/ros_action_msgs/msg/detail/object_info__type_support.c
[10.230s] -- Installing: /home/soda/vla/ROS_action/install/ros_action_msgs/include/ros_action_msgs/ros_action_msgs/msg/rosidl_typesupport_introspection_c__visibility_control.h
[10.230s] -- Installing: /home/soda/vla/ROS_action/install/ros_action_msgs/lib/libros_action_msgs__rosidl_typesupport_introspection_c.so
[10.231s] -- Set runtime path of "/home/soda/vla/ROS_action/install/ros_action_msgs/lib/libros_action_msgs__rosidl_typesupport_introspection_c.so" to ""
[10.231s] -- Installing: /home/soda/vla/ROS_action/install/ros_action_msgs/lib/libros_action_msgs__rosidl_typesupport_c.so
[10.231s] -- Set runtime path of "/home/soda/vla/ROS_action/install/ros_action_msgs/lib/libros_action_msgs__rosidl_typesupport_c.so" to ""
[10.231s] -- Up-to-date: /home/soda/vla/ROS_action/install/ros_action_msgs/include/ros_action_msgs/ros_action_msgs
[10.231s] -- Up-to-date: /home/soda/vla/ROS_action/install/ros_action_msgs/include/ros_action_msgs/ros_action_msgs/msg
[10.232s] -- Up-to-date: /home/soda/vla/ROS_action/install/ros_action_msgs/include/ros_action_msgs/ros_action_msgs/msg/detail
[10.232s] -- Installing: /home/soda/vla/ROS_action/install/ros_action_msgs/include/ros_action_msgs/ros_action_msgs/msg/detail/object_info__type_support.cpp
[10.232s] -- Installing: /home/soda/vla/ROS_action/install/ros_action_msgs/include/ros_action_msgs/ros_action_msgs/msg/detail/object_info__rosidl_typesupport_introspection_cpp.hpp
[10.232s] -- Installing: /home/soda/vla/ROS_action/install/ros_action_msgs/lib/libros_action_msgs__rosidl_typesupport_introspection_cpp.so
[10.232s] -- Set runtime path of "/home/soda/vla/ROS_action/install/ros_action_msgs/lib/libros_action_msgs__rosidl_typesupport_introspection_cpp.so" to ""
[10.233s] -- Installing: /home/soda/vla/ROS_action/install/ros_action_msgs/lib/libros_action_msgs__rosidl_typesupport_cpp.so
[10.233s] -- Set runtime path of "/home/soda/vla/ROS_action/install/ros_action_msgs/lib/libros_action_msgs__rosidl_typesupport_cpp.so" to ""
[10.233s] -- Installing: /home/soda/vla/ROS_action/install/ros_action_msgs/share/ros_action_msgs/environment/pythonpath.sh
[10.233s] -- Installing: /home/soda/vla/ROS_action/install/ros_action_msgs/share/ros_action_msgs/environment/pythonpath.dsv
[10.234s] -- Installing: /home/soda/vla/ROS_action/install/ros_action_msgs/local/lib/python3.10/dist-packages/ros_action_msgs-0.0.0-py3.10.egg-info
[10.234s] -- Installing: /home/soda/vla/ROS_action/install/ros_action_msgs/local/lib/python3.10/dist-packages/ros_action_msgs-0.0.0-py3.10.egg-info/dependency_links.txt
[10.234s] -- Installing: /home/soda/vla/ROS_action/install/ros_action_msgs/local/lib/python3.10/dist-packages/ros_action_msgs-0.0.0-py3.10.egg-info/SOURCES.txt
[10.234s] -- Installing: /home/soda/vla/ROS_action/install/ros_action_msgs/local/lib/python3.10/dist-packages/ros_action_msgs-0.0.0-py3.10.egg-info/PKG-INFO
[10.235s] -- Installing: /home/soda/vla/ROS_action/install/ros_action_msgs/local/lib/python3.10/dist-packages/ros_action_msgs-0.0.0-py3.10.egg-info/top_level.txt
[10.235s] -- Installing: /home/soda/vla/ROS_action/install/ros_action_msgs/local/lib/python3.10/dist-packages/ros_action_msgs
[10.235s] -- Installing: /home/soda/vla/ROS_action/install/ros_action_msgs/local/lib/python3.10/dist-packages/ros_action_msgs/msg
[10.235s] -- Installing: /home/soda/vla/ROS_action/install/ros_action_msgs/local/lib/python3.10/dist-packages/ros_action_msgs/msg/_object_info.py
[10.235s] -- Installing: /home/soda/vla/ROS_action/install/ros_action_msgs/local/lib/python3.10/dist-packages/ros_action_msgs/msg/__init__.py
[10.236s] -- Installing: /home/soda/vla/ROS_action/install/ros_action_msgs/local/lib/python3.10/dist-packages/ros_action_msgs/msg/_object_info_s.c
[10.236s] -- Installing: /home/soda/vla/ROS_action/install/ros_action_msgs/local/lib/python3.10/dist-packages/ros_action_msgs/ros_action_msgs_s__rosidl_typesupport_fastrtps_c.cpython-310-aarch64-linux-gnu.so
[10.236s] -- Installing: /home/soda/vla/ROS_action/install/ros_action_msgs/local/lib/python3.10/dist-packages/ros_action_msgs/ros_action_msgs_s__rosidl_typesupport_introspection_c.cpython-310-aarch64-linux-gnu.so
[10.236s] -- Installing: /home/soda/vla/ROS_action/install/ros_action_msgs/local/lib/python3.10/dist-packages/ros_action_msgs/_ros_action_msgs_s.ep.rosidl_typesupport_fastrtps_c.c
[10.236s] -- Installing: /home/soda/vla/ROS_action/install/ros_action_msgs/local/lib/python3.10/dist-packages/ros_action_msgs/__init__.py
[10.237s] -- Installing: /home/soda/vla/ROS_action/install/ros_action_msgs/local/lib/python3.10/dist-packages/ros_action_msgs/_ros_action_msgs_s.ep.rosidl_typesupport_introspection_c.c
[10.237s] -- Installing: /home/soda/vla/ROS_action/install/ros_action_msgs/local/lib/python3.10/dist-packages/ros_action_msgs/_ros_action_msgs_s.ep.rosidl_typesupport_c.c
[10.237s] -- Installing: /home/soda/vla/ROS_action/install/ros_action_msgs/local/lib/python3.10/dist-packages/ros_action_msgs/libros_action_msgs__rosidl_generator_py.so
[10.238s] -- Installing: /home/soda/vla/ROS_action/install/ros_action_msgs/local/lib/python3.10/dist-packages/ros_action_msgs/ros_action_msgs_s__rosidl_typesupport_c.cpython-310-aarch64-linux-gnu.so
[10.310s] Listing '/home/soda/vla/ROS_action/install/ros_action_msgs/local/lib/python3.10/dist-packages/ros_action_msgs'...
[10.310s] Compiling '/home/soda/vla/ROS_action/install/ros_action_msgs/local/lib/python3.10/dist-packages/ros_action_msgs/__init__.py'...
[10.310s] Listing '/home/soda/vla/ROS_action/install/ros_action_msgs/local/lib/python3.10/dist-packages/ros_action_msgs/msg'...
[10.310s] Compiling '/home/soda/vla/ROS_action/install/ros_action_msgs/local/lib/python3.10/dist-packages/ros_action_msgs/msg/__init__.py'...
[10.311s] Compiling '/home/soda/vla/ROS_action/install/ros_action_msgs/local/lib/python3.10/dist-packages/ros_action_msgs/msg/_object_info.py'...
[10.320s] -- Installing: /home/soda/vla/ROS_action/install/ros_action_msgs/local/lib/python3.10/dist-packages/ros_action_msgs/ros_action_msgs_s__rosidl_typesupport_fastrtps_c.cpython-310-aarch64-linux-gnu.so
[10.320s] -- Set runtime path of "/home/soda/vla/ROS_action/install/ros_action_msgs/local/lib/python3.10/dist-packages/ros_action_msgs/ros_action_msgs_s__rosidl_typesupport_fastrtps_c.cpython-310-aarch64-linux-gnu.so" to ""
[10.321s] -- Installing: /home/soda/vla/ROS_action/install/ros_action_msgs/local/lib/python3.10/dist-packages/ros_action_msgs/ros_action_msgs_s__rosidl_typesupport_introspection_c.cpython-310-aarch64-linux-gnu.so
[10.321s] -- Set runtime path of "/home/soda/vla/ROS_action/install/ros_action_msgs/local/lib/python3.10/dist-packages/ros_action_msgs/ros_action_msgs_s__rosidl_typesupport_introspection_c.cpython-310-aarch64-linux-gnu.so" to ""
[10.321s] -- Installing: /home/soda/vla/ROS_action/install/ros_action_msgs/local/lib/python3.10/dist-packages/ros_action_msgs/ros_action_msgs_s__rosidl_typesupport_c.cpython-310-aarch64-linux-gnu.so
[10.321s] -- Set runtime path of "/home/soda/vla/ROS_action/install/ros_action_msgs/local/lib/python3.10/dist-packages/ros_action_msgs/ros_action_msgs_s__rosidl_typesupport_c.cpython-310-aarch64-linux-gnu.so" to ""
[10.322s] -- Installing: /home/soda/vla/ROS_action/install/ros_action_msgs/lib/libros_action_msgs__rosidl_generator_py.so
[10.322s] -- Set runtime path of "/home/soda/vla/ROS_action/install/ros_action_msgs/lib/libros_action_msgs__rosidl_generator_py.so" to ""
[10.322s] -- Installing: /home/soda/vla/ROS_action/install/ros_action_msgs/share/ros_action_msgs/msg/ObjectInfo.idl
[10.323s] -- Installing: /home/soda/vla/ROS_action/install/ros_action_msgs/share/ros_action_msgs/msg/ObjectInfo.msg
[10.323s] -- Installing: /home/soda/vla/ROS_action/install/ros_action_msgs/share/ament_index/resource_index/package_run_dependencies/ros_action_msgs
[10.323s] -- Installing: /home/soda/vla/ROS_action/install/ros_action_msgs/share/ament_index/resource_index/parent_prefix_path/ros_action_msgs
[10.324s] -- Installing: /home/soda/vla/ROS_action/install/ros_action_msgs/share/ros_action_msgs/environment/ament_prefix_path.sh
[10.324s] -- Installing: /home/soda/vla/ROS_action/install/ros_action_msgs/share/ros_action_msgs/environment/ament_prefix_path.dsv
[10.324s] -- Installing: /home/soda/vla/ROS_action/install/ros_action_msgs/share/ros_action_msgs/environment/path.sh
[10.324s] -- Installing: /home/soda/vla/ROS_action/install/ros_action_msgs/share/ros_action_msgs/environment/path.dsv
[10.325s] -- Installing: /home/soda/vla/ROS_action/install/ros_action_msgs/share/ros_action_msgs/local_setup.bash
[10.325s] -- Installing: /home/soda/vla/ROS_action/install/ros_action_msgs/share/ros_action_msgs/local_setup.sh
[10.325s] -- Installing: /home/soda/vla/ROS_action/install/ros_action_msgs/share/ros_action_msgs/local_setup.zsh
[10.326s] -- Installing: /home/soda/vla/ROS_action/install/ros_action_msgs/share/ros_action_msgs/local_setup.dsv
[10.326s] -- Installing: /home/soda/vla/ROS_action/install/ros_action_msgs/share/ros_action_msgs/package.dsv
[10.326s] -- Installing: /home/soda/vla/ROS_action/install/ros_action_msgs/share/ament_index/resource_index/packages/ros_action_msgs
[10.326s] -- Installing: /home/soda/vla/ROS_action/install/ros_action_msgs/share/ros_action_msgs/cmake/export_ros_action_msgs__rosidl_generator_cExport.cmake
[10.327s] -- Installing: /home/soda/vla/ROS_action/install/ros_action_msgs/share/ros_action_msgs/cmake/export_ros_action_msgs__rosidl_generator_cExport-noconfig.cmake
[10.327s] -- Installing: /home/soda/vla/ROS_action/install/ros_action_msgs/share/ros_action_msgs/cmake/export_ros_action_msgs__rosidl_typesupport_fastrtps_cExport.cmake
[10.327s] -- Installing: /home/soda/vla/ROS_action/install/ros_action_msgs/share/ros_action_msgs/cmake/export_ros_action_msgs__rosidl_typesupport_fastrtps_cExport-noconfig.cmake
[10.327s] -- Installing: /home/soda/vla/ROS_action/install/ros_action_msgs/share/ros_action_msgs/cmake/export_ros_action_msgs__rosidl_generator_cppExport.cmake
[10.328s] -- Installing: /home/soda/vla/ROS_action/install/ros_action_msgs/share/ros_action_msgs/cmake/export_ros_action_msgs__rosidl_typesupport_fastrtps_cppExport.cmake
[10.328s] -- Installing: /home/soda/vla/ROS_action/install/ros_action_msgs/share/ros_action_msgs/cmake/export_ros_action_msgs__rosidl_typesupport_fastrtps_cppExport-noconfig.cmake
[10.328s] -- Installing: /home/soda/vla/ROS_action/install/ros_action_msgs/share/ros_action_msgs/cmake/ros_action_msgs__rosidl_typesupport_introspection_cExport.cmake
[10.329s] -- Installing: /home/soda/vla/ROS_action/install/ros_action_msgs/share/ros_action_msgs/cmake/ros_action_msgs__rosidl_typesupport_introspection_cExport-noconfig.cmake
[10.329s] -- Installing: /home/soda/vla/ROS_action/install/ros_action_msgs/share/ros_action_msgs/cmake/ros_action_msgs__rosidl_typesupport_cExport.cmake
[10.329s] -- Installing: /home/soda/vla/ROS_action/install/ros_action_msgs/share/ros_action_msgs/cmake/ros_action_msgs__rosidl_typesupport_cExport-noconfig.cmake
[10.329s] -- Installing: /home/soda/vla/ROS_action/install/ros_action_msgs/share/ros_action_msgs/cmake/ros_action_msgs__rosidl_typesupport_introspection_cppExport.cmake
[10.330s] -- Installing: /home/soda/vla/ROS_action/install/ros_action_msgs/share/ros_action_msgs/cmake/ros_action_msgs__rosidl_typesupport_introspection_cppExport-noconfig.cmake
[10.330s] -- Installing: /home/soda/vla/ROS_action/install/ros_action_msgs/share/ros_action_msgs/cmake/ros_action_msgs__rosidl_typesupport_cppExport.cmake
[10.330s] -- Installing: /home/soda/vla/ROS_action/install/ros_action_msgs/share/ros_action_msgs/cmake/ros_action_msgs__rosidl_typesupport_cppExport-noconfig.cmake
[10.331s] -- Installing: /home/soda/vla/ROS_action/install/ros_action_msgs/share/ros_action_msgs/cmake/export_ros_action_msgs__rosidl_generator_pyExport.cmake
[10.331s] -- Installing: /home/soda/vla/ROS_action/install/ros_action_msgs/share/ros_action_msgs/cmake/export_ros_action_msgs__rosidl_generator_pyExport-noconfig.cmake
[10.331s] -- Installing: /home/soda/vla/ROS_action/install/ros_action_msgs/share/ros_action_msgs/cmake/rosidl_cmake-extras.cmake
[10.331s] -- Installing: /home/soda/vla/ROS_action/install/ros_action_msgs/share/ros_action_msgs/cmake/ament_cmake_export_dependencies-extras.cmake
[10.332s] -- Installing: /home/soda/vla/ROS_action/install/ros_action_msgs/share/ros_action_msgs/cmake/ament_cmake_export_include_directories-extras.cmake
[10.332s] -- Installing: /home/soda/vla/ROS_action/install/ros_action_msgs/share/ros_action_msgs/cmake/ament_cmake_export_libraries-extras.cmake
[10.332s] -- Installing: /home/soda/vla/ROS_action/install/ros_action_msgs/share/ros_action_msgs/cmake/ament_cmake_export_targets-extras.cmake
[10.332s] -- Installing: /home/soda/vla/ROS_action/install/ros_action_msgs/share/ros_action_msgs/cmake/rosidl_cmake_export_typesupport_targets-extras.cmake
[10.333s] -- Installing: /home/soda/vla/ROS_action/install/ros_action_msgs/share/ros_action_msgs/cmake/rosidl_cmake_export_typesupport_libraries-extras.cmake
[10.333s] -- Installing: /home/soda/vla/ROS_action/install/ros_action_msgs/share/ros_action_msgs/cmake/ros_action_msgsConfig.cmake
[10.333s] -- Installing: /home/soda/vla/ROS_action/install/ros_action_msgs/share/ros_action_msgs/cmake/ros_action_msgsConfig-version.cmake
[10.334s] -- Installing: /home/soda/vla/ROS_action/install/ros_action_msgs/share/ros_action_msgs/package.xml
[10.339s] Invoked command in '/home/soda/vla/ROS_action/build/ros_action_msgs' returned '0': CMAKE_PREFIX_PATH=${CMAKE_PREFIX_PATH}:/home/soda/vla/ROS_action/install/vla_node:/home/soda/vla/ROS_action/install/omni_controller:/home/soda/vla/ROS_action/install/camera_sub:/home/soda/vla/ROS_action/install/camera_pub:/home/soda/vla/ROS_action/install/action_executor_node:/opt/ros/humble /usr/bin/cmake --install /home/soda/vla/ROS_action/build/ros_action_msgs
