[2.317s] Invoking command in '/home/soda/serbot_ws/build/serbot2_stt': PYTHONPATH=/home/soda/serbot_ws/build/serbot2_stt/prefix_override:/usr/lib/python3/dist-packages/colcon_core/task/python/colcon_distutils_commands:/home/soda/serbot_ws/install/serbot2_stt/lib/python3.10/site-packages:${PYTHONPATH} /usr/bin/python3 -W ignore:setup.py install is deprecated -W ignore:easy_install command is deprecated setup.py develop --editable --build-directory /home/soda/serbot_ws/build/serbot2_stt/build --no-deps symlink_data
[3.110s] running develop
[3.662s] running egg_info
[3.662s] creating serbot2_stt.egg-info
[3.700s] writing serbot2_stt.egg-info/PKG-INFO
[3.700s] writing dependency_links to serbot2_stt.egg-info/dependency_links.txt
[3.701s] writing requirements to serbot2_stt.egg-info/requires.txt
[3.701s] writing top-level names to serbot2_stt.egg-info/top_level.txt
[3.704s] writing manifest file 'serbot2_stt.egg-info/SOURCES.txt'
[3.783s] reading manifest file 'serbot2_stt.egg-info/SOURCES.txt'
[3.784s] writing manifest file 'serbot2_stt.egg-info/SOURCES.txt'
[3.897s] running build_ext
[3.897s] Creating /home/soda/serbot_ws/install/serbot2_stt/lib/python3.10/site-packages/serbot2-stt.egg-link (link to .)
[3.899s] 
[3.899s] Installed /home/soda/serbot_ws/build/serbot2_stt
[3.899s] running symlink_data
[3.899s] creating /home/soda/serbot_ws/install/serbot2_stt/share/ament_index
[3.899s] creating /home/soda/serbot_ws/install/serbot2_stt/share/ament_index/resource_index
[3.899s] creating /home/soda/serbot_ws/install/serbot2_stt/share/ament_index/resource_index/packages
[3.899s] symbolically linking /home/soda/serbot_ws/build/serbot2_stt/resource/serbot2_stt -> /home/soda/serbot_ws/install/serbot2_stt/share/ament_index/resource_index/packages
[3.900s] symbolically linking /home/soda/serbot_ws/build/serbot2_stt/package.xml -> /home/soda/serbot_ws/install/serbot2_stt/share/serbot2_stt
[4.063s] Invoked command in '/home/soda/serbot_ws/build/serbot2_stt' returned '0': PYTHONPATH=/home/soda/serbot_ws/build/serbot2_stt/prefix_override:/usr/lib/python3/dist-packages/colcon_core/task/python/colcon_distutils_commands:/home/soda/serbot_ws/install/serbot2_stt/lib/python3.10/site-packages:${PYTHONPATH} /usr/bin/python3 -W ignore:setup.py install is deprecated -W ignore:easy_install command is deprecated setup.py develop --editable --build-directory /home/soda/serbot_ws/build/serbot2_stt/build --no-deps symlink_data
