[1.564s] Invoking command in '/home/soda/vla/ROS_action/src/object_pose': PYTHONPATH=/home/soda/vla/ROS_action/build/object_pose/prefix_override:/usr/lib/python3/dist-packages/colcon_core/task/python/colcon_distutils_commands:/home/soda/vla/ROS_action/install/object_pose/lib/python3.10/site-packages:${PYTHONPATH} /usr/bin/python3 -W ignore:setup.py install is deprecated -W ignore:easy_install command is deprecated setup.py egg_info --egg-base ../../build/object_pose build --build-base /home/soda/vla/ROS_action/build/object_pose/build install --record /home/soda/vla/ROS_action/build/object_pose/install.log --single-version-externally-managed install_data
[1.875s] /home/soda/.local/lib/python3.10/site-packages/setuptools/_distutils/dist.py:289: UserWarning: Unknown distribution option: 'tests_require'
[1.876s]   warnings.warn(msg)
[2.141s] running egg_info
[2.185s] writing ../../build/object_pose/object_pose.egg-info/PKG-INFO
[2.186s] writing dependency_links to ../../build/object_pose/object_pose.egg-info/dependency_links.txt
[2.186s] writing entry points to ../../build/object_pose/object_pose.egg-info/entry_points.txt
[2.187s] writing requirements to ../../build/object_pose/object_pose.egg-info/requires.txt
[2.187s] writing top-level names to ../../build/object_pose/object_pose.egg-info/top_level.txt
[2.490s] reading manifest file '../../build/object_pose/object_pose.egg-info/SOURCES.txt'
[2.494s] writing manifest file '../../build/object_pose/object_pose.egg-info/SOURCES.txt'
[2.494s] running build
[2.494s] running build_py
[2.494s] copying object_pose/cup_publisher.py -> /home/soda/vla/ROS_action/build/object_pose/build/lib/object_pose
[2.495s] copying object_pose/__init__.py -> /home/soda/vla/ROS_action/build/object_pose/build/lib/object_pose
[2.495s] copying object_pose/object_pose_publisher.py -> /home/soda/vla/ROS_action/build/object_pose/build/lib/object_pose
[2.496s] running install
[2.502s] running install_lib
[2.546s] copying /home/soda/vla/ROS_action/build/object_pose/build/lib/object_pose/object_pose_publisher.py -> /home/soda/vla/ROS_action/install/object_pose/lib/python3.10/site-packages/object_pose
[2.547s] byte-compiling /home/soda/vla/ROS_action/install/object_pose/lib/python3.10/site-packages/object_pose/object_pose_publisher.py to object_pose_publisher.cpython-310.pyc
[2.549s] running install_data
[2.549s] copying resource/object_pose -> /home/soda/vla/ROS_action/install/object_pose/share/ament_index/resource_index/packages
[2.549s] copying package.xml -> /home/soda/vla/ROS_action/install/object_pose/share/object_pose
[2.550s] copying resource/cup.png -> /home/soda/vla/ROS_action/install/object_pose/share/object_pose/resource
[2.552s] running install_egg_info
[2.598s] removing '/home/soda/vla/ROS_action/install/object_pose/lib/python3.10/site-packages/object_pose-0.0.0-py3.10.egg-info' (and everything under it)
[2.598s] Copying ../../build/object_pose/object_pose.egg-info to /home/soda/vla/ROS_action/install/object_pose/lib/python3.10/site-packages/object_pose-0.0.0-py3.10.egg-info
[2.600s] running install_scripts
[2.690s] Installing cup_publisher script to /home/soda/vla/ROS_action/install/object_pose/lib/object_pose
[2.690s] Installing object_pose_publisher script to /home/soda/vla/ROS_action/install/object_pose/lib/object_pose
[2.691s] writing list of installed files to '/home/soda/vla/ROS_action/build/object_pose/install.log'
[2.748s] Invoked command in '/home/soda/vla/ROS_action/src/object_pose' returned '0': PYTHONPATH=/home/soda/vla/ROS_action/build/object_pose/prefix_override:/usr/lib/python3/dist-packages/colcon_core/task/python/colcon_distutils_commands:/home/soda/vla/ROS_action/install/object_pose/lib/python3.10/site-packages:${PYTHONPATH} /usr/bin/python3 -W ignore:setup.py install is deprecated -W ignore:easy_install command is deprecated setup.py egg_info --egg-base ../../build/object_pose build --build-base /home/soda/vla/ROS_action/build/object_pose/build install --record /home/soda/vla/ROS_action/build/object_pose/install.log --single-version-externally-managed install_data
