[7.218s] Invoking command in '/home/soda/vla/ROS_action/src/camera_pub': CONDA_PROMPT_MODIFIER=(robovlms) PS1=(robovlms) %m%# PYTHONPATH=/home/soda/vla/ROS_action/build/camera_pub/prefix_override:/usr/lib/python3/dist-packages/colcon_core/task/python/colcon_distutils_commands:/home/soda/vla/ROS_action/install/camera_pub/lib/python3.10/site-packages:${PYTHONPATH} /usr/bin/python3 -W ignore:setup.py install is deprecated -W ignore:easy_install command is deprecated setup.py egg_info --egg-base ../../build/camera_pub build --build-base /home/soda/vla/ROS_action/build/camera_pub/build install --record /home/soda/vla/ROS_action/build/camera_pub/install.log --single-version-externally-managed install_data
[8.262s] running egg_info
[8.356s] writing ../../build/camera_pub/camera_pub.egg-info/PKG-INFO
[8.357s] writing dependency_links to ../../build/camera_pub/camera_pub.egg-info/dependency_links.txt
[8.358s] writing entry points to ../../build/camera_pub/camera_pub.egg-info/entry_points.txt
[8.358s] writing requirements to ../../build/camera_pub/camera_pub.egg-info/requires.txt
[8.358s] writing top-level names to ../../build/camera_pub/camera_pub.egg-info/top_level.txt
[8.461s] reading manifest file '../../build/camera_pub/camera_pub.egg-info/SOURCES.txt'
[8.463s] writing manifest file '../../build/camera_pub/camera_pub.egg-info/SOURCES.txt'
[8.464s] running build
[8.464s] running build_py
[8.465s] running install
[8.474s] running install_lib
[8.529s] running install_data
[8.529s] running install_egg_info
[8.574s] removing '/home/soda/vla/ROS_action/install/camera_pub/lib/python3.10/site-packages/camera_pub-0.0.0-py3.10.egg-info' (and everything under it)
[8.576s] Copying ../../build/camera_pub/camera_pub.egg-info to /home/soda/vla/ROS_action/install/camera_pub/lib/python3.10/site-packages/camera_pub-0.0.0-py3.10.egg-info
[8.578s] running install_scripts
[8.858s] Installing camera_publisher_node script to /home/soda/vla/ROS_action/install/camera_pub/lib/camera_pub
[8.860s] writing list of installed files to '/home/soda/vla/ROS_action/build/camera_pub/install.log'
