[0.447s] [34mcolcon[0m [1;30mDEBUG[0m [32mCommand line arguments: ['/usr/bin/colcon', 'build', '--symlink-install'][0m
[0.448s] [34mcolcon[0m [1;30mDEBUG[0m [32mParsed command line arguments: Namespace(log_base=None, log_level=None, verb_name='build', build_base='build', install_base='install', merge_install=False, symlink_install=True, test_result_base=None, continue_on_error=False, executor='parallel', parallel_workers=8, event_handlers=None, ignore_user_meta=False, metas=['./colcon.meta'], base_paths=['.'], packages_ignore=None, packages_ignore_regex=None, paths=None, packages_up_to=None, packages_up_to_regex=None, packages_above=None, packages_above_and_dependencies=None, packages_above_depth=None, packages_select_by_dep=None, packages_skip_by_dep=None, packages_skip_up_to=None, packages_select_build_failed=False, packages_skip_build_finished=False, packages_select_test_failures=False, packages_skip_test_passed=False, packages_select=None, packages_skip=None, packages_select_regex=None, packages_skip_regex=None, packages_start=None, packages_end=None, allow_overriding=[], cmake_args=None, cmake_target=None, cmake_target_skip_unavailable=False, cmake_clean_cache=False, cmake_clean_first=False, cmake_force_configure=False, ament_cmake_args=None, catkin_cmake_args=None, catkin_skip_building_tests=False, mixin_files=None, mixin=None, verb_parser=<colcon_mixin.mixin.mixin_argument.MixinArgumentDecorator object at 0xffff9c8948e0>, verb_extension=<colcon_core.verb.build.BuildVerb object at 0xffff9c9e68c0>, main=<bound method BuildVerb.main of <colcon_core.verb.build.BuildVerb object at 0xffff9c9e68c0>>, mixin_verb=('build',))[0m
[1.333s] [34mcolcon.colcon_core.package_discovery[0m [1;30mLevel 1[0m discover_packages(colcon_meta) check parameters
[1.333s] [34mcolcon.colcon_core.package_discovery[0m [1;30mLevel 1[0m discover_packages(recursive) check parameters
[1.334s] [34mcolcon.colcon_core.package_discovery[0m [1;30mLevel 1[0m discover_packages(ignore) check parameters
[1.334s] [34mcolcon.colcon_core.package_discovery[0m [1;30mLevel 1[0m discover_packages(path) check parameters
[1.334s] [34mcolcon.colcon_core.package_discovery[0m [1;30mLevel 1[0m discover_packages(colcon_meta) discover
[1.335s] [34mcolcon.colcon_core.package_discovery[0m [1;30mLevel 1[0m discover_packages(recursive) discover
[1.335s] [34mcolcon.colcon_core.package_discovery[0m [1;30mINFO[0m Crawling recursively for packages in '/home/soda/serbot_ws'
[1.335s] [34mcolcon.colcon_core.package_identification[0m [1;30mLevel 1[0m _identify(.) by extensions ['ignore', 'ignore_ament_install']
[1.336s] [34mcolcon.colcon_core.package_identification[0m [1;30mLevel 1[0m _identify(.) by extension 'ignore'
[1.336s] [34mcolcon.colcon_core.package_identification[0m [1;30mLevel 1[0m _identify(.) by extension 'ignore_ament_install'
[1.337s] [34mcolcon.colcon_core.package_identification[0m [1;30mLevel 1[0m _identify(.) by extensions ['colcon_pkg']
[1.337s] [34mcolcon.colcon_core.package_identification[0m [1;30mLevel 1[0m _identify(.) by extension 'colcon_pkg'
[1.337s] [34mcolcon.colcon_core.package_identification[0m [1;30mLevel 1[0m _identify(.) by extensions ['colcon_meta']
[1.337s] [34mcolcon.colcon_core.package_identification[0m [1;30mLevel 1[0m _identify(.) by extension 'colcon_meta'
[1.338s] [34mcolcon.colcon_core.package_identification[0m [1;30mLevel 1[0m _identify(.) by extensions ['ros']
[1.338s] [34mcolcon.colcon_core.package_identification[0m [1;30mLevel 1[0m _identify(.) by extension 'ros'
[1.365s] [34mcolcon.colcon_core.package_identification[0m [1;30mLevel 1[0m _identify(.) by extensions ['cmake', 'python']
[1.365s] [34mcolcon.colcon_core.package_identification[0m [1;30mLevel 1[0m _identify(.) by extension 'cmake'
[1.366s] [34mcolcon.colcon_core.package_identification[0m [1;30mLevel 1[0m _identify(.) by extension 'python'
[1.366s] [34mcolcon.colcon_core.package_identification[0m [1;30mLevel 1[0m _identify(.) by extensions ['python_setup_py']
[1.366s] [34mcolcon.colcon_core.package_identification[0m [1;30mLevel 1[0m _identify(.) by extension 'python_setup_py'
[1.367s] [34mcolcon.colcon_core.package_identification[0m [1;30mLevel 1[0m _identify(build) by extensions ['ignore', 'ignore_ament_install']
[1.367s] [34mcolcon.colcon_core.package_identification[0m [1;30mLevel 1[0m _identify(build) by extension 'ignore'
[1.367s] [34mcolcon.colcon_core.package_identification[0m [1;30mLevel 1[0m _identify(build) ignored
[1.368s] [34mcolcon.colcon_core.package_identification[0m [1;30mLevel 1[0m _identify(install) by extensions ['ignore', 'ignore_ament_install']
[1.368s] [34mcolcon.colcon_core.package_identification[0m [1;30mLevel 1[0m _identify(install) by extension 'ignore'
[1.369s] [34mcolcon.colcon_core.package_identification[0m [1;30mLevel 1[0m _identify(install) ignored
[1.369s] [34mcolcon.colcon_core.package_identification[0m [1;30mLevel 1[0m _identify(log) by extensions ['ignore', 'ignore_ament_install']
[1.369s] [34mcolcon.colcon_core.package_identification[0m [1;30mLevel 1[0m _identify(log) by extension 'ignore'
[1.370s] [34mcolcon.colcon_core.package_identification[0m [1;30mLevel 1[0m _identify(log) ignored
[1.370s] [34mcolcon.colcon_core.package_identification[0m [1;30mLevel 1[0m _identify(src) by extensions ['ignore', 'ignore_ament_install']
[1.370s] [34mcolcon.colcon_core.package_identification[0m [1;30mLevel 1[0m _identify(src) by extension 'ignore'
[1.371s] [34mcolcon.colcon_core.package_identification[0m [1;30mLevel 1[0m _identify(src) by extension 'ignore_ament_install'
[1.371s] [34mcolcon.colcon_core.package_identification[0m [1;30mLevel 1[0m _identify(src) by extensions ['colcon_pkg']
[1.371s] [34mcolcon.colcon_core.package_identification[0m [1;30mLevel 1[0m _identify(src) by extension 'colcon_pkg'
[1.372s] [34mcolcon.colcon_core.package_identification[0m [1;30mLevel 1[0m _identify(src) by extensions ['colcon_meta']
[1.372s] [34mcolcon.colcon_core.package_identification[0m [1;30mLevel 1[0m _identify(src) by extension 'colcon_meta'
[1.372s] [34mcolcon.colcon_core.package_identification[0m [1;30mLevel 1[0m _identify(src) by extensions ['ros']
[1.372s] [34mcolcon.colcon_core.package_identification[0m [1;30mLevel 1[0m _identify(src) by extension 'ros'
[1.373s] [34mcolcon.colcon_core.package_identification[0m [1;30mLevel 1[0m _identify(src) by extensions ['cmake', 'python']
[1.373s] [34mcolcon.colcon_core.package_identification[0m [1;30mLevel 1[0m _identify(src) by extension 'cmake'
[1.373s] [34mcolcon.colcon_core.package_identification[0m [1;30mLevel 1[0m _identify(src) by extension 'python'
[1.374s] [34mcolcon.colcon_core.package_identification[0m [1;30mLevel 1[0m _identify(src) by extensions ['python_setup_py']
[1.374s] [34mcolcon.colcon_core.package_identification[0m [1;30mLevel 1[0m _identify(src) by extension 'python_setup_py'
[1.374s] [34mcolcon.colcon_core.package_identification[0m [1;30mLevel 1[0m _identify(src/serbot2_stt) by extensions ['ignore', 'ignore_ament_install']
[1.375s] [34mcolcon.colcon_core.package_identification[0m [1;30mLevel 1[0m _identify(src/serbot2_stt) by extension 'ignore'
[1.375s] [34mcolcon.colcon_core.package_identification[0m [1;30mLevel 1[0m _identify(src/serbot2_stt) by extension 'ignore_ament_install'
[1.375s] [34mcolcon.colcon_core.package_identification[0m [1;30mLevel 1[0m _identify(src/serbot2_stt) by extensions ['colcon_pkg']
[1.376s] [34mcolcon.colcon_core.package_identification[0m [1;30mLevel 1[0m _identify(src/serbot2_stt) by extension 'colcon_pkg'
[1.376s] [34mcolcon.colcon_core.package_identification[0m [1;30mLevel 1[0m _identify(src/serbot2_stt) by extensions ['colcon_meta']
[1.376s] [34mcolcon.colcon_core.package_identification[0m [1;30mLevel 1[0m _identify(src/serbot2_stt) by extension 'colcon_meta'
[1.377s] [34mcolcon.colcon_core.package_identification[0m [1;30mLevel 1[0m _identify(src/serbot2_stt) by extensions ['ros']
[1.377s] [34mcolcon.colcon_core.package_identification[0m [1;30mLevel 1[0m _identify(src/serbot2_stt) by extension 'ros'
[1.382s] [34mcolcon.colcon_core.package_identification[0m [1;30mDEBUG[0m [32mPackage 'src/serbot2_stt' with type 'ros.ament_python' and name 'serbot2_stt'[0m
[1.383s] [34mcolcon.colcon_core.package_discovery[0m [1;30mLevel 1[0m discover_packages(recursive) using defaults
[1.383s] [34mcolcon.colcon_core.package_discovery[0m [1;30mLevel 1[0m discover_packages(ignore) discover
[1.383s] [34mcolcon.colcon_core.package_discovery[0m [1;30mLevel 1[0m discover_packages(ignore) using defaults
[1.384s] [34mcolcon.colcon_core.package_discovery[0m [1;30mLevel 1[0m discover_packages(path) discover
[1.384s] [34mcolcon.colcon_core.package_discovery[0m [1;30mLevel 1[0m discover_packages(path) using defaults
[1.414s] [34mcolcon.colcon_core.package_discovery[0m [1;30mLevel 1[0m discover_packages(prefix_path) check parameters
[1.416s] [34mcolcon.colcon_core.package_discovery[0m [1;30mLevel 1[0m discover_packages(prefix_path) discover
[1.418s] [34mcolcon.colcon_ros.prefix_path.ament[0m [1;30mWARNING[0m [33mThe path '/home/soda/serbot_ws/install/serbo2_stt' in the environment variable AMENT_PREFIX_PATH doesn't exist[0m
[1.421s] [34mcolcon.colcon_installed_package_information.package_discovery[0m [1;30mDEBUG[0m [32mFound 1 installed packages in /home/soda/serbot_ws/install[0m
[1.422s] [34mcolcon.colcon_installed_package_information.package_discovery[0m [1;30mDEBUG[0m [32mFound 167 installed packages in /opt/ros/humble[0m
[1.424s] [34mcolcon.colcon_core.package_discovery[0m [1;30mLevel 1[0m discover_packages(prefix_path) using defaults
[1.477s] [34mcolcon.colcon_core.verb[0m [1;30mLevel 5[0m set package 'serbot2_stt' build argument 'cmake_args' from command line to 'None'
[1.478s] [34mcolcon.colcon_core.verb[0m [1;30mLevel 5[0m set package 'serbot2_stt' build argument 'cmake_target' from command line to 'None'
[1.478s] [34mcolcon.colcon_core.verb[0m [1;30mLevel 5[0m set package 'serbot2_stt' build argument 'cmake_target_skip_unavailable' from command line to 'False'
[1.478s] [34mcolcon.colcon_core.verb[0m [1;30mLevel 5[0m set package 'serbot2_stt' build argument 'cmake_clean_cache' from command line to 'False'
[1.479s] [34mcolcon.colcon_core.verb[0m [1;30mLevel 5[0m set package 'serbot2_stt' build argument 'cmake_clean_first' from command line to 'False'
[1.479s] [34mcolcon.colcon_core.verb[0m [1;30mLevel 5[0m set package 'serbot2_stt' build argument 'cmake_force_configure' from command line to 'False'
[1.479s] [34mcolcon.colcon_core.verb[0m [1;30mLevel 5[0m set package 'serbot2_stt' build argument 'ament_cmake_args' from command line to 'None'
[1.479s] [34mcolcon.colcon_core.verb[0m [1;30mLevel 5[0m set package 'serbot2_stt' build argument 'catkin_cmake_args' from command line to 'None'
[1.480s] [34mcolcon.colcon_core.verb[0m [1;30mLevel 5[0m set package 'serbot2_stt' build argument 'catkin_skip_building_tests' from command line to 'False'
[1.480s] [34mcolcon.colcon_core.verb[0m [1;30mDEBUG[0m [32mBuilding package 'serbot2_stt' with the following arguments: {'ament_cmake_args': None, 'build_base': '/home/soda/serbot_ws/build/serbot2_stt', 'catkin_cmake_args': None, 'catkin_skip_building_tests': False, 'cmake_args': None, 'cmake_clean_cache': False, 'cmake_clean_first': False, 'cmake_force_configure': False, 'cmake_target': None, 'cmake_target_skip_unavailable': False, 'install_base': '/home/soda/serbot_ws/install/serbot2_stt', 'merge_install': False, 'path': '/home/soda/serbot_ws/src/serbot2_stt', 'symlink_install': True, 'test_result_base': None}[0m
[1.481s] [34mcolcon.colcon_core.executor[0m [1;30mINFO[0m Executing jobs using 'parallel' executor
[1.510s] [34mcolcon.colcon_parallel_executor.executor.parallel[0m [1;30mDEBUG[0m [32mrun_until_complete[0m
[1.511s] [34mcolcon.colcon_ros.task.ament_python.build[0m [1;30mINFO[0m Building ROS package in '/home/soda/serbot_ws/src/serbot2_stt' with build type 'ament_python'
[1.512s] [34mcolcon.colcon_core.shell[0m [1;30mLevel 1[0m create_environment_hook('serbot2_stt', 'ament_prefix_path')
[1.515s] [34mcolcon.colcon_core.plugin_system[0m [1;30mINFO[0m Skipping extension 'colcon_core.shell.bat': Not used on non-Windows systems
[1.516s] [34mcolcon.colcon_core.shell[0m [1;30mINFO[0m Creating environment hook '/home/soda/serbot_ws/install/serbot2_stt/share/serbot2_stt/hook/ament_prefix_path.ps1'
[1.518s] [34mcolcon.colcon_core.shell[0m [1;30mINFO[0m Creating environment descriptor '/home/soda/serbot_ws/install/serbot2_stt/share/serbot2_stt/hook/ament_prefix_path.dsv'
[1.519s] [34mcolcon.colcon_core.shell[0m [1;30mINFO[0m Creating environment hook '/home/soda/serbot_ws/install/serbot2_stt/share/serbot2_stt/hook/ament_prefix_path.sh'
[1.520s] [34mcolcon.colcon_core.shell[0m [1;30mINFO[0m Skip shell extension 'powershell' for command environment: Not usable outside of PowerShell
[1.520s] [34mcolcon.colcon_core.shell[0m [1;30mDEBUG[0m [32mSkip shell extension 'dsv' for command environment[0m
[2.493s] [34mcolcon.colcon_core.task.python.build[0m [1;30mINFO[0m Building Python package in '/home/soda/serbot_ws/src/serbot2_stt'
[2.494s] [34mcolcon.colcon_core.shell[0m [1;30mINFO[0m Skip shell extension 'powershell' for command environment: Not usable outside of PowerShell
[2.494s] [34mcolcon.colcon_core.shell[0m [1;30mDEBUG[0m [32mSkip shell extension 'dsv' for command environment[0m
[4.419s] [34mcolcon.colcon_core.event_handler.log_command[0m [1;30mDEBUG[0m [32mInvoking command in '/home/soda/serbot_ws/build/serbot2_stt': PYTHONPATH=/home/soda/serbot_ws/build/serbot2_stt/prefix_override:/usr/lib/python3/dist-packages/colcon_core/task/python/colcon_distutils_commands:/home/soda/serbot_ws/install/serbot2_stt/lib/python3.10/site-packages:${PYTHONPATH} /usr/bin/python3 -W ignore:setup.py install is deprecated -W ignore:easy_install command is deprecated setup.py develop --editable --build-directory /home/soda/serbot_ws/build/serbot2_stt/build --no-deps symlink_data[0m
[6.373s] [34mcolcon.colcon_core.shell[0m [1;30mLevel 1[0m create_environment_hook('serbot2_stt', 'pythonpath_develop')
[6.374s] [34mcolcon.colcon_core.shell[0m [1;30mINFO[0m Creating environment hook '/home/soda/serbot_ws/build/serbot2_stt/share/serbot2_stt/hook/pythonpath_develop.ps1'
[6.375s] [34mcolcon.colcon_core.shell[0m [1;30mINFO[0m Creating environment descriptor '/home/soda/serbot_ws/build/serbot2_stt/share/serbot2_stt/hook/pythonpath_develop.dsv'
[6.376s] [34mcolcon.colcon_core.shell[0m [1;30mINFO[0m Creating environment hook '/home/soda/serbot_ws/build/serbot2_stt/share/serbot2_stt/hook/pythonpath_develop.sh'
[6.380s] [34mcolcon.colcon_core.environment[0m [1;30mLevel 1[0m checking '/home/soda/serbot_ws/install/serbot2_stt' for CMake module files
[6.381s] [34mcolcon.colcon_core.event_handler.log_command[0m [1;30mDEBUG[0m [32mInvoked command in '/home/soda/serbot_ws/build/serbot2_stt' returned '0': PYTHONPATH=/home/soda/serbot_ws/build/serbot2_stt/prefix_override:/usr/lib/python3/dist-packages/colcon_core/task/python/colcon_distutils_commands:/home/soda/serbot_ws/install/serbot2_stt/lib/python3.10/site-packages:${PYTHONPATH} /usr/bin/python3 -W ignore:setup.py install is deprecated -W ignore:easy_install command is deprecated setup.py develop --editable --build-directory /home/soda/serbot_ws/build/serbot2_stt/build --no-deps symlink_data[0m
[6.382s] [34mcolcon.colcon_core.environment[0m [1;30mLevel 1[0m checking '/home/soda/serbot_ws/install/serbot2_stt' for CMake config files
[6.383s] [34mcolcon.colcon_core.environment[0m [1;30mLevel 1[0m checking '/home/soda/serbot_ws/install/serbot2_stt/lib'
[6.384s] [34mcolcon.colcon_core.environment[0m [1;30mLevel 1[0m checking '/home/soda/serbot_ws/install/serbot2_stt/bin'
[6.384s] [34mcolcon.colcon_core.environment[0m [1;30mLevel 1[0m checking '/home/soda/serbot_ws/install/serbot2_stt/lib/pkgconfig/serbot2_stt.pc'
[6.385s] [34mcolcon.colcon_core.environment[0m [1;30mLevel 1[0m checking '/home/soda/serbot_ws/install/serbot2_stt/lib/python3.10/site-packages'
[6.385s] [34mcolcon.colcon_core.shell[0m [1;30mLevel 1[0m create_environment_hook('serbot2_stt', 'pythonpath')
[6.385s] [34mcolcon.colcon_core.shell[0m [1;30mINFO[0m Creating environment hook '/home/soda/serbot_ws/install/serbot2_stt/share/serbot2_stt/hook/pythonpath.ps1'
[6.386s] [34mcolcon.colcon_core.shell[0m [1;30mINFO[0m Creating environment descriptor '/home/soda/serbot_ws/install/serbot2_stt/share/serbot2_stt/hook/pythonpath.dsv'
[6.389s] [34mcolcon.colcon_core.shell[0m [1;30mINFO[0m Creating environment hook '/home/soda/serbot_ws/install/serbot2_stt/share/serbot2_stt/hook/pythonpath.sh'
[6.390s] [34mcolcon.colcon_core.environment[0m [1;30mLevel 1[0m checking '/home/soda/serbot_ws/install/serbot2_stt/bin'
[6.391s] [34mcolcon.colcon_core.environment[0m [1;30mLevel 1[0m create_environment_scripts_only(serbot2_stt)
[6.392s] [34mcolcon.colcon_core.shell[0m [1;30mINFO[0m Creating package script '/home/soda/serbot_ws/install/serbot2_stt/share/serbot2_stt/package.ps1'
[6.396s] [34mcolcon.colcon_core.shell[0m [1;30mINFO[0m Creating package descriptor '/home/soda/serbot_ws/install/serbot2_stt/share/serbot2_stt/package.dsv'
[6.406s] [34mcolcon.colcon_core.shell[0m [1;30mINFO[0m Creating package script '/home/soda/serbot_ws/install/serbot2_stt/share/serbot2_stt/package.sh'
[6.407s] [34mcolcon.colcon_core.shell[0m [1;30mINFO[0m Creating package script '/home/soda/serbot_ws/install/serbot2_stt/share/serbot2_stt/package.bash'
[6.408s] [34mcolcon.colcon_core.shell[0m [1;30mINFO[0m Creating package script '/home/soda/serbot_ws/install/serbot2_stt/share/serbot2_stt/package.zsh'
[6.410s] [34mcolcon.colcon_core.environment[0m [1;30mLevel 1[0m create_file_with_runtime_dependencies(/home/soda/serbot_ws/install/serbot2_stt/share/colcon-core/packages/serbot2_stt)
[6.412s] [34mcolcon.colcon_parallel_executor.executor.parallel[0m [1;30mDEBUG[0m [32mclosing loop[0m
[6.412s] [34mcolcon.colcon_parallel_executor.executor.parallel[0m [1;30mDEBUG[0m [32mloop closed[0m
[6.413s] [34mcolcon.colcon_parallel_executor.executor.parallel[0m [1;30mDEBUG[0m [32mrun_until_complete finished with '0'[0m
[6.413s] [34mcolcon.colcon_core.event_reactor[0m [1;30mDEBUG[0m [32mjoining thread[0m
[6.422s] [34mcolcon.colcon_core.plugin_system[0m [1;30mINFO[0m Skipping extension 'colcon_notification.desktop_notification.terminal_notifier': Not used on non-Darwin systems
[6.423s] [34mcolcon.colcon_core.plugin_system[0m [1;30mINFO[0m Skipping extension 'colcon_notification.desktop_notification.win32': Not used on non-Windows systems
[6.423s] [34mcolcon.colcon_notification.desktop_notification[0m [1;30mINFO[0m Sending desktop notification using 'notify2'
[6.608s] [34mcolcon.colcon_core.event_reactor[0m [1;30mDEBUG[0m [32mjoined thread[0m
[6.609s] [34mcolcon.colcon_core.shell[0m [1;30mINFO[0m Creating prefix script '/home/soda/serbot_ws/install/local_setup.ps1'
[6.611s] [34mcolcon.colcon_core.shell[0m [1;30mINFO[0m Creating prefix util module '/home/soda/serbot_ws/install/_local_setup_util_ps1.py'
[6.613s] [34mcolcon.colcon_core.shell[0m [1;30mINFO[0m Creating prefix chain script '/home/soda/serbot_ws/install/setup.ps1'
[6.615s] [34mcolcon.colcon_core.shell[0m [1;30mINFO[0m Creating prefix script '/home/soda/serbot_ws/install/local_setup.sh'
[6.616s] [34mcolcon.colcon_core.shell[0m [1;30mINFO[0m Creating prefix util module '/home/soda/serbot_ws/install/_local_setup_util_sh.py'
[6.618s] [34mcolcon.colcon_core.shell[0m [1;30mINFO[0m Creating prefix chain script '/home/soda/serbot_ws/install/setup.sh'
[6.620s] [34mcolcon.colcon_core.shell[0m [1;30mINFO[0m Creating prefix script '/home/soda/serbot_ws/install/local_setup.bash'
[6.621s] [34mcolcon.colcon_core.shell[0m [1;30mINFO[0m Creating prefix chain script '/home/soda/serbot_ws/install/setup.bash'
[6.629s] [34mcolcon.colcon_core.shell[0m [1;30mINFO[0m Creating prefix script '/home/soda/serbot_ws/install/local_setup.zsh'
[6.632s] [34mcolcon.colcon_core.shell[0m [1;30mINFO[0m Creating prefix chain script '/home/soda/serbot_ws/install/setup.zsh'
