[8.040s] Invoking command in '/home/soda/vla/ROS_action/src/action_executor_node': CONDA_PROMPT_MODIFIER=(robovlms) PS1=(robovlms) %m%# PYTHONPATH=/home/soda/vla/ROS_action/build/action_executor_node/prefix_override:/usr/lib/python3/dist-packages/colcon_core/task/python/colcon_distutils_commands:/home/soda/vla/ROS_action/install/action_executor_node/lib/python3.10/site-packages:${PYTHONPATH} /usr/bin/python3 -W ignore:setup.py install is deprecated -W ignore:easy_install command is deprecated setup.py egg_info --egg-base ../../build/action_executor_node build --build-base /home/soda/vla/ROS_action/build/action_executor_node/build install --record /home/soda/vla/ROS_action/build/action_executor_node/install.log --single-version-externally-managed install_data
[9.563s] running egg_info
[9.608s] writing ../../build/action_executor_node/action_executor_node.egg-info/PKG-INFO
[9.609s] writing dependency_links to ../../build/action_executor_node/action_executor_node.egg-info/dependency_links.txt
[9.610s] writing entry points to ../../build/action_executor_node/action_executor_node.egg-info/entry_points.txt
[9.612s] writing requirements to ../../build/action_executor_node/action_executor_node.egg-info/requires.txt
[9.613s] writing top-level names to ../../build/action_executor_node/action_executor_node.egg-info/top_level.txt
[9.697s] reading manifest file '../../build/action_executor_node/action_executor_node.egg-info/SOURCES.txt'
[9.699s] writing manifest file '../../build/action_executor_node/action_executor_node.egg-info/SOURCES.txt'
[9.700s] running build
[9.700s] running build_py
[9.701s] running install
[9.711s] running install_lib
[9.755s] running install_data
[9.756s] running install_egg_info
[9.805s] removing '/home/soda/vla/ROS_action/install/action_executor_node/lib/python3.10/site-packages/action_executor_node-0.0.0-py3.10.egg-info' (and everything under it)
[9.808s] Copying ../../build/action_executor_node/action_executor_node.egg-info to /home/soda/vla/ROS_action/install/action_executor_node/lib/python3.10/site-packages/action_executor_node-0.0.0-py3.10.egg-info
[9.838s] running install_scripts
[9.993s] Installing action_executor_node script to /home/soda/vla/ROS_action/install/action_executor_node/lib/action_executor_node
[9.995s] writing list of installed files to '/home/soda/vla/ROS_action/build/action_executor_node/install.log'
