/home/soda/.local/lib/python3.10/site-packages/setuptools/_distutils/dist.py:289: UserWarning: Unknown distribution option: 'tests_require'
  warnings.warn(msg)
running egg_info
writing ../../build/camera_sub/camera_sub.egg-info/PKG-INFO
writing dependency_links to ../../build/camera_sub/camera_sub.egg-info/dependency_links.txt
writing entry points to ../../build/camera_sub/camera_sub.egg-info/entry_points.txt
writing requirements to ../../build/camera_sub/camera_sub.egg-info/requires.txt
writing top-level names to ../../build/camera_sub/camera_sub.egg-info/top_level.txt
reading manifest file '../../build/camera_sub/camera_sub.egg-info/SOURCES.txt'
writing manifest file '../../build/camera_sub/camera_sub.egg-info/SOURCES.txt'
running build
running build_py
copying camera_sub/__init__.py -> /home/soda/vla/ROS_action/build/camera_sub/build/lib/camera_sub
copying camera_sub/camera_subscriber_node.py -> /home/soda/vla/ROS_action/build/camera_sub/build/lib/camera_sub
running install
running install_lib
running install_data
copying resource/camera_sub -> /home/soda/vla/ROS_action/install/camera_sub/share/ament_index/resource_index/packages
copying package.xml -> /home/soda/vla/ROS_action/install/camera_sub/share/camera_sub
running install_egg_info
removing '/home/soda/vla/ROS_action/install/camera_sub/lib/python3.10/site-packages/camera_sub-0.0.0-py3.10.egg-info' (and everything under it)
Copying ../../build/camera_sub/camera_sub.egg-info to /home/soda/vla/ROS_action/install/camera_sub/lib/python3.10/site-packages/camera_sub-0.0.0-py3.10.egg-info
running install_scripts
Installing camera_subscriber_node script to /home/soda/vla/ROS_action/install/camera_sub/lib/camera_sub
writing list of installed files to '/home/soda/vla/ROS_action/build/camera_sub/install.log'
