[4.422s] Invoking command in '/home/soda/vla/ROS_action/src/camera_sub': PYTHONPATH=/home/soda/vla/ROS_action/build/camera_sub/prefix_override:/usr/lib/python3/dist-packages/colcon_core/task/python/colcon_distutils_commands:/home/soda/vla/ROS_action/install/camera_sub/lib/python3.10/site-packages:${PYTHONPATH} /usr/bin/python3 -W ignore:setup.py install is deprecated -W ignore:easy_install command is deprecated setup.py egg_info --egg-base ../../build/camera_sub build --build-base /home/soda/vla/ROS_action/build/camera_sub/build install --record /home/soda/vla/ROS_action/build/camera_sub/install.log --single-version-externally-managed install_data
[4.758s] /home/soda/.local/lib/python3.10/site-packages/setuptools/_distutils/dist.py:289: UserWarning: Unknown distribution option: 'tests_require'
[4.758s]   warnings.warn(msg)
[5.025s] running egg_info
[5.071s] writing ../../build/camera_sub/camera_sub.egg-info/PKG-INFO
[5.071s] writing dependency_links to ../../build/camera_sub/camera_sub.egg-info/dependency_links.txt
[5.071s] writing entry points to ../../build/camera_sub/camera_sub.egg-info/entry_points.txt
[5.071s] writing requirements to ../../build/camera_sub/camera_sub.egg-info/requires.txt
[5.074s] writing top-level names to ../../build/camera_sub/camera_sub.egg-info/top_level.txt
[5.372s] reading manifest file '../../build/camera_sub/camera_sub.egg-info/SOURCES.txt'
[5.374s] writing manifest file '../../build/camera_sub/camera_sub.egg-info/SOURCES.txt'
[5.375s] running build
[5.375s] running build_py
[5.375s] copying camera_sub/__init__.py -> /home/soda/vla/ROS_action/build/camera_sub/build/lib/camera_sub
[5.376s] copying camera_sub/camera_subscriber_node.py -> /home/soda/vla/ROS_action/build/camera_sub/build/lib/camera_sub
[5.376s] running install
[5.383s] running install_lib
[5.428s] running install_data
[5.428s] copying resource/camera_sub -> /home/soda/vla/ROS_action/install/camera_sub/share/ament_index/resource_index/packages
[5.429s] copying package.xml -> /home/soda/vla/ROS_action/install/camera_sub/share/camera_sub
[5.429s] running install_egg_info
[5.476s] removing '/home/soda/vla/ROS_action/install/camera_sub/lib/python3.10/site-packages/camera_sub-0.0.0-py3.10.egg-info' (and everything under it)
[5.476s] Copying ../../build/camera_sub/camera_sub.egg-info to /home/soda/vla/ROS_action/install/camera_sub/lib/python3.10/site-packages/camera_sub-0.0.0-py3.10.egg-info
[5.478s] running install_scripts
[5.571s] Installing camera_subscriber_node script to /home/soda/vla/ROS_action/install/camera_sub/lib/camera_sub
[5.573s] writing list of installed files to '/home/soda/vla/ROS_action/build/camera_sub/install.log'
[5.650s] Invoked command in '/home/soda/vla/ROS_action/src/camera_sub' returned '0': PYTHONPATH=/home/soda/vla/ROS_action/build/camera_sub/prefix_override:/usr/lib/python3/dist-packages/colcon_core/task/python/colcon_distutils_commands:/home/soda/vla/ROS_action/install/camera_sub/lib/python3.10/site-packages:${PYTHONPATH} /usr/bin/python3 -W ignore:setup.py install is deprecated -W ignore:easy_install command is deprecated setup.py egg_info --egg-base ../../build/camera_sub build --build-base /home/soda/vla/ROS_action/build/camera_sub/build install --record /home/soda/vla/ROS_action/build/camera_sub/install.log --single-version-externally-managed install_data
