[0.208s] DEBUG:colcon:Command line arguments: ['/usr/bin/colcon', 'build', '--packages-select', 'omni_controller']
[0.208s] DEBUG:colcon:Parsed command line arguments: Namespace(log_base=None, log_level=None, verb_name='build', build_base='build', install_base='install', merge_install=False, symlink_install=False, test_result_base=None, continue_on_error=False, executor='parallel', parallel_workers=8, event_handlers=None, ignore_user_meta=False, metas=['./colcon.meta'], base_paths=['.'], packages_ignore=None, packages_ignore_regex=None, paths=None, packages_up_to=None, packages_up_to_regex=None, packages_above=None, packages_above_and_dependencies=None, packages_above_depth=None, packages_select_by_dep=None, packages_skip_by_dep=None, packages_skip_up_to=None, packages_select_build_failed=False, packages_skip_build_finished=False, packages_select_test_failures=False, packages_skip_test_passed=False, packages_select=['omni_controller'], packages_skip=None, packages_select_regex=None, packages_skip_regex=None, packages_start=None, packages_end=None, allow_overriding=[], cmake_args=None, cmake_target=None, cmake_target_skip_unavailable=False, cmake_clean_cache=False, cmake_clean_first=False, cmake_force_configure=False, ament_cmake_args=None, catkin_cmake_args=None, catkin_skip_building_tests=False, mixin_files=None, mixin=None, verb_parser=<colcon_mixin.mixin.mixin_argument.MixinArgumentDecorator object at 0xffff839fcd90>, verb_extension=<colcon_core.verb.build.BuildVerb object at 0xffff839fc580>, main=<bound method BuildVerb.main of <colcon_core.verb.build.BuildVerb object at 0xffff839fc580>>, mixin_verb=('build',))
[0.742s] Level 1:colcon.colcon_core.package_discovery:discover_packages(colcon_meta) check parameters
[0.742s] Level 1:colcon.colcon_core.package_discovery:discover_packages(recursive) check parameters
[0.743s] Level 1:colcon.colcon_core.package_discovery:discover_packages(ignore) check parameters
[0.743s] Level 1:colcon.colcon_core.package_discovery:discover_packages(path) check parameters
[0.743s] Level 1:colcon.colcon_core.package_discovery:discover_packages(colcon_meta) discover
[0.744s] Level 1:colcon.colcon_core.package_discovery:discover_packages(recursive) discover
[0.744s] INFO:colcon.colcon_core.package_discovery:Crawling recursively for packages in '/home/soda/vla/ROS_action'
[0.744s] Level 1:colcon.colcon_core.package_identification:_identify(.) by extensions ['ignore', 'ignore_ament_install']
[0.745s] Level 1:colcon.colcon_core.package_identification:_identify(.) by extension 'ignore'
[0.745s] Level 1:colcon.colcon_core.package_identification:_identify(.) by extension 'ignore_ament_install'
[0.745s] Level 1:colcon.colcon_core.package_identification:_identify(.) by extensions ['colcon_pkg']
[0.746s] Level 1:colcon.colcon_core.package_identification:_identify(.) by extension 'colcon_pkg'
[0.746s] Level 1:colcon.colcon_core.package_identification:_identify(.) by extensions ['colcon_meta']
[0.746s] Level 1:colcon.colcon_core.package_identification:_identify(.) by extension 'colcon_meta'
[0.746s] Level 1:colcon.colcon_core.package_identification:_identify(.) by extensions ['ros']
[0.747s] Level 1:colcon.colcon_core.package_identification:_identify(.) by extension 'ros'
[0.771s] Level 1:colcon.colcon_core.package_identification:_identify(.) by extensions ['cmake', 'python']
[0.772s] Level 1:colcon.colcon_core.package_identification:_identify(.) by extension 'cmake'
[0.772s] Level 1:colcon.colcon_core.package_identification:_identify(.) by extension 'python'
[0.772s] Level 1:colcon.colcon_core.package_identification:_identify(.) by extensions ['python_setup_py']
[0.773s] Level 1:colcon.colcon_core.package_identification:_identify(.) by extension 'python_setup_py'
[0.773s] Level 1:colcon.colcon_core.package_identification:_identify(build) by extensions ['ignore', 'ignore_ament_install']
[0.774s] Level 1:colcon.colcon_core.package_identification:_identify(build) by extension 'ignore'
[0.774s] Level 1:colcon.colcon_core.package_identification:_identify(build) ignored
[0.774s] Level 1:colcon.colcon_core.package_identification:_identify(install) by extensions ['ignore', 'ignore_ament_install']
[0.775s] Level 1:colcon.colcon_core.package_identification:_identify(install) by extension 'ignore'
[0.775s] Level 1:colcon.colcon_core.package_identification:_identify(install) ignored
[0.775s] Level 1:colcon.colcon_core.package_identification:_identify(log) by extensions ['ignore', 'ignore_ament_install']
[0.776s] Level 1:colcon.colcon_core.package_identification:_identify(log) by extension 'ignore'
[0.776s] Level 1:colcon.colcon_core.package_identification:_identify(log) ignored
[0.776s] Level 1:colcon.colcon_core.package_identification:_identify(src) by extensions ['ignore', 'ignore_ament_install']
[0.777s] Level 1:colcon.colcon_core.package_identification:_identify(src) by extension 'ignore'
[0.777s] Level 1:colcon.colcon_core.package_identification:_identify(src) by extension 'ignore_ament_install'
[0.777s] Level 1:colcon.colcon_core.package_identification:_identify(src) by extensions ['colcon_pkg']
[0.778s] Level 1:colcon.colcon_core.package_identification:_identify(src) by extension 'colcon_pkg'
[0.778s] Level 1:colcon.colcon_core.package_identification:_identify(src) by extensions ['colcon_meta']
[0.778s] Level 1:colcon.colcon_core.package_identification:_identify(src) by extension 'colcon_meta'
[0.779s] Level 1:colcon.colcon_core.package_identification:_identify(src) by extensions ['ros']
[0.779s] Level 1:colcon.colcon_core.package_identification:_identify(src) by extension 'ros'
[0.779s] Level 1:colcon.colcon_core.package_identification:_identify(src) by extensions ['cmake', 'python']
[0.780s] Level 1:colcon.colcon_core.package_identification:_identify(src) by extension 'cmake'
[0.780s] Level 1:colcon.colcon_core.package_identification:_identify(src) by extension 'python'
[0.780s] Level 1:colcon.colcon_core.package_identification:_identify(src) by extensions ['python_setup_py']
[0.780s] Level 1:colcon.colcon_core.package_identification:_identify(src) by extension 'python_setup_py'
[0.781s] Level 1:colcon.colcon_core.package_identification:_identify(src/action_executor_node) by extensions ['ignore', 'ignore_ament_install']
[0.781s] Level 1:colcon.colcon_core.package_identification:_identify(src/action_executor_node) by extension 'ignore'
[0.782s] Level 1:colcon.colcon_core.package_identification:_identify(src/action_executor_node) by extension 'ignore_ament_install'
[0.782s] Level 1:colcon.colcon_core.package_identification:_identify(src/action_executor_node) by extensions ['colcon_pkg']
[0.782s] Level 1:colcon.colcon_core.package_identification:_identify(src/action_executor_node) by extension 'colcon_pkg'
[0.782s] Level 1:colcon.colcon_core.package_identification:_identify(src/action_executor_node) by extensions ['colcon_meta']
[0.783s] Level 1:colcon.colcon_core.package_identification:_identify(src/action_executor_node) by extension 'colcon_meta'
[0.783s] Level 1:colcon.colcon_core.package_identification:_identify(src/action_executor_node) by extensions ['ros']
[0.783s] Level 1:colcon.colcon_core.package_identification:_identify(src/action_executor_node) by extension 'ros'
[0.788s] DEBUG:colcon.colcon_core.package_identification:Package 'src/action_executor_node' with type 'ros.ament_python' and name 'action_executor_node'
[0.789s] Level 1:colcon.colcon_core.package_identification:_identify(src/action_launch) by extensions ['ignore', 'ignore_ament_install']
[0.789s] Level 1:colcon.colcon_core.package_identification:_identify(src/action_launch) by extension 'ignore'
[0.789s] Level 1:colcon.colcon_core.package_identification:_identify(src/action_launch) by extension 'ignore_ament_install'
[0.790s] Level 1:colcon.colcon_core.package_identification:_identify(src/action_launch) by extensions ['colcon_pkg']
[0.790s] Level 1:colcon.colcon_core.package_identification:_identify(src/action_launch) by extension 'colcon_pkg'
[0.790s] Level 1:colcon.colcon_core.package_identification:_identify(src/action_launch) by extensions ['colcon_meta']
[0.791s] Level 1:colcon.colcon_core.package_identification:_identify(src/action_launch) by extension 'colcon_meta'
[0.791s] Level 1:colcon.colcon_core.package_identification:_identify(src/action_launch) by extensions ['ros']
[0.791s] Level 1:colcon.colcon_core.package_identification:_identify(src/action_launch) by extension 'ros'
[0.792s] Level 1:colcon.colcon_core.package_identification:_identify(src/action_launch) by extensions ['cmake', 'python']
[0.792s] Level 1:colcon.colcon_core.package_identification:_identify(src/action_launch) by extension 'cmake'
[0.792s] Level 1:colcon.colcon_core.package_identification:_identify(src/action_launch) by extension 'python'
[0.792s] Level 1:colcon.colcon_core.package_identification:_identify(src/action_launch) by extensions ['python_setup_py']
[0.793s] Level 1:colcon.colcon_core.package_identification:_identify(src/action_launch) by extension 'python_setup_py'
[0.793s] Level 1:colcon.colcon_core.package_identification:_identify(src/action_launch/launch) by extensions ['ignore', 'ignore_ament_install']
[0.794s] Level 1:colcon.colcon_core.package_identification:_identify(src/action_launch/launch) by extension 'ignore'
[0.794s] Level 1:colcon.colcon_core.package_identification:_identify(src/action_launch/launch) by extension 'ignore_ament_install'
[0.794s] Level 1:colcon.colcon_core.package_identification:_identify(src/action_launch/launch) by extensions ['colcon_pkg']
[0.794s] Level 1:colcon.colcon_core.package_identification:_identify(src/action_launch/launch) by extension 'colcon_pkg'
[0.795s] Level 1:colcon.colcon_core.package_identification:_identify(src/action_launch/launch) by extensions ['colcon_meta']
[0.795s] Level 1:colcon.colcon_core.package_identification:_identify(src/action_launch/launch) by extension 'colcon_meta'
[0.795s] Level 1:colcon.colcon_core.package_identification:_identify(src/action_launch/launch) by extensions ['ros']
[0.796s] Level 1:colcon.colcon_core.package_identification:_identify(src/action_launch/launch) by extension 'ros'
[0.796s] Level 1:colcon.colcon_core.package_identification:_identify(src/action_launch/launch) by extensions ['cmake', 'python']
[0.796s] Level 1:colcon.colcon_core.package_identification:_identify(src/action_launch/launch) by extension 'cmake'
[0.797s] Level 1:colcon.colcon_core.package_identification:_identify(src/action_launch/launch) by extension 'python'
[0.797s] Level 1:colcon.colcon_core.package_identification:_identify(src/action_launch/launch) by extensions ['python_setup_py']
[0.797s] Level 1:colcon.colcon_core.package_identification:_identify(src/action_launch/launch) by extension 'python_setup_py'
[0.798s] Level 1:colcon.colcon_core.package_identification:_identify(src/camera_pub) by extensions ['ignore', 'ignore_ament_install']
[0.798s] Level 1:colcon.colcon_core.package_identification:_identify(src/camera_pub) by extension 'ignore'
[0.798s] Level 1:colcon.colcon_core.package_identification:_identify(src/camera_pub) by extension 'ignore_ament_install'
[0.799s] Level 1:colcon.colcon_core.package_identification:_identify(src/camera_pub) by extensions ['colcon_pkg']
[0.799s] Level 1:colcon.colcon_core.package_identification:_identify(src/camera_pub) by extension 'colcon_pkg'
[0.799s] Level 1:colcon.colcon_core.package_identification:_identify(src/camera_pub) by extensions ['colcon_meta']
[0.799s] Level 1:colcon.colcon_core.package_identification:_identify(src/camera_pub) by extension 'colcon_meta'
[0.800s] Level 1:colcon.colcon_core.package_identification:_identify(src/camera_pub) by extensions ['ros']
[0.800s] Level 1:colcon.colcon_core.package_identification:_identify(src/camera_pub) by extension 'ros'
[0.801s] DEBUG:colcon.colcon_core.package_identification:Package 'src/camera_pub' with type 'ros.ament_python' and name 'camera_pub'
[0.802s] Level 1:colcon.colcon_core.package_identification:_identify(src/camera_sub) by extensions ['ignore', 'ignore_ament_install']
[0.802s] Level 1:colcon.colcon_core.package_identification:_identify(src/camera_sub) by extension 'ignore'
[0.803s] Level 1:colcon.colcon_core.package_identification:_identify(src/camera_sub) by extension 'ignore_ament_install'
[0.803s] Level 1:colcon.colcon_core.package_identification:_identify(src/camera_sub) by extensions ['colcon_pkg']
[0.803s] Level 1:colcon.colcon_core.package_identification:_identify(src/camera_sub) by extension 'colcon_pkg'
[0.804s] Level 1:colcon.colcon_core.package_identification:_identify(src/camera_sub) by extensions ['colcon_meta']
[0.804s] Level 1:colcon.colcon_core.package_identification:_identify(src/camera_sub) by extension 'colcon_meta'
[0.804s] Level 1:colcon.colcon_core.package_identification:_identify(src/camera_sub) by extensions ['ros']
[0.804s] Level 1:colcon.colcon_core.package_identification:_identify(src/camera_sub) by extension 'ros'
[0.806s] DEBUG:colcon.colcon_core.package_identification:Package 'src/camera_sub' with type 'ros.ament_python' and name 'camera_sub'
[0.806s] Level 1:colcon.colcon_core.package_identification:_identify(src/omni_controller) by extensions ['ignore', 'ignore_ament_install']
[0.806s] Level 1:colcon.colcon_core.package_identification:_identify(src/omni_controller) by extension 'ignore'
[0.807s] Level 1:colcon.colcon_core.package_identification:_identify(src/omni_controller) by extension 'ignore_ament_install'
[0.807s] Level 1:colcon.colcon_core.package_identification:_identify(src/omni_controller) by extensions ['colcon_pkg']
[0.807s] Level 1:colcon.colcon_core.package_identification:_identify(src/omni_controller) by extension 'colcon_pkg'
[0.808s] Level 1:colcon.colcon_core.package_identification:_identify(src/omni_controller) by extensions ['colcon_meta']
[0.808s] Level 1:colcon.colcon_core.package_identification:_identify(src/omni_controller) by extension 'colcon_meta'
[0.808s] Level 1:colcon.colcon_core.package_identification:_identify(src/omni_controller) by extensions ['ros']
[0.808s] Level 1:colcon.colcon_core.package_identification:_identify(src/omni_controller) by extension 'ros'
[0.810s] DEBUG:colcon.colcon_core.package_identification:Package 'src/omni_controller' with type 'ros.ament_python' and name 'omni_controller'
[0.810s] Level 1:colcon.colcon_core.package_identification:_identify(src/vla_node) by extensions ['ignore', 'ignore_ament_install']
[0.810s] Level 1:colcon.colcon_core.package_identification:_identify(src/vla_node) by extension 'ignore'
[0.811s] Level 1:colcon.colcon_core.package_identification:_identify(src/vla_node) by extension 'ignore_ament_install'
[0.811s] Level 1:colcon.colcon_core.package_identification:_identify(src/vla_node) by extensions ['colcon_pkg']
[0.811s] Level 1:colcon.colcon_core.package_identification:_identify(src/vla_node) by extension 'colcon_pkg'
[0.812s] Level 1:colcon.colcon_core.package_identification:_identify(src/vla_node) by extensions ['colcon_meta']
[0.812s] Level 1:colcon.colcon_core.package_identification:_identify(src/vla_node) by extension 'colcon_meta'
[0.812s] Level 1:colcon.colcon_core.package_identification:_identify(src/vla_node) by extensions ['ros']
[0.813s] Level 1:colcon.colcon_core.package_identification:_identify(src/vla_node) by extension 'ros'
[0.814s] DEBUG:colcon.colcon_core.package_identification:Package 'src/vla_node' with type 'ros.ament_python' and name 'vla_node'
[0.815s] Level 1:colcon.colcon_core.package_discovery:discover_packages(recursive) using defaults
[0.815s] Level 1:colcon.colcon_core.package_discovery:discover_packages(ignore) discover
[0.815s] Level 1:colcon.colcon_core.package_discovery:discover_packages(ignore) using defaults
[0.816s] Level 1:colcon.colcon_core.package_discovery:discover_packages(path) discover
[0.816s] Level 1:colcon.colcon_core.package_discovery:discover_packages(path) using defaults
[0.850s] INFO:colcon.colcon_core.package_selection:Skipping not selected package 'action_executor_node' in 'src/action_executor_node'
[0.851s] INFO:colcon.colcon_core.package_selection:Skipping not selected package 'camera_pub' in 'src/camera_pub'
[0.851s] INFO:colcon.colcon_core.package_selection:Skipping not selected package 'camera_sub' in 'src/camera_sub'
[0.851s] INFO:colcon.colcon_core.package_selection:Skipping not selected package 'vla_node' in 'src/vla_node'
[0.852s] Level 1:colcon.colcon_core.package_discovery:discover_packages(prefix_path) check parameters
[0.853s] Level 1:colcon.colcon_core.package_discovery:discover_packages(prefix_path) discover
[0.856s] DEBUG:colcon.colcon_installed_package_information.package_discovery:Found 5 installed packages in /home/soda/vla/ROS_action/install
[0.857s] DEBUG:colcon.colcon_installed_package_information.package_discovery:Found 3 installed packages in /home/soda/ros2_ws/install
[0.859s] DEBUG:colcon.colcon_installed_package_information.package_discovery:Found 284 installed packages in /opt/ros/humble
[0.863s] Level 1:colcon.colcon_core.package_discovery:discover_packages(prefix_path) using defaults
[0.925s] Level 5:colcon.colcon_core.verb:set package 'omni_controller' build argument 'cmake_args' from command line to 'None'
[0.925s] Level 5:colcon.colcon_core.verb:set package 'omni_controller' build argument 'cmake_target' from command line to 'None'
[0.926s] Level 5:colcon.colcon_core.verb:set package 'omni_controller' build argument 'cmake_target_skip_unavailable' from command line to 'False'
[0.926s] Level 5:colcon.colcon_core.verb:set package 'omni_controller' build argument 'cmake_clean_cache' from command line to 'False'
[0.926s] Level 5:colcon.colcon_core.verb:set package 'omni_controller' build argument 'cmake_clean_first' from command line to 'False'
[0.926s] Level 5:colcon.colcon_core.verb:set package 'omni_controller' build argument 'cmake_force_configure' from command line to 'False'
[0.927s] Level 5:colcon.colcon_core.verb:set package 'omni_controller' build argument 'ament_cmake_args' from command line to 'None'
[0.927s] Level 5:colcon.colcon_core.verb:set package 'omni_controller' build argument 'catkin_cmake_args' from command line to 'None'
[0.927s] Level 5:colcon.colcon_core.verb:set package 'omni_controller' build argument 'catkin_skip_building_tests' from command line to 'False'
[0.928s] DEBUG:colcon.colcon_core.verb:Building package 'omni_controller' with the following arguments: {'ament_cmake_args': None, 'build_base': '/home/soda/vla/ROS_action/build/omni_controller', 'catkin_cmake_args': None, 'catkin_skip_building_tests': False, 'cmake_args': None, 'cmake_clean_cache': False, 'cmake_clean_first': False, 'cmake_force_configure': False, 'cmake_target': None, 'cmake_target_skip_unavailable': False, 'install_base': '/home/soda/vla/ROS_action/install/omni_controller', 'merge_install': False, 'path': '/home/soda/vla/ROS_action/src/omni_controller', 'symlink_install': False, 'test_result_base': None}
[0.928s] INFO:colcon.colcon_core.executor:Executing jobs using 'parallel' executor
[0.930s] DEBUG:colcon.colcon_parallel_executor.executor.parallel:run_until_complete
[0.930s] INFO:colcon.colcon_ros.task.ament_python.build:Building ROS package in '/home/soda/vla/ROS_action/src/omni_controller' with build type 'ament_python'
[0.931s] Level 1:colcon.colcon_core.shell:create_environment_hook('omni_controller', 'ament_prefix_path')
[0.935s] INFO:colcon.colcon_core.plugin_system:Skipping extension 'colcon_core.shell.bat': Not used on non-Windows systems
[0.935s] INFO:colcon.colcon_core.shell:Creating environment hook '/home/soda/vla/ROS_action/install/omni_controller/share/omni_controller/hook/ament_prefix_path.ps1'
[0.937s] INFO:colcon.colcon_core.shell:Creating environment descriptor '/home/soda/vla/ROS_action/install/omni_controller/share/omni_controller/hook/ament_prefix_path.dsv'
[0.939s] INFO:colcon.colcon_core.shell:Creating environment hook '/home/soda/vla/ROS_action/install/omni_controller/share/omni_controller/hook/ament_prefix_path.sh'
[0.941s] INFO:colcon.colcon_core.shell:Skip shell extension 'powershell' for command environment: Not usable outside of PowerShell
[0.941s] DEBUG:colcon.colcon_core.shell:Skip shell extension 'dsv' for command environment
[1.975s] INFO:colcon.colcon_core.task.python.build:Building Python package in '/home/soda/vla/ROS_action/src/omni_controller'
[1.976s] INFO:colcon.colcon_core.shell:Skip shell extension 'powershell' for command environment: Not usable outside of PowerShell
[1.976s] DEBUG:colcon.colcon_core.shell:Skip shell extension 'dsv' for command environment
[3.818s] DEBUG:colcon.colcon_core.event_handler.log_command:Invoking command in '/home/soda/vla/ROS_action/src/omni_controller': CONDA_PROMPT_MODIFIER=(robovlms) PS1=(robovlms) %m%# PYTHONPATH=/home/soda/vla/ROS_action/build/omni_controller/prefix_override:/usr/lib/python3/dist-packages/colcon_core/task/python/colcon_distutils_commands:/home/soda/vla/ROS_action/install/omni_controller/lib/python3.10/site-packages:${PYTHONPATH} /usr/bin/python3 -W ignore:setup.py install is deprecated -W ignore:easy_install command is deprecated setup.py egg_info --egg-base ../../build/omni_controller build --build-base /home/soda/vla/ROS_action/build/omni_controller/build install --record /home/soda/vla/ROS_action/build/omni_controller/install.log --single-version-externally-managed install_data
[5.401s] Level 1:colcon.colcon_core.environment:checking '/home/soda/vla/ROS_action/install/omni_controller' for CMake module files
[5.402s] Level 1:colcon.colcon_core.environment:checking '/home/soda/vla/ROS_action/install/omni_controller' for CMake config files
[5.403s] Level 1:colcon.colcon_core.environment:checking '/home/soda/vla/ROS_action/install/omni_controller/lib'
[5.403s] Level 1:colcon.colcon_core.environment:checking '/home/soda/vla/ROS_action/install/omni_controller/bin'
[5.403s] Level 1:colcon.colcon_core.environment:checking '/home/soda/vla/ROS_action/install/omni_controller/lib/pkgconfig/omni_controller.pc'
[5.404s] Level 1:colcon.colcon_core.environment:checking '/home/soda/vla/ROS_action/install/omni_controller/lib/python3.10/site-packages'
[5.404s] Level 1:colcon.colcon_core.shell:create_environment_hook('omni_controller', 'pythonpath')
[5.404s] INFO:colcon.colcon_core.shell:Creating environment hook '/home/soda/vla/ROS_action/install/omni_controller/share/omni_controller/hook/pythonpath.ps1'
[5.405s] DEBUG:colcon.colcon_core.event_handler.log_command:Invoked command in '/home/soda/vla/ROS_action/src/omni_controller' returned '0': CONDA_PROMPT_MODIFIER=(robovlms) PS1=(robovlms) %m%# PYTHONPATH=/home/soda/vla/ROS_action/build/omni_controller/prefix_override:/usr/lib/python3/dist-packages/colcon_core/task/python/colcon_distutils_commands:/home/soda/vla/ROS_action/install/omni_controller/lib/python3.10/site-packages:${PYTHONPATH} /usr/bin/python3 -W ignore:setup.py install is deprecated -W ignore:easy_install command is deprecated setup.py egg_info --egg-base ../../build/omni_controller build --build-base /home/soda/vla/ROS_action/build/omni_controller/build install --record /home/soda/vla/ROS_action/build/omni_controller/install.log --single-version-externally-managed install_data
[5.406s] INFO:colcon.colcon_core.shell:Creating environment descriptor '/home/soda/vla/ROS_action/install/omni_controller/share/omni_controller/hook/pythonpath.dsv'
[5.406s] INFO:colcon.colcon_core.shell:Creating environment hook '/home/soda/vla/ROS_action/install/omni_controller/share/omni_controller/hook/pythonpath.sh'
[5.408s] Level 1:colcon.colcon_core.environment:checking '/home/soda/vla/ROS_action/install/omni_controller/bin'
[5.408s] Level 1:colcon.colcon_core.environment:create_environment_scripts_only(omni_controller)
[5.409s] INFO:colcon.colcon_core.shell:Creating package script '/home/soda/vla/ROS_action/install/omni_controller/share/omni_controller/package.ps1'
[5.415s] INFO:colcon.colcon_core.shell:Creating package descriptor '/home/soda/vla/ROS_action/install/omni_controller/share/omni_controller/package.dsv'
[5.417s] INFO:colcon.colcon_core.shell:Creating package script '/home/soda/vla/ROS_action/install/omni_controller/share/omni_controller/package.sh'
[5.425s] INFO:colcon.colcon_core.shell:Creating package script '/home/soda/vla/ROS_action/install/omni_controller/share/omni_controller/package.bash'
[5.427s] INFO:colcon.colcon_core.shell:Creating package script '/home/soda/vla/ROS_action/install/omni_controller/share/omni_controller/package.zsh'
[5.430s] Level 1:colcon.colcon_core.environment:create_file_with_runtime_dependencies(/home/soda/vla/ROS_action/install/omni_controller/share/colcon-core/packages/omni_controller)
[5.432s] DEBUG:colcon.colcon_parallel_executor.executor.parallel:closing loop
[5.432s] DEBUG:colcon.colcon_parallel_executor.executor.parallel:loop closed
[5.433s] DEBUG:colcon.colcon_parallel_executor.executor.parallel:run_until_complete finished with '0'
[5.433s] DEBUG:colcon.colcon_core.event_reactor:joining thread
[5.442s] INFO:colcon.colcon_core.plugin_system:Skipping extension 'colcon_notification.desktop_notification.terminal_notifier': Not used on non-Darwin systems
[5.443s] INFO:colcon.colcon_core.plugin_system:Skipping extension 'colcon_notification.desktop_notification.win32': Not used on non-Windows systems
[5.443s] INFO:colcon.colcon_notification.desktop_notification:Sending desktop notification using 'notify2'
[5.709s] DEBUG:colcon.colcon_core.event_reactor:joined thread
[5.709s] INFO:colcon.colcon_core.shell:Creating prefix script '/home/soda/vla/ROS_action/install/local_setup.ps1'
[5.711s] INFO:colcon.colcon_core.shell:Creating prefix util module '/home/soda/vla/ROS_action/install/_local_setup_util_ps1.py'
[5.713s] INFO:colcon.colcon_core.shell:Creating prefix chain script '/home/soda/vla/ROS_action/install/setup.ps1'
[5.717s] INFO:colcon.colcon_core.shell:Creating prefix script '/home/soda/vla/ROS_action/install/local_setup.sh'
[5.719s] INFO:colcon.colcon_core.shell:Creating prefix util module '/home/soda/vla/ROS_action/install/_local_setup_util_sh.py'
[5.720s] INFO:colcon.colcon_core.shell:Creating prefix chain script '/home/soda/vla/ROS_action/install/setup.sh'
[5.723s] INFO:colcon.colcon_core.shell:Creating prefix script '/home/soda/vla/ROS_action/install/local_setup.bash'
[5.724s] INFO:colcon.colcon_core.shell:Creating prefix chain script '/home/soda/vla/ROS_action/install/setup.bash'
[5.737s] INFO:colcon.colcon_core.shell:Creating prefix script '/home/soda/vla/ROS_action/install/local_setup.zsh'
[5.739s] INFO:colcon.colcon_core.shell:Creating prefix chain script '/home/soda/vla/ROS_action/install/setup.zsh'
