[4.271s] Invoking command in '/home/soda/vla/ROS_action/src/action_executor_node': PYTHONPATH=/home/soda/vla/ROS_action/build/action_executor_node/prefix_override:/usr/lib/python3/dist-packages/colcon_core/task/python/colcon_distutils_commands:/home/soda/vla/ROS_action/install/action_executor_node/lib/python3.10/site-packages:${PYTHONPATH} /usr/bin/python3 -W ignore:setup.py install is deprecated -W ignore:easy_install command is deprecated setup.py egg_info --egg-base ../../build/action_executor_node build --build-base /home/soda/vla/ROS_action/build/action_executor_node/build install --record /home/soda/vla/ROS_action/build/action_executor_node/install.log --single-version-externally-managed install_data
[4.599s] /home/soda/.local/lib/python3.10/site-packages/setuptools/_distutils/dist.py:289: UserWarning: Unknown distribution option: 'tests_require'
[4.599s]   warnings.warn(msg)
[4.860s] running egg_info
[4.903s] creating ../../build/action_executor_node/action_executor_node.egg-info
[4.903s] writing ../../build/action_executor_node/action_executor_node.egg-info/PKG-INFO
[4.903s] writing dependency_links to ../../build/action_executor_node/action_executor_node.egg-info/dependency_links.txt
[4.904s] writing entry points to ../../build/action_executor_node/action_executor_node.egg-info/entry_points.txt
[4.904s] writing requirements to ../../build/action_executor_node/action_executor_node.egg-info/requires.txt
[4.904s] writing top-level names to ../../build/action_executor_node/action_executor_node.egg-info/top_level.txt
[5.114s] writing manifest file '../../build/action_executor_node/action_executor_node.egg-info/SOURCES.txt'
[5.204s] reading manifest file '../../build/action_executor_node/action_executor_node.egg-info/SOURCES.txt'
[5.206s] writing manifest file '../../build/action_executor_node/action_executor_node.egg-info/SOURCES.txt'
[5.206s] running build
[5.207s] running build_py
[5.207s] creating /home/soda/vla/ROS_action/build/action_executor_node/build/lib/action_executor_node
[5.208s] copying action_executor_node/action_executor_node.py -> /home/soda/vla/ROS_action/build/action_executor_node/build/lib/action_executor_node
[5.208s] copying action_executor_node/__init__.py -> /home/soda/vla/ROS_action/build/action_executor_node/build/lib/action_executor_node
[5.209s] running install
[5.216s] running install_lib
[5.260s] creating /home/soda/vla/ROS_action/install/action_executor_node/lib/python3.10/site-packages/action_executor_node
[5.260s] copying /home/soda/vla/ROS_action/build/action_executor_node/build/lib/action_executor_node/action_executor_node.py -> /home/soda/vla/ROS_action/install/action_executor_node/lib/python3.10/site-packages/action_executor_node
[5.260s] copying /home/soda/vla/ROS_action/build/action_executor_node/build/lib/action_executor_node/__init__.py -> /home/soda/vla/ROS_action/install/action_executor_node/lib/python3.10/site-packages/action_executor_node
[5.262s] byte-compiling /home/soda/vla/ROS_action/install/action_executor_node/lib/python3.10/site-packages/action_executor_node/action_executor_node.py to action_executor_node.cpython-310.pyc
[5.263s] byte-compiling /home/soda/vla/ROS_action/install/action_executor_node/lib/python3.10/site-packages/action_executor_node/__init__.py to __init__.cpython-310.pyc
[5.264s] running install_data
[5.264s] creating /home/soda/vla/ROS_action/install/action_executor_node/share/ament_index/resource_index/packages
[5.264s] copying resource/action_executor_node -> /home/soda/vla/ROS_action/install/action_executor_node/share/ament_index/resource_index/packages
[5.265s] copying package.xml -> /home/soda/vla/ROS_action/install/action_executor_node/share/action_executor_node
[5.265s] running install_egg_info
[5.311s] Copying ../../build/action_executor_node/action_executor_node.egg-info to /home/soda/vla/ROS_action/install/action_executor_node/lib/python3.10/site-packages/action_executor_node-0.0.0-py3.10.egg-info
[5.312s] running install_scripts
[5.403s] Installing action_executor_node script to /home/soda/vla/ROS_action/install/action_executor_node/lib/action_executor_node
[5.404s] writing list of installed files to '/home/soda/vla/ROS_action/build/action_executor_node/install.log'
[5.495s] Invoked command in '/home/soda/vla/ROS_action/src/action_executor_node' returned '0': PYTHONPATH=/home/soda/vla/ROS_action/build/action_executor_node/prefix_override:/usr/lib/python3/dist-packages/colcon_core/task/python/colcon_distutils_commands:/home/soda/vla/ROS_action/install/action_executor_node/lib/python3.10/site-packages:${PYTHONPATH} /usr/bin/python3 -W ignore:setup.py install is deprecated -W ignore:easy_install command is deprecated setup.py egg_info --egg-base ../../build/action_executor_node build --build-base /home/soda/vla/ROS_action/build/action_executor_node/build install --record /home/soda/vla/ROS_action/build/action_executor_node/install.log --single-version-externally-managed install_data
