[2.175s] Invoking command in '/home/soda/serbot_ws/src/serbot2_stt': PYTHONPATH=/home/soda/serbot_ws/build/serbot2_stt/prefix_override:/usr/lib/python3/dist-packages/colcon_core/task/python/colcon_distutils_commands:/home/soda/serbot_ws/install/serbot2_stt/lib/python3.10/site-packages:${PYTHONPATH} /usr/bin/python3 -W ignore:setup.py install is deprecated -W ignore:easy_install command is deprecated setup.py egg_info --egg-base ../../build/serbot2_stt build --build-base /home/soda/serbot_ws/build/serbot2_stt/build install --record /home/soda/serbot_ws/build/serbot2_stt/install.log --single-version-externally-managed install_data
[2.974s] running egg_info
[3.011s] writing ../../build/serbot2_stt/serbot2_stt.egg-info/PKG-INFO
[3.012s] writing dependency_links to ../../build/serbot2_stt/serbot2_stt.egg-info/dependency_links.txt
[3.012s] writing entry points to ../../build/serbot2_stt/serbot2_stt.egg-info/entry_points.txt
[3.013s] writing requirements to ../../build/serbot2_stt/serbot2_stt.egg-info/requires.txt
[3.013s] writing top-level names to ../../build/serbot2_stt/serbot2_stt.egg-info/top_level.txt
[3.089s] reading manifest file '../../build/serbot2_stt/serbot2_stt.egg-info/SOURCES.txt'
[3.090s] writing manifest file '../../build/serbot2_stt/serbot2_stt.egg-info/SOURCES.txt'
[3.090s] running build
[3.090s] running build_py
[3.090s] copying serbot2_stt/mic_publisher_node.py -> /home/soda/serbot_ws/build/serbot2_stt/build/lib/serbot2_stt
[3.091s] running install
[3.099s] running install_lib
[3.136s] copying /home/soda/serbot_ws/build/serbot2_stt/build/lib/serbot2_stt/mic_publisher_node.py -> /home/soda/serbot_ws/install/serbot2_stt/lib/python3.10/site-packages/serbot2_stt
[3.137s] byte-compiling /home/soda/serbot_ws/install/serbot2_stt/lib/python3.10/site-packages/serbot2_stt/mic_publisher_node.py to mic_publisher_node.cpython-310.pyc
[3.138s] running install_data
[3.138s] running install_egg_info
[3.177s] removing '/home/soda/serbot_ws/install/serbot2_stt/lib/python3.10/site-packages/serbot2_stt-0.0.0-py3.10.egg-info' (and everything under it)
[3.177s] Copying ../../build/serbot2_stt/serbot2_stt.egg-info to /home/soda/serbot_ws/install/serbot2_stt/lib/python3.10/site-packages/serbot2_stt-0.0.0-py3.10.egg-info
[3.179s] running install_scripts
[3.319s] Installing mic_publisher_node script to /home/soda/serbot_ws/install/serbot2_stt/lib/serbot2_stt
[3.319s] Installing stt_subscriber_node script to /home/soda/serbot_ws/install/serbot2_stt/lib/serbot2_stt
[3.320s] writing list of installed files to '/home/soda/serbot_ws/build/serbot2_stt/install.log'
[3.410s] Invoked command in '/home/soda/serbot_ws/src/serbot2_stt' returned '0': PYTHONPATH=/home/soda/serbot_ws/build/serbot2_stt/prefix_override:/usr/lib/python3/dist-packages/colcon_core/task/python/colcon_distutils_commands:/home/soda/serbot_ws/install/serbot2_stt/lib/python3.10/site-packages:${PYTHONPATH} /usr/bin/python3 -W ignore:setup.py install is deprecated -W ignore:easy_install command is deprecated setup.py egg_info --egg-base ../../build/serbot2_stt build --build-base /home/soda/serbot_ws/build/serbot2_stt/build install --record /home/soda/serbot_ws/build/serbot2_stt/install.log --single-version-externally-managed install_data
