[3.093s] Invoking command in '/home/soda/vla/ROS_action/src/audio_capture_package': PYTHONPATH=/home/soda/vla/ROS_action/build/audio_capture_package/prefix_override:/usr/lib/python3/dist-packages/colcon_core/task/python/colcon_distutils_commands:/home/soda/vla/ROS_action/install/audio_capture_package/lib/python3.10/site-packages:${PYTHONPATH} /usr/bin/python3 -W ignore:setup.py install is deprecated -W ignore:easy_install command is deprecated setup.py egg_info --egg-base ../../build/audio_capture_package build --build-base /home/soda/vla/ROS_action/build/audio_capture_package/build install --record /home/soda/vla/ROS_action/build/audio_capture_package/install.log --single-version-externally-managed install_data
[3.426s] /home/soda/.local/lib/python3.10/site-packages/setuptools/_distutils/dist.py:289: UserWarning: Unknown distribution option: 'tests_require'
[3.426s]   warnings.warn(msg)
[3.710s] running egg_info
[3.784s] creating ../../build/audio_capture_package/audio_capture_package.egg-info
[3.784s] writing ../../build/audio_capture_package/audio_capture_package.egg-info/PKG-INFO
[3.785s] writing dependency_links to ../../build/audio_capture_package/audio_capture_package.egg-info/dependency_links.txt
[3.785s] writing entry points to ../../build/audio_capture_package/audio_capture_package.egg-info/entry_points.txt
[3.786s] writing requirements to ../../build/audio_capture_package/audio_capture_package.egg-info/requires.txt
[3.786s] writing top-level names to ../../build/audio_capture_package/audio_capture_package.egg-info/top_level.txt
[4.026s] writing manifest file '../../build/audio_capture_package/audio_capture_package.egg-info/SOURCES.txt'
[4.122s] reading manifest file '../../build/audio_capture_package/audio_capture_package.egg-info/SOURCES.txt'
[4.123s] adding license file 'LICENSE'
[4.125s] writing manifest file '../../build/audio_capture_package/audio_capture_package.egg-info/SOURCES.txt'
[4.126s] running build
[4.127s] running build_py
[4.128s] creating /home/soda/vla/ROS_action/build/audio_capture_package/build/lib/audio_capture_package
[4.129s] copying audio_capture_package/mic_publisher_node.py -> /home/soda/vla/ROS_action/build/audio_capture_package/build/lib/audio_capture_package
[4.129s] copying audio_capture_package/__init__.py -> /home/soda/vla/ROS_action/build/audio_capture_package/build/lib/audio_capture_package
[4.131s] running install
[4.139s] running install_lib
[4.184s] creating /home/soda/vla/ROS_action/install/audio_capture_package/lib/python3.10/site-packages/audio_capture_package
[4.184s] copying /home/soda/vla/ROS_action/build/audio_capture_package/build/lib/audio_capture_package/mic_publisher_node.py -> /home/soda/vla/ROS_action/install/audio_capture_package/lib/python3.10/site-packages/audio_capture_package
[4.185s] copying /home/soda/vla/ROS_action/build/audio_capture_package/build/lib/audio_capture_package/__init__.py -> /home/soda/vla/ROS_action/install/audio_capture_package/lib/python3.10/site-packages/audio_capture_package
[4.187s] byte-compiling /home/soda/vla/ROS_action/install/audio_capture_package/lib/python3.10/site-packages/audio_capture_package/mic_publisher_node.py to mic_publisher_node.cpython-310.pyc
[4.188s] byte-compiling /home/soda/vla/ROS_action/install/audio_capture_package/lib/python3.10/site-packages/audio_capture_package/__init__.py to __init__.cpython-310.pyc
[4.189s] running install_data
[4.189s] creating /home/soda/vla/ROS_action/install/audio_capture_package/share/ament_index/resource_index/packages
[4.190s] copying resource/audio_capture_package -> /home/soda/vla/ROS_action/install/audio_capture_package/share/ament_index/resource_index/packages
[4.191s] creating /home/soda/vla/ROS_action/install/audio_capture_package/share/audio_capture_package
[4.191s] copying package.xml -> /home/soda/vla/ROS_action/install/audio_capture_package/share/audio_capture_package
[4.191s] running install_egg_info
[4.241s] Copying ../../build/audio_capture_package/audio_capture_package.egg-info to /home/soda/vla/ROS_action/install/audio_capture_package/lib/python3.10/site-packages/audio_capture_package-0.0.0-py3.10.egg-info
[4.243s] running install_scripts
[4.341s] Installing audio_capture_node script to /home/soda/vla/ROS_action/install/audio_capture_package/lib/audio_capture_package
[4.341s] writing list of installed files to '/home/soda/vla/ROS_action/build/audio_capture_package/install.log'
[4.433s] Invoked command in '/home/soda/vla/ROS_action/src/audio_capture_package' returned '0': PYTHONPATH=/home/soda/vla/ROS_action/build/audio_capture_package/prefix_override:/usr/lib/python3/dist-packages/colcon_core/task/python/colcon_distutils_commands:/home/soda/vla/ROS_action/install/audio_capture_package/lib/python3.10/site-packages:${PYTHONPATH} /usr/bin/python3 -W ignore:setup.py install is deprecated -W ignore:easy_install command is deprecated setup.py egg_info --egg-base ../../build/audio_capture_package build --build-base /home/soda/vla/ROS_action/build/audio_capture_package/build install --record /home/soda/vla/ROS_action/build/audio_capture_package/install.log --single-version-externally-managed install_data
