running egg_info
creating ../../build/object_pose/object_pose.egg-info
writing ../../build/object_pose/object_pose.egg-info/PKG-INFO
writing dependency_links to ../../build/object_pose/object_pose.egg-info/dependency_links.txt
writing entry points to ../../build/object_pose/object_pose.egg-info/entry_points.txt
writing requirements to ../../build/object_pose/object_pose.egg-info/requires.txt
writing top-level names to ../../build/object_pose/object_pose.egg-info/top_level.txt
writing manifest file '../../build/object_pose/object_pose.egg-info/SOURCES.txt'
reading manifest file '../../build/object_pose/object_pose.egg-info/SOURCES.txt'
writing manifest file '../../build/object_pose/object_pose.egg-info/SOURCES.txt'
running build
running build_py
creating /home/soda/vla/ROS_action/build/object_pose/build/lib/object_pose
copying object_pose/cup_publisher.py -> /home/soda/vla/ROS_action/build/object_pose/build/lib/object_pose
copying object_pose/__init__.py -> /home/soda/vla/ROS_action/build/object_pose/build/lib/object_pose
copying object_pose/object_pose_publisher.py -> /home/soda/vla/ROS_action/build/object_pose/build/lib/object_pose
running install
running install_lib
creating /home/soda/vla/ROS_action/install/object_pose/lib/python3.10/site-packages/object_pose
copying /home/soda/vla/ROS_action/build/object_pose/build/lib/object_pose/cup_publisher.py -> /home/soda/vla/ROS_action/install/object_pose/lib/python3.10/site-packages/object_pose
copying /home/soda/vla/ROS_action/build/object_pose/build/lib/object_pose/__init__.py -> /home/soda/vla/ROS_action/install/object_pose/lib/python3.10/site-packages/object_pose
copying /home/soda/vla/ROS_action/build/object_pose/build/lib/object_pose/object_pose_publisher.py -> /home/soda/vla/ROS_action/install/object_pose/lib/python3.10/site-packages/object_pose
byte-compiling /home/soda/vla/ROS_action/install/object_pose/lib/python3.10/site-packages/object_pose/cup_publisher.py to cup_publisher.cpython-310.pyc
byte-compiling /home/soda/vla/ROS_action/install/object_pose/lib/python3.10/site-packages/object_pose/__init__.py to __init__.cpython-310.pyc
byte-compiling /home/soda/vla/ROS_action/install/object_pose/lib/python3.10/site-packages/object_pose/object_pose_publisher.py to object_pose_publisher.cpython-310.pyc
running install_data
creating /home/soda/vla/ROS_action/install/object_pose/share/ament_index/resource_index/packages
copying resource/object_pose -> /home/soda/vla/ROS_action/install/object_pose/share/ament_index/resource_index/packages
creating /home/soda/vla/ROS_action/install/object_pose/share/object_pose
copying package.xml -> /home/soda/vla/ROS_action/install/object_pose/share/object_pose
creating /home/soda/vla/ROS_action/install/object_pose/share/object_pose/resource
copying resource/cup.png -> /home/soda/vla/ROS_action/install/object_pose/share/object_pose/resource
running install_egg_info
Copying ../../build/object_pose/object_pose.egg-info to /home/soda/vla/ROS_action/install/object_pose/lib/python3.10/site-packages/object_pose-0.0.0-py3.10.egg-info
running install_scripts
Installing cup_publisher script to /home/soda/vla/ROS_action/install/object_pose/lib/object_pose
Installing object_pose_publisher script to /home/soda/vla/ROS_action/install/object_pose/lib/object_pose
writing list of installed files to '/home/soda/vla/ROS_action/build/object_pose/install.log'
