[3.235s] Invoking command in '/home/soda/vla/ROS_action/src/object_pose': PYTHONPATH=/home/soda/vla/ROS_action/build/object_pose/prefix_override:/usr/lib/python3/dist-packages/colcon_core/task/python/colcon_distutils_commands:/home/soda/vla/ROS_action/install/object_pose/lib/python3.10/site-packages:${PYTHONPATH} /usr/bin/python3 -W ignore:setup.py install is deprecated -W ignore:easy_install command is deprecated setup.py egg_info --egg-base ../../build/object_pose build --build-base /home/soda/vla/ROS_action/build/object_pose/build install --record /home/soda/vla/ROS_action/build/object_pose/install.log --single-version-externally-managed install_data
[3.559s] /home/soda/.local/lib/python3.10/site-packages/setuptools/_distutils/dist.py:289: UserWarning: Unknown distribution option: 'tests_require'
[3.559s]   warnings.warn(msg)
[3.848s] running egg_info
[3.892s] creating ../../build/object_pose/object_pose.egg-info
[3.893s] writing ../../build/object_pose/object_pose.egg-info/PKG-INFO
[3.894s] writing dependency_links to ../../build/object_pose/object_pose.egg-info/dependency_links.txt
[3.894s] writing entry points to ../../build/object_pose/object_pose.egg-info/entry_points.txt
[3.895s] writing requirements to ../../build/object_pose/object_pose.egg-info/requires.txt
[3.895s] writing top-level names to ../../build/object_pose/object_pose.egg-info/top_level.txt
[4.111s] writing manifest file '../../build/object_pose/object_pose.egg-info/SOURCES.txt'
[4.206s] reading manifest file '../../build/object_pose/object_pose.egg-info/SOURCES.txt'
[4.208s] writing manifest file '../../build/object_pose/object_pose.egg-info/SOURCES.txt'
[4.209s] running build
[4.209s] running build_py
[4.209s] creating /home/soda/vla/ROS_action/build/object_pose/build/lib/object_pose
[4.210s] copying object_pose/cup_publisher.py -> /home/soda/vla/ROS_action/build/object_pose/build/lib/object_pose
[4.210s] copying object_pose/__init__.py -> /home/soda/vla/ROS_action/build/object_pose/build/lib/object_pose
[4.211s] copying object_pose/object_pose_publisher.py -> /home/soda/vla/ROS_action/build/object_pose/build/lib/object_pose
[4.212s] running install
[4.219s] running install_lib
[4.281s] creating /home/soda/vla/ROS_action/install/object_pose/lib/python3.10/site-packages/object_pose
[4.281s] copying /home/soda/vla/ROS_action/build/object_pose/build/lib/object_pose/cup_publisher.py -> /home/soda/vla/ROS_action/install/object_pose/lib/python3.10/site-packages/object_pose
[4.281s] copying /home/soda/vla/ROS_action/build/object_pose/build/lib/object_pose/__init__.py -> /home/soda/vla/ROS_action/install/object_pose/lib/python3.10/site-packages/object_pose
[4.281s] copying /home/soda/vla/ROS_action/build/object_pose/build/lib/object_pose/object_pose_publisher.py -> /home/soda/vla/ROS_action/install/object_pose/lib/python3.10/site-packages/object_pose
[4.281s] byte-compiling /home/soda/vla/ROS_action/install/object_pose/lib/python3.10/site-packages/object_pose/cup_publisher.py to cup_publisher.cpython-310.pyc
[4.281s] byte-compiling /home/soda/vla/ROS_action/install/object_pose/lib/python3.10/site-packages/object_pose/__init__.py to __init__.cpython-310.pyc
[4.281s] byte-compiling /home/soda/vla/ROS_action/install/object_pose/lib/python3.10/site-packages/object_pose/object_pose_publisher.py to object_pose_publisher.cpython-310.pyc
[4.281s] running install_data
[4.281s] creating /home/soda/vla/ROS_action/install/object_pose/share/ament_index/resource_index/packages
[4.281s] copying resource/object_pose -> /home/soda/vla/ROS_action/install/object_pose/share/ament_index/resource_index/packages
[4.282s] creating /home/soda/vla/ROS_action/install/object_pose/share/object_pose
[4.282s] copying package.xml -> /home/soda/vla/ROS_action/install/object_pose/share/object_pose
[4.282s] creating /home/soda/vla/ROS_action/install/object_pose/share/object_pose/resource
[4.282s] copying resource/cup.png -> /home/soda/vla/ROS_action/install/object_pose/share/object_pose/resource
[4.282s] running install_egg_info
[4.321s] Copying ../../build/object_pose/object_pose.egg-info to /home/soda/vla/ROS_action/install/object_pose/lib/python3.10/site-packages/object_pose-0.0.0-py3.10.egg-info
[4.324s] running install_scripts
[4.423s] Installing cup_publisher script to /home/soda/vla/ROS_action/install/object_pose/lib/object_pose
[4.424s] Installing object_pose_publisher script to /home/soda/vla/ROS_action/install/object_pose/lib/object_pose
[4.425s] writing list of installed files to '/home/soda/vla/ROS_action/build/object_pose/install.log'
[4.508s] Invoked command in '/home/soda/vla/ROS_action/src/object_pose' returned '0': PYTHONPATH=/home/soda/vla/ROS_action/build/object_pose/prefix_override:/usr/lib/python3/dist-packages/colcon_core/task/python/colcon_distutils_commands:/home/soda/vla/ROS_action/install/object_pose/lib/python3.10/site-packages:${PYTHONPATH} /usr/bin/python3 -W ignore:setup.py install is deprecated -W ignore:easy_install command is deprecated setup.py egg_info --egg-base ../../build/object_pose build --build-base /home/soda/vla/ROS_action/build/object_pose/build install --record /home/soda/vla/ROS_action/build/object_pose/install.log --single-version-externally-managed install_data
