[3.809s] Invoking command in '/home/soda/vla/ROS_action/src/omni_controller': CONDA_PROMPT_MODIFIER=(robovlms) PS1=(robovlms) %m%# PYTHONPATH=/home/soda/vla/ROS_action/build/omni_controller/prefix_override:/usr/lib/python3/dist-packages/colcon_core/task/python/colcon_distutils_commands:/home/soda/vla/ROS_action/install/omni_controller/lib/python3.10/site-packages:${PYTHONPATH} /usr/bin/python3 -W ignore:setup.py install is deprecated -W ignore:easy_install command is deprecated setup.py egg_info --egg-base ../../build/omni_controller build --build-base /home/soda/vla/ROS_action/build/omni_controller/build install --record /home/soda/vla/ROS_action/build/omni_controller/install.log --single-version-externally-managed install_data
[5.620s] running egg_info
[5.662s] writing ../../build/omni_controller/omni_controller.egg-info/PKG-INFO
[5.663s] writing dependency_links to ../../build/omni_controller/omni_controller.egg-info/dependency_links.txt
[5.665s] writing entry points to ../../build/omni_controller/omni_controller.egg-info/entry_points.txt
[5.666s] writing requirements to ../../build/omni_controller/omni_controller.egg-info/requires.txt
[5.667s] writing top-level names to ../../build/omni_controller/omni_controller.egg-info/top_level.txt
[5.749s] reading manifest file '../../build/omni_controller/omni_controller.egg-info/SOURCES.txt'
[5.751s] writing manifest file '../../build/omni_controller/omni_controller.egg-info/SOURCES.txt'
[5.752s] running build
[5.753s] running build_py
[5.754s] copying omni_controller/omni_drive_node.py -> /home/soda/vla/ROS_action/build/omni_controller/build/lib/omni_controller
[5.756s] running install
[5.765s] running install_lib
[5.809s] copying /home/soda/vla/ROS_action/build/omni_controller/build/lib/omni_controller/omni_drive_node.py -> /home/soda/vla/ROS_action/install/omni_controller/lib/python3.10/site-packages/omni_controller
[5.812s] byte-compiling /home/soda/vla/ROS_action/install/omni_controller/lib/python3.10/site-packages/omni_controller/omni_drive_node.py to omni_drive_node.cpython-310.pyc
[5.814s] running install_data
[5.815s] running install_egg_info
[5.881s] removing '/home/soda/vla/ROS_action/install/omni_controller/lib/python3.10/site-packages/omni_controller-0.0.0-py3.10.egg-info' (and everything under it)
[5.884s] Copying ../../build/omni_controller/omni_controller.egg-info to /home/soda/vla/ROS_action/install/omni_controller/lib/python3.10/site-packages/omni_controller-0.0.0-py3.10.egg-info
[5.908s] running install_scripts
[6.097s] Installing omni_drive_node script to /home/soda/vla/ROS_action/install/omni_controller/lib/omni_controller
[6.099s] writing list of installed files to '/home/soda/vla/ROS_action/build/omni_controller/install.log'
[6.239s] Invoked command in '/home/soda/vla/ROS_action/src/omni_controller' returned '0': CONDA_PROMPT_MODIFIER=(robovlms) PS1=(robovlms) %m%# PYTHONPATH=/home/soda/vla/ROS_action/build/omni_controller/prefix_override:/usr/lib/python3/dist-packages/colcon_core/task/python/colcon_distutils_commands:/home/soda/vla/ROS_action/install/omni_controller/lib/python3.10/site-packages:${PYTHONPATH} /usr/bin/python3 -W ignore:setup.py install is deprecated -W ignore:easy_install command is deprecated setup.py egg_info --egg-base ../../build/omni_controller build --build-base /home/soda/vla/ROS_action/build/omni_controller/build install --record /home/soda/vla/ROS_action/build/omni_controller/install.log --single-version-externally-managed install_data
