[2.257s] Invoking command in '/home/soda/vla/ROS_action/src/omni_controller': PYTHONPATH=/home/soda/vla/ROS_action/build/omni_controller/prefix_override:/usr/lib/python3/dist-packages/colcon_core/task/python/colcon_distutils_commands:/home/soda/vla/ROS_action/install/omni_controller/lib/python3.10/site-packages:${PYTHONPATH} /usr/bin/python3 -W ignore:setup.py install is deprecated -W ignore:easy_install command is deprecated setup.py egg_info --egg-base ../../build/omni_controller build --build-base /home/soda/vla/ROS_action/build/omni_controller/build install --record /home/soda/vla/ROS_action/build/omni_controller/install.log --single-version-externally-managed install_data
[3.083s] running egg_info
[3.129s] writing ../../build/omni_controller/omni_controller.egg-info/PKG-INFO
[3.129s] writing dependency_links to ../../build/omni_controller/omni_controller.egg-info/dependency_links.txt
[3.129s] writing entry points to ../../build/omni_controller/omni_controller.egg-info/entry_points.txt
[3.130s] writing requirements to ../../build/omni_controller/omni_controller.egg-info/requires.txt
[3.130s] writing top-level names to ../../build/omni_controller/omni_controller.egg-info/top_level.txt
[3.209s] reading manifest file '../../build/omni_controller/omni_controller.egg-info/SOURCES.txt'
[3.210s] writing manifest file '../../build/omni_controller/omni_controller.egg-info/SOURCES.txt'
[3.210s] running build
[3.210s] running build_py
[3.211s] copying omni_controller/omni_drive_node.py -> /home/soda/vla/ROS_action/build/omni_controller/build/lib/omni_controller
[3.211s] running install
[3.220s] running install_lib
[3.259s] copying /home/soda/vla/ROS_action/build/omni_controller/build/lib/omni_controller/omni_drive_node.py -> /home/soda/vla/ROS_action/install/omni_controller/lib/python3.10/site-packages/omni_controller
[3.259s] byte-compiling /home/soda/vla/ROS_action/install/omni_controller/lib/python3.10/site-packages/omni_controller/omni_drive_node.py to omni_drive_node.cpython-310.pyc
[3.261s] running install_data
[3.261s] running install_egg_info
[3.301s] removing '/home/soda/vla/ROS_action/install/omni_controller/lib/python3.10/site-packages/omni_controller-0.0.0-py3.10.egg-info' (and everything under it)
[3.301s] Copying ../../build/omni_controller/omni_controller.egg-info to /home/soda/vla/ROS_action/install/omni_controller/lib/python3.10/site-packages/omni_controller-0.0.0-py3.10.egg-info
[3.303s] running install_scripts
[3.440s] Installing omni_drive_node script to /home/soda/vla/ROS_action/install/omni_controller/lib/omni_controller
[3.441s] writing list of installed files to '/home/soda/vla/ROS_action/build/omni_controller/install.log'
[3.527s] Invoked command in '/home/soda/vla/ROS_action/src/omni_controller' returned '0': PYTHONPATH=/home/soda/vla/ROS_action/build/omni_controller/prefix_override:/usr/lib/python3/dist-packages/colcon_core/task/python/colcon_distutils_commands:/home/soda/vla/ROS_action/install/omni_controller/lib/python3.10/site-packages:${PYTHONPATH} /usr/bin/python3 -W ignore:setup.py install is deprecated -W ignore:easy_install command is deprecated setup.py egg_info --egg-base ../../build/omni_controller build --build-base /home/soda/vla/ROS_action/build/omni_controller/build install --record /home/soda/vla/ROS_action/build/omni_controller/install.log --single-version-externally-managed install_data
