[0.255s] DEBUG:colcon:Command line arguments: ['/usr/bin/colcon', 'build', '--packages-select', 'omni_controller']
[0.255s] DEBUG:colcon:Parsed command line arguments: Namespace(log_base=None, log_level=None, verb_name='build', build_base='build', install_base='install', merge_install=False, symlink_install=False, test_result_base=None, continue_on_error=False, executor='parallel', parallel_workers=8, event_handlers=None, ignore_user_meta=False, metas=['./colcon.meta'], base_paths=['.'], packages_ignore=None, packages_ignore_regex=None, paths=None, packages_up_to=None, packages_up_to_regex=None, packages_above=None, packages_above_and_dependencies=None, packages_above_depth=None, packages_select_by_dep=None, packages_skip_by_dep=None, packages_skip_up_to=None, packages_select_build_failed=False, packages_skip_build_finished=False, packages_select_test_failures=False, packages_skip_test_passed=False, packages_select=['omni_controller'], packages_skip=None, packages_select_regex=None, packages_skip_regex=None, packages_start=None, packages_end=None, allow_overriding=[], cmake_args=None, cmake_target=None, cmake_target_skip_unavailable=False, cmake_clean_cache=False, cmake_clean_first=False, cmake_force_configure=False, ament_cmake_args=None, catkin_cmake_args=None, catkin_skip_building_tests=False, mixin_files=None, mixin=None, verb_parser=<colcon_mixin.mixin.mixin_argument.MixinArgumentDecorator object at 0xffff8b32cd90>, verb_extension=<colcon_core.verb.build.BuildVerb object at 0xffff8b32c580>, main=<bound method BuildVerb.main of <colcon_core.verb.build.BuildVerb object at 0xffff8b32c580>>, mixin_verb=('build',))
[1.058s] Level 1:colcon.colcon_core.package_discovery:discover_packages(colcon_meta) check parameters
[1.059s] Level 1:colcon.colcon_core.package_discovery:discover_packages(recursive) check parameters
[1.059s] Level 1:colcon.colcon_core.package_discovery:discover_packages(ignore) check parameters
[1.059s] Level 1:colcon.colcon_core.package_discovery:discover_packages(path) check parameters
[1.060s] Level 1:colcon.colcon_core.package_discovery:discover_packages(colcon_meta) discover
[1.060s] Level 1:colcon.colcon_core.package_discovery:discover_packages(recursive) discover
[1.060s] INFO:colcon.colcon_core.package_discovery:Crawling recursively for packages in '/home/soda/vla/ROS_action'
[1.060s] Level 1:colcon.colcon_core.package_identification:_identify(.) by extensions ['ignore', 'ignore_ament_install']
[1.061s] Level 1:colcon.colcon_core.package_identification:_identify(.) by extension 'ignore'
[1.061s] Level 1:colcon.colcon_core.package_identification:_identify(.) by extension 'ignore_ament_install'
[1.061s] Level 1:colcon.colcon_core.package_identification:_identify(.) by extensions ['colcon_pkg']
[1.061s] Level 1:colcon.colcon_core.package_identification:_identify(.) by extension 'colcon_pkg'
[1.062s] Level 1:colcon.colcon_core.package_identification:_identify(.) by extensions ['colcon_meta']
[1.062s] Level 1:colcon.colcon_core.package_identification:_identify(.) by extension 'colcon_meta'
[1.062s] Level 1:colcon.colcon_core.package_identification:_identify(.) by extensions ['ros']
[1.062s] Level 1:colcon.colcon_core.package_identification:_identify(.) by extension 'ros'
[1.099s] Level 1:colcon.colcon_core.package_identification:_identify(.) by extensions ['cmake', 'python']
[1.099s] Level 1:colcon.colcon_core.package_identification:_identify(.) by extension 'cmake'
[1.100s] Level 1:colcon.colcon_core.package_identification:_identify(.) by extension 'python'
[1.100s] Level 1:colcon.colcon_core.package_identification:_identify(.) by extensions ['python_setup_py']
[1.100s] Level 1:colcon.colcon_core.package_identification:_identify(.) by extension 'python_setup_py'
[1.100s] Level 1:colcon.colcon_core.package_identification:_identify(build) by extensions ['ignore', 'ignore_ament_install']
[1.101s] Level 1:colcon.colcon_core.package_identification:_identify(build) by extension 'ignore'
[1.101s] Level 1:colcon.colcon_core.package_identification:_identify(build) ignored
[1.102s] Level 1:colcon.colcon_core.package_identification:_identify(install) by extensions ['ignore', 'ignore_ament_install']
[1.102s] Level 1:colcon.colcon_core.package_identification:_identify(install) by extension 'ignore'
[1.102s] Level 1:colcon.colcon_core.package_identification:_identify(install) ignored
[1.103s] Level 1:colcon.colcon_core.package_identification:_identify(log) by extensions ['ignore', 'ignore_ament_install']
[1.103s] Level 1:colcon.colcon_core.package_identification:_identify(log) by extension 'ignore'
[1.103s] Level 1:colcon.colcon_core.package_identification:_identify(log) ignored
[1.104s] Level 1:colcon.colcon_core.package_identification:_identify(src) by extensions ['ignore', 'ignore_ament_install']
[1.104s] Level 1:colcon.colcon_core.package_identification:_identify(src) by extension 'ignore'
[1.105s] Level 1:colcon.colcon_core.package_identification:_identify(src) by extension 'ignore_ament_install'
[1.105s] Level 1:colcon.colcon_core.package_identification:_identify(src) by extensions ['colcon_pkg']
[1.105s] Level 1:colcon.colcon_core.package_identification:_identify(src) by extension 'colcon_pkg'
[1.106s] Level 1:colcon.colcon_core.package_identification:_identify(src) by extensions ['colcon_meta']
[1.106s] Level 1:colcon.colcon_core.package_identification:_identify(src) by extension 'colcon_meta'
[1.106s] Level 1:colcon.colcon_core.package_identification:_identify(src) by extensions ['ros']
[1.106s] Level 1:colcon.colcon_core.package_identification:_identify(src) by extension 'ros'
[1.107s] Level 1:colcon.colcon_core.package_identification:_identify(src) by extensions ['cmake', 'python']
[1.107s] Level 1:colcon.colcon_core.package_identification:_identify(src) by extension 'cmake'
[1.107s] Level 1:colcon.colcon_core.package_identification:_identify(src) by extension 'python'
[1.108s] Level 1:colcon.colcon_core.package_identification:_identify(src) by extensions ['python_setup_py']
[1.108s] Level 1:colcon.colcon_core.package_identification:_identify(src) by extension 'python_setup_py'
[1.108s] Level 1:colcon.colcon_core.package_identification:_identify(src/action_executor_node) by extensions ['ignore', 'ignore_ament_install']
[1.109s] Level 1:colcon.colcon_core.package_identification:_identify(src/action_executor_node) by extension 'ignore'
[1.109s] Level 1:colcon.colcon_core.package_identification:_identify(src/action_executor_node) by extension 'ignore_ament_install'
[1.110s] Level 1:colcon.colcon_core.package_identification:_identify(src/action_executor_node) by extensions ['colcon_pkg']
[1.110s] Level 1:colcon.colcon_core.package_identification:_identify(src/action_executor_node) by extension 'colcon_pkg'
[1.110s] Level 1:colcon.colcon_core.package_identification:_identify(src/action_executor_node) by extensions ['colcon_meta']
[1.110s] Level 1:colcon.colcon_core.package_identification:_identify(src/action_executor_node) by extension 'colcon_meta'
[1.111s] Level 1:colcon.colcon_core.package_identification:_identify(src/action_executor_node) by extensions ['ros']
[1.111s] Level 1:colcon.colcon_core.package_identification:_identify(src/action_executor_node) by extension 'ros'
[1.121s] DEBUG:colcon.colcon_core.package_identification:Package 'src/action_executor_node' with type 'ros.ament_python' and name 'action_executor_node'
[1.121s] Level 1:colcon.colcon_core.package_identification:_identify(src/action_launch) by extensions ['ignore', 'ignore_ament_install']
[1.122s] Level 1:colcon.colcon_core.package_identification:_identify(src/action_launch) by extension 'ignore'
[1.133s] Level 1:colcon.colcon_core.package_identification:_identify(src/action_launch) by extension 'ignore_ament_install'
[1.133s] Level 1:colcon.colcon_core.package_identification:_identify(src/action_launch) by extensions ['colcon_pkg']
[1.136s] Level 1:colcon.colcon_core.package_identification:_identify(src/action_launch) by extension 'colcon_pkg'
[1.137s] Level 1:colcon.colcon_core.package_identification:_identify(src/action_launch) by extensions ['colcon_meta']
[1.137s] Level 1:colcon.colcon_core.package_identification:_identify(src/action_launch) by extension 'colcon_meta'
[1.137s] Level 1:colcon.colcon_core.package_identification:_identify(src/action_launch) by extensions ['ros']
[1.137s] Level 1:colcon.colcon_core.package_identification:_identify(src/action_launch) by extension 'ros'
[1.138s] Level 1:colcon.colcon_core.package_identification:_identify(src/action_launch) by extensions ['cmake', 'python']
[1.138s] Level 1:colcon.colcon_core.package_identification:_identify(src/action_launch) by extension 'cmake'
[1.138s] Level 1:colcon.colcon_core.package_identification:_identify(src/action_launch) by extension 'python'
[1.138s] Level 1:colcon.colcon_core.package_identification:_identify(src/action_launch) by extensions ['python_setup_py']
[1.139s] Level 1:colcon.colcon_core.package_identification:_identify(src/action_launch) by extension 'python_setup_py'
[1.139s] Level 1:colcon.colcon_core.package_identification:_identify(src/action_launch/launch) by extensions ['ignore', 'ignore_ament_install']
[1.139s] Level 1:colcon.colcon_core.package_identification:_identify(src/action_launch/launch) by extension 'ignore'
[1.139s] Level 1:colcon.colcon_core.package_identification:_identify(src/action_launch/launch) by extension 'ignore_ament_install'
[1.140s] Level 1:colcon.colcon_core.package_identification:_identify(src/action_launch/launch) by extensions ['colcon_pkg']
[1.140s] Level 1:colcon.colcon_core.package_identification:_identify(src/action_launch/launch) by extension 'colcon_pkg'
[1.140s] Level 1:colcon.colcon_core.package_identification:_identify(src/action_launch/launch) by extensions ['colcon_meta']
[1.140s] Level 1:colcon.colcon_core.package_identification:_identify(src/action_launch/launch) by extension 'colcon_meta'
[1.140s] Level 1:colcon.colcon_core.package_identification:_identify(src/action_launch/launch) by extensions ['ros']
[1.141s] Level 1:colcon.colcon_core.package_identification:_identify(src/action_launch/launch) by extension 'ros'
[1.154s] Level 1:colcon.colcon_core.package_identification:_identify(src/action_launch/launch) by extensions ['cmake', 'python']
[1.154s] Level 1:colcon.colcon_core.package_identification:_identify(src/action_launch/launch) by extension 'cmake'
[1.154s] Level 1:colcon.colcon_core.package_identification:_identify(src/action_launch/launch) by extension 'python'
[1.155s] Level 1:colcon.colcon_core.package_identification:_identify(src/action_launch/launch) by extensions ['python_setup_py']
[1.155s] Level 1:colcon.colcon_core.package_identification:_identify(src/action_launch/launch) by extension 'python_setup_py'
[1.155s] Level 1:colcon.colcon_core.package_identification:_identify(src/camera_pub) by extensions ['ignore', 'ignore_ament_install']
[1.156s] Level 1:colcon.colcon_core.package_identification:_identify(src/camera_pub) by extension 'ignore'
[1.156s] Level 1:colcon.colcon_core.package_identification:_identify(src/camera_pub) by extension 'ignore_ament_install'
[1.156s] Level 1:colcon.colcon_core.package_identification:_identify(src/camera_pub) by extensions ['colcon_pkg']
[1.156s] Level 1:colcon.colcon_core.package_identification:_identify(src/camera_pub) by extension 'colcon_pkg'
[1.156s] Level 1:colcon.colcon_core.package_identification:_identify(src/camera_pub) by extensions ['colcon_meta']
[1.157s] Level 1:colcon.colcon_core.package_identification:_identify(src/camera_pub) by extension 'colcon_meta'
[1.157s] Level 1:colcon.colcon_core.package_identification:_identify(src/camera_pub) by extensions ['ros']
[1.157s] Level 1:colcon.colcon_core.package_identification:_identify(src/camera_pub) by extension 'ros'
[1.158s] DEBUG:colcon.colcon_core.package_identification:Package 'src/camera_pub' with type 'ros.ament_python' and name 'camera_pub'
[1.159s] Level 1:colcon.colcon_core.package_identification:_identify(src/camera_sub) by extensions ['ignore', 'ignore_ament_install']
[1.159s] Level 1:colcon.colcon_core.package_identification:_identify(src/camera_sub) by extension 'ignore'
[1.159s] Level 1:colcon.colcon_core.package_identification:_identify(src/camera_sub) by extension 'ignore_ament_install'
[1.160s] Level 1:colcon.colcon_core.package_identification:_identify(src/camera_sub) by extensions ['colcon_pkg']
[1.160s] Level 1:colcon.colcon_core.package_identification:_identify(src/camera_sub) by extension 'colcon_pkg'
[1.160s] Level 1:colcon.colcon_core.package_identification:_identify(src/camera_sub) by extensions ['colcon_meta']
[1.160s] Level 1:colcon.colcon_core.package_identification:_identify(src/camera_sub) by extension 'colcon_meta'
[1.160s] Level 1:colcon.colcon_core.package_identification:_identify(src/camera_sub) by extensions ['ros']
[1.161s] Level 1:colcon.colcon_core.package_identification:_identify(src/camera_sub) by extension 'ros'
[1.162s] DEBUG:colcon.colcon_core.package_identification:Package 'src/camera_sub' with type 'ros.ament_python' and name 'camera_sub'
[1.162s] Level 1:colcon.colcon_core.package_identification:_identify(src/omni_controller) by extensions ['ignore', 'ignore_ament_install']
[1.162s] Level 1:colcon.colcon_core.package_identification:_identify(src/omni_controller) by extension 'ignore'
[1.163s] Level 1:colcon.colcon_core.package_identification:_identify(src/omni_controller) by extension 'ignore_ament_install'
[1.163s] Level 1:colcon.colcon_core.package_identification:_identify(src/omni_controller) by extensions ['colcon_pkg']
[1.163s] Level 1:colcon.colcon_core.package_identification:_identify(src/omni_controller) by extension 'colcon_pkg'
[1.163s] Level 1:colcon.colcon_core.package_identification:_identify(src/omni_controller) by extensions ['colcon_meta']
[1.163s] Level 1:colcon.colcon_core.package_identification:_identify(src/omni_controller) by extension 'colcon_meta'
[1.164s] Level 1:colcon.colcon_core.package_identification:_identify(src/omni_controller) by extensions ['ros']
[1.164s] Level 1:colcon.colcon_core.package_identification:_identify(src/omni_controller) by extension 'ros'
[1.165s] DEBUG:colcon.colcon_core.package_identification:Package 'src/omni_controller' with type 'ros.ament_python' and name 'omni_controller'
[1.165s] Level 1:colcon.colcon_core.package_identification:_identify(src/vla_node) by extensions ['ignore', 'ignore_ament_install']
[1.166s] Level 1:colcon.colcon_core.package_identification:_identify(src/vla_node) by extension 'ignore'
[1.166s] Level 1:colcon.colcon_core.package_identification:_identify(src/vla_node) by extension 'ignore_ament_install'
[1.166s] Level 1:colcon.colcon_core.package_identification:_identify(src/vla_node) by extensions ['colcon_pkg']
[1.166s] Level 1:colcon.colcon_core.package_identification:_identify(src/vla_node) by extension 'colcon_pkg'
[1.166s] Level 1:colcon.colcon_core.package_identification:_identify(src/vla_node) by extensions ['colcon_meta']
[1.167s] Level 1:colcon.colcon_core.package_identification:_identify(src/vla_node) by extension 'colcon_meta'
[1.167s] Level 1:colcon.colcon_core.package_identification:_identify(src/vla_node) by extensions ['ros']
[1.167s] Level 1:colcon.colcon_core.package_identification:_identify(src/vla_node) by extension 'ros'
[1.169s] DEBUG:colcon.colcon_core.package_identification:Package 'src/vla_node' with type 'ros.ament_python' and name 'vla_node'
[1.169s] Level 1:colcon.colcon_core.package_discovery:discover_packages(recursive) using defaults
[1.169s] Level 1:colcon.colcon_core.package_discovery:discover_packages(ignore) discover
[1.170s] Level 1:colcon.colcon_core.package_discovery:discover_packages(ignore) using defaults
[1.170s] Level 1:colcon.colcon_core.package_discovery:discover_packages(path) discover
[1.170s] Level 1:colcon.colcon_core.package_discovery:discover_packages(path) using defaults
[1.223s] INFO:colcon.colcon_core.package_selection:Skipping not selected package 'action_executor_node' in 'src/action_executor_node'
[1.223s] INFO:colcon.colcon_core.package_selection:Skipping not selected package 'camera_pub' in 'src/camera_pub'
[1.223s] INFO:colcon.colcon_core.package_selection:Skipping not selected package 'camera_sub' in 'src/camera_sub'
[1.224s] INFO:colcon.colcon_core.package_selection:Skipping not selected package 'vla_node' in 'src/vla_node'
[1.225s] Level 1:colcon.colcon_core.package_discovery:discover_packages(prefix_path) check parameters
[1.225s] Level 1:colcon.colcon_core.package_discovery:discover_packages(prefix_path) discover
[1.229s] DEBUG:colcon.colcon_installed_package_information.package_discovery:Found 5 installed packages in /home/soda/vla/ROS_action/install
[1.230s] DEBUG:colcon.colcon_installed_package_information.package_discovery:Found 3 installed packages in /home/soda/ros2_ws/install
[1.232s] DEBUG:colcon.colcon_installed_package_information.package_discovery:Found 284 installed packages in /opt/ros/humble
[1.235s] Level 1:colcon.colcon_core.package_discovery:discover_packages(prefix_path) using defaults
[1.298s] Level 5:colcon.colcon_core.verb:set package 'omni_controller' build argument 'cmake_args' from command line to 'None'
[1.298s] Level 5:colcon.colcon_core.verb:set package 'omni_controller' build argument 'cmake_target' from command line to 'None'
[1.298s] Level 5:colcon.colcon_core.verb:set package 'omni_controller' build argument 'cmake_target_skip_unavailable' from command line to 'False'
[1.298s] Level 5:colcon.colcon_core.verb:set package 'omni_controller' build argument 'cmake_clean_cache' from command line to 'False'
[1.299s] Level 5:colcon.colcon_core.verb:set package 'omni_controller' build argument 'cmake_clean_first' from command line to 'False'
[1.299s] Level 5:colcon.colcon_core.verb:set package 'omni_controller' build argument 'cmake_force_configure' from command line to 'False'
[1.299s] Level 5:colcon.colcon_core.verb:set package 'omni_controller' build argument 'ament_cmake_args' from command line to 'None'
[1.299s] Level 5:colcon.colcon_core.verb:set package 'omni_controller' build argument 'catkin_cmake_args' from command line to 'None'
[1.299s] Level 5:colcon.colcon_core.verb:set package 'omni_controller' build argument 'catkin_skip_building_tests' from command line to 'False'
[1.299s] DEBUG:colcon.colcon_core.verb:Building package 'omni_controller' with the following arguments: {'ament_cmake_args': None, 'build_base': '/home/soda/vla/ROS_action/build/omni_controller', 'catkin_cmake_args': None, 'catkin_skip_building_tests': False, 'cmake_args': None, 'cmake_clean_cache': False, 'cmake_clean_first': False, 'cmake_force_configure': False, 'cmake_target': None, 'cmake_target_skip_unavailable': False, 'install_base': '/home/soda/vla/ROS_action/install/omni_controller', 'merge_install': False, 'path': '/home/soda/vla/ROS_action/src/omni_controller', 'symlink_install': False, 'test_result_base': None}
[1.300s] INFO:colcon.colcon_core.executor:Executing jobs using 'parallel' executor
[1.324s] DEBUG:colcon.colcon_parallel_executor.executor.parallel:run_until_complete
[1.325s] INFO:colcon.colcon_ros.task.ament_python.build:Building ROS package in '/home/soda/vla/ROS_action/src/omni_controller' with build type 'ament_python'
[1.325s] Level 1:colcon.colcon_core.shell:create_environment_hook('omni_controller', 'ament_prefix_path')
[1.330s] INFO:colcon.colcon_core.plugin_system:Skipping extension 'colcon_core.shell.bat': Not used on non-Windows systems
[1.330s] INFO:colcon.colcon_core.shell:Creating environment hook '/home/soda/vla/ROS_action/install/omni_controller/share/omni_controller/hook/ament_prefix_path.ps1'
[1.331s] INFO:colcon.colcon_core.shell:Creating environment descriptor '/home/soda/vla/ROS_action/install/omni_controller/share/omni_controller/hook/ament_prefix_path.dsv'
[1.332s] INFO:colcon.colcon_core.shell:Creating environment hook '/home/soda/vla/ROS_action/install/omni_controller/share/omni_controller/hook/ament_prefix_path.sh'
[1.334s] INFO:colcon.colcon_core.shell:Skip shell extension 'powershell' for command environment: Not usable outside of PowerShell
[1.334s] DEBUG:colcon.colcon_core.shell:Skip shell extension 'dsv' for command environment
[2.285s] INFO:colcon.colcon_core.task.python.build:Building Python package in '/home/soda/vla/ROS_action/src/omni_controller'
[2.285s] INFO:colcon.colcon_core.shell:Skip shell extension 'powershell' for command environment: Not usable outside of PowerShell
[2.285s] DEBUG:colcon.colcon_core.shell:Skip shell extension 'dsv' for command environment
[4.313s] DEBUG:colcon.colcon_core.event_handler.log_command:Invoking command in '/home/soda/vla/ROS_action/src/omni_controller': CONDA_PROMPT_MODIFIER=(robovlms) PS1=(robovlms) %m%# PYTHONPATH=/home/soda/vla/ROS_action/build/omni_controller/prefix_override:/usr/lib/python3/dist-packages/colcon_core/task/python/colcon_distutils_commands:/home/soda/vla/ROS_action/install/omni_controller/lib/python3.10/site-packages:${PYTHONPATH} /usr/bin/python3 -W ignore:setup.py install is deprecated -W ignore:easy_install command is deprecated setup.py egg_info --egg-base ../../build/omni_controller build --build-base /home/soda/vla/ROS_action/build/omni_controller/build install --record /home/soda/vla/ROS_action/build/omni_controller/install.log --single-version-externally-managed install_data
[5.867s] Level 1:colcon.colcon_core.environment:checking '/home/soda/vla/ROS_action/install/omni_controller' for CMake module files
[5.868s] Level 1:colcon.colcon_core.environment:checking '/home/soda/vla/ROS_action/install/omni_controller' for CMake config files
[5.869s] Level 1:colcon.colcon_core.environment:checking '/home/soda/vla/ROS_action/install/omni_controller/lib'
[5.869s] Level 1:colcon.colcon_core.environment:checking '/home/soda/vla/ROS_action/install/omni_controller/bin'
[5.869s] Level 1:colcon.colcon_core.environment:checking '/home/soda/vla/ROS_action/install/omni_controller/lib/pkgconfig/omni_controller.pc'
[5.870s] Level 1:colcon.colcon_core.environment:checking '/home/soda/vla/ROS_action/install/omni_controller/lib/python3.10/site-packages'
[5.870s] Level 1:colcon.colcon_core.shell:create_environment_hook('omni_controller', 'pythonpath')
[5.870s] INFO:colcon.colcon_core.shell:Creating environment hook '/home/soda/vla/ROS_action/install/omni_controller/share/omni_controller/hook/pythonpath.ps1'
[5.871s] INFO:colcon.colcon_core.shell:Creating environment descriptor '/home/soda/vla/ROS_action/install/omni_controller/share/omni_controller/hook/pythonpath.dsv'
[5.872s] INFO:colcon.colcon_core.shell:Creating environment hook '/home/soda/vla/ROS_action/install/omni_controller/share/omni_controller/hook/pythonpath.sh'
[5.873s] Level 1:colcon.colcon_core.environment:checking '/home/soda/vla/ROS_action/install/omni_controller/bin'
[5.873s] Level 1:colcon.colcon_core.environment:create_environment_scripts_only(omni_controller)
[5.873s] INFO:colcon.colcon_core.shell:Creating package script '/home/soda/vla/ROS_action/install/omni_controller/share/omni_controller/package.ps1'
[5.874s] DEBUG:colcon.colcon_core.event_handler.log_command:Invoked command in '/home/soda/vla/ROS_action/src/omni_controller' returned '0': CONDA_PROMPT_MODIFIER=(robovlms) PS1=(robovlms) %m%# PYTHONPATH=/home/soda/vla/ROS_action/build/omni_controller/prefix_override:/usr/lib/python3/dist-packages/colcon_core/task/python/colcon_distutils_commands:/home/soda/vla/ROS_action/install/omni_controller/lib/python3.10/site-packages:${PYTHONPATH} /usr/bin/python3 -W ignore:setup.py install is deprecated -W ignore:easy_install command is deprecated setup.py egg_info --egg-base ../../build/omni_controller build --build-base /home/soda/vla/ROS_action/build/omni_controller/build install --record /home/soda/vla/ROS_action/build/omni_controller/install.log --single-version-externally-managed install_data
[5.875s] INFO:colcon.colcon_core.shell:Creating package descriptor '/home/soda/vla/ROS_action/install/omni_controller/share/omni_controller/package.dsv'
[5.876s] INFO:colcon.colcon_core.shell:Creating package script '/home/soda/vla/ROS_action/install/omni_controller/share/omni_controller/package.sh'
[5.877s] INFO:colcon.colcon_core.shell:Creating package script '/home/soda/vla/ROS_action/install/omni_controller/share/omni_controller/package.bash'
[5.878s] INFO:colcon.colcon_core.shell:Creating package script '/home/soda/vla/ROS_action/install/omni_controller/share/omni_controller/package.zsh'
[5.879s] Level 1:colcon.colcon_core.environment:create_file_with_runtime_dependencies(/home/soda/vla/ROS_action/install/omni_controller/share/colcon-core/packages/omni_controller)
[5.893s] DEBUG:colcon.colcon_parallel_executor.executor.parallel:closing loop
[5.894s] DEBUG:colcon.colcon_parallel_executor.executor.parallel:loop closed
[5.894s] DEBUG:colcon.colcon_parallel_executor.executor.parallel:run_until_complete finished with '0'
[5.894s] DEBUG:colcon.colcon_core.event_reactor:joining thread
[5.904s] INFO:colcon.colcon_core.plugin_system:Skipping extension 'colcon_notification.desktop_notification.terminal_notifier': Not used on non-Darwin systems
[5.904s] INFO:colcon.colcon_core.plugin_system:Skipping extension 'colcon_notification.desktop_notification.win32': Not used on non-Windows systems
[5.904s] INFO:colcon.colcon_notification.desktop_notification:Sending desktop notification using 'notify2'
[6.187s] DEBUG:colcon.colcon_core.event_reactor:joined thread
[6.188s] INFO:colcon.colcon_core.shell:Creating prefix script '/home/soda/vla/ROS_action/install/local_setup.ps1'
[6.189s] INFO:colcon.colcon_core.shell:Creating prefix util module '/home/soda/vla/ROS_action/install/_local_setup_util_ps1.py'
[6.192s] INFO:colcon.colcon_core.shell:Creating prefix chain script '/home/soda/vla/ROS_action/install/setup.ps1'
[6.194s] INFO:colcon.colcon_core.shell:Creating prefix script '/home/soda/vla/ROS_action/install/local_setup.sh'
[6.195s] INFO:colcon.colcon_core.shell:Creating prefix util module '/home/soda/vla/ROS_action/install/_local_setup_util_sh.py'
[6.196s] INFO:colcon.colcon_core.shell:Creating prefix chain script '/home/soda/vla/ROS_action/install/setup.sh'
[6.199s] INFO:colcon.colcon_core.shell:Creating prefix script '/home/soda/vla/ROS_action/install/local_setup.bash'
[6.200s] INFO:colcon.colcon_core.shell:Creating prefix chain script '/home/soda/vla/ROS_action/install/setup.bash'
[6.215s] INFO:colcon.colcon_core.shell:Creating prefix script '/home/soda/vla/ROS_action/install/local_setup.zsh'
[6.216s] INFO:colcon.colcon_core.shell:Creating prefix chain script '/home/soda/vla/ROS_action/install/setup.zsh'
