[8.838s] Invoking command in '/home/soda/vla/ROS_action/src/camera_pub': CONDA_PROMPT_MODIFIER=(robovlms) PS1=(robovlms) %m%# PYTHONPATH=/home/soda/vla/ROS_action/build/camera_pub/prefix_override:/usr/lib/python3/dist-packages/colcon_core/task/python/colcon_distutils_commands:/home/soda/vla/ROS_action/install/camera_pub/lib/python3.10/site-packages:${PYTHONPATH} /usr/bin/python3 -W ignore:setup.py install is deprecated -W ignore:easy_install command is deprecated setup.py egg_info --egg-base ../../build/camera_pub build --build-base /home/soda/vla/ROS_action/build/camera_pub/build install --record /home/soda/vla/ROS_action/build/camera_pub/install.log --single-version-externally-managed install_data
[10.184s] running egg_info
[10.230s] writing ../../build/camera_pub/camera_pub.egg-info/PKG-INFO
[10.231s] writing dependency_links to ../../build/camera_pub/camera_pub.egg-info/dependency_links.txt
[10.232s] writing entry points to ../../build/camera_pub/camera_pub.egg-info/entry_points.txt
[10.234s] writing requirements to ../../build/camera_pub/camera_pub.egg-info/requires.txt
[10.235s] writing top-level names to ../../build/camera_pub/camera_pub.egg-info/top_level.txt
[10.327s] reading manifest file '../../build/camera_pub/camera_pub.egg-info/SOURCES.txt'
[10.329s] writing manifest file '../../build/camera_pub/camera_pub.egg-info/SOURCES.txt'
[10.330s] running build
[10.330s] running build_py
[10.332s] running install
[10.341s] running install_lib
[10.382s] running install_data
[10.383s] running install_egg_info
[10.449s] removing '/home/soda/vla/ROS_action/install/camera_pub/lib/python3.10/site-packages/camera_pub-0.0.0-py3.10.egg-info' (and everything under it)
[10.463s] Copying ../../build/camera_pub/camera_pub.egg-info to /home/soda/vla/ROS_action/install/camera_pub/lib/python3.10/site-packages/camera_pub-0.0.0-py3.10.egg-info
[10.471s] running install_scripts
[10.685s] Installing camera_publisher_node script to /home/soda/vla/ROS_action/install/camera_pub/lib/camera_pub
[10.690s] writing list of installed files to '/home/soda/vla/ROS_action/build/camera_pub/install.log'
