[0.211s] [34mcolcon[0m [1;30mDEBUG[0m [32mCommand line arguments: ['/usr/bin/colcon', 'build'][0m
[0.211s] [34mcolcon[0m [1;30mDEBUG[0m [32mParsed command line arguments: Namespace(log_base=None, log_level=None, verb_name='build', build_base='build', install_base='install', merge_install=False, symlink_install=False, test_result_base=None, continue_on_error=False, executor='parallel', parallel_workers=8, event_handlers=None, ignore_user_meta=False, metas=['./colcon.meta'], base_paths=['.'], packages_ignore=None, packages_ignore_regex=None, paths=None, packages_up_to=None, packages_up_to_regex=None, packages_above=None, packages_above_and_dependencies=None, packages_above_depth=None, packages_select_by_dep=None, packages_skip_by_dep=None, packages_skip_up_to=None, packages_select_build_failed=False, packages_skip_build_finished=False, packages_select_test_failures=False, packages_skip_test_passed=False, packages_select=None, packages_skip=None, packages_select_regex=None, packages_skip_regex=None, packages_start=None, packages_end=None, allow_overriding=[], cmake_args=None, cmake_target=None, cmake_target_skip_unavailable=False, cmake_clean_cache=False, cmake_clean_first=False, cmake_force_configure=False, ament_cmake_args=None, catkin_cmake_args=None, catkin_skip_building_tests=False, mixin_files=None, mixin=None, verb_parser=<colcon_mixin.mixin.mixin_argument.MixinArgumentDecorator object at 0xffffb0d8e9e0>, verb_extension=<colcon_core.verb.build.BuildVerb object at 0xffffb0d8dfc0>, main=<bound method BuildVerb.main of <colcon_core.verb.build.BuildVerb object at 0xffffb0d8dfc0>>, mixin_verb=('build',))[0m
[0.277s] [34mcolcon.colcon_core.package_discovery[0m [1;30mLevel 1[0m discover_packages(colcon_meta) check parameters
[0.277s] [34mcolcon.colcon_core.package_discovery[0m [1;30mLevel 1[0m discover_packages(recursive) check parameters
[0.277s] [34mcolcon.colcon_core.package_discovery[0m [1;30mLevel 1[0m discover_packages(ignore) check parameters
[0.277s] [34mcolcon.colcon_core.package_discovery[0m [1;30mLevel 1[0m discover_packages(path) check parameters
[0.277s] [34mcolcon.colcon_core.package_discovery[0m [1;30mLevel 1[0m discover_packages(colcon_meta) discover
[0.277s] [34mcolcon.colcon_core.package_discovery[0m [1;30mLevel 1[0m discover_packages(recursive) discover
[0.277s] [34mcolcon.colcon_core.package_discovery[0m [1;30mINFO[0m Crawling recursively for packages in '/home/soda/vla/ROS_action'
[0.277s] [34mcolcon.colcon_core.package_identification[0m [1;30mLevel 1[0m _identify(.) by extensions ['ignore', 'ignore_ament_install']
[0.278s] [34mcolcon.colcon_core.package_identification[0m [1;30mLevel 1[0m _identify(.) by extension 'ignore'
[0.278s] [34mcolcon.colcon_core.package_identification[0m [1;30mLevel 1[0m _identify(.) by extension 'ignore_ament_install'
[0.278s] [34mcolcon.colcon_core.package_identification[0m [1;30mLevel 1[0m _identify(.) by extensions ['colcon_pkg']
[0.278s] [34mcolcon.colcon_core.package_identification[0m [1;30mLevel 1[0m _identify(.) by extension 'colcon_pkg'
[0.278s] [34mcolcon.colcon_core.package_identification[0m [1;30mLevel 1[0m _identify(.) by extensions ['colcon_meta']
[0.278s] [34mcolcon.colcon_core.package_identification[0m [1;30mLevel 1[0m _identify(.) by extension 'colcon_meta'
[0.278s] [34mcolcon.colcon_core.package_identification[0m [1;30mLevel 1[0m _identify(.) by extensions ['ros']
[0.278s] [34mcolcon.colcon_core.package_identification[0m [1;30mLevel 1[0m _identify(.) by extension 'ros'
[0.301s] [34mcolcon.colcon_core.package_identification[0m [1;30mLevel 1[0m _identify(.) by extensions ['cmake', 'python']
[0.302s] [34mcolcon.colcon_core.package_identification[0m [1;30mLevel 1[0m _identify(.) by extension 'cmake'
[0.302s] [34mcolcon.colcon_core.package_identification[0m [1;30mLevel 1[0m _identify(.) by extension 'python'
[0.302s] [34mcolcon.colcon_core.package_identification[0m [1;30mLevel 1[0m _identify(.) by extensions ['python_setup_py']
[0.302s] [34mcolcon.colcon_core.package_identification[0m [1;30mLevel 1[0m _identify(.) by extension 'python_setup_py'
[0.302s] [34mcolcon.colcon_core.package_identification[0m [1;30mLevel 1[0m _identify(build) by extensions ['ignore', 'ignore_ament_install']
[0.302s] [34mcolcon.colcon_core.package_identification[0m [1;30mLevel 1[0m _identify(build) by extension 'ignore'
[0.302s] [34mcolcon.colcon_core.package_identification[0m [1;30mLevel 1[0m _identify(build) ignored
[0.303s] [34mcolcon.colcon_core.package_identification[0m [1;30mLevel 1[0m _identify(install) by extensions ['ignore', 'ignore_ament_install']
[0.303s] [34mcolcon.colcon_core.package_identification[0m [1;30mLevel 1[0m _identify(install) by extension 'ignore'
[0.303s] [34mcolcon.colcon_core.package_identification[0m [1;30mLevel 1[0m _identify(install) ignored
[0.303s] [34mcolcon.colcon_core.package_identification[0m [1;30mLevel 1[0m _identify(log) by extensions ['ignore', 'ignore_ament_install']
[0.303s] [34mcolcon.colcon_core.package_identification[0m [1;30mLevel 1[0m _identify(log) by extension 'ignore'
[0.303s] [34mcolcon.colcon_core.package_identification[0m [1;30mLevel 1[0m _identify(log) ignored
[0.303s] [34mcolcon.colcon_core.package_identification[0m [1;30mLevel 1[0m _identify(src) by extensions ['ignore', 'ignore_ament_install']
[0.304s] [34mcolcon.colcon_core.package_identification[0m [1;30mLevel 1[0m _identify(src) by extension 'ignore'
[0.304s] [34mcolcon.colcon_core.package_identification[0m [1;30mLevel 1[0m _identify(src) by extension 'ignore_ament_install'
[0.304s] [34mcolcon.colcon_core.package_identification[0m [1;30mLevel 1[0m _identify(src) by extensions ['colcon_pkg']
[0.304s] [34mcolcon.colcon_core.package_identification[0m [1;30mLevel 1[0m _identify(src) by extension 'colcon_pkg'
[0.304s] [34mcolcon.colcon_core.package_identification[0m [1;30mLevel 1[0m _identify(src) by extensions ['colcon_meta']
[0.304s] [34mcolcon.colcon_core.package_identification[0m [1;30mLevel 1[0m _identify(src) by extension 'colcon_meta'
[0.304s] [34mcolcon.colcon_core.package_identification[0m [1;30mLevel 1[0m _identify(src) by extensions ['ros']
[0.304s] [34mcolcon.colcon_core.package_identification[0m [1;30mLevel 1[0m _identify(src) by extension 'ros'
[0.304s] [34mcolcon.colcon_core.package_identification[0m [1;30mLevel 1[0m _identify(src) by extensions ['cmake', 'python']
[0.304s] [34mcolcon.colcon_core.package_identification[0m [1;30mLevel 1[0m _identify(src) by extension 'cmake'
[0.304s] [34mcolcon.colcon_core.package_identification[0m [1;30mLevel 1[0m _identify(src) by extension 'python'
[0.304s] [34mcolcon.colcon_core.package_identification[0m [1;30mLevel 1[0m _identify(src) by extensions ['python_setup_py']
[0.305s] [34mcolcon.colcon_core.package_identification[0m [1;30mLevel 1[0m _identify(src) by extension 'python_setup_py'
[0.305s] [34mcolcon.colcon_core.package_identification[0m [1;30mLevel 1[0m _identify(src/action_executor_node) by extensions ['ignore', 'ignore_ament_install']
[0.305s] [34mcolcon.colcon_core.package_identification[0m [1;30mLevel 1[0m _identify(src/action_executor_node) by extension 'ignore'
[0.305s] [34mcolcon.colcon_core.package_identification[0m [1;30mLevel 1[0m _identify(src/action_executor_node) by extension 'ignore_ament_install'
[0.305s] [34mcolcon.colcon_core.package_identification[0m [1;30mLevel 1[0m _identify(src/action_executor_node) by extensions ['colcon_pkg']
[0.305s] [34mcolcon.colcon_core.package_identification[0m [1;30mLevel 1[0m _identify(src/action_executor_node) by extension 'colcon_pkg'
[0.305s] [34mcolcon.colcon_core.package_identification[0m [1;30mLevel 1[0m _identify(src/action_executor_node) by extensions ['colcon_meta']
[0.305s] [34mcolcon.colcon_core.package_identification[0m [1;30mLevel 1[0m _identify(src/action_executor_node) by extension 'colcon_meta'
[0.305s] [34mcolcon.colcon_core.package_identification[0m [1;30mLevel 1[0m _identify(src/action_executor_node) by extensions ['ros']
[0.305s] [34mcolcon.colcon_core.package_identification[0m [1;30mLevel 1[0m _identify(src/action_executor_node) by extension 'ros'
[0.309s] [34mcolcon.colcon_core.package_identification[0m [1;30mDEBUG[0m [32mPackage 'src/action_executor_node' with type 'ros.ament_python' and name 'action_executor_node'[0m
[0.309s] [34mcolcon.colcon_core.package_identification[0m [1;30mLevel 1[0m _identify(src/audio_capture_package) by extensions ['ignore', 'ignore_ament_install']
[0.309s] [34mcolcon.colcon_core.package_identification[0m [1;30mLevel 1[0m _identify(src/audio_capture_package) by extension 'ignore'
[0.310s] [34mcolcon.colcon_core.package_identification[0m [1;30mLevel 1[0m _identify(src/audio_capture_package) by extension 'ignore_ament_install'
[0.310s] [34mcolcon.colcon_core.package_identification[0m [1;30mLevel 1[0m _identify(src/audio_capture_package) by extensions ['colcon_pkg']
[0.310s] [34mcolcon.colcon_core.package_identification[0m [1;30mLevel 1[0m _identify(src/audio_capture_package) by extension 'colcon_pkg'
[0.310s] [34mcolcon.colcon_core.package_identification[0m [1;30mLevel 1[0m _identify(src/audio_capture_package) by extensions ['colcon_meta']
[0.310s] [34mcolcon.colcon_core.package_identification[0m [1;30mLevel 1[0m _identify(src/audio_capture_package) by extension 'colcon_meta'
[0.310s] [34mcolcon.colcon_core.package_identification[0m [1;30mLevel 1[0m _identify(src/audio_capture_package) by extensions ['ros']
[0.310s] [34mcolcon.colcon_core.package_identification[0m [1;30mLevel 1[0m _identify(src/audio_capture_package) by extension 'ros'
[0.311s] [34mcolcon.colcon_core.package_identification[0m [1;30mDEBUG[0m [32mFailed to parse potential ROS package manifest in'src/audio_capture_package': Error(s) in package 'src/audio_capture_package/package.xml':
The manifest contains invalid XML:
not well-formed (invalid token): line 4, column 1[0m
[0.311s] [34mcolcon.colcon_core.package_identification[0m [1;30mLevel 1[0m _identify(src/audio_capture_package) by extensions ['cmake', 'python']
[0.311s] [34mcolcon.colcon_core.package_identification[0m [1;30mLevel 1[0m _identify(src/audio_capture_package) by extension 'cmake'
[0.311s] [34mcolcon.colcon_core.package_identification[0m [1;30mLevel 1[0m _identify(src/audio_capture_package) by extension 'python'
[0.311s] [34mcolcon.colcon_core.package_identification[0m [1;30mDEBUG[0m [32mPython package in 'src/audio_capture_package' passes arguments to the setup() function which requires a different identification extension than 'python'[0m
[0.311s] [34mcolcon.colcon_core.package_identification[0m [1;30mLevel 1[0m _identify(src/audio_capture_package) by extensions ['python_setup_py']
[0.311s] [34mcolcon.colcon_core.package_identification[0m [1;30mLevel 1[0m _identify(src/audio_capture_package) by extension 'python_setup_py'
[0.740s] [34mcolcon.colcon_core.package_identification[0m [1;30mDEBUG[0m [32mPackage 'src/audio_capture_package' with type 'python' and name 'audio_capture_package'[0m
[0.741s] [34mcolcon.colcon_core.package_identification[0m [1;30mLevel 1[0m _identify(src/camera_pub) by extensions ['ignore', 'ignore_ament_install']
[0.741s] [34mcolcon.colcon_core.package_identification[0m [1;30mLevel 1[0m _identify(src/camera_pub) by extension 'ignore'
[0.741s] [34mcolcon.colcon_core.package_identification[0m [1;30mLevel 1[0m _identify(src/camera_pub) by extension 'ignore_ament_install'
[0.741s] [34mcolcon.colcon_core.package_identification[0m [1;30mLevel 1[0m _identify(src/camera_pub) by extensions ['colcon_pkg']
[0.741s] [34mcolcon.colcon_core.package_identification[0m [1;30mLevel 1[0m _identify(src/camera_pub) by extension 'colcon_pkg'
[0.742s] [34mcolcon.colcon_core.package_identification[0m [1;30mLevel 1[0m _identify(src/camera_pub) by extensions ['colcon_meta']
[0.742s] [34mcolcon.colcon_core.package_identification[0m [1;30mLevel 1[0m _identify(src/camera_pub) by extension 'colcon_meta'
[0.742s] [34mcolcon.colcon_core.package_identification[0m [1;30mLevel 1[0m _identify(src/camera_pub) by extensions ['ros']
[0.742s] [34mcolcon.colcon_core.package_identification[0m [1;30mLevel 1[0m _identify(src/camera_pub) by extension 'ros'
[0.743s] [34mcolcon.colcon_core.package_identification[0m [1;30mDEBUG[0m [32mPackage 'src/camera_pub' with type 'ros.ament_python' and name 'camera_pub'[0m
[0.743s] [34mcolcon.colcon_core.package_identification[0m [1;30mLevel 1[0m _identify(src/camera_sub) by extensions ['ignore', 'ignore_ament_install']
[0.743s] [34mcolcon.colcon_core.package_identification[0m [1;30mLevel 1[0m _identify(src/camera_sub) by extension 'ignore'
[0.744s] [34mcolcon.colcon_core.package_identification[0m [1;30mLevel 1[0m _identify(src/camera_sub) by extension 'ignore_ament_install'
[0.744s] [34mcolcon.colcon_core.package_identification[0m [1;30mLevel 1[0m _identify(src/camera_sub) by extensions ['colcon_pkg']
[0.744s] [34mcolcon.colcon_core.package_identification[0m [1;30mLevel 1[0m _identify(src/camera_sub) by extension 'colcon_pkg'
[0.744s] [34mcolcon.colcon_core.package_identification[0m [1;30mLevel 1[0m _identify(src/camera_sub) by extensions ['colcon_meta']
[0.744s] [34mcolcon.colcon_core.package_identification[0m [1;30mLevel 1[0m _identify(src/camera_sub) by extension 'colcon_meta'
[0.744s] [34mcolcon.colcon_core.package_identification[0m [1;30mLevel 1[0m _identify(src/camera_sub) by extensions ['ros']
[0.744s] [34mcolcon.colcon_core.package_identification[0m [1;30mLevel 1[0m _identify(src/camera_sub) by extension 'ros'
[0.745s] [34mcolcon.colcon_core.package_identification[0m [1;30mDEBUG[0m [32mPackage 'src/camera_sub' with type 'ros.ament_python' and name 'camera_sub'[0m
[0.745s] [34mcolcon.colcon_core.package_identification[0m [1;30mLevel 1[0m _identify(src/object_pose) by extensions ['ignore', 'ignore_ament_install']
[0.745s] [34mcolcon.colcon_core.package_identification[0m [1;30mLevel 1[0m _identify(src/object_pose) by extension 'ignore'
[0.745s] [34mcolcon.colcon_core.package_identification[0m [1;30mLevel 1[0m _identify(src/object_pose) by extension 'ignore_ament_install'
[0.745s] [34mcolcon.colcon_core.package_identification[0m [1;30mLevel 1[0m _identify(src/object_pose) by extensions ['colcon_pkg']
[0.745s] [34mcolcon.colcon_core.package_identification[0m [1;30mLevel 1[0m _identify(src/object_pose) by extension 'colcon_pkg'
[0.745s] [34mcolcon.colcon_core.package_identification[0m [1;30mLevel 1[0m _identify(src/object_pose) by extensions ['colcon_meta']
[0.745s] [34mcolcon.colcon_core.package_identification[0m [1;30mLevel 1[0m _identify(src/object_pose) by extension 'colcon_meta'
[0.746s] [34mcolcon.colcon_core.package_identification[0m [1;30mLevel 1[0m _identify(src/object_pose) by extensions ['ros']
[0.746s] [34mcolcon.colcon_core.package_identification[0m [1;30mLevel 1[0m _identify(src/object_pose) by extension 'ros'
[0.747s] [34mcolcon.colcon_core.package_identification[0m [1;30mDEBUG[0m [32mPackage 'src/object_pose' with type 'ros.ament_python' and name 'object_pose'[0m
[0.747s] [34mcolcon.colcon_core.package_identification[0m [1;30mLevel 1[0m _identify(src/omni_controller) by extensions ['ignore', 'ignore_ament_install']
[0.747s] [34mcolcon.colcon_core.package_identification[0m [1;30mLevel 1[0m _identify(src/omni_controller) by extension 'ignore'
[0.747s] [34mcolcon.colcon_core.package_identification[0m [1;30mLevel 1[0m _identify(src/omni_controller) by extension 'ignore_ament_install'
[0.747s] [34mcolcon.colcon_core.package_identification[0m [1;30mLevel 1[0m _identify(src/omni_controller) by extensions ['colcon_pkg']
[0.747s] [34mcolcon.colcon_core.package_identification[0m [1;30mLevel 1[0m _identify(src/omni_controller) by extension 'colcon_pkg'
[0.747s] [34mcolcon.colcon_core.package_identification[0m [1;30mLevel 1[0m _identify(src/omni_controller) by extensions ['colcon_meta']
[0.747s] [34mcolcon.colcon_core.package_identification[0m [1;30mLevel 1[0m _identify(src/omni_controller) by extension 'colcon_meta'
[0.748s] [34mcolcon.colcon_core.package_identification[0m [1;30mLevel 1[0m _identify(src/omni_controller) by extensions ['ros']
[0.748s] [34mcolcon.colcon_core.package_identification[0m [1;30mLevel 1[0m _identify(src/omni_controller) by extension 'ros'
[0.749s] [34mcolcon.colcon_core.package_identification[0m [1;30mDEBUG[0m [32mPackage 'src/omni_controller' with type 'ros.ament_python' and name 'omni_controller'[0m
[0.749s] [34mcolcon.colcon_core.package_identification[0m [1;30mLevel 1[0m _identify(src/ros_action_msgs) by extensions ['ignore', 'ignore_ament_install']
[0.749s] [34mcolcon.colcon_core.package_identification[0m [1;30mLevel 1[0m _identify(src/ros_action_msgs) by extension 'ignore'
[0.749s] [34mcolcon.colcon_core.package_identification[0m [1;30mLevel 1[0m _identify(src/ros_action_msgs) by extension 'ignore_ament_install'
[0.749s] [34mcolcon.colcon_core.package_identification[0m [1;30mLevel 1[0m _identify(src/ros_action_msgs) by extensions ['colcon_pkg']
[0.749s] [34mcolcon.colcon_core.package_identification[0m [1;30mLevel 1[0m _identify(src/ros_action_msgs) by extension 'colcon_pkg'
[0.749s] [34mcolcon.colcon_core.package_identification[0m [1;30mLevel 1[0m _identify(src/ros_action_msgs) by extensions ['colcon_meta']
[0.749s] [34mcolcon.colcon_core.package_identification[0m [1;30mLevel 1[0m _identify(src/ros_action_msgs) by extension 'colcon_meta'
[0.749s] [34mcolcon.colcon_core.package_identification[0m [1;30mLevel 1[0m _identify(src/ros_action_msgs) by extensions ['ros']
[0.749s] [34mcolcon.colcon_core.package_identification[0m [1;30mLevel 1[0m _identify(src/ros_action_msgs) by extension 'ros'
[0.750s] [34mcolcon.colcon_core.package_identification[0m [1;30mDEBUG[0m [32mPackage 'src/ros_action_msgs' with type 'ros.ament_cmake' and name 'ros_action_msgs'[0m
[0.751s] [34mcolcon.colcon_core.package_identification[0m [1;30mLevel 1[0m _identify(src/vla_node) by extensions ['ignore', 'ignore_ament_install']
[0.751s] [34mcolcon.colcon_core.package_identification[0m [1;30mLevel 1[0m _identify(src/vla_node) by extension 'ignore'
[0.751s] [34mcolcon.colcon_core.package_identification[0m [1;30mLevel 1[0m _identify(src/vla_node) by extension 'ignore_ament_install'
[0.751s] [34mcolcon.colcon_core.package_identification[0m [1;30mLevel 1[0m _identify(src/vla_node) by extensions ['colcon_pkg']
[0.751s] [34mcolcon.colcon_core.package_identification[0m [1;30mLevel 1[0m _identify(src/vla_node) by extension 'colcon_pkg'
[0.751s] [34mcolcon.colcon_core.package_identification[0m [1;30mLevel 1[0m _identify(src/vla_node) by extensions ['colcon_meta']
[0.751s] [34mcolcon.colcon_core.package_identification[0m [1;30mLevel 1[0m _identify(src/vla_node) by extension 'colcon_meta'
[0.751s] [34mcolcon.colcon_core.package_identification[0m [1;30mLevel 1[0m _identify(src/vla_node) by extensions ['ros']
[0.751s] [34mcolcon.colcon_core.package_identification[0m [1;30mLevel 1[0m _identify(src/vla_node) by extension 'ros'
[0.753s] [34mcolcon.colcon_core.package_identification[0m [1;30mDEBUG[0m [32mPackage 'src/vla_node' with type 'ros.ament_python' and name 'vla_node'[0m
[0.753s] [34mcolcon.colcon_core.package_discovery[0m [1;30mLevel 1[0m discover_packages(recursive) using defaults
[0.753s] [34mcolcon.colcon_core.package_discovery[0m [1;30mLevel 1[0m discover_packages(ignore) discover
[0.753s] [34mcolcon.colcon_core.package_discovery[0m [1;30mLevel 1[0m discover_packages(ignore) using defaults
[0.753s] [34mcolcon.colcon_core.package_discovery[0m [1;30mLevel 1[0m discover_packages(path) discover
[0.753s] [34mcolcon.colcon_core.package_discovery[0m [1;30mLevel 1[0m discover_packages(path) using defaults
[0.780s] [34mcolcon.colcon_core.package_discovery[0m [1;30mLevel 1[0m discover_packages(prefix_path) check parameters
[0.780s] [34mcolcon.colcon_core.package_discovery[0m [1;30mLevel 1[0m discover_packages(prefix_path) discover
[0.783s] [34mcolcon.colcon_installed_package_information.package_discovery[0m [1;30mDEBUG[0m [32mFound 8 installed packages in /home/soda/vla/ROS_action/install[0m
[0.785s] [34mcolcon.colcon_installed_package_information.package_discovery[0m [1;30mDEBUG[0m [32mFound 272 installed packages in /opt/ros/humble[0m
[0.788s] [34mcolcon.colcon_core.package_discovery[0m [1;30mLevel 1[0m discover_packages(prefix_path) using defaults
[0.843s] [34mcolcon.colcon_core.verb[0m [1;30mLevel 5[0m set package 'action_executor_node' build argument 'cmake_args' from command line to 'None'
[0.844s] [34mcolcon.colcon_core.verb[0m [1;30mLevel 5[0m set package 'action_executor_node' build argument 'cmake_target' from command line to 'None'
[0.844s] [34mcolcon.colcon_core.verb[0m [1;30mLevel 5[0m set package 'action_executor_node' build argument 'cmake_target_skip_unavailable' from command line to 'False'
[0.844s] [34mcolcon.colcon_core.verb[0m [1;30mLevel 5[0m set package 'action_executor_node' build argument 'cmake_clean_cache' from command line to 'False'
[0.844s] [34mcolcon.colcon_core.verb[0m [1;30mLevel 5[0m set package 'action_executor_node' build argument 'cmake_clean_first' from command line to 'False'
[0.844s] [34mcolcon.colcon_core.verb[0m [1;30mLevel 5[0m set package 'action_executor_node' build argument 'cmake_force_configure' from command line to 'False'
[0.844s] [34mcolcon.colcon_core.verb[0m [1;30mLevel 5[0m set package 'action_executor_node' build argument 'ament_cmake_args' from command line to 'None'
[0.844s] [34mcolcon.colcon_core.verb[0m [1;30mLevel 5[0m set package 'action_executor_node' build argument 'catkin_cmake_args' from command line to 'None'
[0.844s] [34mcolcon.colcon_core.verb[0m [1;30mLevel 5[0m set package 'action_executor_node' build argument 'catkin_skip_building_tests' from command line to 'False'
[0.844s] [34mcolcon.colcon_core.verb[0m [1;30mDEBUG[0m [32mBuilding package 'action_executor_node' with the following arguments: {'ament_cmake_args': None, 'build_base': '/home/soda/vla/ROS_action/build/action_executor_node', 'catkin_cmake_args': None, 'catkin_skip_building_tests': False, 'cmake_args': None, 'cmake_clean_cache': False, 'cmake_clean_first': False, 'cmake_force_configure': False, 'cmake_target': None, 'cmake_target_skip_unavailable': False, 'install_base': '/home/soda/vla/ROS_action/install/action_executor_node', 'merge_install': False, 'path': '/home/soda/vla/ROS_action/src/action_executor_node', 'symlink_install': False, 'test_result_base': None}[0m
[0.845s] [34mcolcon.colcon_core.verb[0m [1;30mLevel 5[0m set package 'audio_capture_package' build argument 'cmake_args' from command line to 'None'
[0.845s] [34mcolcon.colcon_core.verb[0m [1;30mLevel 5[0m set package 'audio_capture_package' build argument 'cmake_target' from command line to 'None'
[0.845s] [34mcolcon.colcon_core.verb[0m [1;30mLevel 5[0m set package 'audio_capture_package' build argument 'cmake_target_skip_unavailable' from command line to 'False'
[0.845s] [34mcolcon.colcon_core.verb[0m [1;30mLevel 5[0m set package 'audio_capture_package' build argument 'cmake_clean_cache' from command line to 'False'
[0.845s] [34mcolcon.colcon_core.verb[0m [1;30mLevel 5[0m set package 'audio_capture_package' build argument 'cmake_clean_first' from command line to 'False'
[0.845s] [34mcolcon.colcon_core.verb[0m [1;30mLevel 5[0m set package 'audio_capture_package' build argument 'cmake_force_configure' from command line to 'False'
[0.845s] [34mcolcon.colcon_core.verb[0m [1;30mLevel 5[0m set package 'audio_capture_package' build argument 'ament_cmake_args' from command line to 'None'
[0.845s] [34mcolcon.colcon_core.verb[0m [1;30mLevel 5[0m set package 'audio_capture_package' build argument 'catkin_cmake_args' from command line to 'None'
[0.845s] [34mcolcon.colcon_core.verb[0m [1;30mLevel 5[0m set package 'audio_capture_package' build argument 'catkin_skip_building_tests' from command line to 'False'
[0.845s] [34mcolcon.colcon_core.verb[0m [1;30mDEBUG[0m [32mBuilding package 'audio_capture_package' with the following arguments: {'ament_cmake_args': None, 'build_base': '/home/soda/vla/ROS_action/build/audio_capture_package', 'catkin_cmake_args': None, 'catkin_skip_building_tests': False, 'cmake_args': None, 'cmake_clean_cache': False, 'cmake_clean_first': False, 'cmake_force_configure': False, 'cmake_target': None, 'cmake_target_skip_unavailable': False, 'install_base': '/home/soda/vla/ROS_action/install/audio_capture_package', 'merge_install': False, 'path': '/home/soda/vla/ROS_action/src/audio_capture_package', 'symlink_install': False, 'test_result_base': None}[0m
[0.846s] [34mcolcon.colcon_core.verb[0m [1;30mLevel 5[0m set package 'camera_pub' build argument 'cmake_args' from command line to 'None'
[0.846s] [34mcolcon.colcon_core.verb[0m [1;30mLevel 5[0m set package 'camera_pub' build argument 'cmake_target' from command line to 'None'
[0.846s] [34mcolcon.colcon_core.verb[0m [1;30mLevel 5[0m set package 'camera_pub' build argument 'cmake_target_skip_unavailable' from command line to 'False'
[0.846s] [34mcolcon.colcon_core.verb[0m [1;30mLevel 5[0m set package 'camera_pub' build argument 'cmake_clean_cache' from command line to 'False'
[0.846s] [34mcolcon.colcon_core.verb[0m [1;30mLevel 5[0m set package 'camera_pub' build argument 'cmake_clean_first' from command line to 'False'
[0.846s] [34mcolcon.colcon_core.verb[0m [1;30mLevel 5[0m set package 'camera_pub' build argument 'cmake_force_configure' from command line to 'False'
[0.846s] [34mcolcon.colcon_core.verb[0m [1;30mLevel 5[0m set package 'camera_pub' build argument 'ament_cmake_args' from command line to 'None'
[0.846s] [34mcolcon.colcon_core.verb[0m [1;30mLevel 5[0m set package 'camera_pub' build argument 'catkin_cmake_args' from command line to 'None'
[0.846s] [34mcolcon.colcon_core.verb[0m [1;30mLevel 5[0m set package 'camera_pub' build argument 'catkin_skip_building_tests' from command line to 'False'
[0.846s] [34mcolcon.colcon_core.verb[0m [1;30mDEBUG[0m [32mBuilding package 'camera_pub' with the following arguments: {'ament_cmake_args': None, 'build_base': '/home/soda/vla/ROS_action/build/camera_pub', 'catkin_cmake_args': None, 'catkin_skip_building_tests': False, 'cmake_args': None, 'cmake_clean_cache': False, 'cmake_clean_first': False, 'cmake_force_configure': False, 'cmake_target': None, 'cmake_target_skip_unavailable': False, 'install_base': '/home/soda/vla/ROS_action/install/camera_pub', 'merge_install': False, 'path': '/home/soda/vla/ROS_action/src/camera_pub', 'symlink_install': False, 'test_result_base': None}[0m
[0.846s] [34mcolcon.colcon_core.verb[0m [1;30mLevel 5[0m set package 'camera_sub' build argument 'cmake_args' from command line to 'None'
[0.847s] [34mcolcon.colcon_core.verb[0m [1;30mLevel 5[0m set package 'camera_sub' build argument 'cmake_target' from command line to 'None'
[0.847s] [34mcolcon.colcon_core.verb[0m [1;30mLevel 5[0m set package 'camera_sub' build argument 'cmake_target_skip_unavailable' from command line to 'False'
[0.847s] [34mcolcon.colcon_core.verb[0m [1;30mLevel 5[0m set package 'camera_sub' build argument 'cmake_clean_cache' from command line to 'False'
[0.847s] [34mcolcon.colcon_core.verb[0m [1;30mLevel 5[0m set package 'camera_sub' build argument 'cmake_clean_first' from command line to 'False'
[0.847s] [34mcolcon.colcon_core.verb[0m [1;30mLevel 5[0m set package 'camera_sub' build argument 'cmake_force_configure' from command line to 'False'
[0.847s] [34mcolcon.colcon_core.verb[0m [1;30mLevel 5[0m set package 'camera_sub' build argument 'ament_cmake_args' from command line to 'None'
[0.847s] [34mcolcon.colcon_core.verb[0m [1;30mLevel 5[0m set package 'camera_sub' build argument 'catkin_cmake_args' from command line to 'None'
[0.847s] [34mcolcon.colcon_core.verb[0m [1;30mLevel 5[0m set package 'camera_sub' build argument 'catkin_skip_building_tests' from command line to 'False'
[0.847s] [34mcolcon.colcon_core.verb[0m [1;30mDEBUG[0m [32mBuilding package 'camera_sub' with the following arguments: {'ament_cmake_args': None, 'build_base': '/home/soda/vla/ROS_action/build/camera_sub', 'catkin_cmake_args': None, 'catkin_skip_building_tests': False, 'cmake_args': None, 'cmake_clean_cache': False, 'cmake_clean_first': False, 'cmake_force_configure': False, 'cmake_target': None, 'cmake_target_skip_unavailable': False, 'install_base': '/home/soda/vla/ROS_action/install/camera_sub', 'merge_install': False, 'path': '/home/soda/vla/ROS_action/src/camera_sub', 'symlink_install': False, 'test_result_base': None}[0m
[0.847s] [34mcolcon.colcon_core.verb[0m [1;30mLevel 5[0m set package 'object_pose' build argument 'cmake_args' from command line to 'None'
[0.847s] [34mcolcon.colcon_core.verb[0m [1;30mLevel 5[0m set package 'object_pose' build argument 'cmake_target' from command line to 'None'
[0.847s] [34mcolcon.colcon_core.verb[0m [1;30mLevel 5[0m set package 'object_pose' build argument 'cmake_target_skip_unavailable' from command line to 'False'
[0.848s] [34mcolcon.colcon_core.verb[0m [1;30mLevel 5[0m set package 'object_pose' build argument 'cmake_clean_cache' from command line to 'False'
[0.848s] [34mcolcon.colcon_core.verb[0m [1;30mLevel 5[0m set package 'object_pose' build argument 'cmake_clean_first' from command line to 'False'
[0.848s] [34mcolcon.colcon_core.verb[0m [1;30mLevel 5[0m set package 'object_pose' build argument 'cmake_force_configure' from command line to 'False'
[0.848s] [34mcolcon.colcon_core.verb[0m [1;30mLevel 5[0m set package 'object_pose' build argument 'ament_cmake_args' from command line to 'None'
[0.848s] [34mcolcon.colcon_core.verb[0m [1;30mLevel 5[0m set package 'object_pose' build argument 'catkin_cmake_args' from command line to 'None'
[0.848s] [34mcolcon.colcon_core.verb[0m [1;30mLevel 5[0m set package 'object_pose' build argument 'catkin_skip_building_tests' from command line to 'False'
[0.848s] [34mcolcon.colcon_core.verb[0m [1;30mDEBUG[0m [32mBuilding package 'object_pose' with the following arguments: {'ament_cmake_args': None, 'build_base': '/home/soda/vla/ROS_action/build/object_pose', 'catkin_cmake_args': None, 'catkin_skip_building_tests': False, 'cmake_args': None, 'cmake_clean_cache': False, 'cmake_clean_first': False, 'cmake_force_configure': False, 'cmake_target': None, 'cmake_target_skip_unavailable': False, 'install_base': '/home/soda/vla/ROS_action/install/object_pose', 'merge_install': False, 'path': '/home/soda/vla/ROS_action/src/object_pose', 'symlink_install': False, 'test_result_base': None}[0m
[0.848s] [34mcolcon.colcon_core.verb[0m [1;30mLevel 5[0m set package 'omni_controller' build argument 'cmake_args' from command line to 'None'
[0.848s] [34mcolcon.colcon_core.verb[0m [1;30mLevel 5[0m set package 'omni_controller' build argument 'cmake_target' from command line to 'None'
[0.848s] [34mcolcon.colcon_core.verb[0m [1;30mLevel 5[0m set package 'omni_controller' build argument 'cmake_target_skip_unavailable' from command line to 'False'
[0.848s] [34mcolcon.colcon_core.verb[0m [1;30mLevel 5[0m set package 'omni_controller' build argument 'cmake_clean_cache' from command line to 'False'
[0.848s] [34mcolcon.colcon_core.verb[0m [1;30mLevel 5[0m set package 'omni_controller' build argument 'cmake_clean_first' from command line to 'False'
[0.849s] [34mcolcon.colcon_core.verb[0m [1;30mLevel 5[0m set package 'omni_controller' build argument 'cmake_force_configure' from command line to 'False'
[0.849s] [34mcolcon.colcon_core.verb[0m [1;30mLevel 5[0m set package 'omni_controller' build argument 'ament_cmake_args' from command line to 'None'
[0.849s] [34mcolcon.colcon_core.verb[0m [1;30mLevel 5[0m set package 'omni_controller' build argument 'catkin_cmake_args' from command line to 'None'
[0.849s] [34mcolcon.colcon_core.verb[0m [1;30mLevel 5[0m set package 'omni_controller' build argument 'catkin_skip_building_tests' from command line to 'False'
[0.849s] [34mcolcon.colcon_core.verb[0m [1;30mDEBUG[0m [32mBuilding package 'omni_controller' with the following arguments: {'ament_cmake_args': None, 'build_base': '/home/soda/vla/ROS_action/build/omni_controller', 'catkin_cmake_args': None, 'catkin_skip_building_tests': False, 'cmake_args': None, 'cmake_clean_cache': False, 'cmake_clean_first': False, 'cmake_force_configure': False, 'cmake_target': None, 'cmake_target_skip_unavailable': False, 'install_base': '/home/soda/vla/ROS_action/install/omni_controller', 'merge_install': False, 'path': '/home/soda/vla/ROS_action/src/omni_controller', 'symlink_install': False, 'test_result_base': None}[0m
[0.849s] [34mcolcon.colcon_core.verb[0m [1;30mLevel 5[0m set package 'ros_action_msgs' build argument 'cmake_args' from command line to 'None'
[0.849s] [34mcolcon.colcon_core.verb[0m [1;30mLevel 5[0m set package 'ros_action_msgs' build argument 'cmake_target' from command line to 'None'
[0.849s] [34mcolcon.colcon_core.verb[0m [1;30mLevel 5[0m set package 'ros_action_msgs' build argument 'cmake_target_skip_unavailable' from command line to 'False'
[0.849s] [34mcolcon.colcon_core.verb[0m [1;30mLevel 5[0m set package 'ros_action_msgs' build argument 'cmake_clean_cache' from command line to 'False'
[0.849s] [34mcolcon.colcon_core.verb[0m [1;30mLevel 5[0m set package 'ros_action_msgs' build argument 'cmake_clean_first' from command line to 'False'
[0.849s] [34mcolcon.colcon_core.verb[0m [1;30mLevel 5[0m set package 'ros_action_msgs' build argument 'cmake_force_configure' from command line to 'False'
[0.850s] [34mcolcon.colcon_core.verb[0m [1;30mLevel 5[0m set package 'ros_action_msgs' build argument 'ament_cmake_args' from command line to 'None'
[0.850s] [34mcolcon.colcon_core.verb[0m [1;30mLevel 5[0m set package 'ros_action_msgs' build argument 'catkin_cmake_args' from command line to 'None'
[0.850s] [34mcolcon.colcon_core.verb[0m [1;30mLevel 5[0m set package 'ros_action_msgs' build argument 'catkin_skip_building_tests' from command line to 'False'
[0.850s] [34mcolcon.colcon_core.verb[0m [1;30mDEBUG[0m [32mBuilding package 'ros_action_msgs' with the following arguments: {'ament_cmake_args': None, 'build_base': '/home/soda/vla/ROS_action/build/ros_action_msgs', 'catkin_cmake_args': None, 'catkin_skip_building_tests': False, 'cmake_args': None, 'cmake_clean_cache': False, 'cmake_clean_first': False, 'cmake_force_configure': False, 'cmake_target': None, 'cmake_target_skip_unavailable': False, 'install_base': '/home/soda/vla/ROS_action/install/ros_action_msgs', 'merge_install': False, 'path': '/home/soda/vla/ROS_action/src/ros_action_msgs', 'symlink_install': False, 'test_result_base': None}[0m
[0.850s] [34mcolcon.colcon_core.verb[0m [1;30mLevel 5[0m set package 'vla_node' build argument 'cmake_args' from command line to 'None'
[0.850s] [34mcolcon.colcon_core.verb[0m [1;30mLevel 5[0m set package 'vla_node' build argument 'cmake_target' from command line to 'None'
[0.850s] [34mcolcon.colcon_core.verb[0m [1;30mLevel 5[0m set package 'vla_node' build argument 'cmake_target_skip_unavailable' from command line to 'False'
[0.850s] [34mcolcon.colcon_core.verb[0m [1;30mLevel 5[0m set package 'vla_node' build argument 'cmake_clean_cache' from command line to 'False'
[0.850s] [34mcolcon.colcon_core.verb[0m [1;30mLevel 5[0m set package 'vla_node' build argument 'cmake_clean_first' from command line to 'False'
[0.850s] [34mcolcon.colcon_core.verb[0m [1;30mLevel 5[0m set package 'vla_node' build argument 'cmake_force_configure' from command line to 'False'
[0.850s] [34mcolcon.colcon_core.verb[0m [1;30mLevel 5[0m set package 'vla_node' build argument 'ament_cmake_args' from command line to 'None'
[0.850s] [34mcolcon.colcon_core.verb[0m [1;30mLevel 5[0m set package 'vla_node' build argument 'catkin_cmake_args' from command line to 'None'
[0.851s] [34mcolcon.colcon_core.verb[0m [1;30mLevel 5[0m set package 'vla_node' build argument 'catkin_skip_building_tests' from command line to 'False'
[0.851s] [34mcolcon.colcon_core.verb[0m [1;30mDEBUG[0m [32mBuilding package 'vla_node' with the following arguments: {'ament_cmake_args': None, 'build_base': '/home/soda/vla/ROS_action/build/vla_node', 'catkin_cmake_args': None, 'catkin_skip_building_tests': False, 'cmake_args': None, 'cmake_clean_cache': False, 'cmake_clean_first': False, 'cmake_force_configure': False, 'cmake_target': None, 'cmake_target_skip_unavailable': False, 'install_base': '/home/soda/vla/ROS_action/install/vla_node', 'merge_install': False, 'path': '/home/soda/vla/ROS_action/src/vla_node', 'symlink_install': False, 'test_result_base': None}[0m
[0.851s] [34mcolcon.colcon_core.executor[0m [1;30mINFO[0m Executing jobs using 'parallel' executor
[0.853s] [34mcolcon.colcon_parallel_executor.executor.parallel[0m [1;30mDEBUG[0m [32mrun_until_complete[0m
[0.853s] [34mcolcon.colcon_ros.task.ament_python.build[0m [1;30mINFO[0m Building ROS package in '/home/soda/vla/ROS_action/src/action_executor_node' with build type 'ament_python'
[0.854s] [34mcolcon.colcon_core.shell[0m [1;30mLevel 1[0m create_environment_hook('action_executor_node', 'ament_prefix_path')
[0.858s] [34mcolcon.colcon_core.plugin_system[0m [1;30mINFO[0m Skipping extension 'colcon_core.shell.bat': Not used on non-Windows systems
[0.858s] [34mcolcon.colcon_core.shell[0m [1;30mINFO[0m Creating environment hook '/home/soda/vla/ROS_action/install/action_executor_node/share/action_executor_node/hook/ament_prefix_path.ps1'
[0.859s] [34mcolcon.colcon_core.shell[0m [1;30mINFO[0m Creating environment descriptor '/home/soda/vla/ROS_action/install/action_executor_node/share/action_executor_node/hook/ament_prefix_path.dsv'
[0.860s] [34mcolcon.colcon_core.shell[0m [1;30mINFO[0m Creating environment hook '/home/soda/vla/ROS_action/install/action_executor_node/share/action_executor_node/hook/ament_prefix_path.sh'
[0.861s] [34mcolcon.colcon_core.shell[0m [1;30mINFO[0m Skip shell extension 'powershell' for command environment: Not usable outside of PowerShell
[0.861s] [34mcolcon.colcon_core.shell[0m [1;30mDEBUG[0m [32mSkip shell extension 'dsv' for command environment[0m
[0.867s] [34mcolcon.colcon_core.task.python.build[0m [1;30mINFO[0m Building Python package in '/home/soda/vla/ROS_action/src/audio_capture_package'
[0.867s] [34mcolcon.colcon_core.shell[0m [1;30mINFO[0m Skip shell extension 'powershell' for command environment: Not usable outside of PowerShell
[0.867s] [34mcolcon.colcon_core.shell[0m [1;30mDEBUG[0m [32mSkip shell extension 'dsv' for command environment[0m
[0.872s] [34mcolcon.colcon_ros.task.ament_python.build[0m [1;30mINFO[0m Building ROS package in '/home/soda/vla/ROS_action/src/camera_pub' with build type 'ament_python'
[0.872s] [34mcolcon.colcon_core.shell[0m [1;30mLevel 1[0m create_environment_hook('camera_pub', 'ament_prefix_path')
[0.873s] [34mcolcon.colcon_core.shell[0m [1;30mINFO[0m Creating environment hook '/home/soda/vla/ROS_action/install/camera_pub/share/camera_pub/hook/ament_prefix_path.ps1'
[0.874s] [34mcolcon.colcon_core.shell[0m [1;30mINFO[0m Creating environment descriptor '/home/soda/vla/ROS_action/install/camera_pub/share/camera_pub/hook/ament_prefix_path.dsv'
[0.874s] [34mcolcon.colcon_core.shell[0m [1;30mINFO[0m Creating environment hook '/home/soda/vla/ROS_action/install/camera_pub/share/camera_pub/hook/ament_prefix_path.sh'
[0.875s] [34mcolcon.colcon_core.shell[0m [1;30mINFO[0m Skip shell extension 'powershell' for command environment: Not usable outside of PowerShell
[0.875s] [34mcolcon.colcon_core.shell[0m [1;30mDEBUG[0m [32mSkip shell extension 'dsv' for command environment[0m
[0.880s] [34mcolcon.colcon_ros.task.ament_python.build[0m [1;30mINFO[0m Building ROS package in '/home/soda/vla/ROS_action/src/camera_sub' with build type 'ament_python'
[0.880s] [34mcolcon.colcon_core.shell[0m [1;30mLevel 1[0m create_environment_hook('camera_sub', 'ament_prefix_path')
[0.881s] [34mcolcon.colcon_core.shell[0m [1;30mINFO[0m Creating environment hook '/home/soda/vla/ROS_action/install/camera_sub/share/camera_sub/hook/ament_prefix_path.ps1'
[0.881s] [34mcolcon.colcon_core.shell[0m [1;30mINFO[0m Creating environment descriptor '/home/soda/vla/ROS_action/install/camera_sub/share/camera_sub/hook/ament_prefix_path.dsv'
[0.882s] [34mcolcon.colcon_core.shell[0m [1;30mINFO[0m Creating environment hook '/home/soda/vla/ROS_action/install/camera_sub/share/camera_sub/hook/ament_prefix_path.sh'
[0.883s] [34mcolcon.colcon_core.shell[0m [1;30mINFO[0m Skip shell extension 'powershell' for command environment: Not usable outside of PowerShell
[0.883s] [34mcolcon.colcon_core.shell[0m [1;30mDEBUG[0m [32mSkip shell extension 'dsv' for command environment[0m
[0.888s] [34mcolcon.colcon_ros.task.ament_python.build[0m [1;30mINFO[0m Building ROS package in '/home/soda/vla/ROS_action/src/object_pose' with build type 'ament_python'
[0.888s] [34mcolcon.colcon_core.shell[0m [1;30mLevel 1[0m create_environment_hook('object_pose', 'ament_prefix_path')
[0.889s] [34mcolcon.colcon_core.shell[0m [1;30mINFO[0m Creating environment hook '/home/soda/vla/ROS_action/install/object_pose/share/object_pose/hook/ament_prefix_path.ps1'
[0.890s] [34mcolcon.colcon_core.shell[0m [1;30mINFO[0m Creating environment descriptor '/home/soda/vla/ROS_action/install/object_pose/share/object_pose/hook/ament_prefix_path.dsv'
[0.890s] [34mcolcon.colcon_core.shell[0m [1;30mINFO[0m Creating environment hook '/home/soda/vla/ROS_action/install/object_pose/share/object_pose/hook/ament_prefix_path.sh'
[0.891s] [34mcolcon.colcon_core.shell[0m [1;30mINFO[0m Skip shell extension 'powershell' for command environment: Not usable outside of PowerShell
[0.891s] [34mcolcon.colcon_core.shell[0m [1;30mDEBUG[0m [32mSkip shell extension 'dsv' for command environment[0m
[0.896s] [34mcolcon.colcon_ros.task.ament_python.build[0m [1;30mINFO[0m Building ROS package in '/home/soda/vla/ROS_action/src/omni_controller' with build type 'ament_python'
[0.896s] [34mcolcon.colcon_core.shell[0m [1;30mLevel 1[0m create_environment_hook('omni_controller', 'ament_prefix_path')
[0.896s] [34mcolcon.colcon_core.shell[0m [1;30mINFO[0m Creating environment hook '/home/soda/vla/ROS_action/install/omni_controller/share/omni_controller/hook/ament_prefix_path.ps1'
[0.897s] [34mcolcon.colcon_core.shell[0m [1;30mINFO[0m Creating environment descriptor '/home/soda/vla/ROS_action/install/omni_controller/share/omni_controller/hook/ament_prefix_path.dsv'
[0.898s] [34mcolcon.colcon_core.shell[0m [1;30mINFO[0m Creating environment hook '/home/soda/vla/ROS_action/install/omni_controller/share/omni_controller/hook/ament_prefix_path.sh'
[0.898s] [34mcolcon.colcon_core.shell[0m [1;30mINFO[0m Skip shell extension 'powershell' for command environment: Not usable outside of PowerShell
[0.899s] [34mcolcon.colcon_core.shell[0m [1;30mDEBUG[0m [32mSkip shell extension 'dsv' for command environment[0m
[0.903s] [34mcolcon.colcon_ros.task.ament_cmake.build[0m [1;30mINFO[0m Building ROS package in '/home/soda/vla/ROS_action/src/ros_action_msgs' with build type 'ament_cmake'
[0.904s] [34mcolcon.colcon_cmake.task.cmake.build[0m [1;30mINFO[0m Building CMake package in '/home/soda/vla/ROS_action/src/ros_action_msgs'
[0.904s] [34mcolcon.colcon_core.shell[0m [1;30mINFO[0m Skip shell extension 'powershell' for command environment: Not usable outside of PowerShell
[0.904s] [34mcolcon.colcon_core.shell[0m [1;30mDEBUG[0m [32mSkip shell extension 'dsv' for command environment[0m
[0.909s] [34mcolcon.colcon_ros.task.ament_python.build[0m [1;30mINFO[0m Building ROS package in '/home/soda/vla/ROS_action/src/vla_node' with build type 'ament_python'
[0.909s] [34mcolcon.colcon_core.shell[0m [1;30mLevel 1[0m create_environment_hook('vla_node', 'ament_prefix_path')
[0.910s] [34mcolcon.colcon_core.shell[0m [1;30mINFO[0m Creating environment hook '/home/soda/vla/ROS_action/install/vla_node/share/vla_node/hook/ament_prefix_path.ps1'
[0.911s] [34mcolcon.colcon_core.shell[0m [1;30mINFO[0m Creating environment descriptor '/home/soda/vla/ROS_action/install/vla_node/share/vla_node/hook/ament_prefix_path.dsv'
[0.911s] [34mcolcon.colcon_core.shell[0m [1;30mINFO[0m Creating environment hook '/home/soda/vla/ROS_action/install/vla_node/share/vla_node/hook/ament_prefix_path.sh'
[0.912s] [34mcolcon.colcon_core.shell[0m [1;30mINFO[0m Skip shell extension 'powershell' for command environment: Not usable outside of PowerShell
[0.912s] [34mcolcon.colcon_core.shell[0m [1;30mDEBUG[0m [32mSkip shell extension 'dsv' for command environment[0m
[1.337s] [34mcolcon.colcon_core.task.python.build[0m [1;30mINFO[0m Building Python package in '/home/soda/vla/ROS_action/src/action_executor_node'
[1.338s] [34mcolcon.colcon_core.shell[0m [1;30mINFO[0m Skip shell extension 'powershell' for command environment: Not usable outside of PowerShell
[1.338s] [34mcolcon.colcon_core.shell[0m [1;30mDEBUG[0m [32mSkip shell extension 'dsv' for command environment[0m
[2.209s] [34mcolcon.colcon_core.task.python.build[0m [1;30mINFO[0m Building Python package in '/home/soda/vla/ROS_action/src/camera_pub'
[2.210s] [34mcolcon.colcon_core.shell[0m [1;30mINFO[0m Skip shell extension 'powershell' for command environment: Not usable outside of PowerShell
[2.210s] [34mcolcon.colcon_core.shell[0m [1;30mDEBUG[0m [32mSkip shell extension 'dsv' for command environment[0m
[2.650s] [34mcolcon.colcon_core.task.python.build[0m [1;30mINFO[0m Building Python package in '/home/soda/vla/ROS_action/src/camera_sub'
[2.651s] [34mcolcon.colcon_core.shell[0m [1;30mINFO[0m Skip shell extension 'powershell' for command environment: Not usable outside of PowerShell
[2.651s] [34mcolcon.colcon_core.shell[0m [1;30mDEBUG[0m [32mSkip shell extension 'dsv' for command environment[0m
[3.123s] [34mcolcon.colcon_core.task.python.build[0m [1;30mINFO[0m Building Python package in '/home/soda/vla/ROS_action/src/object_pose'
[3.124s] [34mcolcon.colcon_core.shell[0m [1;30mINFO[0m Skip shell extension 'powershell' for command environment: Not usable outside of PowerShell
[3.124s] [34mcolcon.colcon_core.shell[0m [1;30mDEBUG[0m [32mSkip shell extension 'dsv' for command environment[0m
[3.563s] [34mcolcon.colcon_core.task.python.build[0m [1;30mINFO[0m Building Python package in '/home/soda/vla/ROS_action/src/omni_controller'
[3.564s] [34mcolcon.colcon_core.shell[0m [1;30mINFO[0m Skip shell extension 'powershell' for command environment: Not usable outside of PowerShell
[3.564s] [34mcolcon.colcon_core.shell[0m [1;30mDEBUG[0m [32mSkip shell extension 'dsv' for command environment[0m
[3.583s] [34mcolcon.colcon_core.event_handler.log_command[0m [1;30mDEBUG[0m [32mInvoking command in '/home/soda/vla/ROS_action/build/ros_action_msgs': CMAKE_PREFIX_PATH=${CMAKE_PREFIX_PATH}:/home/soda/vla/ROS_action/install/vla_node:/home/soda/vla/ROS_action/install/omni_controller:/home/soda/vla/ROS_action/install/camera_sub:/home/soda/vla/ROS_action/install/camera_pub:/home/soda/vla/ROS_action/install/action_executor_node:/opt/ros/humble /usr/bin/cmake --build /home/soda/vla/ROS_action/build/ros_action_msgs -- -j8 -l8[0m
[4.069s] [34mcolcon.colcon_core.task.python.build[0m [1;30mINFO[0m Building Python package in '/home/soda/vla/ROS_action/src/vla_node'
[4.070s] [34mcolcon.colcon_core.shell[0m [1;30mINFO[0m Skip shell extension 'powershell' for command environment: Not usable outside of PowerShell
[4.070s] [34mcolcon.colcon_core.shell[0m [1;30mDEBUG[0m [32mSkip shell extension 'dsv' for command environment[0m
[4.097s] [34mcolcon.colcon_core.event_handler.log_command[0m [1;30mDEBUG[0m [32mInvoking command in '/home/soda/vla/ROS_action/src/audio_capture_package': PYTHONPATH=/home/soda/vla/ROS_action/build/audio_capture_package/prefix_override:/usr/lib/python3/dist-packages/colcon_core/task/python/colcon_distutils_commands:/home/soda/vla/ROS_action/install/audio_capture_package/lib/python3.10/site-packages:${PYTHONPATH} /usr/bin/python3 -W ignore:setup.py install is deprecated -W ignore:easy_install command is deprecated setup.py egg_info --egg-base ../../build/audio_capture_package build --build-base /home/soda/vla/ROS_action/build/audio_capture_package/build install --record /home/soda/vla/ROS_action/build/audio_capture_package/install.log --single-version-externally-managed install_data[0m
[4.679s] [34mcolcon.colcon_core.event_handler.log_command[0m [1;30mDEBUG[0m [32mInvoked command in '/home/soda/vla/ROS_action/build/ros_action_msgs' returned '0': CMAKE_PREFIX_PATH=${CMAKE_PREFIX_PATH}:/home/soda/vla/ROS_action/install/vla_node:/home/soda/vla/ROS_action/install/omni_controller:/home/soda/vla/ROS_action/install/camera_sub:/home/soda/vla/ROS_action/install/camera_pub:/home/soda/vla/ROS_action/install/action_executor_node:/opt/ros/humble /usr/bin/cmake --build /home/soda/vla/ROS_action/build/ros_action_msgs -- -j8 -l8[0m
[4.696s] [34mcolcon.colcon_core.event_handler.log_command[0m [1;30mDEBUG[0m [32mInvoking command in '/home/soda/vla/ROS_action/build/ros_action_msgs': CMAKE_PREFIX_PATH=${CMAKE_PREFIX_PATH}:/home/soda/vla/ROS_action/install/vla_node:/home/soda/vla/ROS_action/install/omni_controller:/home/soda/vla/ROS_action/install/camera_sub:/home/soda/vla/ROS_action/install/camera_pub:/home/soda/vla/ROS_action/install/action_executor_node:/opt/ros/humble /usr/bin/cmake --install /home/soda/vla/ROS_action/build/ros_action_msgs[0m
[4.806s] [34mcolcon.colcon_core.environment[0m [1;30mLevel 1[0m create_environment_scripts_only(ros_action_msgs)
[4.811s] [34mcolcon.colcon_core.environment[0m [1;30mLevel 1[0m checking '/home/soda/vla/ROS_action/install/ros_action_msgs' for CMake module files
[4.812s] [34mcolcon.colcon_core.environment[0m [1;30mLevel 1[0m checking '/home/soda/vla/ROS_action/install/ros_action_msgs' for CMake config files
[4.813s] [34mcolcon.colcon_core.shell[0m [1;30mLevel 1[0m create_environment_hook('ros_action_msgs', 'cmake_prefix_path')
[4.813s] [34mcolcon.colcon_core.shell[0m [1;30mINFO[0m Creating environment hook '/home/soda/vla/ROS_action/install/ros_action_msgs/share/ros_action_msgs/hook/cmake_prefix_path.ps1'
[4.814s] [34mcolcon.colcon_core.shell[0m [1;30mINFO[0m Creating environment descriptor '/home/soda/vla/ROS_action/install/ros_action_msgs/share/ros_action_msgs/hook/cmake_prefix_path.dsv'
[4.815s] [34mcolcon.colcon_core.shell[0m [1;30mINFO[0m Creating environment hook '/home/soda/vla/ROS_action/install/ros_action_msgs/share/ros_action_msgs/hook/cmake_prefix_path.sh'
[4.816s] [34mcolcon.colcon_core.environment[0m [1;30mLevel 1[0m checking '/home/soda/vla/ROS_action/install/ros_action_msgs/lib'
[4.816s] [34mcolcon.colcon_core.shell[0m [1;30mLevel 1[0m create_environment_hook('ros_action_msgs', 'ld_library_path_lib')
[4.817s] [34mcolcon.colcon_core.shell[0m [1;30mINFO[0m Creating environment hook '/home/soda/vla/ROS_action/install/ros_action_msgs/share/ros_action_msgs/hook/ld_library_path_lib.ps1'
[4.817s] [34mcolcon.colcon_core.shell[0m [1;30mINFO[0m Creating environment descriptor '/home/soda/vla/ROS_action/install/ros_action_msgs/share/ros_action_msgs/hook/ld_library_path_lib.dsv'
[4.818s] [34mcolcon.colcon_core.shell[0m [1;30mINFO[0m Creating environment hook '/home/soda/vla/ROS_action/install/ros_action_msgs/share/ros_action_msgs/hook/ld_library_path_lib.sh'
[4.819s] [34mcolcon.colcon_core.environment[0m [1;30mLevel 1[0m checking '/home/soda/vla/ROS_action/install/ros_action_msgs/bin'
[4.819s] [34mcolcon.colcon_core.environment[0m [1;30mLevel 1[0m checking '/home/soda/vla/ROS_action/install/ros_action_msgs/lib/pkgconfig/ros_action_msgs.pc'
[4.819s] [34mcolcon.colcon_core.environment[0m [1;30mLevel 1[0m checking '/home/soda/vla/ROS_action/install/ros_action_msgs/lib/python3.10/site-packages'
[4.820s] [34mcolcon.colcon_core.environment[0m [1;30mLevel 1[0m checking '/home/soda/vla/ROS_action/install/ros_action_msgs/bin'
[4.820s] [34mcolcon.colcon_core.shell[0m [1;30mINFO[0m Creating package script '/home/soda/vla/ROS_action/install/ros_action_msgs/share/ros_action_msgs/package.ps1'
[4.822s] [34mcolcon.colcon_core.shell[0m [1;30mINFO[0m Creating package descriptor '/home/soda/vla/ROS_action/install/ros_action_msgs/share/ros_action_msgs/package.dsv'
[4.822s] [34mcolcon.colcon_core.event_handler.log_command[0m [1;30mDEBUG[0m [32mInvoked command in '/home/soda/vla/ROS_action/build/ros_action_msgs' returned '0': CMAKE_PREFIX_PATH=${CMAKE_PREFIX_PATH}:/home/soda/vla/ROS_action/install/vla_node:/home/soda/vla/ROS_action/install/omni_controller:/home/soda/vla/ROS_action/install/camera_sub:/home/soda/vla/ROS_action/install/camera_pub:/home/soda/vla/ROS_action/install/action_executor_node:/opt/ros/humble /usr/bin/cmake --install /home/soda/vla/ROS_action/build/ros_action_msgs[0m
[4.823s] [34mcolcon.colcon_core.shell[0m [1;30mINFO[0m Creating package script '/home/soda/vla/ROS_action/install/ros_action_msgs/share/ros_action_msgs/package.sh'
[4.825s] [34mcolcon.colcon_core.shell[0m [1;30mINFO[0m Creating package script '/home/soda/vla/ROS_action/install/ros_action_msgs/share/ros_action_msgs/package.bash'
[4.826s] [34mcolcon.colcon_core.shell[0m [1;30mINFO[0m Creating package script '/home/soda/vla/ROS_action/install/ros_action_msgs/share/ros_action_msgs/package.zsh'
[4.827s] [34mcolcon.colcon_core.environment[0m [1;30mLevel 1[0m create_file_with_runtime_dependencies(/home/soda/vla/ROS_action/install/ros_action_msgs/share/colcon-core/packages/ros_action_msgs)
[4.828s] [34mcolcon.colcon_core.environment[0m [1;30mLevel 1[0m create_environment_scripts_only(ros_action_msgs)
[4.829s] [34mcolcon.colcon_core.environment[0m [1;30mLevel 1[0m checking '/home/soda/vla/ROS_action/install/ros_action_msgs' for CMake module files
[4.830s] [34mcolcon.colcon_core.environment[0m [1;30mLevel 1[0m checking '/home/soda/vla/ROS_action/install/ros_action_msgs' for CMake config files
[4.831s] [34mcolcon.colcon_core.shell[0m [1;30mLevel 1[0m create_environment_hook('ros_action_msgs', 'cmake_prefix_path')
[4.831s] [34mcolcon.colcon_core.shell[0m [1;30mINFO[0m Creating environment hook '/home/soda/vla/ROS_action/install/ros_action_msgs/share/ros_action_msgs/hook/cmake_prefix_path.ps1'
[4.832s] [34mcolcon.colcon_core.shell[0m [1;30mINFO[0m Creating environment descriptor '/home/soda/vla/ROS_action/install/ros_action_msgs/share/ros_action_msgs/hook/cmake_prefix_path.dsv'
[4.833s] [34mcolcon.colcon_core.shell[0m [1;30mINFO[0m Creating environment hook '/home/soda/vla/ROS_action/install/ros_action_msgs/share/ros_action_msgs/hook/cmake_prefix_path.sh'
[4.834s] [34mcolcon.colcon_core.environment[0m [1;30mLevel 1[0m checking '/home/soda/vla/ROS_action/install/ros_action_msgs/lib'
[4.834s] [34mcolcon.colcon_core.shell[0m [1;30mLevel 1[0m create_environment_hook('ros_action_msgs', 'ld_library_path_lib')
[4.834s] [34mcolcon.colcon_core.shell[0m [1;30mINFO[0m Creating environment hook '/home/soda/vla/ROS_action/install/ros_action_msgs/share/ros_action_msgs/hook/ld_library_path_lib.ps1'
[4.835s] [34mcolcon.colcon_core.shell[0m [1;30mINFO[0m Creating environment descriptor '/home/soda/vla/ROS_action/install/ros_action_msgs/share/ros_action_msgs/hook/ld_library_path_lib.dsv'
[4.835s] [34mcolcon.colcon_core.shell[0m [1;30mINFO[0m Creating environment hook '/home/soda/vla/ROS_action/install/ros_action_msgs/share/ros_action_msgs/hook/ld_library_path_lib.sh'
[4.836s] [34mcolcon.colcon_core.environment[0m [1;30mLevel 1[0m checking '/home/soda/vla/ROS_action/install/ros_action_msgs/bin'
[4.836s] [34mcolcon.colcon_core.environment[0m [1;30mLevel 1[0m checking '/home/soda/vla/ROS_action/install/ros_action_msgs/lib/pkgconfig/ros_action_msgs.pc'
[4.837s] [34mcolcon.colcon_core.environment[0m [1;30mLevel 1[0m checking '/home/soda/vla/ROS_action/install/ros_action_msgs/lib/python3.10/site-packages'
[4.837s] [34mcolcon.colcon_core.environment[0m [1;30mLevel 1[0m checking '/home/soda/vla/ROS_action/install/ros_action_msgs/bin'
[4.837s] [34mcolcon.colcon_core.shell[0m [1;30mINFO[0m Creating package script '/home/soda/vla/ROS_action/install/ros_action_msgs/share/ros_action_msgs/package.ps1'
[4.838s] [34mcolcon.colcon_core.shell[0m [1;30mINFO[0m Creating package descriptor '/home/soda/vla/ROS_action/install/ros_action_msgs/share/ros_action_msgs/package.dsv'
[4.839s] [34mcolcon.colcon_core.shell[0m [1;30mINFO[0m Creating package script '/home/soda/vla/ROS_action/install/ros_action_msgs/share/ros_action_msgs/package.sh'
[4.840s] [34mcolcon.colcon_core.shell[0m [1;30mINFO[0m Creating package script '/home/soda/vla/ROS_action/install/ros_action_msgs/share/ros_action_msgs/package.bash'
[4.841s] [34mcolcon.colcon_core.shell[0m [1;30mINFO[0m Creating package script '/home/soda/vla/ROS_action/install/ros_action_msgs/share/ros_action_msgs/package.zsh'
[4.842s] [34mcolcon.colcon_core.environment[0m [1;30mLevel 1[0m create_file_with_runtime_dependencies(/home/soda/vla/ROS_action/install/ros_action_msgs/share/colcon-core/packages/ros_action_msgs)
[5.273s] [34mcolcon.colcon_core.event_handler.log_command[0m [1;30mDEBUG[0m [32mInvoking command in '/home/soda/vla/ROS_action/src/action_executor_node': PYTHONPATH=/home/soda/vla/ROS_action/build/action_executor_node/prefix_override:/usr/lib/python3/dist-packages/colcon_core/task/python/colcon_distutils_commands:/home/soda/vla/ROS_action/install/action_executor_node/lib/python3.10/site-packages:${PYTHONPATH} /usr/bin/python3 -W ignore:setup.py install is deprecated -W ignore:easy_install command is deprecated setup.py egg_info --egg-base ../../build/action_executor_node build --build-base /home/soda/vla/ROS_action/build/action_executor_node/build install --record /home/soda/vla/ROS_action/build/action_executor_node/install.log --single-version-externally-managed install_data[0m
[5.277s] [34mcolcon.colcon_core.event_handler.log_command[0m [1;30mDEBUG[0m [32mInvoking command in '/home/soda/vla/ROS_action/src/omni_controller': PYTHONPATH=/home/soda/vla/ROS_action/build/omni_controller/prefix_override:/usr/lib/python3/dist-packages/colcon_core/task/python/colcon_distutils_commands:/home/soda/vla/ROS_action/install/omni_controller/lib/python3.10/site-packages:${PYTHONPATH} /usr/bin/python3 -W ignore:setup.py install is deprecated -W ignore:easy_install command is deprecated setup.py egg_info --egg-base ../../build/omni_controller build --build-base /home/soda/vla/ROS_action/build/omni_controller/build install --record /home/soda/vla/ROS_action/build/omni_controller/install.log --single-version-externally-managed install_data[0m
[5.303s] [34mcolcon.colcon_core.event_handler.log_command[0m [1;30mDEBUG[0m [32mInvoking command in '/home/soda/vla/ROS_action/src/camera_sub': PYTHONPATH=/home/soda/vla/ROS_action/build/camera_sub/prefix_override:/usr/lib/python3/dist-packages/colcon_core/task/python/colcon_distutils_commands:/home/soda/vla/ROS_action/install/camera_sub/lib/python3.10/site-packages:${PYTHONPATH} /usr/bin/python3 -W ignore:setup.py install is deprecated -W ignore:easy_install command is deprecated setup.py egg_info --egg-base ../../build/camera_sub build --build-base /home/soda/vla/ROS_action/build/camera_sub/build install --record /home/soda/vla/ROS_action/build/camera_sub/install.log --single-version-externally-managed install_data[0m
[5.329s] [34mcolcon.colcon_core.event_handler.log_command[0m [1;30mDEBUG[0m [32mInvoking command in '/home/soda/vla/ROS_action/src/vla_node': PYTHONPATH=/home/soda/vla/ROS_action/build/vla_node/prefix_override:/usr/lib/python3/dist-packages/colcon_core/task/python/colcon_distutils_commands:/home/soda/vla/ROS_action/install/vla_node/lib/python3.10/site-packages:${PYTHONPATH} /usr/bin/python3 -W ignore:setup.py install is deprecated -W ignore:easy_install command is deprecated setup.py egg_info --egg-base ../../build/vla_node build --build-base /home/soda/vla/ROS_action/build/vla_node/build install --record /home/soda/vla/ROS_action/build/vla_node/install.log --single-version-externally-managed install_data[0m
[5.384s] [34mcolcon.colcon_core.event_handler.log_command[0m [1;30mDEBUG[0m [32mInvoking command in '/home/soda/vla/ROS_action/src/camera_pub': PYTHONPATH=/home/soda/vla/ROS_action/build/camera_pub/prefix_override:/usr/lib/python3/dist-packages/colcon_core/task/python/colcon_distutils_commands:/home/soda/vla/ROS_action/install/camera_pub/lib/python3.10/site-packages:${PYTHONPATH} /usr/bin/python3 -W ignore:setup.py install is deprecated -W ignore:easy_install command is deprecated setup.py egg_info --egg-base ../../build/camera_pub build --build-base /home/soda/vla/ROS_action/build/camera_pub/build install --record /home/soda/vla/ROS_action/build/camera_pub/install.log --single-version-externally-managed install_data[0m
[5.407s] [34mcolcon.colcon_core.event_handler.log_command[0m [1;30mDEBUG[0m [32mInvoking command in '/home/soda/vla/ROS_action/src/object_pose': PYTHONPATH=/home/soda/vla/ROS_action/build/object_pose/prefix_override:/usr/lib/python3/dist-packages/colcon_core/task/python/colcon_distutils_commands:/home/soda/vla/ROS_action/install/object_pose/lib/python3.10/site-packages:${PYTHONPATH} /usr/bin/python3 -W ignore:setup.py install is deprecated -W ignore:easy_install command is deprecated setup.py egg_info --egg-base ../../build/object_pose build --build-base /home/soda/vla/ROS_action/build/object_pose/build install --record /home/soda/vla/ROS_action/build/object_pose/install.log --single-version-externally-managed install_data[0m
[5.408s] [34mcolcon.colcon_core.environment[0m [1;30mLevel 1[0m checking '/home/soda/vla/ROS_action/install/audio_capture_package' for CMake module files
[5.410s] [34mcolcon.colcon_core.event_handler.log_command[0m [1;30mDEBUG[0m [32mInvoked command in '/home/soda/vla/ROS_action/src/audio_capture_package' returned '0': PYTHONPATH=/home/soda/vla/ROS_action/build/audio_capture_package/prefix_override:/usr/lib/python3/dist-packages/colcon_core/task/python/colcon_distutils_commands:/home/soda/vla/ROS_action/install/audio_capture_package/lib/python3.10/site-packages:${PYTHONPATH} /usr/bin/python3 -W ignore:setup.py install is deprecated -W ignore:easy_install command is deprecated setup.py egg_info --egg-base ../../build/audio_capture_package build --build-base /home/soda/vla/ROS_action/build/audio_capture_package/build install --record /home/soda/vla/ROS_action/build/audio_capture_package/install.log --single-version-externally-managed install_data[0m
[5.410s] [34mcolcon.colcon_core.environment[0m [1;30mLevel 1[0m checking '/home/soda/vla/ROS_action/install/audio_capture_package' for CMake config files
[5.411s] [34mcolcon.colcon_core.environment[0m [1;30mLevel 1[0m checking '/home/soda/vla/ROS_action/install/audio_capture_package/lib'
[5.411s] [34mcolcon.colcon_core.environment[0m [1;30mLevel 1[0m checking '/home/soda/vla/ROS_action/install/audio_capture_package/bin'
[5.412s] [34mcolcon.colcon_core.environment[0m [1;30mLevel 1[0m checking '/home/soda/vla/ROS_action/install/audio_capture_package/lib/pkgconfig/audio_capture_package.pc'
[5.412s] [34mcolcon.colcon_core.environment[0m [1;30mLevel 1[0m checking '/home/soda/vla/ROS_action/install/audio_capture_package/lib/python3.10/site-packages'
[5.412s] [34mcolcon.colcon_core.shell[0m [1;30mLevel 1[0m create_environment_hook('audio_capture_package', 'pythonpath')
[5.413s] [34mcolcon.colcon_core.shell[0m [1;30mINFO[0m Creating environment hook '/home/soda/vla/ROS_action/install/audio_capture_package/share/audio_capture_package/hook/pythonpath.ps1'
[5.414s] [34mcolcon.colcon_core.shell[0m [1;30mINFO[0m Creating environment descriptor '/home/soda/vla/ROS_action/install/audio_capture_package/share/audio_capture_package/hook/pythonpath.dsv'
[5.414s] [34mcolcon.colcon_core.shell[0m [1;30mINFO[0m Creating environment hook '/home/soda/vla/ROS_action/install/audio_capture_package/share/audio_capture_package/hook/pythonpath.sh'
[5.415s] [34mcolcon.colcon_core.environment[0m [1;30mLevel 1[0m checking '/home/soda/vla/ROS_action/install/audio_capture_package/bin'
[5.416s] [34mcolcon.colcon_core.environment[0m [1;30mLevel 1[0m create_environment_scripts_only(audio_capture_package)
[5.416s] [34mcolcon.colcon_core.shell[0m [1;30mINFO[0m Creating package script '/home/soda/vla/ROS_action/install/audio_capture_package/share/audio_capture_package/package.ps1'
[5.417s] [34mcolcon.colcon_core.shell[0m [1;30mINFO[0m Creating package descriptor '/home/soda/vla/ROS_action/install/audio_capture_package/share/audio_capture_package/package.dsv'
[5.418s] [34mcolcon.colcon_core.shell[0m [1;30mINFO[0m Creating package script '/home/soda/vla/ROS_action/install/audio_capture_package/share/audio_capture_package/package.sh'
[5.418s] [34mcolcon.colcon_core.shell[0m [1;30mINFO[0m Creating package script '/home/soda/vla/ROS_action/install/audio_capture_package/share/audio_capture_package/package.bash'
[5.419s] [34mcolcon.colcon_core.shell[0m [1;30mINFO[0m Creating package script '/home/soda/vla/ROS_action/install/audio_capture_package/share/audio_capture_package/package.zsh'
[5.420s] [34mcolcon.colcon_core.environment[0m [1;30mLevel 1[0m create_file_with_runtime_dependencies(/home/soda/vla/ROS_action/install/audio_capture_package/share/colcon-core/packages/audio_capture_package)
[6.471s] [34mcolcon.colcon_core.environment[0m [1;30mLevel 1[0m checking '/home/soda/vla/ROS_action/install/omni_controller' for CMake module files
[6.472s] [34mcolcon.colcon_core.environment[0m [1;30mLevel 1[0m checking '/home/soda/vla/ROS_action/install/omni_controller' for CMake config files
[6.473s] [34mcolcon.colcon_core.environment[0m [1;30mLevel 1[0m checking '/home/soda/vla/ROS_action/install/omni_controller/lib'
[6.473s] [34mcolcon.colcon_core.environment[0m [1;30mLevel 1[0m checking '/home/soda/vla/ROS_action/install/omni_controller/bin'
[6.474s] [34mcolcon.colcon_core.environment[0m [1;30mLevel 1[0m checking '/home/soda/vla/ROS_action/install/omni_controller/lib/pkgconfig/omni_controller.pc'
[6.474s] [34mcolcon.colcon_core.environment[0m [1;30mLevel 1[0m checking '/home/soda/vla/ROS_action/install/omni_controller/lib/python3.10/site-packages'
[6.474s] [34mcolcon.colcon_core.event_handler.log_command[0m [1;30mDEBUG[0m [32mInvoked command in '/home/soda/vla/ROS_action/src/omni_controller' returned '0': PYTHONPATH=/home/soda/vla/ROS_action/build/omni_controller/prefix_override:/usr/lib/python3/dist-packages/colcon_core/task/python/colcon_distutils_commands:/home/soda/vla/ROS_action/install/omni_controller/lib/python3.10/site-packages:${PYTHONPATH} /usr/bin/python3 -W ignore:setup.py install is deprecated -W ignore:easy_install command is deprecated setup.py egg_info --egg-base ../../build/omni_controller build --build-base /home/soda/vla/ROS_action/build/omni_controller/build install --record /home/soda/vla/ROS_action/build/omni_controller/install.log --single-version-externally-managed install_data[0m
[6.475s] [34mcolcon.colcon_core.shell[0m [1;30mLevel 1[0m create_environment_hook('omni_controller', 'pythonpath')
[6.476s] [34mcolcon.colcon_core.shell[0m [1;30mINFO[0m Creating environment hook '/home/soda/vla/ROS_action/install/omni_controller/share/omni_controller/hook/pythonpath.ps1'
[6.477s] [34mcolcon.colcon_core.shell[0m [1;30mINFO[0m Creating environment descriptor '/home/soda/vla/ROS_action/install/omni_controller/share/omni_controller/hook/pythonpath.dsv'
[6.478s] [34mcolcon.colcon_core.shell[0m [1;30mINFO[0m Creating environment hook '/home/soda/vla/ROS_action/install/omni_controller/share/omni_controller/hook/pythonpath.sh'
[6.480s] [34mcolcon.colcon_core.environment[0m [1;30mLevel 1[0m checking '/home/soda/vla/ROS_action/install/omni_controller/bin'
[6.480s] [34mcolcon.colcon_core.environment[0m [1;30mLevel 1[0m create_environment_scripts_only(omni_controller)
[6.481s] [34mcolcon.colcon_core.shell[0m [1;30mINFO[0m Creating package script '/home/soda/vla/ROS_action/install/omni_controller/share/omni_controller/package.ps1'
[6.483s] [34mcolcon.colcon_core.shell[0m [1;30mINFO[0m Creating package descriptor '/home/soda/vla/ROS_action/install/omni_controller/share/omni_controller/package.dsv'
[6.485s] [34mcolcon.colcon_core.shell[0m [1;30mINFO[0m Creating package script '/home/soda/vla/ROS_action/install/omni_controller/share/omni_controller/package.sh'
[6.486s] [34mcolcon.colcon_core.shell[0m [1;30mINFO[0m Creating package script '/home/soda/vla/ROS_action/install/omni_controller/share/omni_controller/package.bash'
[6.487s] [34mcolcon.colcon_core.shell[0m [1;30mINFO[0m Creating package script '/home/soda/vla/ROS_action/install/omni_controller/share/omni_controller/package.zsh'
[6.488s] [34mcolcon.colcon_core.environment[0m [1;30mLevel 1[0m create_file_with_runtime_dependencies(/home/soda/vla/ROS_action/install/omni_controller/share/colcon-core/packages/omni_controller)
[6.529s] [34mcolcon.colcon_core.environment[0m [1;30mLevel 1[0m checking '/home/soda/vla/ROS_action/install/camera_sub' for CMake module files
[6.531s] [34mcolcon.colcon_core.event_handler.log_command[0m [1;30mDEBUG[0m [32mInvoked command in '/home/soda/vla/ROS_action/src/camera_sub' returned '0': PYTHONPATH=/home/soda/vla/ROS_action/build/camera_sub/prefix_override:/usr/lib/python3/dist-packages/colcon_core/task/python/colcon_distutils_commands:/home/soda/vla/ROS_action/install/camera_sub/lib/python3.10/site-packages:${PYTHONPATH} /usr/bin/python3 -W ignore:setup.py install is deprecated -W ignore:easy_install command is deprecated setup.py egg_info --egg-base ../../build/camera_sub build --build-base /home/soda/vla/ROS_action/build/camera_sub/build install --record /home/soda/vla/ROS_action/build/camera_sub/install.log --single-version-externally-managed install_data[0m
[6.531s] [34mcolcon.colcon_core.environment[0m [1;30mLevel 1[0m checking '/home/soda/vla/ROS_action/install/camera_sub' for CMake config files
[6.533s] [34mcolcon.colcon_core.environment[0m [1;30mLevel 1[0m checking '/home/soda/vla/ROS_action/install/camera_sub/lib'
[6.533s] [34mcolcon.colcon_core.environment[0m [1;30mLevel 1[0m checking '/home/soda/vla/ROS_action/install/camera_sub/bin'
[6.534s] [34mcolcon.colcon_core.environment[0m [1;30mLevel 1[0m checking '/home/soda/vla/ROS_action/install/camera_sub/lib/pkgconfig/camera_sub.pc'
[6.534s] [34mcolcon.colcon_core.environment[0m [1;30mLevel 1[0m checking '/home/soda/vla/ROS_action/install/camera_sub/lib/python3.10/site-packages'
[6.535s] [34mcolcon.colcon_core.shell[0m [1;30mLevel 1[0m create_environment_hook('camera_sub', 'pythonpath')
[6.535s] [34mcolcon.colcon_core.shell[0m [1;30mINFO[0m Creating environment hook '/home/soda/vla/ROS_action/install/camera_sub/share/camera_sub/hook/pythonpath.ps1'
[6.537s] [34mcolcon.colcon_core.shell[0m [1;30mINFO[0m Creating environment descriptor '/home/soda/vla/ROS_action/install/camera_sub/share/camera_sub/hook/pythonpath.dsv'
[6.538s] [34mcolcon.colcon_core.shell[0m [1;30mINFO[0m Creating environment hook '/home/soda/vla/ROS_action/install/camera_sub/share/camera_sub/hook/pythonpath.sh'
[6.540s] [34mcolcon.colcon_core.environment[0m [1;30mLevel 1[0m checking '/home/soda/vla/ROS_action/install/camera_sub/bin'
[6.540s] [34mcolcon.colcon_core.environment[0m [1;30mLevel 1[0m create_environment_scripts_only(camera_sub)
[6.541s] [34mcolcon.colcon_core.shell[0m [1;30mINFO[0m Creating package script '/home/soda/vla/ROS_action/install/camera_sub/share/camera_sub/package.ps1'
[6.543s] [34mcolcon.colcon_core.shell[0m [1;30mINFO[0m Creating package descriptor '/home/soda/vla/ROS_action/install/camera_sub/share/camera_sub/package.dsv'
[6.545s] [34mcolcon.colcon_core.shell[0m [1;30mINFO[0m Creating package script '/home/soda/vla/ROS_action/install/camera_sub/share/camera_sub/package.sh'
[6.547s] [34mcolcon.colcon_core.shell[0m [1;30mINFO[0m Creating package script '/home/soda/vla/ROS_action/install/camera_sub/share/camera_sub/package.bash'
[6.548s] [34mcolcon.colcon_core.shell[0m [1;30mINFO[0m Creating package script '/home/soda/vla/ROS_action/install/camera_sub/share/camera_sub/package.zsh'
[6.549s] [34mcolcon.colcon_core.environment[0m [1;30mLevel 1[0m create_file_with_runtime_dependencies(/home/soda/vla/ROS_action/install/camera_sub/share/colcon-core/packages/camera_sub)
[6.551s] [34mcolcon.colcon_core.environment[0m [1;30mLevel 1[0m checking '/home/soda/vla/ROS_action/install/action_executor_node' for CMake module files
[6.553s] [34mcolcon.colcon_core.event_handler.log_command[0m [1;30mDEBUG[0m [32mInvoked command in '/home/soda/vla/ROS_action/src/action_executor_node' returned '0': PYTHONPATH=/home/soda/vla/ROS_action/build/action_executor_node/prefix_override:/usr/lib/python3/dist-packages/colcon_core/task/python/colcon_distutils_commands:/home/soda/vla/ROS_action/install/action_executor_node/lib/python3.10/site-packages:${PYTHONPATH} /usr/bin/python3 -W ignore:setup.py install is deprecated -W ignore:easy_install command is deprecated setup.py egg_info --egg-base ../../build/action_executor_node build --build-base /home/soda/vla/ROS_action/build/action_executor_node/build install --record /home/soda/vla/ROS_action/build/action_executor_node/install.log --single-version-externally-managed install_data[0m
[6.553s] [34mcolcon.colcon_core.environment[0m [1;30mLevel 1[0m checking '/home/soda/vla/ROS_action/install/action_executor_node' for CMake config files
[6.555s] [34mcolcon.colcon_core.environment[0m [1;30mLevel 1[0m checking '/home/soda/vla/ROS_action/install/action_executor_node/lib'
[6.556s] [34mcolcon.colcon_core.environment[0m [1;30mLevel 1[0m checking '/home/soda/vla/ROS_action/install/action_executor_node/bin'
[6.556s] [34mcolcon.colcon_core.environment[0m [1;30mLevel 1[0m checking '/home/soda/vla/ROS_action/install/action_executor_node/lib/pkgconfig/action_executor_node.pc'
[6.557s] [34mcolcon.colcon_core.environment[0m [1;30mLevel 1[0m checking '/home/soda/vla/ROS_action/install/action_executor_node/lib/python3.10/site-packages'
[6.557s] [34mcolcon.colcon_core.shell[0m [1;30mLevel 1[0m create_environment_hook('action_executor_node', 'pythonpath')
[6.558s] [34mcolcon.colcon_core.shell[0m [1;30mINFO[0m Creating environment hook '/home/soda/vla/ROS_action/install/action_executor_node/share/action_executor_node/hook/pythonpath.ps1'
[6.559s] [34mcolcon.colcon_core.shell[0m [1;30mINFO[0m Creating environment descriptor '/home/soda/vla/ROS_action/install/action_executor_node/share/action_executor_node/hook/pythonpath.dsv'
[6.561s] [34mcolcon.colcon_core.shell[0m [1;30mINFO[0m Creating environment hook '/home/soda/vla/ROS_action/install/action_executor_node/share/action_executor_node/hook/pythonpath.sh'
[6.563s] [34mcolcon.colcon_core.environment[0m [1;30mLevel 1[0m checking '/home/soda/vla/ROS_action/install/action_executor_node/bin'
[6.563s] [34mcolcon.colcon_core.environment[0m [1;30mLevel 1[0m create_environment_scripts_only(action_executor_node)
[6.564s] [34mcolcon.colcon_core.shell[0m [1;30mINFO[0m Creating package script '/home/soda/vla/ROS_action/install/action_executor_node/share/action_executor_node/package.ps1'
[6.566s] [34mcolcon.colcon_core.shell[0m [1;30mINFO[0m Creating package descriptor '/home/soda/vla/ROS_action/install/action_executor_node/share/action_executor_node/package.dsv'
[6.567s] [34mcolcon.colcon_core.shell[0m [1;30mINFO[0m Creating package script '/home/soda/vla/ROS_action/install/action_executor_node/share/action_executor_node/package.sh'
[6.569s] [34mcolcon.colcon_core.shell[0m [1;30mINFO[0m Creating package script '/home/soda/vla/ROS_action/install/action_executor_node/share/action_executor_node/package.bash'
[6.570s] [34mcolcon.colcon_core.shell[0m [1;30mINFO[0m Creating package script '/home/soda/vla/ROS_action/install/action_executor_node/share/action_executor_node/package.zsh'
[6.571s] [34mcolcon.colcon_core.environment[0m [1;30mLevel 1[0m create_file_with_runtime_dependencies(/home/soda/vla/ROS_action/install/action_executor_node/share/colcon-core/packages/action_executor_node)
[6.574s] [34mcolcon.colcon_core.environment[0m [1;30mLevel 1[0m checking '/home/soda/vla/ROS_action/install/vla_node' for CMake module files
[6.575s] [34mcolcon.colcon_core.event_handler.log_command[0m [1;30mDEBUG[0m [32mInvoked command in '/home/soda/vla/ROS_action/src/vla_node' returned '0': PYTHONPATH=/home/soda/vla/ROS_action/build/vla_node/prefix_override:/usr/lib/python3/dist-packages/colcon_core/task/python/colcon_distutils_commands:/home/soda/vla/ROS_action/install/vla_node/lib/python3.10/site-packages:${PYTHONPATH} /usr/bin/python3 -W ignore:setup.py install is deprecated -W ignore:easy_install command is deprecated setup.py egg_info --egg-base ../../build/vla_node build --build-base /home/soda/vla/ROS_action/build/vla_node/build install --record /home/soda/vla/ROS_action/build/vla_node/install.log --single-version-externally-managed install_data[0m
[6.577s] [34mcolcon.colcon_core.environment[0m [1;30mLevel 1[0m checking '/home/soda/vla/ROS_action/install/vla_node' for CMake config files
[6.579s] [34mcolcon.colcon_core.environment[0m [1;30mLevel 1[0m checking '/home/soda/vla/ROS_action/install/vla_node/lib'
[6.580s] [34mcolcon.colcon_core.environment[0m [1;30mLevel 1[0m checking '/home/soda/vla/ROS_action/install/vla_node/bin'
[6.580s] [34mcolcon.colcon_core.environment[0m [1;30mLevel 1[0m checking '/home/soda/vla/ROS_action/install/vla_node/lib/pkgconfig/vla_node.pc'
[6.581s] [34mcolcon.colcon_core.environment[0m [1;30mLevel 1[0m checking '/home/soda/vla/ROS_action/install/vla_node/lib/python3.10/site-packages'
[6.581s] [34mcolcon.colcon_core.shell[0m [1;30mLevel 1[0m create_environment_hook('vla_node', 'pythonpath')
[6.582s] [34mcolcon.colcon_core.shell[0m [1;30mINFO[0m Creating environment hook '/home/soda/vla/ROS_action/install/vla_node/share/vla_node/hook/pythonpath.ps1'
[6.584s] [34mcolcon.colcon_core.shell[0m [1;30mINFO[0m Creating environment descriptor '/home/soda/vla/ROS_action/install/vla_node/share/vla_node/hook/pythonpath.dsv'
[6.585s] [34mcolcon.colcon_core.shell[0m [1;30mINFO[0m Creating environment hook '/home/soda/vla/ROS_action/install/vla_node/share/vla_node/hook/pythonpath.sh'
[6.587s] [34mcolcon.colcon_core.environment[0m [1;30mLevel 1[0m checking '/home/soda/vla/ROS_action/install/vla_node/bin'
[6.587s] [34mcolcon.colcon_core.environment[0m [1;30mLevel 1[0m create_environment_scripts_only(vla_node)
[6.588s] [34mcolcon.colcon_core.shell[0m [1;30mINFO[0m Creating package script '/home/soda/vla/ROS_action/install/vla_node/share/vla_node/package.ps1'
[6.590s] [34mcolcon.colcon_core.shell[0m [1;30mINFO[0m Creating package descriptor '/home/soda/vla/ROS_action/install/vla_node/share/vla_node/package.dsv'
[6.592s] [34mcolcon.colcon_core.shell[0m [1;30mINFO[0m Creating package script '/home/soda/vla/ROS_action/install/vla_node/share/vla_node/package.sh'
[6.593s] [34mcolcon.colcon_core.shell[0m [1;30mINFO[0m Creating package script '/home/soda/vla/ROS_action/install/vla_node/share/vla_node/package.bash'
[6.594s] [34mcolcon.colcon_core.shell[0m [1;30mINFO[0m Creating package script '/home/soda/vla/ROS_action/install/vla_node/share/vla_node/package.zsh'
[6.595s] [34mcolcon.colcon_core.environment[0m [1;30mLevel 1[0m create_file_with_runtime_dependencies(/home/soda/vla/ROS_action/install/vla_node/share/colcon-core/packages/vla_node)
[6.607s] [34mcolcon.colcon_core.environment[0m [1;30mLevel 1[0m checking '/home/soda/vla/ROS_action/install/camera_pub' for CMake module files
[6.608s] [34mcolcon.colcon_core.event_handler.log_command[0m [1;30mDEBUG[0m [32mInvoked command in '/home/soda/vla/ROS_action/src/camera_pub' returned '0': PYTHONPATH=/home/soda/vla/ROS_action/build/camera_pub/prefix_override:/usr/lib/python3/dist-packages/colcon_core/task/python/colcon_distutils_commands:/home/soda/vla/ROS_action/install/camera_pub/lib/python3.10/site-packages:${PYTHONPATH} /usr/bin/python3 -W ignore:setup.py install is deprecated -W ignore:easy_install command is deprecated setup.py egg_info --egg-base ../../build/camera_pub build --build-base /home/soda/vla/ROS_action/build/camera_pub/build install --record /home/soda/vla/ROS_action/build/camera_pub/install.log --single-version-externally-managed install_data[0m
[6.609s] [34mcolcon.colcon_core.environment[0m [1;30mLevel 1[0m checking '/home/soda/vla/ROS_action/install/camera_pub' for CMake config files
[6.611s] [34mcolcon.colcon_core.environment[0m [1;30mLevel 1[0m checking '/home/soda/vla/ROS_action/install/camera_pub/lib'
[6.611s] [34mcolcon.colcon_core.environment[0m [1;30mLevel 1[0m checking '/home/soda/vla/ROS_action/install/camera_pub/bin'
[6.612s] [34mcolcon.colcon_core.environment[0m [1;30mLevel 1[0m checking '/home/soda/vla/ROS_action/install/camera_pub/lib/pkgconfig/camera_pub.pc'
[6.612s] [34mcolcon.colcon_core.environment[0m [1;30mLevel 1[0m checking '/home/soda/vla/ROS_action/install/camera_pub/lib/python3.10/site-packages'
[6.613s] [34mcolcon.colcon_core.shell[0m [1;30mLevel 1[0m create_environment_hook('camera_pub', 'pythonpath')
[6.614s] [34mcolcon.colcon_core.shell[0m [1;30mINFO[0m Creating environment hook '/home/soda/vla/ROS_action/install/camera_pub/share/camera_pub/hook/pythonpath.ps1'
[6.615s] [34mcolcon.colcon_core.shell[0m [1;30mINFO[0m Creating environment descriptor '/home/soda/vla/ROS_action/install/camera_pub/share/camera_pub/hook/pythonpath.dsv'
[6.616s] [34mcolcon.colcon_core.shell[0m [1;30mINFO[0m Creating environment hook '/home/soda/vla/ROS_action/install/camera_pub/share/camera_pub/hook/pythonpath.sh'
[6.618s] [34mcolcon.colcon_core.environment[0m [1;30mLevel 1[0m checking '/home/soda/vla/ROS_action/install/camera_pub/bin'
[6.618s] [34mcolcon.colcon_core.environment[0m [1;30mLevel 1[0m create_environment_scripts_only(camera_pub)
[6.620s] [34mcolcon.colcon_core.shell[0m [1;30mINFO[0m Creating package script '/home/soda/vla/ROS_action/install/camera_pub/share/camera_pub/package.ps1'
[6.621s] [34mcolcon.colcon_core.shell[0m [1;30mINFO[0m Creating package descriptor '/home/soda/vla/ROS_action/install/camera_pub/share/camera_pub/package.dsv'
[6.623s] [34mcolcon.colcon_core.shell[0m [1;30mINFO[0m Creating package script '/home/soda/vla/ROS_action/install/camera_pub/share/camera_pub/package.sh'
[6.624s] [34mcolcon.colcon_core.shell[0m [1;30mINFO[0m Creating package script '/home/soda/vla/ROS_action/install/camera_pub/share/camera_pub/package.bash'
[6.625s] [34mcolcon.colcon_core.shell[0m [1;30mINFO[0m Creating package script '/home/soda/vla/ROS_action/install/camera_pub/share/camera_pub/package.zsh'
[6.626s] [34mcolcon.colcon_core.environment[0m [1;30mLevel 1[0m create_file_with_runtime_dependencies(/home/soda/vla/ROS_action/install/camera_pub/share/colcon-core/packages/camera_pub)
[6.639s] [34mcolcon.colcon_core.environment[0m [1;30mLevel 1[0m checking '/home/soda/vla/ROS_action/install/object_pose' for CMake module files
[6.642s] [34mcolcon.colcon_core.event_handler.log_command[0m [1;30mDEBUG[0m [32mInvoked command in '/home/soda/vla/ROS_action/src/object_pose' returned '0': PYTHONPATH=/home/soda/vla/ROS_action/build/object_pose/prefix_override:/usr/lib/python3/dist-packages/colcon_core/task/python/colcon_distutils_commands:/home/soda/vla/ROS_action/install/object_pose/lib/python3.10/site-packages:${PYTHONPATH} /usr/bin/python3 -W ignore:setup.py install is deprecated -W ignore:easy_install command is deprecated setup.py egg_info --egg-base ../../build/object_pose build --build-base /home/soda/vla/ROS_action/build/object_pose/build install --record /home/soda/vla/ROS_action/build/object_pose/install.log --single-version-externally-managed install_data[0m
[6.643s] [34mcolcon.colcon_core.environment[0m [1;30mLevel 1[0m checking '/home/soda/vla/ROS_action/install/object_pose' for CMake config files
[6.645s] [34mcolcon.colcon_core.environment[0m [1;30mLevel 1[0m checking '/home/soda/vla/ROS_action/install/object_pose/lib'
[6.645s] [34mcolcon.colcon_core.environment[0m [1;30mLevel 1[0m checking '/home/soda/vla/ROS_action/install/object_pose/bin'
[6.645s] [34mcolcon.colcon_core.environment[0m [1;30mLevel 1[0m checking '/home/soda/vla/ROS_action/install/object_pose/lib/pkgconfig/object_pose.pc'
[6.646s] [34mcolcon.colcon_core.environment[0m [1;30mLevel 1[0m checking '/home/soda/vla/ROS_action/install/object_pose/lib/python3.10/site-packages'
[6.647s] [34mcolcon.colcon_core.shell[0m [1;30mLevel 1[0m create_environment_hook('object_pose', 'pythonpath')
[6.647s] [34mcolcon.colcon_core.shell[0m [1;30mINFO[0m Creating environment hook '/home/soda/vla/ROS_action/install/object_pose/share/object_pose/hook/pythonpath.ps1'
[6.649s] [34mcolcon.colcon_core.shell[0m [1;30mINFO[0m Creating environment descriptor '/home/soda/vla/ROS_action/install/object_pose/share/object_pose/hook/pythonpath.dsv'
[6.651s] [34mcolcon.colcon_core.shell[0m [1;30mINFO[0m Creating environment hook '/home/soda/vla/ROS_action/install/object_pose/share/object_pose/hook/pythonpath.sh'
[6.653s] [34mcolcon.colcon_core.environment[0m [1;30mLevel 1[0m checking '/home/soda/vla/ROS_action/install/object_pose/bin'
[6.653s] [34mcolcon.colcon_core.environment[0m [1;30mLevel 1[0m create_environment_scripts_only(object_pose)
[6.654s] [34mcolcon.colcon_core.shell[0m [1;30mINFO[0m Creating package script '/home/soda/vla/ROS_action/install/object_pose/share/object_pose/package.ps1'
[6.656s] [34mcolcon.colcon_core.shell[0m [1;30mINFO[0m Creating package descriptor '/home/soda/vla/ROS_action/install/object_pose/share/object_pose/package.dsv'
[6.657s] [34mcolcon.colcon_core.shell[0m [1;30mINFO[0m Creating package script '/home/soda/vla/ROS_action/install/object_pose/share/object_pose/package.sh'
[6.659s] [34mcolcon.colcon_core.shell[0m [1;30mINFO[0m Creating package script '/home/soda/vla/ROS_action/install/object_pose/share/object_pose/package.bash'
[6.660s] [34mcolcon.colcon_core.shell[0m [1;30mINFO[0m Creating package script '/home/soda/vla/ROS_action/install/object_pose/share/object_pose/package.zsh'
[6.661s] [34mcolcon.colcon_core.environment[0m [1;30mLevel 1[0m create_file_with_runtime_dependencies(/home/soda/vla/ROS_action/install/object_pose/share/colcon-core/packages/object_pose)
[6.662s] [34mcolcon.colcon_parallel_executor.executor.parallel[0m [1;30mDEBUG[0m [32mclosing loop[0m
[6.663s] [34mcolcon.colcon_parallel_executor.executor.parallel[0m [1;30mDEBUG[0m [32mloop closed[0m
[6.663s] [34mcolcon.colcon_parallel_executor.executor.parallel[0m [1;30mDEBUG[0m [32mrun_until_complete finished with '0'[0m
[6.664s] [34mcolcon.colcon_core.event_reactor[0m [1;30mDEBUG[0m [32mjoining thread[0m
[6.684s] [34mcolcon.colcon_core.plugin_system[0m [1;30mINFO[0m Skipping extension 'colcon_notification.desktop_notification.terminal_notifier': Not used on non-Darwin systems
[6.685s] [34mcolcon.colcon_core.plugin_system[0m [1;30mINFO[0m Skipping extension 'colcon_notification.desktop_notification.win32': Not used on non-Windows systems
[6.685s] [34mcolcon.colcon_notification.desktop_notification[0m [1;30mINFO[0m Sending desktop notification using 'notify2'
[6.784s] [34mcolcon.colcon_core.event_reactor[0m [1;30mDEBUG[0m [32mjoined thread[0m
[6.785s] [34mcolcon.colcon_core.shell[0m [1;30mINFO[0m Creating prefix script '/home/soda/vla/ROS_action/install/local_setup.ps1'
[6.787s] [34mcolcon.colcon_core.shell[0m [1;30mINFO[0m Creating prefix util module '/home/soda/vla/ROS_action/install/_local_setup_util_ps1.py'
[6.789s] [34mcolcon.colcon_core.shell[0m [1;30mINFO[0m Creating prefix chain script '/home/soda/vla/ROS_action/install/setup.ps1'
[6.791s] [34mcolcon.colcon_core.shell[0m [1;30mINFO[0m Creating prefix script '/home/soda/vla/ROS_action/install/local_setup.sh'
[6.792s] [34mcolcon.colcon_core.shell[0m [1;30mINFO[0m Creating prefix util module '/home/soda/vla/ROS_action/install/_local_setup_util_sh.py'
[6.793s] [34mcolcon.colcon_core.shell[0m [1;30mINFO[0m Creating prefix chain script '/home/soda/vla/ROS_action/install/setup.sh'
[6.795s] [34mcolcon.colcon_core.shell[0m [1;30mINFO[0m Creating prefix script '/home/soda/vla/ROS_action/install/local_setup.bash'
[6.796s] [34mcolcon.colcon_core.shell[0m [1;30mINFO[0m Creating prefix chain script '/home/soda/vla/ROS_action/install/setup.bash'
[6.798s] [34mcolcon.colcon_core.shell[0m [1;30mINFO[0m Creating prefix script '/home/soda/vla/ROS_action/install/local_setup.zsh'
[6.799s] [34mcolcon.colcon_core.shell[0m [1;30mINFO[0m Creating prefix chain script '/home/soda/vla/ROS_action/install/setup.zsh'
